\BOOKMARK [1][-]{section.1}{\376\377\000I\000n\000t\000r\000o\000d\000u\000c\000t\000i\000o\000n}{}% 1
\BOOKMARK [1][-]{section.2}{\376\377\000C\000a\000u\000s\000a\000l\000\040\000M\000e\000d\000i\000a\000t\000i\000o\000n\000\040\000A\000n\000a\000l\000y\000s\000i\000s}{}% 2
\BOOKMARK [1][-]{section.3}{\376\377\000T\000e\000x\000t\000u\000r\000e\000-\000N\000o\000d\000e\000s}{}% 3
\BOOKMARK [1][-]{section.4}{\376\377\000C\000a\000u\000s\000a\000l\000\040\000T\000r\000a\000c\000i\000n\000g\000\040\000a\000n\000d\000\040\000I\000t\000s\000\040\000L\000i\000m\000i\000t\000s}{}% 4
\BOOKMARK [1][-]{section.5}{\376\377\000E\000v\000e\000n\000t\000-\000N\000o\000d\000e\000s}{}% 5
\BOOKMARK [1][-]{section.6}{\376\377\000A\000d\000m\000i\000s\000s\000i\000b\000l\000e\000\040\000F\000u\000t\000u\000r\000e\000s\000\040\000a\000n\000d\000\040\000I\000r\000r\000e\000v\000e\000r\000s\000i\000b\000i\000l\000i\000t\000y}{}% 6
\BOOKMARK [1][-]{section.7}{\376\377\000G\000e\000n\000e\000r\000a\000t\000o\000r\000\040\000F\000u\000n\000c\000t\000i\000o\000n\000s\000\040\000a\000n\000d\000\040\000R\000a\000t\000i\000o\000\040\000P\000a\000r\000a\000m\000e\000t\000e\000r\000s}{}% 7
\BOOKMARK [1][-]{section.8}{\376\377\000T\000y\000p\000e\000d\000\040\000C\000a\000u\000s\000a\000l\000\040\000G\000r\000a\000p\000h\000s}{}% 8
\BOOKMARK [1][-]{section.9}{\376\377\000C\000a\000u\000s\000a\000l\000\040\000T\000r\000a\000c\000i\000n\000g\000\040\000R\000e\000v\000i\000s\000i\000t\000e\000d}{}% 9
\BOOKMARK [1][-]{section.10}{\376\377\000G\000r\000a\000p\000h\000\040\000R\000e\000w\000r\000i\000t\000e\000\040\000S\000e\000m\000a\000n\000t\000i\000c\000s}{}% 10
\BOOKMARK [1][-]{section.11}{\376\377\000A\000b\000s\000t\000r\000a\000c\000t\000i\000o\000n\000\040\000a\000n\000d\000\040\000U\000n\000d\000e\000r\000s\000t\000a\000n\000d\000i\000n\000g}{}% 11
\BOOKMARK [1][-]{section.12}{\376\377\000C\000o\000n\000c\000l\000u\000s\000i\000o\000n}{}% 12
\BOOKMARK [1][-]{section.13}{\376\377\000F\000o\000r\000m\000a\000l\000\040\000R\000e\000l\000a\000t\000i\000o\000n\000s\000h\000i\000p\000\040\000t\000o\000\040\000C\000l\000a\000s\000s\000i\000c\000a\000l\000\040\000S\000t\000r\000u\000c\000t\000u\000r\000a\000l\000\040\000C\000a\000u\000s\000a\000l\000\040\000M\000o\000d\000e\000l\000s}{}% 13
\BOOKMARK [1][-]{section.14}{\376\377\000T\000e\000m\000p\000o\000r\000a\000l\000\040\000U\000n\000r\000o\000l\000l\000i\000n\000g\000\040\000a\000n\000d\000\040\000E\000v\000e\000n\000t\000\040\000N\000o\000r\000m\000a\000l\000\040\000F\000o\000r\000m\000s}{}% 14
\BOOKMARK [1][-]{section.15}{\376\377\000P\000r\000o\000b\000a\000b\000i\000l\000i\000s\000t\000i\000c\000\040\000E\000f\000f\000e\000c\000t\000s\000\040\000a\000n\000d\000\040\000S\000o\000f\000t\000\040\000R\000e\000g\000i\000m\000e\000s}{}% 15
\BOOKMARK [1][-]{section.16}{\376\377\000F\000a\000i\000l\000u\000r\000e\000\040\000M\000o\000d\000e\000s\000\040\000R\000e\000v\000i\000s\000i\000t\000e\000d}{}% 16
\BOOKMARK [1][-]{section.17}{\376\377\000L\000i\000m\000i\000t\000s\000\040\000o\000f\000\040\000M\000e\000c\000h\000a\000n\000i\000s\000t\000i\000c\000\040\000E\000x\000p\000l\000a\000n\000a\000t\000i\000o\000n}{}% 17
\BOOKMARK [1][-]{section.18}{\376\377\000I\000m\000p\000l\000i\000c\000a\000t\000i\000o\000n\000s\000\040\000f\000o\000r\000\040\000I\000n\000t\000e\000r\000p\000r\000e\000t\000a\000b\000i\000l\000i\000t\000y\000\040\000P\000r\000a\000c\000t\000i\000c\000e}{}% 18
\BOOKMARK [1][-]{section.19}{\376\377\000C\000l\000o\000s\000i\000n\000g\000\040\000R\000e\000m\000a\000r\000k\000s}{}% 19
\BOOKMARK [1][-]{section.20}{\376\377\000F\000o\000r\000m\000a\000l\000\040\000R\000e\000s\000u\000l\000t\000s\000\040\000a\000n\000d\000\040\000P\000r\000o\000o\000f\000s}{}% 20
\BOOKMARK [2][-]{subsection.20.1}{\376\377\000T\000e\000x\000t\000u\000r\000e\000\040\000I\000n\000t\000e\000r\000v\000e\000n\000t\000i\000o\000n\000s\000\040\000P\000r\000e\000s\000e\000r\000v\000e\000\040\000A\000d\000m\000i\000s\000s\000i\000b\000l\000e\000\040\000F\000u\000t\000u\000r\000e\000s}{section.20}% 21
\BOOKMARK [2][-]{subsection.20.2}{\376\377\000E\000v\000e\000n\000t\000\040\000I\000n\000t\000e\000r\000v\000e\000n\000t\000i\000o\000n\000s\000\040\000R\000e\000s\000t\000r\000i\000c\000t\000\040\000F\000u\000t\000u\000r\000e\000s}{section.20}% 22
\BOOKMARK [2][-]{subsection.20.3}{\376\377\000E\000v\000e\000n\000t\000\040\000N\000o\000r\000m\000a\000l\000\040\000F\000o\000r\000m\000\040\000a\000n\000d\000\040\000I\000n\000t\000e\000r\000c\000h\000a\000n\000g\000e\000\040\000V\000a\000l\000i\000d\000i\000t\000y}{section.20}% 23
\BOOKMARK [2][-]{subsection.20.4}{\376\377\000W\000h\000y\000\040\000C\000a\000u\000s\000a\000l\000\040\000T\000r\000a\000c\000i\000n\000g\000\040\000H\000i\000g\000h\000l\000i\000g\000h\000t\000s\000\040\000B\000l\000o\000c\000k\000s}{section.20}% 24
\BOOKMARK [2][-]{subsection.20.5}{\376\377\000P\000a\000r\000t\000i\000a\000l\000\040\000M\000e\000d\000i\000a\000t\000i\000o\000n\000\040\000a\000n\000d\000\040\000S\000o\000f\000t\000\040\000R\000e\000g\000i\000m\000e\000s}{section.20}% 25
\BOOKMARK [2][-]{subsection.20.6}{\376\377\000V\000a\000l\000i\000d\000i\000t\000y\000\040\000o\000f\000\040\000C\000a\000u\000s\000a\000l\000\040\000A\000b\000s\000t\000r\000a\000c\000t\000i\000o\000n\000s}{section.20}% 26
\BOOKMARK [2][-]{subsection.20.7}{\376\377\000L\000i\000m\000i\000t\000s\000\040\000o\000f\000\040\000R\000e\000c\000o\000n\000s\000t\000r\000u\000c\000t\000i\000o\000n}{section.20}% 27
\BOOKMARK [2][-]{subsection.20.8}{\376\377\000S\000u\000m\000m\000a\000r\000y\000\040\000o\000f\000\040\000F\000o\000r\000m\000a\000l\000\040\000R\000e\000s\000u\000l\000t\000s}{section.20}% 28
