\BOOKMARK [1][-]{section.1}{\376\377\000I\000n\000t\000r\000o\000d\000u\000c\000t\000i\000o\000n}{}% 1
\BOOKMARK [1][-]{section.2}{\376\377\000W\000h\000a\000t\000\040\000D\000o\000e\000s\000\040\000`\000`\000M\000e\000c\000h\000a\000n\000i\000s\000t\000i\000c\000'\000'\000\040\000M\000e\000a\000n\000?}{}% 2
\BOOKMARK [1][-]{section.3}{\376\377\000C\000a\000u\000s\000a\000l\000i\000t\000y\000\040\000a\000s\000\040\000t\000h\000e\000\040\000F\000o\000u\000n\000d\000a\000t\000i\000o\000n\000\040\000o\000f\000\040\000M\000e\000c\000h\000a\000n\000i\000s\000m}{}% 3
\BOOKMARK [1][-]{section.4}{\376\377\000A\000c\000t\000i\000v\000a\000t\000i\000o\000n\000\040\000S\000t\000e\000e\000r\000i\000n\000g\000\040\000a\000s\000\040\000L\000i\000n\000e\000a\000r\000\040\000I\000n\000t\000e\000r\000v\000e\000n\000t\000i\000o\000n}{}% 4
\BOOKMARK [1][-]{section.5}{\376\377\000C\000a\000u\000s\000a\000l\000\040\000M\000e\000d\000i\000a\000t\000i\000o\000n\000\040\000a\000n\000d\000\040\000T\000r\000a\000c\000i\000n\000g\000\040\000I\000n\000f\000o\000r\000m\000a\000t\000i\000o\000n\000\040\000F\000l\000o\000w}{}% 5
\BOOKMARK [1][-]{section.6}{\376\377\000C\000a\000u\000s\000a\000l\000\040\000A\000b\000s\000t\000r\000a\000c\000t\000i\000o\000n\000\040\000a\000n\000d\000\040\000A\000l\000g\000o\000r\000i\000t\000h\000m\000i\000c\000\040\000U\000n\000d\000e\000r\000s\000t\000a\000n\000d\000i\000n\000g}{}% 6
\BOOKMARK [1][-]{section.7}{\376\377\000L\000i\000m\000i\000t\000s\000\040\000o\000f\000\040\000S\000t\000a\000t\000e\000-\000B\000a\000s\000e\000d\000\040\000A\000p\000p\000r\000o\000a\000c\000h\000e\000s}{}% 7
\BOOKMARK [1][-]{section.8}{\376\377\000E\000v\000e\000n\000t\000-\000N\000o\000d\000e\000s\000\040\000a\000n\000d\000\040\000T\000e\000x\000t\000u\000r\000e\000-\000N\000o\000d\000e\000s}{}% 8
\BOOKMARK [1][-]{section.9}{\376\377\000T\000y\000p\000e\000d\000\040\000C\000a\000u\000s\000a\000l\000\040\000G\000r\000a\000p\000h\000s\000\040\000a\000n\000d\000\040\000R\000e\000w\000r\000i\000t\000e\000\040\000S\000e\000m\000a\000n\000t\000i\000c\000s}{}% 9
\BOOKMARK [1][-]{section.10}{\376\377\000T\000w\000o\000-\000C\000h\000a\000n\000n\000e\000l\000\040\000C\000a\000u\000s\000a\000l\000\040\000M\000e\000d\000i\000a\000t\000i\000o\000n}{}% 10
\BOOKMARK [1][-]{section.11}{\376\377\000I\000r\000r\000e\000v\000e\000r\000s\000i\000b\000i\000l\000i\000t\000y\000,\000\040\000H\000i\000s\000t\000o\000r\000y\000,\000\040\000a\000n\000d\000\040\000R\000e\000s\000p\000o\000n\000s\000i\000b\000i\000l\000i\000t\000y}{}% 11
\BOOKMARK [1][-]{section.12}{\376\377\000E\000x\000t\000e\000n\000s\000i\000o\000n\000\040\000t\000o\000\040\000K\000n\000o\000w\000l\000e\000d\000g\000e\000\040\000N\000e\000t\000w\000o\000r\000k\000s\000\040\000a\000n\000d\000\040\000R\000e\000s\000i\000l\000i\000e\000n\000c\000e}{}% 12
\BOOKMARK [1][-]{section.13}{\376\377\000A\000g\000a\000i\000n\000s\000t\000\040\000S\000t\000a\000t\000e\000-\000B\000a\000s\000e\000d\000\040\000F\000u\000n\000c\000t\000i\000o\000n\000a\000l\000i\000s\000m}{}% 13
\BOOKMARK [1][-]{section.14}{\376\377\000E\000v\000e\000n\000t\000-\000N\000o\000d\000e\000s\000\040\000a\000s\000\040\000S\000p\000h\000e\000r\000e\000p\000o\000p\000\040\000O\000p\000e\000r\000a\000t\000o\000r\000s}{}% 14
\BOOKMARK [2][-]{subsection.14.1}{\376\377\000O\000p\000t\000i\000o\000n\000-\000S\000p\000a\000c\000e\000s\000\040\000a\000n\000d\000\040\000K\000e\000r\000n\000e\000l\000\040\000H\000i\000s\000t\000o\000r\000i\000e\000s}{section.14}% 15
\BOOKMARK [2][-]{subsection.14.2}{\376\377\000P\000o\000p\000\040\000E\000v\000e\000n\000t\000s\000:\000\040\000I\000r\000r\000e\000v\000e\000r\000s\000i\000b\000l\000e\000\040\000E\000x\000c\000l\000u\000s\000i\000o\000n}{section.14}% 16
\BOOKMARK [2][-]{subsection.14.3}{\376\377\000B\000i\000n\000d\000\040\000E\000v\000e\000n\000t\000s\000:\000\040\000D\000e\000p\000e\000n\000d\000e\000n\000c\000y\000\040\000F\000o\000r\000m\000a\000t\000i\000o\000n}{section.14}% 17
\BOOKMARK [2][-]{subsection.14.4}{\376\377\000R\000e\000f\000u\000s\000e\000\040\000E\000v\000e\000n\000t\000s\000:\000\040\000P\000r\000i\000n\000c\000i\000p\000l\000e\000d\000\040\000N\000o\000n\000-\000A\000c\000t\000i\000v\000a\000t\000i\000o\000n}{section.14}% 18
\BOOKMARK [2][-]{subsection.14.5}{\376\377\000C\000o\000l\000l\000a\000p\000s\000e\000\040\000E\000v\000e\000n\000t\000s\000:\000\040\000Q\000u\000o\000t\000i\000e\000n\000t\000i\000n\000g\000\040\000D\000i\000s\000t\000i\000n\000c\000t\000i\000o\000n\000s}{section.14}% 19
\BOOKMARK [2][-]{subsection.14.6}{\376\377\000E\000v\000e\000n\000t\000-\000N\000o\000d\000e\000s\000\040\000a\000n\000d\000\040\000T\000w\000o\000-\000C\000h\000a\000n\000n\000e\000l\000\040\000M\000e\000d\000i\000a\000t\000i\000o\000n}{section.14}% 20
\BOOKMARK [2][-]{subsection.14.7}{\376\377\000M\000e\000c\000h\000a\000n\000i\000s\000t\000i\000c\000\040\000I\000n\000t\000e\000r\000p\000r\000e\000t\000a\000b\000i\000l\000i\000t\000y\000\040\000a\000s\000\040\000a\000\040\000S\000p\000h\000e\000r\000e\000p\000o\000p\000\040\000P\000r\000o\000c\000e\000s\000s}{section.14}% 21
\BOOKMARK [1][-]{section.15}{\376\377\000C\000a\000u\000s\000a\000l\000\040\000T\000r\000a\000c\000i\000n\000g\000\040\000a\000s\000\040\000E\000v\000e\000n\000t\000-\000H\000i\000s\000t\000o\000r\000y\000\040\000A\000r\000c\000h\000a\000e\000o\000l\000o\000g\000y}{}% 22
\BOOKMARK [2][-]{subsection.15.1}{\376\377\000S\000t\000a\000n\000d\000a\000r\000d\000\040\000C\000a\000u\000s\000a\000l\000\040\000T\000r\000a\000c\000i\000n\000g\000\040\000R\000e\000v\000i\000s\000i\000t\000e\000d}{section.15}% 23
\BOOKMARK [2][-]{subsection.15.2}{\376\377\000K\000e\000r\000n\000e\000l\000\040\000D\000i\000v\000e\000r\000g\000e\000n\000c\000e\000\040\000U\000n\000d\000e\000r\000\040\000C\000o\000r\000r\000u\000p\000t\000i\000o\000n}{section.15}% 24
\BOOKMARK [2][-]{subsection.15.3}{\376\377\000E\000v\000e\000n\000t\000-\000L\000e\000v\000e\000l\000\040\000N\000e\000c\000e\000s\000s\000i\000t\000y}{section.15}% 25
\BOOKMARK [2][-]{subsection.15.4}{\376\377\000E\000v\000e\000n\000t\000-\000L\000e\000v\000e\000l\000\040\000C\000a\000u\000s\000a\000l\000\040\000T\000r\000a\000c\000i\000n\000g\000\040\000P\000r\000o\000t\000o\000c\000o\000l}{section.15}% 26
\BOOKMARK [2][-]{subsection.15.5}{\376\377\000E\000x\000p\000l\000a\000i\000n\000i\000n\000g\000\040\000P\000a\000r\000t\000i\000a\000l\000\040\000R\000e\000c\000o\000v\000e\000r\000y}{section.15}% 27
\BOOKMARK [2][-]{subsection.15.6}{\376\377\000R\000e\000l\000a\000t\000i\000o\000n\000\040\000t\000o\000\040\000T\000w\000o\000-\000C\000h\000a\000n\000n\000e\000l\000\040\000M\000e\000d\000i\000a\000t\000i\000o\000n}{section.15}% 28
\BOOKMARK [2][-]{subsection.15.7}{\376\377\000A\000r\000c\000h\000a\000e\000o\000l\000o\000g\000y\000\040\000R\000a\000t\000h\000e\000r\000\040\000T\000h\000a\000n\000\040\000F\000l\000o\000w}{section.15}% 29
\BOOKMARK [1][-]{section.16}{\376\377\000A\000l\000g\000o\000r\000i\000t\000h\000m\000i\000c\000\040\000M\000i\000x\000t\000u\000r\000e\000\040\000a\000s\000\040\000K\000e\000r\000n\000e\000l\000\040\000S\000w\000i\000t\000c\000h\000i\000n\000g}{}% 30
\BOOKMARK [2][-]{subsection.16.1}{\376\377\000E\000m\000p\000i\000r\000i\000c\000a\000l\000\040\000M\000o\000t\000i\000v\000a\000t\000i\000o\000n}{section.16}% 31
\BOOKMARK [2][-]{subsection.16.2}{\376\377\000K\000e\000r\000n\000e\000l\000\040\000M\000u\000l\000t\000i\000p\000l\000i\000c\000i\000t\000y}{section.16}% 32
\BOOKMARK [2][-]{subsection.16.3}{\376\377\000K\000e\000r\000n\000e\000l\000\040\000S\000e\000l\000e\000c\000t\000i\000o\000n\000\040\000a\000s\000\040\000a\000n\000\040\000E\000v\000e\000n\000t}{section.16}% 33
\BOOKMARK [2][-]{subsection.16.4}{\376\377\000M\000i\000d\000-\000C\000o\000m\000p\000u\000t\000a\000t\000i\000o\000n\000\040\000S\000w\000i\000t\000c\000h\000i\000n\000g\000\040\000a\000n\000d\000\040\000H\000y\000b\000r\000i\000d\000\040\000H\000i\000s\000t\000o\000r\000i\000e\000s}{section.16}% 34
\BOOKMARK [2][-]{subsection.16.5}{\376\377\000R\000e\000l\000a\000t\000i\000o\000n\000\040\000t\000o\000\040\000T\000w\000o\000-\000C\000h\000a\000n\000n\000e\000l\000\040\000M\000e\000d\000i\000a\000t\000i\000o\000n}{section.16}% 35
\BOOKMARK [2][-]{subsection.16.6}{\376\377\000C\000o\000n\000s\000e\000q\000u\000e\000n\000c\000e\000s\000\040\000f\000o\000r\000\040\000C\000a\000u\000s\000a\000l\000\040\000A\000b\000s\000t\000r\000a\000c\000t\000i\000o\000n}{section.16}% 36
\BOOKMARK [2][-]{subsection.16.7}{\376\377\000I\000n\000t\000e\000r\000p\000r\000e\000t\000i\000v\000e\000\040\000I\000m\000p\000l\000i\000c\000a\000t\000i\000o\000n\000s}{section.16}% 37
\BOOKMARK [1][-]{section.17}{\376\377\000C\000o\000l\000l\000a\000p\000s\000e\000\040\000a\000s\000\040\000L\000e\000a\000r\000n\000e\000d\000\040\000A\000b\000s\000t\000r\000a\000c\000t\000i\000o\000n}{}% 38
\BOOKMARK [2][-]{subsection.17.1}{\376\377\000C\000o\000l\000l\000a\000p\000s\000e\000\040\000i\000n\000\040\000S\000p\000h\000e\000r\000e\000p\000o\000p}{section.17}% 39
\BOOKMARK [2][-]{subsection.17.2}{\376\377\000A\000r\000c\000h\000i\000t\000e\000c\000t\000u\000r\000a\000l\000\040\000C\000o\000l\000l\000a\000p\000s\000e}{section.17}% 40
\BOOKMARK [2][-]{subsection.17.3}{\376\377\000L\000e\000a\000r\000n\000e\000d\000\040\000C\000o\000l\000l\000a\000p\000s\000e\000\040\000v\000i\000a\000\040\000L\000i\000n\000e\000a\000r\000\040\000P\000r\000o\000j\000e\000c\000t\000i\000o\000n}{section.17}% 41
\BOOKMARK [2][-]{subsection.17.4}{\376\377\000C\000o\000l\000l\000a\000p\000s\000e\000\040\000a\000n\000d\000\040\000O\000p\000t\000i\000o\000n\000a\000l\000i\000t\000y}{section.17}% 42
\BOOKMARK [2][-]{subsection.17.5}{\376\377\000A\000s\000y\000m\000m\000e\000t\000r\000y\000\040\000i\000n\000\040\000C\000a\000u\000s\000a\000l\000\040\000T\000r\000a\000c\000i\000n\000g}{section.17}% 43
\BOOKMARK [2][-]{subsection.17.6}{\376\377\000C\000o\000l\000l\000a\000p\000s\000e\000\040\000v\000s\000.\000\040\000E\000x\000p\000l\000a\000n\000a\000t\000i\000o\000n}{section.17}% 44
\BOOKMARK [2][-]{subsection.17.7}{\376\377\000R\000e\000l\000a\000t\000i\000o\000n\000\040\000t\000o\000\040\000A\000l\000g\000o\000r\000i\000t\000h\000m\000i\000c\000\040\000M\000i\000x\000t\000u\000r\000e}{section.17}% 45
\BOOKMARK [2][-]{subsection.17.8}{\376\377\000I\000m\000p\000l\000i\000c\000a\000t\000i\000o\000n\000s\000\040\000f\000o\000r\000\040\000I\000n\000t\000e\000r\000p\000r\000e\000t\000a\000b\000i\000l\000i\000t\000y}{section.17}% 46
\BOOKMARK [1][-]{section.18}{\376\377\000W\000o\000r\000k\000e\000d\000\040\000T\000r\000a\000n\000s\000f\000o\000r\000m\000e\000r\000\040\000C\000a\000s\000e\000\040\000S\000t\000u\000d\000y\000:\000\040\000E\000v\000e\000n\000t\000-\000A\000w\000a\000r\000e\000\040\000M\000e\000c\000h\000a\000n\000i\000s\000t\000i\000c\000\040\000A\000n\000a\000l\000y\000s\000i\000s}{}% 47
\BOOKMARK [2][-]{subsection.18.1}{\376\377\000T\000a\000s\000k\000\040\000D\000e\000f\000i\000n\000i\000t\000i\000o\000n}{section.18}% 48
\BOOKMARK [2][-]{subsection.18.2}{\376\377\000C\000l\000e\000a\000n\000\040\000E\000x\000e\000c\000u\000t\000i\000o\000n\000\040\000a\000n\000d\000\040\000K\000e\000r\000n\000e\000l\000\040\000H\000i\000s\000t\000o\000r\000y}{section.18}% 49
\BOOKMARK [2][-]{subsection.18.3}{\376\377\000I\000n\000p\000u\000t\000\040\000C\000o\000r\000r\000u\000p\000t\000i\000o\000n\000\040\000a\000n\000d\000\040\000K\000e\000r\000n\000e\000l\000\040\000D\000i\000v\000e\000r\000g\000e\000n\000c\000e}{section.18}% 50
\BOOKMARK [2][-]{subsection.18.4}{\376\377\000T\000e\000x\000t\000u\000r\000e\000-\000O\000n\000l\000y\000\040\000R\000e\000s\000t\000o\000r\000a\000t\000i\000o\000n}{section.18}% 51
\BOOKMARK [2][-]{subsection.18.5}{\376\377\000E\000v\000e\000n\000t\000-\000A\000w\000a\000r\000e\000\040\000D\000i\000a\000g\000n\000o\000s\000i\000s}{section.18}% 52
\BOOKMARK [2][-]{subsection.18.6}{\376\377\000E\000v\000e\000n\000t\000-\000A\000w\000a\000r\000e\000\040\000R\000e\000s\000t\000o\000r\000a\000t\000i\000o\000n}{section.18}% 53
\BOOKMARK [2][-]{subsection.18.7}{\376\377\000P\000a\000r\000t\000i\000a\000l\000\040\000R\000e\000c\000o\000v\000e\000r\000y\000\040\000E\000x\000p\000l\000a\000i\000n\000e\000d}{section.18}% 54
\BOOKMARK [2][-]{subsection.18.8}{\376\377\000I\000m\000p\000l\000i\000c\000a\000t\000i\000o\000n\000s\000\040\000f\000o\000r\000\040\000C\000i\000r\000c\000u\000i\000t\000\040\000C\000l\000a\000i\000m\000s}{section.18}% 55
\BOOKMARK [2][-]{subsection.18.9}{\376\377\000S\000u\000m\000m\000a\000r\000y}{section.18}% 56
\BOOKMARK [1][-]{section.19}{\376\377\000T\000r\000a\000i\000n\000i\000n\000g\000\040\000D\000y\000n\000a\000m\000i\000c\000s\000\040\000a\000s\000\040\000K\000e\000r\000n\000e\000l\000\040\000F\000o\000r\000m\000a\000t\000i\000o\000n}{}% 57
\BOOKMARK [2][-]{subsection.19.1}{\376\377\000T\000e\000x\000t\000u\000r\000e\000\040\000L\000e\000a\000r\000n\000i\000n\000g\000\040\000v\000s\000.\000\040\000K\000e\000r\000n\000e\000l\000\040\000F\000o\000r\000m\000a\000t\000i\000o\000n}{section.19}% 58
\BOOKMARK [2][-]{subsection.19.2}{\376\377\000G\000r\000o\000k\000k\000i\000n\000g\000\040\000a\000s\000\040\000E\000v\000e\000n\000t\000\040\000C\000o\000m\000m\000i\000t\000m\000e\000n\000t}{section.19}% 59
\BOOKMARK [2][-]{subsection.19.3}{\376\377\000S\000u\000d\000d\000e\000n\000\040\000C\000i\000r\000c\000u\000i\000t\000\040\000E\000m\000e\000r\000g\000e\000n\000c\000e}{section.19}% 60
\BOOKMARK [2][-]{subsection.19.4}{\376\377\000T\000r\000a\000i\000n\000i\000n\000g\000-\000T\000i\000m\000e\000\040\000C\000a\000u\000s\000a\000l\000\040\000T\000r\000a\000c\000i\000n\000g}{section.19}% 61
\BOOKMARK [2][-]{subsection.19.5}{\376\377\000A\000l\000g\000o\000r\000i\000t\000h\000m\000i\000c\000\040\000M\000i\000x\000t\000u\000r\000e\000\040\000D\000u\000r\000i\000n\000g\000\040\000T\000r\000a\000i\000n\000i\000n\000g}{section.19}% 62
\BOOKMARK [2][-]{subsection.19.6}{\376\377\000I\000m\000p\000l\000i\000c\000a\000t\000i\000o\000n\000s\000\040\000f\000o\000r\000\040\000I\000n\000t\000e\000r\000p\000r\000e\000t\000a\000b\000i\000l\000i\000t\000y\000\040\000P\000r\000a\000c\000t\000i\000c\000e}{section.19}% 63
\BOOKMARK [2][-]{subsection.19.7}{\376\377\000S\000u\000m\000m\000a\000r\000y}{section.19}% 64
\BOOKMARK [1][-]{section.20}{\376\377\000T\000r\000a\000i\000n\000i\000n\000g\000\040\000D\000y\000n\000a\000m\000i\000c\000s\000\040\000a\000s\000\040\000K\000e\000r\000n\000e\000l\000\040\000F\000o\000r\000m\000a\000t\000i\000o\000n}{}% 65
\BOOKMARK [2][-]{subsection.20.1}{\376\377\000T\000e\000x\000t\000u\000r\000e\000\040\000L\000e\000a\000r\000n\000i\000n\000g\000\040\000v\000s\000.\000\040\000K\000e\000r\000n\000e\000l\000\040\000F\000o\000r\000m\000a\000t\000i\000o\000n}{section.20}% 66
\BOOKMARK [2][-]{subsection.20.2}{\376\377\000G\000r\000o\000k\000k\000i\000n\000g\000\040\000a\000s\000\040\000E\000v\000e\000n\000t\000\040\000C\000o\000m\000m\000i\000t\000m\000e\000n\000t}{section.20}% 67
\BOOKMARK [2][-]{subsection.20.3}{\376\377\000S\000u\000d\000d\000e\000n\000\040\000C\000i\000r\000c\000u\000i\000t\000\040\000E\000m\000e\000r\000g\000e\000n\000c\000e}{section.20}% 68
\BOOKMARK [2][-]{subsection.20.4}{\376\377\000T\000r\000a\000i\000n\000i\000n\000g\000-\000T\000i\000m\000e\000\040\000C\000a\000u\000s\000a\000l\000\040\000T\000r\000a\000c\000i\000n\000g}{section.20}% 69
\BOOKMARK [2][-]{subsection.20.5}{\376\377\000A\000l\000g\000o\000r\000i\000t\000h\000m\000i\000c\000\040\000M\000i\000x\000t\000u\000r\000e\000\040\000D\000u\000r\000i\000n\000g\000\040\000T\000r\000a\000i\000n\000i\000n\000g}{section.20}% 70
\BOOKMARK [2][-]{subsection.20.6}{\376\377\000I\000m\000p\000l\000i\000c\000a\000t\000i\000o\000n\000s\000\040\000f\000o\000r\000\040\000I\000n\000t\000e\000r\000p\000r\000e\000t\000a\000b\000i\000l\000i\000t\000y\000\040\000P\000r\000a\000c\000t\000i\000c\000e}{section.20}% 71
\BOOKMARK [2][-]{subsection.20.7}{\376\377\000S\000u\000m\000m\000a\000r\000y}{section.20}% 72
\BOOKMARK [1][-]{section.21}{\376\377\000K\000n\000o\000w\000l\000e\000d\000g\000e\000\040\000N\000e\000t\000w\000o\000r\000k\000s\000\040\000a\000s\000\040\000E\000v\000e\000n\000t\000-\000H\000i\000s\000t\000o\000r\000i\000c\000a\000l\000\040\000S\000y\000s\000t\000e\000m\000s}{}% 73
\BOOKMARK [2][-]{subsection.21.1}{\376\377\000T\000e\000x\000t\000u\000r\000e\000\040\000a\000n\000d\000\040\000E\000v\000e\000n\000t\000\040\000S\000t\000r\000u\000c\000t\000u\000r\000e\000\040\000i\000n\000\040\000K\000n\000o\000w\000l\000e\000d\000g\000e\000\040\000S\000y\000s\000t\000e\000m\000s}{section.21}% 74
\BOOKMARK [2][-]{subsection.21.2}{\376\377\000R\000e\000s\000i\000l\000i\000e\000n\000c\000e\000\040\000B\000e\000y\000o\000n\000d\000\040\000R\000e\000d\000u\000n\000d\000a\000n\000c\000y}{section.21}% 75
\BOOKMARK [2][-]{subsection.21.3}{\376\377\000C\000a\000u\000s\000a\000l\000\040\000T\000r\000a\000c\000i\000n\000g\000\040\000i\000n\000\040\000K\000n\000o\000w\000l\000e\000d\000g\000e\000\040\000N\000e\000t\000w\000o\000r\000k\000s}{section.21}% 76
\BOOKMARK [2][-]{subsection.21.4}{\376\377\000I\000r\000r\000e\000v\000e\000r\000s\000i\000b\000i\000l\000i\000t\000y\000\040\000a\000n\000d\000\040\000I\000n\000s\000t\000i\000t\000u\000t\000i\000o\000n\000a\000l\000\040\000M\000e\000m\000o\000r\000y}{section.21}% 77
\BOOKMARK [2][-]{subsection.21.5}{\376\377\000A\000l\000g\000o\000r\000i\000t\000h\000m\000i\000c\000\040\000M\000i\000x\000t\000u\000r\000e\000\040\000i\000n\000\040\000K\000n\000o\000w\000l\000e\000d\000g\000e\000\040\000S\000y\000s\000t\000e\000m\000s}{section.21}% 78
\BOOKMARK [2][-]{subsection.21.6}{\376\377\000D\000e\000s\000i\000g\000n\000\040\000I\000m\000p\000l\000i\000c\000a\000t\000i\000o\000n\000s}{section.21}% 79
\BOOKMARK [2][-]{subsection.21.7}{\376\377\000S\000u\000m\000m\000a\000r\000y}{section.21}% 80
\BOOKMARK [1][-]{section.22}{\376\377\000C\000o\000n\000c\000l\000u\000s\000i\000o\000n}{}% 81
\BOOKMARK [1][-]{appendix.A}{\376\377\000F\000o\000r\000m\000a\000l\000\040\000P\000r\000e\000l\000i\000m\000i\000n\000a\000r\000i\000e\000s}{}% 82
\BOOKMARK [2][-]{subsection.A.1}{\376\377\000S\000t\000r\000u\000c\000t\000u\000r\000a\000l\000\040\000C\000a\000u\000s\000a\000l\000\040\000M\000o\000d\000e\000l\000s}{appendix.A}% 83
\BOOKMARK [2][-]{subsection.A.2}{\376\377\000T\000y\000p\000e\000d\000\040\000C\000a\000u\000s\000a\000l\000\040\000G\000r\000a\000p\000h\000s}{appendix.A}% 84
\BOOKMARK [2][-]{subsection.A.3}{\376\377\000O\000p\000t\000i\000o\000n\000-\000S\000p\000a\000c\000e\000s\000\040\000a\000n\000d\000\040\000K\000e\000r\000n\000e\000l\000\040\000H\000i\000s\000t\000o\000r\000i\000e\000s}{appendix.A}% 85
\BOOKMARK [1][-]{appendix.B}{\376\377\000P\000r\000o\000o\000f\000s\000\040\000o\000f\000\040\000M\000a\000i\000n\000\040\000R\000e\000s\000u\000l\000t\000s}{}% 86
\BOOKMARK [2][-]{subsection.B.1}{\376\377\000P\000r\000o\000o\000f\000\040\000o\000f\000\040\000t\000h\000e\000\040\000T\000w\000o\000-\000C\000h\000a\000n\000n\000e\000l\000\040\000M\000e\000d\000i\000a\000t\000i\000o\000n\000\040\000T\000h\000e\000o\000r\000e\000m}{appendix.B}% 87
\BOOKMARK [2][-]{subsection.B.2}{\376\377\000E\000v\000e\000n\000t\000\040\000I\000r\000r\000e\000v\000e\000r\000s\000i\000b\000i\000l\000i\000t\000y}{appendix.B}% 88
\BOOKMARK [2][-]{subsection.B.3}{\376\377\000S\000u\000b\000s\000t\000i\000t\000u\000t\000i\000o\000n\000\040\000F\000a\000i\000l\000u\000r\000e}{appendix.B}% 89
\BOOKMARK [1][-]{appendix.C}{\376\377\000D\000e\000r\000i\000v\000a\000t\000i\000o\000n\000s\000\040\000a\000n\000d\000\040\000D\000y\000n\000a\000m\000i\000c\000a\000l\000\040\000R\000e\000s\000u\000l\000t\000s}{}% 90
\BOOKMARK [2][-]{subsection.C.1}{\376\377\000T\000r\000a\000i\000n\000i\000n\000g\000\040\000a\000s\000\040\000K\000e\000r\000n\000e\000l\000\040\000F\000o\000r\000m\000a\000t\000i\000o\000n}{appendix.C}% 91
\BOOKMARK [2][-]{subsection.C.2}{\376\377\000G\000r\000o\000k\000k\000i\000n\000g\000\040\000a\000s\000\040\000P\000h\000a\000s\000e\000\040\000T\000r\000a\000n\000s\000i\000t\000i\000o\000n}{appendix.C}% 92
\BOOKMARK [2][-]{subsection.C.3}{\376\377\000C\000o\000l\000l\000a\000p\000s\000e\000\040\000a\000s\000\040\000Q\000u\000o\000t\000i\000e\000n\000t\000i\000n\000g}{appendix.C}% 93
\BOOKMARK [2][-]{subsection.C.4}{\376\377\000W\000h\000y\000\040\000S\000t\000e\000e\000r\000i\000n\000g\000\040\000I\000s\000\040\000B\000r\000i\000t\000t\000l\000e}{appendix.C}% 94
\BOOKMARK [1][-]{appendix.D}{\376\377\000A\000p\000p\000e\000n\000d\000i\000x\000\040\000D\000:\000\040\000W\000o\000r\000k\000e\000d\000\040\000M\000e\000c\000h\000a\000n\000i\000s\000t\000i\000c\000\040\000C\000a\000s\000e\000\040\000S\000t\000u\000d\000y}{}% 95
\BOOKMARK [1][-]{appendix.D}{\376\377\000A\000p\000p\000e\000n\000d\000i\000x\000\040\000D\000:\000\040\000W\000o\000r\000k\000e\000d\000\040\000M\000e\000c\000h\000a\000n\000i\000s\000t\000i\000c\000\040\000C\000a\000s\000e\000\040\000S\000t\000u\000d\000y}{}% 96
\BOOKMARK [2][-]{subsection.D.1}{\376\377\000T\000a\000s\000k\000\040\000D\000e\000s\000c\000r\000i\000p\000t\000i\000o\000n}{appendix.D}% 97
\BOOKMARK [2][-]{subsection.D.2}{\376\377\000M\000o\000d\000e\000l\000\040\000a\000n\000d\000\040\000N\000o\000t\000a\000t\000i\000o\000n}{appendix.D}% 98
\BOOKMARK [2][-]{subsection.D.3}{\376\377\000K\000e\000r\000n\000e\000l\000\040\000H\000i\000s\000t\000o\000r\000y\000\040\000f\000o\000r\000\040\000I\000O\000I}{appendix.D}% 99
\BOOKMARK [2][-]{subsection.D.4}{\376\377\000S\000t\000a\000n\000d\000a\000r\000d\000\040\000T\000e\000x\000t\000u\000r\000e\000-\000L\000e\000v\000e\000l\000\040\000A\000b\000l\000a\000t\000i\000o\000n}{appendix.D}% 100
\BOOKMARK [2][-]{subsection.D.5}{\376\377\000N\000a\000i\000v\000e\000\040\000T\000e\000x\000t\000u\000r\000e\000\040\000R\000e\000s\000t\000o\000r\000a\000t\000i\000o\000n}{appendix.D}% 101
\BOOKMARK [2][-]{subsection.D.6}{\376\377\000E\000v\000e\000n\000t\000-\000A\000w\000a\000r\000e\000\040\000R\000e\000s\000t\000o\000r\000a\000t\000i\000o\000n}{appendix.D}% 102
\BOOKMARK [2][-]{subsection.D.7}{\376\377\000W\000h\000y\000\040\000S\000o\000m\000e\000\040\000H\000e\000a\000d\000s\000\040\000A\000r\000e\000\040\000C\000a\000t\000a\000s\000t\000r\000o\000p\000h\000i\000c}{appendix.D}% 103
\BOOKMARK [2][-]{subsection.D.8}{\376\377\000A\000l\000g\000o\000r\000i\000t\000h\000m\000i\000c\000\040\000M\000i\000x\000t\000u\000r\000e\000\040\000I\000n\000t\000e\000r\000p\000r\000e\000t\000a\000t\000i\000o\000n}{appendix.D}% 104
\BOOKMARK [2][-]{subsection.D.9}{\376\377\000S\000u\000m\000m\000a\000r\000y}{appendix.D}% 105
\BOOKMARK [1][-]{appendix.E}{\376\377\000A\000p\000p\000e\000n\000d\000i\000x\000\040\000E\000:\000\040\000A\000u\000t\000o\000m\000a\000t\000e\000d\000\040\000D\000e\000t\000e\000c\000t\000i\000o\000n\000\040\000o\000f\000\040\000E\000v\000e\000n\000t\000-\000N\000o\000d\000e\000s}{}% 106
\BOOKMARK [1][-]{appendix.E}{\376\377\000A\000p\000p\000e\000n\000d\000i\000x\000\040\000E\000:\000\040\000A\000u\000t\000o\000m\000a\000t\000e\000d\000\040\000D\000e\000t\000e\000c\000t\000i\000o\000n\000\040\000o\000f\000\040\000E\000v\000e\000n\000t\000-\000N\000o\000d\000e\000s}{}% 107
\BOOKMARK [2][-]{subsection.E.1}{\376\377\000P\000r\000o\000b\000l\000e\000m\000\040\000S\000t\000a\000t\000e\000m\000e\000n\000t}{appendix.E}% 108
\BOOKMARK [2][-]{subsection.E.2}{\376\377\000R\000e\000s\000t\000o\000r\000a\000t\000i\000o\000n\000\040\000O\000r\000d\000e\000r\000\040\000S\000e\000n\000s\000i\000t\000i\000v\000i\000t\000y}{appendix.E}% 109
\BOOKMARK [2][-]{subsection.E.3}{\376\377\000A\000b\000l\000a\000t\000i\000o\000n\000\040\000A\000s\000y\000m\000m\000e\000t\000r\000y}{appendix.E}% 110
\BOOKMARK [2][-]{subsection.E.4}{\376\377\000T\000r\000a\000i\000n\000i\000n\000g\000-\000T\000i\000m\000e\000\040\000S\000t\000a\000b\000i\000l\000i\000t\000y\000\040\000A\000n\000a\000l\000y\000s\000i\000s}{appendix.E}% 111
\BOOKMARK [2][-]{subsection.E.5}{\376\377\000K\000e\000r\000n\000e\000l\000\040\000I\000n\000f\000e\000r\000e\000n\000c\000e\000\040\000A\000l\000g\000o\000r\000i\000t\000h\000m}{appendix.E}% 112
\BOOKMARK [2][-]{subsection.E.6}{\376\377\000L\000i\000m\000i\000t\000s\000\040\000a\000n\000d\000\040\000F\000a\000i\000l\000u\000r\000e\000\040\000M\000o\000d\000e\000s}{appendix.E}% 113
\BOOKMARK [2][-]{subsection.E.7}{\376\377\000S\000u\000m\000m\000a\000r\000y}{appendix.E}% 114
\BOOKMARK [1][-]{appendix.F}{\376\377\000A\000p\000p\000e\000n\000d\000i\000x\000\040\000F\000:\000\040\000C\000o\000m\000p\000a\000r\000i\000s\000o\000n\000\040\000t\000o\000\040\000E\000x\000i\000s\000t\000i\000n\000g\000\040\000I\000n\000t\000e\000r\000p\000r\000e\000t\000a\000b\000i\000l\000i\000t\000y\000\040\000F\000r\000a\000m\000e\000w\000o\000r\000k\000s}{}% 115
\BOOKMARK [1][-]{appendix.F}{\376\377\000A\000p\000p\000e\000n\000d\000i\000x\000\040\000F\000:\000\040\000C\000o\000m\000p\000a\000r\000i\000s\000o\000n\000\040\000t\000o\000\040\000E\000x\000i\000s\000t\000i\000n\000g\000\040\000I\000n\000t\000e\000r\000p\000r\000e\000t\000a\000b\000i\000l\000i\000t\000y\000\040\000F\000r\000a\000m\000e\000w\000o\000r\000k\000s}{}% 116
\BOOKMARK [2][-]{subsection.F.1}{\376\377\000C\000i\000r\000c\000u\000i\000t\000s\000-\000B\000a\000s\000e\000d\000\040\000I\000n\000t\000e\000r\000p\000r\000e\000t\000a\000b\000i\000l\000i\000t\000y}{appendix.F}% 117
\BOOKMARK [2][-]{subsection.F.2}{\376\377\000S\000p\000a\000r\000s\000e\000\040\000A\000u\000t\000o\000e\000n\000c\000o\000d\000e\000r\000s\000\040\000a\000n\000d\000\040\000F\000e\000a\000t\000u\000r\000e\000\040\000B\000a\000s\000e\000s}{appendix.F}% 118
\BOOKMARK [2][-]{subsection.F.3}{\376\377\000K\000n\000o\000w\000l\000e\000d\000g\000e\000\040\000E\000d\000i\000t\000i\000n\000g\000\040\000a\000n\000d\000\040\000R\000O\000M\000E\000-\000S\000t\000y\000l\000e\000\040\000I\000n\000t\000e\000r\000v\000e\000n\000t\000i\000o\000n\000s}{appendix.F}% 119
\BOOKMARK [2][-]{subsection.F.4}{\376\377\000R\000e\000p\000r\000e\000s\000e\000n\000t\000a\000t\000i\000o\000n\000\040\000E\000n\000g\000i\000n\000e\000e\000r\000i\000n\000g\000\040\000a\000n\000d\000\040\000A\000c\000t\000i\000v\000a\000t\000i\000o\000n\000\040\000S\000t\000e\000e\000r\000i\000n\000g}{appendix.F}% 120
\BOOKMARK [2][-]{subsection.F.5}{\376\377\000F\000u\000n\000c\000t\000i\000o\000n\000a\000l\000i\000s\000m\000\040\000a\000n\000d\000\040\000S\000t\000a\000t\000e\000\040\000E\000q\000u\000i\000v\000a\000l\000e\000n\000c\000e}{appendix.F}% 121
\BOOKMARK [2][-]{subsection.F.6}{\376\377\000S\000u\000m\000m\000a\000r\000y}{appendix.F}% 122
\BOOKMARK [1][-]{appendix.G}{\376\377\000A\000p\000p\000e\000n\000d\000i\000x\000\040\000G\000:\000\040\000S\000p\000h\000e\000r\000e\000p\000o\000p\000\040\000A\000x\000i\000o\000m\000a\000t\000i\000z\000a\000t\000i\000o\000n\000\040\000o\000f\000\040\000E\000v\000e\000n\000t\000-\000H\000i\000s\000t\000o\000r\000i\000c\000a\000l\000\040\000C\000a\000u\000s\000a\000l\000i\000t\000y}{}% 123
\BOOKMARK [1][-]{appendix.G}{\376\377\000A\000p\000p\000e\000n\000d\000i\000x\000\040\000G\000:\000\040\000S\000p\000h\000e\000r\000e\000p\000o\000p\000\040\000A\000x\000i\000o\000m\000a\000t\000i\000z\000a\000t\000i\000o\000n\000\040\000o\000f\000\040\000E\000v\000e\000n\000t\000-\000H\000i\000s\000t\000o\000r\000i\000c\000a\000l\000\040\000C\000a\000u\000s\000a\000l\000i\000t\000y}{}% 124
\BOOKMARK [2][-]{subsection.G.1}{\376\377\000O\000p\000t\000i\000o\000n\000-\000S\000p\000a\000c\000e\000s\000\040\000a\000s\000\040\000P\000r\000i\000m\000i\000t\000i\000v\000e\000\040\000O\000b\000j\000e\000c\000t\000s}{appendix.G}% 125
\BOOKMARK [2][-]{subsection.G.2}{\376\377\000S\000p\000h\000e\000r\000e\000p\000o\000p\000\040\000E\000v\000e\000n\000t\000\040\000O\000p\000e\000r\000a\000t\000o\000r\000s}{appendix.G}% 126
\BOOKMARK [3][-]{subsubsection.G.2.1}{\376\377\000P\000o\000p\000\040\000\050\000E\000x\000c\000l\000u\000s\000i\000o\000n\000\051}{subsection.G.2}% 127
\BOOKMARK [3][-]{subsubsection.G.2.2}{\376\377\000B\000i\000n\000d\000\040\000\050\000D\000e\000p\000e\000n\000d\000e\000n\000c\000y\000\040\000F\000o\000r\000m\000a\000t\000i\000o\000n\000\051}{subsection.G.2}% 128
\BOOKMARK [3][-]{subsubsection.G.2.3}{\376\377\000R\000e\000f\000u\000s\000e\000\040\000\050\000P\000r\000i\000n\000c\000i\000p\000l\000e\000d\000\040\000N\000o\000n\000-\000A\000c\000t\000i\000o\000n\000\051}{subsection.G.2}% 129
\BOOKMARK [3][-]{subsubsection.G.2.4}{\376\377\000C\000o\000l\000l\000a\000p\000s\000e\000\040\000\050\000Q\000u\000o\000t\000i\000e\000n\000t\000i\000n\000g\000\051}{subsection.G.2}% 130
\BOOKMARK [2][-]{subsection.G.3}{\376\377\000K\000e\000r\000n\000e\000l\000\040\000H\000i\000s\000t\000o\000r\000i\000e\000s\000\040\000a\000s\000\040\000S\000p\000h\000e\000r\000e\000p\000o\000p\000\040\000P\000r\000o\000g\000r\000a\000m\000s}{appendix.G}% 131
\BOOKMARK [2][-]{subsection.G.4}{\376\377\000M\000a\000p\000p\000i\000n\000g\000\040\000t\000o\000\040\000T\000y\000p\000e\000d\000\040\000C\000a\000u\000s\000a\000l\000\040\000G\000r\000a\000p\000h\000s}{appendix.G}% 132
\BOOKMARK [2][-]{subsection.G.5}{\376\377\000M\000e\000c\000h\000a\000n\000i\000s\000t\000i\000c\000\040\000I\000n\000t\000e\000r\000p\000r\000e\000t\000a\000b\000i\000l\000i\000t\000y\000\040\000a\000s\000\040\000S\000p\000h\000e\000r\000e\000p\000o\000p}{appendix.G}% 133
\BOOKMARK [2][-]{subsection.G.6}{\376\377\000C\000o\000n\000s\000e\000q\000u\000e\000n\000c\000e\000s}{appendix.G}% 134
\BOOKMARK [2][-]{subsection.G.7}{\376\377\000S\000u\000m\000m\000a\000r\000y}{appendix.G}% 135
