\BOOKMARK [1][-]{section.1}{\376\377\000I\000n\000t\000r\000o\000d\000u\000c\000t\000i\000o\000n}{}% 1
\BOOKMARK [1][-]{section.2}{\376\377\000C\000a\000u\000s\000a\000l\000\040\000G\000r\000a\000p\000h\000s\000\040\000a\000n\000d\000\040\000S\000t\000a\000t\000e\000-\000B\000a\000s\000e\000d\000\040\000I\000n\000t\000e\000r\000v\000e\000n\000t\000i\000o\000n}{}% 2
\BOOKMARK [1][-]{section.3}{\376\377\000E\000v\000e\000n\000t\000-\000N\000o\000d\000e\000s}{}% 3
\BOOKMARK [1][-]{section.4}{\376\377\000T\000e\000x\000t\000u\000r\000e\000-\000N\000o\000d\000e\000s}{}% 4
\BOOKMARK [1][-]{section.5}{\376\377\000A\000n\000a\000l\000o\000g\000y\000:\000\040\000M\000e\000s\000h\000e\000s\000,\000\040\000M\000a\000t\000e\000r\000i\000a\000l\000s\000,\000\040\000a\000n\000d\000\040\000G\000e\000n\000e\000r\000a\000t\000i\000v\000e\000\040\000N\000o\000i\000s\000e}{}% 5
\BOOKMARK [1][-]{section.6}{\376\377\000C\000o\000u\000n\000t\000e\000r\000f\000a\000c\000t\000u\000a\000l\000s\000\040\000O\000v\000e\000r\000\040\000F\000u\000t\000u\000r\000e\000s}{}% 6
\BOOKMARK [1][-]{section.7}{\376\377\000C\000a\000u\000s\000a\000l\000\040\000A\000b\000s\000t\000r\000a\000c\000t\000i\000o\000n\000\040\000R\000e\000v\000i\000s\000i\000t\000e\000d}{}% 7
\BOOKMARK [1][-]{section.8}{\376\377\000F\000a\000i\000l\000u\000r\000e\000,\000\040\000C\000o\000l\000l\000a\000p\000s\000e\000,\000\040\000a\000n\000d\000\040\000M\000i\000x\000t\000u\000r\000e}{}% 8
\BOOKMARK [1][-]{section.9}{\376\377\000W\000h\000a\000t\000\040\000I\000t\000\040\000M\000e\000a\000n\000s\000\040\000t\000o\000\040\000U\000n\000d\000e\000r\000s\000t\000a\000n\000d}{}% 9
\BOOKMARK [1][-]{section.10}{\376\377\000C\000o\000n\000c\000l\000u\000s\000i\000o\000n}{}% 10
\BOOKMARK [1][-]{section.11}{\376\377\000N\000e\000c\000e\000s\000s\000a\000r\000y\000\040\000C\000o\000n\000d\000i\000t\000i\000o\000n\000s\000\040\000f\000o\000r\000\040\000T\000e\000x\000t\000u\000r\000e\000-\000N\000o\000d\000e\000s\000\040\000t\000o\000\040\000B\000e\000c\000o\000m\000e\000\040\000E\000v\000e\000n\000t\000-\000N\000o\000d\000e\000s}{}% 11
\BOOKMARK [2][-]{subsection.11.1}{\376\377\000P\000r\000e\000l\000i\000m\000i\000n\000a\000r\000i\000e\000s\000:\000\040\000R\000e\000a\000c\000h\000a\000b\000i\000l\000i\000t\000y\000\040\000a\000n\000d\000\040\000G\000e\000n\000e\000r\000a\000t\000i\000v\000e\000\040\000F\000i\000e\000l\000d\000s}{section.11}% 12
\BOOKMARK [2][-]{subsection.11.2}{\376\377\000S\000u\000p\000p\000o\000r\000t\000\040\000R\000e\000s\000t\000r\000i\000c\000t\000i\000o\000n\000\040\000C\000r\000i\000t\000e\000r\000i\000o\000n}{section.11}% 13
\BOOKMARK [2][-]{subsection.11.3}{\376\377\000I\000r\000r\000e\000v\000e\000r\000s\000i\000b\000i\000l\000i\000t\000y\000\040\000C\000r\000i\000t\000e\000r\000i\000o\000n\000\040\000v\000i\000a\000\040\000H\000y\000s\000t\000e\000r\000e\000s\000i\000s}{section.11}% 14
\BOOKMARK [2][-]{subsection.11.4}{\376\377\000T\000h\000r\000e\000s\000h\000o\000l\000d\000i\000n\000g\000\040\000a\000n\000d\000\040\000P\000h\000a\000s\000e\000\040\000B\000o\000u\000n\000d\000a\000r\000y\000\040\000C\000o\000n\000d\000i\000t\000i\000o\000n}{section.11}% 15
\BOOKMARK [2][-]{subsection.11.5}{\376\377\000R\000e\000c\000o\000r\000d\000i\000n\000g\000\040\000C\000r\000i\000t\000e\000r\000i\000o\000n\000:\000\040\000W\000h\000e\000n\000\040\000a\000\040\000P\000a\000r\000a\000m\000e\000t\000e\000r\000\040\000B\000e\000c\000o\000m\000e\000s\000\040\000a\000\040\000C\000o\000m\000m\000i\000t\000m\000e\000n\000t}{section.11}% 16
\BOOKMARK [2][-]{subsection.11.6}{\376\377\000S\000u\000m\000m\000a\000r\000y\000:\000\040\000M\000i\000n\000i\000m\000a\000l\000\040\000N\000e\000c\000e\000s\000s\000a\000r\000y\000\040\000C\000o\000n\000d\000i\000t\000i\000o\000n\000s}{section.11}% 17
\BOOKMARK [1][-]{section.12}{\376\377\000S\000u\000f\000f\000i\000c\000i\000e\000n\000c\000y\000\040\000C\000o\000n\000d\000i\000t\000i\000o\000n\000s\000\040\000a\000n\000d\000\040\000t\000h\000e\000\040\000E\000v\000e\000n\000t\040\023\000T\000e\000x\000t\000u\000r\000e\000\040\000P\000h\000a\000s\000e\000\040\000B\000o\000u\000n\000d\000a\000r\000y}{}% 18
\BOOKMARK [2][-]{subsection.12.1}{\376\377\000T\000e\000x\000t\000u\000r\000e\000\040\000S\000u\000f\000f\000i\000c\000i\000e\000n\000c\000y\000\040\000v\000i\000a\000\040\000F\000u\000t\000u\000r\000e\000-\000S\000p\000a\000c\000e\000\040\000E\000q\000u\000i\000v\000a\000l\000e\000n\000c\000e}{section.12}% 19
\BOOKMARK [2][-]{subsection.12.2}{\376\377\000L\000o\000c\000a\000l\000\040\000R\000e\000v\000e\000r\000s\000i\000b\000i\000l\000i\000t\000y\000\040\000a\000n\000d\000\040\000R\000e\000t\000e\000x\000t\000u\000r\000i\000n\000g}{section.12}% 20
\BOOKMARK [2][-]{subsection.12.3}{\376\377\000T\000e\000x\000t\000u\000r\000e\000\040\000S\000t\000a\000b\000i\000l\000i\000t\000y\000\040\000U\000n\000d\000e\000r\000\040\000C\000a\000u\000s\000a\000l\000\040\000A\000b\000s\000t\000r\000a\000c\000t\000i\000o\000n}{section.12}% 21
\BOOKMARK [2][-]{subsection.12.4}{\376\377\000P\000h\000a\000s\000e\000\040\000B\000o\000u\000n\000d\000a\000r\000y\000\040\000S\000u\000m\000m\000a\000r\000y}{section.12}% 22
\BOOKMARK [1][-]{section.13}{\376\377\000C\000o\000n\000n\000e\000c\000t\000i\000o\000n\000\040\000t\000o\000\040\000S\000p\000h\000e\000r\000e\000p\000o\000p\000\040\000C\000a\000l\000c\000u\000l\000u\000s}{}% 23
\BOOKMARK [2][-]{subsection.13.1}{\376\377\000E\000v\000e\000n\000t\000-\000N\000o\000d\000e\000s\000\040\000a\000s\000\040\000P\000o\000p\000\040\000O\000p\000e\000r\000a\000t\000i\000o\000n\000s}{section.13}% 24
\BOOKMARK [2][-]{subsection.13.2}{\376\377\000T\000e\000x\000t\000u\000r\000e\000-\000N\000o\000d\000e\000s\000\040\000a\000s\000\040\000S\000p\000h\000e\000r\000e\000p\000o\000p\000\040\000B\000i\000n\000d\000\040\000S\000t\000r\000u\000c\000t\000u\000r\000e}{section.13}% 25
\BOOKMARK [2][-]{subsection.13.3}{\376\377\000R\000e\000c\000o\000r\000d\000e\000d\000\040\000R\000a\000t\000i\000o\000s\000\040\000a\000n\000d\000\040\000S\000p\000h\000e\000r\000e\000p\000o\000p\000\040\000H\000i\000s\000t\000o\000r\000y}{section.13}% 26
\BOOKMARK [2][-]{subsection.13.4}{\376\377\000C\000o\000l\000l\000a\000p\000s\000e\000\040\000a\000n\000d\000\040\000S\000p\000h\000e\000r\000e\000p\000o\000p\000\040\000C\000o\000l\000l\000a\000p\000s\000e}{section.13}% 27
\BOOKMARK [2][-]{subsection.13.5}{\376\377\000C\000a\000u\000s\000a\000l\000\040\000A\000b\000s\000t\000r\000a\000c\000t\000i\000o\000n\000\040\000a\000s\000\040\000S\000p\000h\000e\000r\000e\000p\000o\000p\000\040\000R\000e\000p\000l\000a\000y}{section.13}% 28
\BOOKMARK [2][-]{subsection.13.6}{\376\377\000S\000u\000m\000m\000a\000r\000y}{section.13}% 29
\BOOKMARK [1][-]{section.14}{\376\377\000C\000a\000t\000e\000g\000o\000r\000i\000c\000a\000l\000\040\000a\000n\000d\000\040\000S\000h\000e\000a\000f\000-\000T\000h\000e\000o\000r\000e\000t\000i\000c\000\040\000I\000n\000t\000e\000r\000p\000r\000e\000t\000a\000t\000i\000o\000n}{}% 30
\BOOKMARK [2][-]{subsection.14.1}{\376\377\000T\000h\000e\000\040\000C\000a\000t\000e\000g\000o\000r\000y\000\040\000o\000f\000\040\000A\000d\000m\000i\000s\000s\000i\000b\000l\000e\000\040\000F\000u\000t\000u\000r\000e\000s}{section.14}% 31
\BOOKMARK [2][-]{subsection.14.2}{\376\377\000T\000e\000x\000t\000u\000r\000e\000-\000N\000o\000d\000e\000s\000\040\000a\000s\000\040\000F\000i\000b\000e\000r\000w\000i\000s\000e\000\040\000S\000t\000r\000u\000c\000t\000u\000r\000e}{section.14}% 32
\BOOKMARK [2][-]{subsection.14.3}{\376\377\000R\000e\000c\000o\000r\000d\000e\000d\000\040\000R\000a\000t\000i\000o\000s\000\040\000a\000s\000\040\000S\000e\000c\000t\000i\000o\000n\000s\000\040\000w\000i\000t\000h\000\040\000M\000e\000m\000o\000r\000y}{section.14}% 33
\BOOKMARK [2][-]{subsection.14.4}{\376\377\000E\000v\000e\000n\000t\000\040\000P\000r\000o\000m\000o\000t\000i\000o\000n\000\040\000a\000s\000\040\000B\000a\000s\000e\000\040\000C\000h\000a\000n\000g\000e}{section.14}% 34
\BOOKMARK [2][-]{subsection.14.5}{\376\377\000C\000a\000u\000s\000a\000l\000\040\000A\000b\000s\000t\000r\000a\000c\000t\000i\000o\000n\000\040\000a\000s\000\040\000F\000u\000n\000c\000t\000o\000r\000i\000a\000l\000\040\000P\000r\000o\000j\000e\000c\000t\000i\000o\000n}{section.14}% 35
\BOOKMARK [2][-]{subsection.14.6}{\376\377\000S\000p\000h\000e\000r\000e\000p\000o\000p\000\040\000R\000e\000i\000n\000t\000e\000r\000p\000r\000e\000t\000e\000d\000\040\000C\000a\000t\000e\000g\000o\000r\000i\000c\000a\000l\000l\000y}{section.14}% 36
\BOOKMARK [2][-]{subsection.14.7}{\376\377\000I\000n\000t\000e\000r\000p\000r\000e\000t\000i\000v\000e\000\040\000P\000a\000y\000o\000f\000f}{section.14}% 37
\BOOKMARK [1][-]{section.15}{\376\377\000F\000i\000n\000a\000l\000\040\000S\000y\000n\000t\000h\000e\000s\000i\000s\000:\000\040\000M\000e\000c\000h\000a\000n\000i\000s\000m\000,\000\040\000H\000i\000s\000t\000o\000r\000y\000,\000\040\000a\000n\000d\000\040\000T\000e\000x\000t\000u\000r\000e}{}% 38
\BOOKMARK [1][-]{appendix.A}{\376\377\000A\000p\000p\000e\000n\000d\000i\000x\000:\000\040\000I\000m\000p\000l\000e\000m\000e\000n\000t\000i\000n\000g\000\040\000S\000p\000h\000e\000r\000e\000p\000o\000p\000\040\000O\000p\000e\000r\000a\000t\000o\000r\000s\000\040\000i\000n\000\040\000F\000o\000r\000t\000h}{}% 39
\BOOKMARK [2][-]{subsection.A.1}{\376\377\000R\000e\000p\000r\000e\000s\000e\000n\000t\000a\000t\000i\000o\000n\000\040\000S\000t\000r\000a\000t\000e\000g\000y}{appendix.A}% 40
\BOOKMARK [2][-]{subsection.A.2}{\376\377\000F\000o\000r\000t\000h\000\040\000D\000a\000t\000a\000\040\000S\000t\000r\000u\000c\000t\000u\000r\000e\000s}{appendix.A}% 41
\BOOKMARK [2][-]{subsection.A.3}{\376\377\000I\000n\000i\000t\000i\000a\000l\000i\000z\000a\000t\000i\000o\000n\000\040\000a\000n\000d\000\040\000A\000l\000l\000o\000c\000a\000t\000i\000o\000n}{appendix.A}% 42
\BOOKMARK [2][-]{subsection.A.4}{\376\377\000E\000v\000e\000n\000t\000\040\000L\000o\000g\000g\000i\000n\000g}{appendix.A}% 43
\BOOKMARK [2][-]{subsection.A.5}{\376\377\000U\000n\000i\000o\000n\000-\000F\000i\000n\000d\000\040\000C\000o\000r\000e\000\040\000f\000o\000r\000\040\000M\000e\000r\000g\000e}{appendix.A}% 44
\BOOKMARK [2][-]{subsection.A.6}{\376\377\000S\000p\000h\000e\000r\000e\000p\000o\000p\000\040\000O\000p\000e\000r\000a\000t\000o\000r\000s\000\040\000a\000s\000\040\000F\000o\000r\000t\000h\000\040\000W\000o\000r\000d\000s}{appendix.A}% 45
\BOOKMARK [3][-]{subsubsection.A.6.1}{\376\377\000P\000o\000p}{subsection.A.6}% 46
\BOOKMARK [3][-]{subsubsection.A.6.2}{\376\377\000B\000i\000n\000d}{subsection.A.6}% 47
\BOOKMARK [3][-]{subsubsection.A.6.3}{\376\377\000M\000e\000r\000g\000e}{subsection.A.6}% 48
\BOOKMARK [3][-]{subsubsection.A.6.4}{\376\377\000L\000i\000n\000k}{subsection.A.6}% 49
\BOOKMARK [3][-]{subsubsection.A.6.5}{\376\377\000C\000o\000l\000l\000a\000p\000s\000e}{subsection.A.6}% 50
\BOOKMARK [2][-]{subsection.A.7}{\376\377\000R\000e\000p\000l\000a\000y\000\040\000a\000n\000d\000\040\000V\000e\000r\000i\000f\000i\000c\000a\000t\000i\000o\000n}{appendix.A}% 51
\BOOKMARK [2][-]{subsection.A.8}{\376\377\000E\000v\000e\000n\000t\000-\000N\000o\000d\000e\000s\000\040\000a\000n\000d\000\040\000T\000e\000x\000t\000u\000r\000e\000-\000N\000o\000d\000e\000s\000\040\000i\000n\000\040\000F\000o\000r\000t\000h\000\040\000T\000e\000r\000m\000s}{appendix.A}% 52
\BOOKMARK [2][-]{subsection.A.9}{\376\377\000R\000e\000m\000a\000r\000k\000s\000\040\000o\000n\000\040\000S\000a\000f\000e\000t\000y\000\040\000a\000n\000d\000\040\000M\000i\000n\000i\000m\000a\000l\000i\000t\000y}{appendix.A}% 53
\BOOKMARK [1][-]{appendix.B}{\376\377\000A\000p\000p\000e\000n\000d\000i\000x\000:\000\040\000I\000m\000p\000l\000e\000m\000e\000n\000t\000i\000n\000g\000\040\000S\000p\000h\000e\000r\000e\000p\000o\000p\000\040\000O\000p\000e\000r\000a\000t\000o\000r\000s\000\040\000i\000n\000\040\000H\000a\000s\000k\000e\000l\000l}{}% 54
\BOOKMARK [2][-]{subsection.B.1}{\376\377\000C\000o\000r\000e\000\040\000T\000y\000p\000e\000s\000:\000\040\000O\000b\000j\000e\000c\000t\000s\000,\000\040\000E\000v\000e\000n\000t\000s\000,\000\040\000a\000n\000d\000\040\000H\000i\000s\000t\000o\000r\000i\000e\000s}{appendix.B}% 55
\BOOKMARK [2][-]{subsection.B.2}{\376\377\000D\000e\000r\000i\000v\000e\000d\000\040\000S\000t\000a\000t\000e}{appendix.B}% 56
\BOOKMARK [2][-]{subsection.B.3}{\376\377\000U\000n\000i\000o\000n\000-\000F\000i\000n\000d\000\040\000O\000p\000e\000r\000a\000t\000i\000o\000n\000s}{appendix.B}% 57
\BOOKMARK [2][-]{subsection.B.4}{\376\377\000R\000e\000p\000l\000a\000y\000\040\000S\000e\000m\000a\000n\000t\000i\000c\000s\000:\000\040\000I\000n\000t\000e\000r\000p\000r\000e\000t\000i\000n\000g\000\040\000E\000v\000e\000n\000t\000s}{appendix.B}% 58
\BOOKMARK [2][-]{subsection.B.5}{\376\377\000C\000o\000l\000l\000a\000p\000s\000e\000\040\000a\000s\000\040\000L\000o\000g\000\040\000C\000o\000m\000p\000r\000e\000s\000s\000i\000o\000n}{appendix.B}% 59
\BOOKMARK [2][-]{subsection.B.6}{\376\377\000S\000p\000h\000e\000r\000e\000p\000o\000p\000\040\000O\000p\000e\000r\000a\000t\000o\000r\000s\000\040\000a\000s\000\040\000a\000n\000\040\000A\000P\000I}{appendix.B}% 60
\BOOKMARK [2][-]{subsection.B.7}{\376\377\000E\000v\000e\000n\000t\000-\000N\000o\000d\000e\000s\000\040\000a\000n\000d\000\040\000T\000e\000x\000t\000u\000r\000e\000-\000N\000o\000d\000e\000s\000\040\000a\000s\000\040\000T\000y\000p\000e\000s}{appendix.B}% 61
\BOOKMARK [2][-]{subsection.B.8}{\376\377\000A\000\040\000S\000m\000a\000l\000l\000\040\000W\000o\000r\000k\000e\000d\000\040\000E\000x\000a\000m\000p\000l\000e}{appendix.B}% 62
\BOOKMARK [2][-]{subsection.B.9}{\376\377\000R\000e\000m\000a\000r\000k\000s\000\040\000o\000n\000\040\000E\000x\000t\000e\000n\000s\000i\000b\000i\000l\000i\000t\000y}{appendix.B}% 63
\BOOKMARK [1][-]{appendix.C}{\376\377\000A\000p\000p\000e\000n\000d\000i\000x\000:\000\040\000I\000m\000p\000l\000e\000m\000e\000n\000t\000i\000n\000g\000\040\000S\000p\000h\000e\000r\000e\000p\000o\000p\000\040\000O\000p\000e\000r\000a\000t\000o\000r\000s\000\040\000i\000n\000\040\000R\000a\000c\000k\000e\000t}{}% 64
\BOOKMARK [2][-]{subsection.C.1}{\376\377\000C\000o\000r\000e\000\040\000R\000e\000p\000r\000e\000s\000e\000n\000t\000a\000t\000i\000o\000n}{appendix.C}% 65
\BOOKMARK [2][-]{subsection.C.2}{\376\377\000U\000n\000i\000o\000n\000-\000F\000i\000n\000d\000\040\000S\000t\000y\000l\000e\000\040\000R\000e\000p\000r\000e\000s\000e\000n\000t\000a\000t\000i\000v\000e\000s}{appendix.C}% 66
\BOOKMARK [2][-]{subsection.C.3}{\376\377\000R\000e\000p\000l\000a\000y\000\040\000S\000e\000m\000a\000n\000t\000i\000c\000s}{appendix.C}% 67
\BOOKMARK [2][-]{subsection.C.4}{\376\377\000H\000i\000s\000t\000o\000r\000y\000-\000L\000e\000v\000e\000l\000\040\000C\000o\000l\000l\000a\000p\000s\000e\000\040\000\050\000C\000o\000m\000p\000r\000e\000s\000s\000i\000o\000n\000\051}{appendix.C}% 68
\BOOKMARK [2][-]{subsection.C.5}{\376\377\000W\000o\000r\000l\000d\000\040\000A\000P\000I\000:\000\040\000E\000v\000e\000n\000t\000-\000S\000o\000u\000r\000c\000i\000n\000g\000\040\000w\000i\000t\000h\000\040\000D\000e\000r\000i\000v\000e\000d\000\040\000C\000a\000c\000h\000e}{appendix.C}% 69
\BOOKMARK [2][-]{subsection.C.6}{\376\377\000T\000e\000x\000t\000u\000r\000e\000\040\000P\000a\000r\000a\000m\000e\000t\000e\000r\000s\000\040\000a\000s\000\040\000F\000i\000b\000e\000r\000w\000i\000s\000e\000\040\000S\000e\000m\000a\000n\000t\000i\000c\000s}{appendix.C}% 70
\BOOKMARK [2][-]{subsection.C.7}{\376\377\000A\000\040\000S\000m\000a\000l\000l\000\040\000W\000o\000r\000k\000e\000d\000\040\000E\000x\000a\000m\000p\000l\000e}{appendix.C}% 71
\BOOKMARK [2][-]{subsection.C.8}{\376\377\000M\000a\000c\000r\000o\000\040\000S\000u\000r\000f\000a\000c\000e\000\040\000S\000y\000n\000t\000a\000x\000\040\000\050\000O\000p\000t\000i\000o\000n\000a\000l\000\051}{appendix.C}% 72
