\BOOKMARK [-1][-]{part.1}{\376\377\000I\000\040\000E\000m\000e\000r\000g\000e\000n\000t\000\040\000G\000r\000a\000v\000i\000t\000y}{}% 1
\BOOKMARK [0][-]{chapter.1}{\376\377\000G\000r\000a\000v\000i\000t\000y\000\040\000f\000r\000o\000m\000\040\000E\000n\000t\000r\000o\000p\000y\000\040\000G\000r\000a\000d\000i\000e\000n\000t\000s}{part.1}% 2
\BOOKMARK [1][-]{section.1.1}{\376\377\000M\000o\000t\000i\000v\000a\000t\000i\000o\000n\000:\000\040\000W\000h\000y\000\040\000E\000m\000e\000r\000g\000e\000n\000c\000e\000?}{chapter.1}% 3
\BOOKMARK [1][-]{section.1.2}{\376\377\000R\000e\000v\000i\000e\000w\000\040\000o\000f\000\040\000L\000a\000m\000p\000h\000r\000o\000d\000y\000n\000a\000m\000i\000c\000\040\000V\000a\000r\000i\000a\000t\000i\000o\000n\000a\000l\000\040\000S\000t\000r\000u\000c\000t\000u\000r\000e}{chapter.1}% 4
\BOOKMARK [1][-]{section.1.3}{\376\377\000D\000e\000r\000i\000v\000a\000t\000i\000o\000n\000\040\000o\000f\000\040\000M\000o\000d\000i\000f\000i\000e\000d\000\040\000E\000i\000n\000s\000t\000e\000i\000n\000\040\000E\000q\000u\000a\000t\000i\000o\000n\000s}{chapter.1}% 5
\BOOKMARK [1][-]{section.1.4}{\376\377\000E\000x\000p\000l\000i\000c\000i\000t\000\040\000C\000o\000m\000p\000u\000t\000a\000t\000i\000o\000n\000\040\000o\000f\000\040\000t\000h\000e\000\040\000E\000n\000t\000r\000o\000p\000i\000c\000\040\000C\000o\000r\000r\000e\000c\000t\000i\000o\000n\000\040\000T\000e\000n\000s\000o\000r}{chapter.1}% 6
\BOOKMARK [2][-]{subsection.1.4.1}{\376\377\000W\000e\000a\000k\040\023\000F\000i\000e\000l\000d\000\040\000L\000i\000m\000i\000t\000\040\000a\000n\000d\000\040\000N\000e\000w\000t\000o\000n\000i\000a\000n\000\040\000A\000p\000p\000r\000o\000x\000i\000m\000a\000t\000i\000o\000n}{section.1.4}% 7
\BOOKMARK [2][-]{subsection.1.4.2}{\376\377\000C\000o\000m\000p\000a\000r\000i\000s\000o\000n\000\040\000w\000i\000t\000h\000\040\000G\000e\000n\000e\000r\000a\000l\000\040\000R\000e\000l\000a\000t\000i\000v\000i\000t\000y}{section.1.4}% 8
\BOOKMARK [2][-]{subsection.1.4.3}{\376\377\000P\000h\000e\000n\000o\000m\000e\000n\000o\000l\000o\000g\000i\000c\000a\000l\000\040\000I\000n\000t\000e\000r\000p\000r\000e\000t\000a\000t\000i\000o\000n\000\040\000o\000f\000\040\000e\000n\000t\000r\000o\000p\000y}{section.1.4}% 9
\BOOKMARK [2][-]{subsection.1.4.4}{\376\377\000O\000b\000s\000e\000r\000v\000a\000t\000i\000o\000n\000a\000l\000\040\000C\000o\000n\000s\000e\000q\000u\000e\000n\000c\000e\000s}{section.1.4}% 10
\BOOKMARK [2][-]{subsection.1.4.5}{\376\377\000D\000i\000m\000e\000n\000s\000i\000o\000n\000a\000l\000\040\000A\000n\000a\000l\000y\000s\000i\000s\000\040\000a\000n\000d\000\040\000C\000o\000u\000p\000l\000i\000n\000g\000\040\000C\000o\000n\000s\000t\000a\000n\000t\000s}{section.1.4}% 11
\BOOKMARK [2][-]{subsection.1.4.6}{\376\377\000R\000e\000c\000o\000v\000e\000r\000y\000\040\000o\000f\000\040\000N\000e\000w\000t\000o\000n\000i\000a\000n\000\040\000G\000r\000a\000v\000i\000t\000y}{section.1.4}% 12
\BOOKMARK [2][-]{subsection.1.4.7}{\376\377\000R\000e\000l\000a\000t\000i\000o\000n\000\040\000t\000o\000\040\000S\000c\000a\000l\000a\000r\040\023\000T\000e\000n\000s\000o\000r\000\040\000T\000h\000e\000o\000r\000i\000e\000s}{section.1.4}% 13
\BOOKMARK [2][-]{subsection.1.4.8}{\376\377\000S\000u\000m\000m\000a\000r\000y\000\040\000o\000f\000\040\000t\000h\000e\000\040\000W\000e\000a\000k\040\023\000F\000i\000e\000l\000d\000\040\000A\000n\000a\000l\000y\000s\000i\000s}{section.1.4}% 14
\BOOKMARK [0][-]{chapter.2}{\376\377\000C\000o\000m\000p\000a\000r\000i\000s\000o\000n\000\040\000w\000i\000t\000h\000\040\000O\000t\000h\000e\000r\000\040\000E\000m\000e\000r\000g\000e\000n\000t\000\040\000G\000r\000a\000v\000i\000t\000y\000\040\000T\000h\000e\000o\000r\000i\000e\000s}{part.1}% 15
\BOOKMARK [1][-]{section.2.1}{\376\377\000O\000v\000e\000r\000v\000i\000e\000w}{chapter.2}% 16
\BOOKMARK [1][-]{section.2.2}{\376\377\000J\000a\000c\000o\000b\000s\000o\000n\000'\000s\000\040\000T\000h\000e\000r\000m\000o\000d\000y\000n\000a\000m\000i\000c\000\040\000G\000r\000a\000v\000i\000t\000y}{chapter.2}% 17
\BOOKMARK [2][-]{subsection.2.2.1}{\376\377\000L\000o\000c\000a\000l\000\040\000R\000i\000n\000d\000l\000e\000r\000\040\000H\000o\000r\000i\000z\000o\000n\000s\000\040\000a\000n\000d\000\040\000C\000l\000a\000u\000s\000i\000u\000s\000\040\000R\000e\000l\000a\000t\000i\000o\000n}{section.2.2}% 18
\BOOKMARK [2][-]{subsection.2.2.2}{\376\377\000C\000o\000m\000p\000a\000r\000i\000s\000o\000n\000\040\000w\000i\000t\000h\000\040\000L\000a\000m\000p\000h\000r\000o\000d\000y\000n\000a\000m\000i\000c\000\040\000E\000n\000t\000r\000o\000p\000y}{section.2.2}% 19
\BOOKMARK [1][-]{section.2.3}{\376\377\000V\000e\000r\000l\000i\000n\000d\000e\000'\000s\000\040\000E\000n\000t\000r\000o\000p\000i\000c\000\040\000G\000r\000a\000v\000i\000t\000y}{chapter.2}% 20
\BOOKMARK [2][-]{subsection.2.3.1}{\376\377\000H\000o\000l\000o\000g\000r\000a\000p\000h\000i\000c\000\040\000S\000c\000r\000e\000e\000n\000s\000\040\000a\000n\000d\000\040\000E\000n\000t\000r\000o\000p\000i\000c\000\040\000F\000o\000r\000c\000e}{section.2.3}% 21
\BOOKMARK [2][-]{subsection.2.3.2}{\376\377\000D\000i\000f\000f\000e\000r\000e\000n\000c\000e\000s\000\040\000w\000i\000t\000h\000\040\000R\000S\000V\000P}{section.2.3}% 22
\BOOKMARK [1][-]{section.2.4}{\376\377\000P\000a\000d\000m\000a\000n\000a\000b\000h\000a\000n\000'\000s\000\040\000E\000m\000e\000r\000g\000e\000n\000t\000\040\000P\000a\000r\000a\000d\000i\000g\000m}{chapter.2}% 23
\BOOKMARK [2][-]{subsection.2.4.1}{\376\377\000D\000e\000g\000r\000e\000e\000s\000\040\000o\000f\000\040\000F\000r\000e\000e\000d\000o\000m\000\040\000B\000a\000l\000a\000n\000c\000e}{section.2.4}% 24
\BOOKMARK [2][-]{subsection.2.4.2}{\376\377\000C\000o\000m\000p\000a\000r\000i\000s\000o\000n\000\040\000w\000i\000t\000h\000\040\000R\000S\000V\000P}{section.2.4}% 25
\BOOKMARK [1][-]{section.2.5}{\376\377\000Q\000u\000a\000n\000t\000u\000m\000\040\000I\000n\000f\000o\000r\000m\000a\000t\000i\000o\000n\000\040\000A\000p\000p\000r\000o\000a\000c\000h\000e\000s\000\040\000\050\000C\000a\000r\000n\000e\000y\000\051}{chapter.2}% 26
\BOOKMARK [2][-]{subsection.2.5.1}{\376\377\000G\000r\000a\000v\000i\000t\000y\000\040\000f\000r\000o\000m\000\040\000D\000e\000c\000o\000h\000e\000r\000e\000n\000c\000e\000\040\000a\000n\000d\000\040\000E\000n\000t\000a\000n\000g\000l\000e\000m\000e\000n\000t}{section.2.5}% 27
\BOOKMARK [2][-]{subsection.2.5.2}{\376\377\000R\000e\000l\000e\000v\000a\000n\000c\000e\000\040\000t\000o\000\040\000R\000S\000V\000P}{section.2.5}% 28
\BOOKMARK [1][-]{section.2.6}{\376\377\000C\000o\000m\000p\000a\000r\000i\000s\000o\000n\000\040\000T\000a\000b\000l\000e}{chapter.2}% 29
\BOOKMARK [1][-]{section.2.7}{\376\377\000S\000u\000m\000m\000a\000r\000y\000\040\000a\000n\000d\000\040\000O\000u\000t\000l\000o\000o\000k}{chapter.2}% 30
\BOOKMARK [0][-]{chapter.3}{\376\377\000G\000e\000o\000d\000e\000s\000i\000c\000\040\000E\000q\000u\000a\000t\000i\000o\000n\000s\000\040\000a\000n\000d\000\040\000T\000e\000s\000t\000\040\000P\000a\000r\000t\000i\000c\000l\000e\000s}{part.1}% 31
\BOOKMARK [1][-]{section.3.1}{\376\377\000O\000v\000e\000r\000v\000i\000e\000w}{chapter.3}% 32
\BOOKMARK [1][-]{section.3.2}{\376\377\000M\000o\000d\000i\000f\000i\000e\000d\000\040\000C\000o\000n\000n\000e\000c\000t\000i\000o\000n\000\040\000a\000n\000d\000\040\000E\000f\000f\000e\000c\000t\000i\000v\000e\000\040\000M\000e\000t\000r\000i\000c}{chapter.3}% 33
\BOOKMARK [2][-]{subsection.3.2.1}{\376\377\000L\000a\000m\000p\000h\000r\000o\000d\000y\000n\000a\000m\000i\000c\000\040\000C\000o\000r\000r\000e\000c\000t\000i\000o\000n}{section.3.2}% 34
\BOOKMARK [2][-]{subsection.3.2.2}{\376\377\000E\000f\000f\000e\000c\000t\000i\000v\000e\000\040\000G\000e\000o\000d\000e\000s\000i\000c\000\040\000E\000q\000u\000a\000t\000i\000o\000n}{section.3.2}% 35
\BOOKMARK [1][-]{section.3.3}{\376\377\000M\000o\000d\000i\000f\000i\000e\000d\000\040\000R\000a\000y\000c\000h\000a\000u\000d\000h\000u\000r\000i\000\040\000E\000q\000u\000a\000t\000i\000o\000n}{chapter.3}% 36
\BOOKMARK [2][-]{subsection.3.3.1}{\376\377\000C\000l\000a\000s\000s\000i\000c\000a\000l\000\040\000F\000o\000r\000m}{section.3.3}% 37
\BOOKMARK [2][-]{subsection.3.3.2}{\376\377\000L\000a\000m\000p\000h\000r\000o\000d\000y\000n\000a\000m\000i\000c\000\040\000C\000o\000r\000r\000e\000c\000t\000i\000o\000n}{section.3.3}% 38
\BOOKMARK [1][-]{section.3.4}{\376\377\000P\000e\000r\000i\000h\000e\000l\000i\000o\000n\000\040\000P\000r\000e\000c\000e\000s\000s\000i\000o\000n}{chapter.3}% 39
\BOOKMARK [2][-]{subsection.3.4.1}{\376\377\000S\000t\000a\000n\000d\000a\000r\000d\000\040\000G\000R\000\040\000R\000e\000s\000u\000l\000t}{section.3.4}% 40
\BOOKMARK [2][-]{subsection.3.4.2}{\376\377\000L\000a\000m\000p\000h\000r\000o\000d\000y\000n\000a\000m\000i\000c\000\040\000C\000o\000r\000r\000e\000c\000t\000i\000o\000n}{section.3.4}% 41
\BOOKMARK [1][-]{section.3.5}{\376\377\000L\000i\000g\000h\000t\000\040\000B\000e\000n\000d\000i\000n\000g}{chapter.3}% 42
\BOOKMARK [2][-]{subsection.3.5.1}{\376\377\000N\000u\000l\000l\000\040\000G\000e\000o\000d\000e\000s\000i\000c\000s}{section.3.5}% 43
\BOOKMARK [1][-]{section.3.6}{\376\377\000G\000r\000a\000v\000i\000t\000a\000t\000i\000o\000n\000a\000l\000\040\000T\000i\000m\000e\000\040\000D\000i\000l\000a\000t\000i\000o\000n}{chapter.3}% 44
\BOOKMARK [1][-]{section.3.7}{\376\377\000S\000u\000m\000m\000a\000r\000y}{chapter.3}% 45
\BOOKMARK [-1][-]{part.2}{\376\377\000I\000I\000\040\000R\000S\000V\000P\000\040\000C\000o\000s\000m\000o\000l\000o\000g\000y}{}% 46
\BOOKMARK [0][-]{chapter.4}{\376\377\000F\000r\000i\000e\000d\000m\000a\000n\000n\000-\000L\000i\000k\000e\000\040\000E\000q\000u\000a\000t\000i\000o\000n\000s\000\040\000f\000r\000o\000m\000\040\000L\000a\000m\000p\000h\000r\000o\000d\000y\000n\000a\000m\000i\000c\000s}{part.2}% 47
\BOOKMARK [1][-]{section.4.1}{\376\377\000O\000v\000e\000r\000v\000i\000e\000w}{chapter.4}% 48
\BOOKMARK [1][-]{section.4.2}{\376\377\000L\000a\000m\000p\000h\000r\000o\000d\000y\000n\000a\000m\000i\000c\000\040\000F\000L\000R\000W\000\040\000A\000n\000s\000a\000t\000z}{chapter.4}% 49
\BOOKMARK [1][-]{section.4.3}{\376\377\000M\000o\000d\000i\000f\000i\000e\000d\000\040\000E\000i\000n\000s\000t\000e\000i\000n\000\040\000T\000e\000n\000s\000o\000r}{chapter.4}% 50
\BOOKMARK [1][-]{section.4.4}{\376\377\000L\000a\000m\000p\000h\000r\000o\000d\000y\000n\000a\000m\000i\000c\000\040\000S\000t\000r\000e\000s\000s\000\040\000T\000e\000n\000s\000o\000r\000\040}{chapter.4}% 51
\BOOKMARK [1][-]{section.4.5}{\376\377\000M\000o\000d\000i\000f\000i\000e\000d\000\040\000F\000r\000i\000e\000d\000m\000a\000n\000n\000\040\000E\000q\000u\000a\000t\000i\000o\000n\000s}{chapter.4}% 52
\BOOKMARK [1][-]{section.4.6}{\376\377\000E\000f\000f\000e\000c\000t\000i\000v\000e\000\040\000E\000q\000u\000a\000t\000i\000o\000n\000\040\000o\000f\000\040\000S\000t\000a\000t\000e}{chapter.4}% 53
\BOOKMARK [1][-]{section.4.7}{\376\377\000C\000r\000i\000t\000i\000c\000a\000l\000\040\000D\000e\000n\000s\000i\000t\000i\000e\000s}{chapter.4}% 54
\BOOKMARK [1][-]{section.4.8}{\376\377\000D\000i\000s\000c\000u\000s\000s\000i\000o\000n}{chapter.4}% 55
\BOOKMARK [0][-]{chapter.5}{\376\377\000R\000e\000d\000s\000h\000i\000f\000t\000\040\000W\000i\000t\000h\000o\000u\000t\000\040\000M\000e\000t\000r\000i\000c\000\040\000E\000x\000p\000a\000n\000s\000i\000o\000n}{part.2}% 56
\BOOKMARK [1][-]{section.5.1}{\376\377\000O\000v\000e\000r\000v\000i\000e\000w}{chapter.5}% 57
\BOOKMARK [1][-]{section.5.2}{\376\377\000N\000u\000l\000l\000\040\000G\000e\000o\000d\000e\000s\000i\000c\000s\000\040\000i\000n\000\040\000L\000a\000m\000p\000h\000r\000o\000d\000y\000n\000a\000m\000i\000c\000\040\000B\000a\000c\000k\000g\000r\000o\000u\000n\000d\000s}{chapter.5}% 58
\BOOKMARK [1][-]{section.5.3}{\376\377\000F\000r\000e\000q\000u\000e\000n\000c\000y\000\040\000T\000r\000a\000n\000s\000p\000o\000r\000t\000\040\000E\000q\000u\000a\000t\000i\000o\000n}{chapter.5}% 59
\BOOKMARK [1][-]{section.5.4}{\376\377\000C\000a\000s\000e\000\040\000I\000:\000\040\000N\000o\000\040\000M\000e\000t\000r\000i\000c\000\040\000E\000x\000p\000a\000n\000s\000i\000o\000n}{chapter.5}% 60
\BOOKMARK [1][-]{section.5.5}{\376\377\000C\000o\000m\000p\000a\000r\000i\000s\000o\000n\000\040\000w\000i\000t\000h\000\040\000S\000t\000a\000n\000d\000a\000r\000d\000\040\000H\000u\000b\000b\000l\000e\000\040\000L\000a\000w}{chapter.5}% 61
\BOOKMARK [1][-]{section.5.6}{\376\377\000H\000i\000g\000h\000e\000r\040\023\000O\000r\000d\000e\000r\000\040\000C\000o\000r\000r\000e\000c\000t\000i\000o\000n\000s}{chapter.5}% 62
\BOOKMARK [1][-]{section.5.7}{\376\377\000D\000i\000s\000t\000a\000n\000c\000e\040\023\000R\000e\000d\000s\000h\000i\000f\000t\000\040\000R\000e\000l\000a\000t\000i\000o\000n}{chapter.5}% 63
\BOOKMARK [1][-]{section.5.8}{\376\377\000D\000i\000s\000c\000u\000s\000s\000i\000o\000n}{chapter.5}% 64
\BOOKMARK [0][-]{chapter.6}{\376\377\000S\000t\000r\000u\000c\000t\000u\000r\000e\000\040\000F\000o\000r\000m\000a\000t\000i\000o\000n}{part.2}% 65
\BOOKMARK [1][-]{section.6.1}{\376\377\000O\000v\000e\000r\000v\000i\000e\000w}{chapter.6}% 66
\BOOKMARK [1][-]{section.6.2}{\376\377\000P\000e\000r\000t\000u\000r\000b\000a\000t\000i\000o\000n\000\040\000V\000a\000r\000i\000a\000b\000l\000e\000s}{chapter.6}% 67
\BOOKMARK [1][-]{section.6.3}{\376\377\000M\000o\000d\000i\000f\000i\000e\000d\000\040\000P\000o\000i\000s\000s\000o\000n\000\040\000E\000q\000u\000a\000t\000i\000o\000n\000\040\000\050\000W\000e\000a\000k\040\023\000F\000i\000e\000l\000d\000\040\000L\000i\000m\000i\000t\000\051}{chapter.6}% 68
\BOOKMARK [1][-]{section.6.4}{\376\377\000L\000i\000n\000e\000a\000r\000\040\000G\000r\000o\000w\000t\000h\000\040\000E\000q\000u\000a\000t\000i\000o\000n}{chapter.6}% 69
\BOOKMARK [1][-]{section.6.5}{\376\377\000L\000a\000m\000p\000h\000r\000o\000d\000y\000n\000a\000m\000i\000c\000\040\000G\000r\000o\000w\000t\000h\000\040\000R\000a\000t\000e}{chapter.6}% 70
\BOOKMARK [1][-]{section.6.6}{\376\377\000M\000a\000t\000t\000e\000r\000\040\000P\000o\000w\000e\000r\000\040\000S\000p\000e\000c\000t\000r\000u\000m}{chapter.6}% 71
\BOOKMARK [1][-]{section.6.7}{\376\377\000C\000o\000m\000p\000a\000r\000i\000s\000o\000n\000\040\000w\000i\000t\000h\000\040}{chapter.6}% 72
\BOOKMARK [1][-]{section.6.8}{\376\377\000O\000b\000s\000e\000r\000v\000a\000t\000i\000o\000n\000a\000l\000\040\000C\000o\000n\000s\000t\000r\000a\000i\000n\000t\000s}{chapter.6}% 73
\BOOKMARK [1][-]{section.6.9}{\376\377\000D\000i\000s\000c\000u\000s\000s\000i\000o\000n}{chapter.6}% 74
\BOOKMARK [0][-]{chapter.7}{\376\377\000D\000a\000r\000k\000\040\000M\000a\000t\000t\000e\000r\000\040\000a\000n\000d\000\040\000D\000a\000r\000k\000\040\000E\000n\000e\000r\000g\000y\000\040\000i\000n\000\040\000R\000S\000V\000P}{part.2}% 75
\BOOKMARK [1][-]{section.7.1}{\376\377\000O\000v\000e\000r\000v\000i\000e\000w}{chapter.7}% 76
\BOOKMARK [1][-]{section.7.2}{\376\377\000L\000a\000m\000p\000h\000r\000o\000d\000y\000n\000a\000m\000i\000c\000\040\000C\000o\000n\000t\000r\000i\000b\000u\000t\000i\000o\000n\000s\000\040\000t\000o\000\040\000E\000f\000f\000e\000c\000t\000i\000v\000e\000\040\000D\000e\000n\000s\000i\000t\000y}{chapter.7}% 77
\BOOKMARK [1][-]{section.7.3}{\376\377\000G\000a\000l\000a\000x\000y\000\040\000R\000o\000t\000a\000t\000i\000o\000n\000\040\000C\000u\000r\000v\000e\000s}{chapter.7}% 78
\BOOKMARK [1][-]{section.7.4}{\376\377\000C\000l\000u\000s\000t\000e\000r\000\040\000M\000a\000s\000s\000\040\000P\000r\000o\000f\000i\000l\000e\000s}{chapter.7}% 79
\BOOKMARK [1][-]{section.7.5}{\376\377\000W\000e\000a\000k\000\040\000L\000e\000n\000s\000i\000n\000g}{chapter.7}% 80
\BOOKMARK [1][-]{section.7.6}{\376\377\000C\000o\000s\000m\000i\000c\000\040\000A\000c\000c\000e\000l\000e\000r\000a\000t\000i\000o\000n\000\040\000W\000i\000t\000h\000o\000u\000t\000\040}{chapter.7}% 81
\BOOKMARK [1][-]{section.7.7}{\376\377\000I\000n\000t\000e\000r\000p\000r\000e\000t\000a\000t\000i\000o\000n}{chapter.7}% 82
\BOOKMARK [1][-]{section.7.8}{\376\377\000D\000i\000s\000c\000u\000s\000s\000i\000o\000n}{chapter.7}% 83
\BOOKMARK [-1][-]{part.3}{\376\377\000I\000I\000I\000\040\000O\000b\000s\000e\000r\000v\000a\000t\000i\000o\000n\000a\000l\000\040\000C\000o\000n\000f\000r\000o\000n\000t\000a\000t\000i\000o\000n}{}% 84
\BOOKMARK [0][-]{chapter.8}{\376\377\000C\000o\000s\000m\000i\000c\000\040\000M\000i\000c\000r\000o\000w\000a\000v\000e\000\040\000B\000a\000c\000k\000g\000r\000o\000u\000n\000d}{part.3}% 85
\BOOKMARK [1][-]{section.8.1}{\376\377\000O\000v\000e\000r\000v\000i\000e\000w}{chapter.8}% 86
\BOOKMARK [1][-]{section.8.2}{\376\377\000B\000o\000l\000t\000z\000m\000a\000n\000n\000\040\000E\000q\000u\000a\000t\000i\000o\000n\000\040\000f\000o\000r\000\040\000C\000M\000B\000\040\000P\000h\000o\000t\000o\000n\000s}{chapter.8}% 87
\BOOKMARK [1][-]{section.8.3}{\376\377\000S\000a\000c\000h\000s\040\023\000W\000o\000l\000f\000e\000\040\000a\000n\000d\000\040\000I\000n\000t\000e\000g\000r\000a\000t\000e\000d\000\040\000S\000a\000c\000h\000s\040\023\000W\000o\000l\000f\000e\000\040\000E\000f\000f\000e\000c\000t\000s}{chapter.8}% 88
\BOOKMARK [1][-]{section.8.4}{\376\377\000A\000n\000g\000u\000l\000a\000r\000\040\000P\000o\000w\000e\000r\000\040\000S\000p\000e\000c\000t\000r\000u\000m}{chapter.8}% 89
\BOOKMARK [1][-]{section.8.5}{\376\377\000C\000o\000m\000p\000a\000r\000i\000s\000o\000n\000\040\000w\000i\000t\000h\000\040\000P\000l\000a\000n\000c\000k\000\040\000D\000a\000t\000a}{chapter.8}% 90
\BOOKMARK [1][-]{section.8.6}{\376\377\000D\000i\000s\000c\000u\000s\000s\000i\000o\000n}{chapter.8}% 91
\BOOKMARK [0][-]{chapter.9}{\376\377\000L\000a\000r\000g\000e\040\023\000S\000c\000a\000l\000e\000\040\000S\000t\000r\000u\000c\000t\000u\000r\000e}{part.3}% 92
\BOOKMARK [1][-]{section.9.1}{\376\377\000O\000v\000e\000r\000v\000i\000e\000w}{chapter.9}% 93
\BOOKMARK [1][-]{section.9.2}{\376\377\000M\000a\000t\000t\000e\000r\000\040\000P\000o\000w\000e\000r\000\040\000S\000p\000e\000c\000t\000r\000u\000m}{chapter.9}% 94
\BOOKMARK [1][-]{section.9.3}{\376\377\000B\000a\000r\000y\000o\000n\000\040\000A\000c\000o\000u\000s\000t\000i\000c\000\040\000O\000s\000c\000i\000l\000l\000a\000t\000i\000o\000n\000s}{chapter.9}% 95
\BOOKMARK [1][-]{section.9.4}{\376\377\000W\000e\000a\000k\000\040\000L\000e\000n\000s\000i\000n\000g}{chapter.9}% 96
\BOOKMARK [1][-]{section.9.5}{\376\377\000D\000i\000s\000c\000u\000s\000s\000i\000o\000n}{chapter.9}% 97
\BOOKMARK [0][-]{chapter.10}{\376\377\000S\000u\000p\000e\000r\000n\000o\000v\000a\000e\000\040\000a\000n\000d\000\040\000S\000t\000a\000n\000d\000a\000r\000d\000\040\000C\000a\000n\000d\000l\000e\000s}{part.3}% 98
\BOOKMARK [1][-]{section.10.1}{\376\377\000O\000v\000e\000r\000v\000i\000e\000w}{chapter.10}% 99
\BOOKMARK [1][-]{section.10.2}{\376\377\000D\000i\000s\000t\000a\000n\000c\000e\040\023\000R\000e\000d\000s\000h\000i\000f\000t\000\040\000R\000e\000l\000a\000t\000i\000o\000n}{chapter.10}% 100
\BOOKMARK [1][-]{section.10.3}{\376\377\000H\000u\000b\000b\000l\000e\000\040\000D\000i\000a\000g\000r\000a\000m\000\040\000A\000n\000a\000l\000y\000s\000i\000s}{chapter.10}% 101
\BOOKMARK [1][-]{section.10.4}{\376\377\000S\000y\000s\000t\000e\000m\000a\000t\000i\000c\000\040\000U\000n\000c\000e\000r\000t\000a\000i\000n\000t\000i\000e\000s}{chapter.10}% 102
\BOOKMARK [1][-]{section.10.5}{\376\377\000D\000i\000s\000c\000u\000s\000s\000i\000o\000n}{chapter.10}% 103
\BOOKMARK [-1][-]{part.4}{\376\377\000I\000V\000\040\000E\000x\000t\000r\000e\000m\000e\000\040\000R\000e\000g\000i\000m\000e\000s\000\040\000a\000n\000d\000\040\000T\000e\000s\000t\000s}{}% 104
\BOOKMARK [0][-]{chapter.11}{\376\377\000S\000t\000r\000o\000n\000g\040\023\000F\000i\000e\000l\000d\000\040\000T\000e\000s\000t\000s}{part.4}% 105
\BOOKMARK [1][-]{section.11.1}{\376\377\000O\000v\000e\000r\000v\000i\000e\000w}{chapter.11}% 106
\BOOKMARK [1][-]{section.11.2}{\376\377\000L\000a\000m\000p\000h\000r\000o\000d\000y\000n\000a\000m\000i\000c\000\040\000C\000o\000m\000p\000a\000c\000t\000\040\000O\000b\000j\000e\000c\000t\000s}{chapter.11}% 107
\BOOKMARK [1][-]{section.11.3}{\376\377\000B\000l\000a\000c\000k\000\040\000H\000o\000l\000e\000s\000\040\000i\000n\000\040\000R\000S\000V\000P\000?}{chapter.11}% 108
\BOOKMARK [1][-]{section.11.4}{\376\377\000N\000e\000u\000t\000r\000o\000n\000\040\000S\000t\000a\000r\000s}{chapter.11}% 109
\BOOKMARK [1][-]{section.11.5}{\376\377\000G\000r\000a\000v\000i\000t\000a\000t\000i\000o\000n\000a\000l\000\040\000W\000a\000v\000e\000s}{chapter.11}% 110
\BOOKMARK [1][-]{section.11.6}{\376\377\000E\000v\000e\000n\000t\000\040\000H\000o\000r\000i\000z\000o\000n\000\040\000T\000e\000l\000e\000s\000c\000o\000p\000e\000\040\000C\000o\000n\000s\000t\000r\000a\000i\000n\000t\000s}{chapter.11}% 111
\BOOKMARK [1][-]{section.11.7}{\376\377\000D\000i\000s\000c\000u\000s\000s\000i\000o\000n}{chapter.11}% 112
\BOOKMARK [0][-]{chapter.12}{\376\377\000F\000a\000l\000s\000i\000f\000i\000a\000b\000i\000l\000i\000t\000y\000\040\000a\000n\000d\000\040\000D\000i\000s\000c\000r\000i\000m\000i\000n\000a\000t\000i\000n\000g\000\040\000O\000b\000s\000e\000r\000v\000a\000t\000i\000o\000n\000s}{part.4}% 113
\BOOKMARK [1][-]{section.12.1}{\376\377\000O\000v\000e\000r\000v\000i\000e\000w}{chapter.12}% 114
\BOOKMARK [1][-]{section.12.2}{\376\377\000U\000n\000i\000q\000u\000e\000\040\000P\000r\000e\000d\000i\000c\000t\000i\000o\000n\000s}{chapter.12}% 115
\BOOKMARK [1][-]{section.12.3}{\376\377\000F\000u\000t\000u\000r\000e\000\040\000E\000x\000p\000e\000r\000i\000m\000e\000n\000t\000s}{chapter.12}% 116
\BOOKMARK [1][-]{section.12.4}{\376\377\000T\000e\000s\000t\000a\000b\000i\000l\000i\000t\000y\000\040\000R\000o\000a\000d\000m\000a\000p}{chapter.12}% 117
\BOOKMARK [1][-]{section.12.5}{\376\377\000C\000o\000n\000c\000l\000u\000s\000i\000o\000n}{chapter.12}% 118
\BOOKMARK [0][-]{appendix.A}{\376\377\000C\000o\000s\000m\000o\000l\000o\000g\000i\000c\000a\000l\000\040\000P\000e\000r\000t\000u\000r\000b\000a\000t\000i\000o\000n\000\040\000T\000h\000e\000o\000r\000y}{part.4}% 119
\BOOKMARK [1][-]{section.A.1}{\376\377\000B\000a\000c\000k\000g\000r\000o\000u\000n\000d\000\040\000F\000L\000R\000W\000\040\000G\000e\000o\000m\000e\000t\000r\000y}{appendix.A}% 120
\BOOKMARK [1][-]{section.A.2}{\376\377\000P\000e\000r\000t\000u\000r\000b\000a\000t\000i\000o\000n\000\040\000A\000n\000s\000a\000t\000z}{appendix.A}% 121
\BOOKMARK [1][-]{section.A.3}{\376\377\000G\000a\000u\000g\000e\000\040\000T\000r\000a\000n\000s\000f\000o\000r\000m\000a\000t\000i\000o\000n\000s}{appendix.A}% 122
\BOOKMARK [1][-]{section.A.4}{\376\377\000L\000i\000n\000e\000a\000r\000i\000z\000e\000d\000\040\000L\000a\000m\000p\000h\000r\000o\000d\000y\000n\000a\000m\000i\000c\000\040\000E\000q\000u\000a\000t\000i\000o\000n\000s}{appendix.A}% 123
\BOOKMARK [1][-]{section.A.5}{\376\377\000S\000c\000a\000l\000a\000r\000,\000\040\000V\000e\000c\000t\000o\000r\000,\000\040\000a\000n\000d\000\040\000T\000e\000n\000s\000o\000r\000\040\000M\000o\000d\000e\000s}{appendix.A}% 124
\BOOKMARK [1][-]{section.A.6}{\376\377\000P\000o\000w\000e\000r\000\040\000S\000p\000e\000c\000t\000r\000a\000\040\000a\000n\000d\000\040\000T\000r\000a\000n\000s\000f\000e\000r\000\040\000F\000u\000n\000c\000t\000i\000o\000n\000s}{appendix.A}% 125
\BOOKMARK [1][-]{section.A.7}{\376\377\000I\000n\000i\000t\000i\000a\000l\000\040\000C\000o\000n\000d\000i\000t\000i\000o\000n\000s}{appendix.A}% 126
\BOOKMARK [1][-]{section.A.8}{\376\377\000R\000e\000m\000a\000r\000k\000s\000\040\000a\000n\000d\000\040\000F\000u\000r\000t\000h\000e\000r\000\040\000R\000e\000a\000d\000i\000n\000g}{appendix.A}% 127
\BOOKMARK [0][-]{appendix.B}{\376\377\000S\000t\000a\000t\000i\000s\000t\000i\000c\000a\000l\000\040\000M\000e\000t\000h\000o\000d\000s\000\040\000f\000o\000r\000\040\000C\000o\000s\000m\000o\000l\000o\000g\000y}{part.4}% 128
\BOOKMARK [1][-]{section.B.1}{\376\377\000P\000a\000r\000a\000m\000e\000t\000e\000r\000s\000\040\000a\000n\000d\000\040\000P\000r\000i\000o\000r\000s}{appendix.B}% 129
\BOOKMARK [1][-]{section.B.2}{\376\377\000L\000i\000k\000e\000l\000i\000h\000o\000o\000d\000s}{appendix.B}% 130
\BOOKMARK [1][-]{section.B.3}{\376\377\000M\000a\000x\000i\000m\000u\000m\000\040\000L\000i\000k\000e\000l\000i\000h\000o\000o\000d\000\040\000a\000n\000d\000\040\0002\000\040\000S\000t\000a\000t\000i\000s\000t\000i\000c\000s}{appendix.B}% 131
\BOOKMARK [1][-]{section.B.4}{\376\377\000B\000a\000y\000e\000s\000i\000a\000n\000\040\000E\000v\000i\000d\000e\000n\000c\000e\000\040\000a\000n\000d\000\040\000M\000o\000d\000e\000l\000\040\000C\000o\000m\000p\000a\000r\000i\000s\000o\000n}{appendix.B}% 132
\BOOKMARK [1][-]{section.B.5}{\376\377\000I\000n\000f\000o\000r\000m\000a\000t\000i\000o\000n\000\040\000C\000r\000i\000t\000e\000r\000i\000a}{appendix.B}% 133
\BOOKMARK [1][-]{section.B.6}{\376\377\000S\000a\000m\000p\000l\000i\000n\000g\000\040\000M\000e\000t\000h\000o\000d\000s}{appendix.B}% 134
\BOOKMARK [1][-]{section.B.7}{\376\377\000F\000o\000r\000e\000c\000a\000s\000t\000i\000n\000g\000\040\000a\000n\000d\000\040\000F\000i\000s\000h\000e\000r\000\040\000I\000n\000f\000o\000r\000m\000a\000t\000i\000o\000n}{appendix.B}% 135
\BOOKMARK [1][-]{section.B.8}{\376\377\000G\000o\000o\000d\000n\000e\000s\000s\000\040\000o\000f\000\040\000F\000i\000t}{appendix.B}% 136
\BOOKMARK [1][-]{section.B.9}{\376\377\000R\000e\000m\000a\000r\000k\000s\000\040\000a\000n\000d\000\040\000F\000u\000r\000t\000h\000e\000r\000\040\000R\000e\000a\000d\000i\000n\000g}{appendix.B}% 137
\BOOKMARK [0][-]{appendix.C}{\376\377\000O\000b\000s\000e\000r\000v\000a\000t\000i\000o\000n\000a\000l\000\040\000D\000a\000t\000a\000\040\000S\000o\000u\000r\000c\000e\000s}{part.4}% 138
\BOOKMARK [1][-]{section.C.1}{\376\377\000C\000o\000s\000m\000i\000c\000\040\000M\000i\000c\000r\000o\000w\000a\000v\000e\000\040\000B\000a\000c\000k\000g\000r\000o\000u\000n\000d}{appendix.C}% 139
\BOOKMARK [1][-]{section.C.2}{\376\377\000L\000a\000r\000g\000e\040\023\000S\000c\000a\000l\000e\000\040\000S\000t\000r\000u\000c\000t\000u\000r\000e\000\040\000a\000n\000d\000\040\000B\000A\000O}{appendix.C}% 140
\BOOKMARK [1][-]{section.C.3}{\376\377\000G\000a\000l\000a\000x\000y\000\040\000C\000l\000u\000s\000t\000e\000r\000s\000\040\000a\000n\000d\000\040\000W\000e\000a\000k\000\040\000L\000e\000n\000s\000i\000n\000g}{appendix.C}% 141
\BOOKMARK [1][-]{section.C.4}{\376\377\000S\000u\000p\000e\000r\000n\000o\000v\000a\000e\000\040\000a\000n\000d\000\040\000S\000t\000a\000n\000d\000a\000r\000d\000\040\000C\000a\000n\000d\000l\000e\000s}{appendix.C}% 142
\BOOKMARK [1][-]{section.C.5}{\376\377\000C\000o\000s\000m\000i\000c\000\040\000C\000h\000r\000o\000n\000o\000m\000e\000t\000e\000r\000s}{appendix.C}% 143
\BOOKMARK [1][-]{section.C.6}{\376\377\000F\000u\000t\000u\000r\000e\000\040\000S\000u\000r\000v\000e\000y\000s}{appendix.C}% 144
\BOOKMARK [1][-]{section.C.7}{\376\377\000D\000a\000t\000a\000\040\000A\000v\000a\000i\000l\000a\000b\000i\000l\000i\000t\000y}{appendix.C}% 145
\BOOKMARK [1][-]{section.C.8}{\376\377\000R\000e\000m\000a\000r\000k\000s\000\040\000a\000n\000d\000\040\000F\000u\000r\000t\000h\000e\000r\000\040\000R\000e\000a\000d\000i\000n\000g}{appendix.C}% 146
\BOOKMARK [0][-]{appendix.D}{\376\377\000N\000u\000m\000e\000r\000i\000c\000a\000l\000\040\000M\000e\000t\000h\000o\000d\000s\000\040\000f\000o\000r\000\040\000C\000o\000s\000m\000o\000l\000o\000g\000i\000c\000a\000l\000\040\000E\000v\000o\000l\000u\000t\000i\000o\000n}{part.4}% 147
\BOOKMARK [1][-]{section.D.1}{\376\377\000D\000i\000s\000c\000r\000e\000t\000i\000z\000a\000t\000i\000o\000n\000\040\000o\000f\000\040\000B\000a\000c\000k\000g\000r\000o\000u\000n\000d\000\040\000E\000v\000o\000l\000u\000t\000i\000o\000n}{appendix.D}% 148
\BOOKMARK [1][-]{section.D.2}{\376\377\000L\000i\000n\000e\000a\000r\000\040\000P\000e\000r\000t\000u\000r\000b\000a\000t\000i\000o\000n\000\040\000E\000q\000u\000a\000t\000i\000o\000n\000s}{appendix.D}% 149
\BOOKMARK [1][-]{section.D.3}{\376\377\000M\000o\000d\000e\000\040\000C\000o\000u\000p\000l\000i\000n\000g\000\040\000a\000n\000d\000\040\000T\000r\000a\000n\000s\000f\000e\000r\000\040\000F\000u\000n\000c\000t\000i\000o\000n\000s}{appendix.D}% 150
\BOOKMARK [1][-]{section.D.4}{\376\377\000W\000e\000a\000k\000\040\000L\000e\000n\000s\000i\000n\000g\000\040\000a\000n\000d\000\040\000L\000i\000n\000e\040\023\000o\000f\040\023\000S\000i\000g\000h\000t\000\040\000I\000n\000t\000e\000g\000r\000a\000l\000s}{appendix.D}% 151
\BOOKMARK [1][-]{section.D.5}{\376\377\000B\000o\000l\000t\000z\000m\000a\000n\000n\000\040\000S\000o\000l\000v\000e\000r\000s\000\040\000a\000n\000d\000\040\000E\000x\000i\000s\000t\000i\000n\000g\000\040\000S\000o\000f\000t\000w\000a\000r\000e}{appendix.D}% 152
\BOOKMARK [1][-]{section.D.6}{\376\377\000N\000u\000m\000e\000r\000i\000c\000a\000l\000\040\000R\000e\000l\000a\000t\000i\000v\000i\000t\000y\000\040\000a\000n\000d\000\040\000N\000o\000n\000l\000i\000n\000e\000a\000r\000\040\000R\000e\000g\000i\000m\000e\000s}{appendix.D}% 153
\BOOKMARK [1][-]{section.D.7}{\376\377\000P\000a\000r\000a\000l\000l\000e\000l\000i\000z\000a\000t\000i\000o\000n\000\040\000a\000n\000d\000\040\000P\000e\000r\000f\000o\000r\000m\000a\000n\000c\000e}{appendix.D}% 154
\BOOKMARK [1][-]{section.D.8}{\376\377\000R\000e\000m\000a\000r\000k\000s}{appendix.D}% 155
