This is LuaHBTeX, Version 1.22.0 (TeX Live 2025)  (format=lualatex 2025.9.22)  8 DEC 2025 17:51
 restricted system commands enabled.
**main-vol1.tex
(./main-vol1.tex
LaTeX2e <2025-06-01> patch level 1
L3 programming layer <2025-09-02>
Lua module: luaotfload 2024-12-03 v3.29 Lua based OpenType font support
Lua module: lualibs 2023-07-13 v2.76 ConTeXt Lua standard libraries.
Lua module: lualibs-extended 2023-07-13 v2.76 ConTeXt Lua libraries -- extended 
collection.
luaotfload | conf : Root cache directory is "/home/bonobo/.texlive2025/texmf-var
/luatex-cache/generic/names".
luaotfload | init : Loading fontloader "fontloader-2023-12-28.lua" from kpse-res
olved path "/usr/local/texlive/2025/texmf-dist/tex/luatex/luaotfload/fontloader-
2023-12-28.lua".
Lua-only attribute luaotfload@noligature = 1
luaotfload | init : Context OpenType loader version 3.134
Inserting `luaotfload.node_processor' in `pre_linebreak_filter'.
Inserting `luaotfload.node_processor' in `hpack_filter'.
Inserting `luaotfload.glyph_stream' in `glyph_stream_provider'.
Inserting `luaotfload.define_font' in `define_font'.
Lua-only attribute luaotfload_color_attribute = 2
luaotfload | conf : Root cache directory is "/home/bonobo/.texlive2025/texmf-var
/luatex-cache/generic/names".
Inserting `luaotfload.harf.strip_prefix' in `find_opentype_file'.
Inserting `luaotfload.harf.strip_prefix' in `find_truetype_file'.
Removing  `luaotfload.glyph_stream' from `glyph_stream_provider'.
Inserting `luaotfload.harf.glyphstream' in `glyph_stream_provider'.
Inserting `luaotfload.harf.finalize_vlist' in `post_linebreak_filter'.
Inserting `luaotfload.harf.finalize_hlist' in `hpack_filter'.
Inserting `luaotfload.cleanup_files' in `wrapup_run'.
Inserting `luaotfload.harf.finalize_unicode' in `finish_pdffile'.
Inserting `luaotfload.glyphinfo' in `glyph_info'.
Lua-only attribute luaotfload.letterspace_done = 3
Inserting `luaotfload.aux.set_sscale_dimens' in `luaotfload.patch_font'.
Inserting `luaotfload.aux.set_font_index' in `luaotfload.patch_font'.
Inserting `luaotfload.aux.patch_cambria_domh' in `luaotfload.patch_font'.
Inserting `luaotfload.aux.fixup_fontdata' in `luaotfload.patch_font_unsafe'.
Inserting `luaotfload.aux.set_capheight' in `luaotfload.patch_font'.
Inserting `luaotfload.aux.set_xheight' in `luaotfload.patch_font'.
Inserting `luaotfload.rewrite_fontname' in `luaotfload.patch_font'.
Inserting `tracingstacklevels' in `input_level_string'. (/usr/local/texlive/202
5/texmf-dist/tex/latex/base/book.cls
Document Class: book 2025/01/22 v1.4n Standard LaTeX document class
(/usr/local/texlive/2025/texmf-dist/tex/latex/base/bk11.clo
File: bk11.clo 2025/01/22 v1.4n Standard LaTeX file (size option)
luaotfload | db : Font names database loaded from /home/bonobo/.texlive2025/texm
f-var/luatex-cache/generic/names/luaotfload-names.luc.gz)
\c@part=\count273
\c@chapter=\count274
\c@section=\count275
\c@subsection=\count276
\c@subsubsection=\count277
\c@paragraph=\count278
\c@subparagraph=\count279
\c@figure=\count280
\c@table=\count281
\abovecaptionskip=\skip49
\belowcaptionskip=\skip50
\bibindent=\dimen147
)
(../shared/macros.tex
(/usr/local/texlive/2025/texmf-dist/tex/latex/base/fontenc.sty
Package: fontenc 2024/12/21 v2.1c Standard LaTeX package
LaTeX Font Info:    Trying to load font information for T1+lmr on input line 11
6.

(/usr/local/texlive/2025/texmf-dist/tex/latex/lm/t1lmr.fd
File: t1lmr.fd 2015/05/01 v1.6.1 Font defs for Latin Modern
))
(/usr/local/texlive/2025/texmf-dist/tex/latex/base/inputenc.sty
Package: inputenc 2024/02/08 v1.3d Input encoding file
\inpenc@prehook=\toks17
\inpenc@posthook=\toks18


Package inputenc Warning: inputenc package ignored with utf8 based engines.

) (/usr/local/texlive/2025/texmf-dist/tex/latex/lm/lmodern.sty
Package: lmodern 2015/05/01 v1.6.1 Latin Modern Fonts
LaTeX Font Info:    Overwriting symbol font `operators' in version `normal'
(Font)                  OT1/cmr/m/n --> OT1/lmr/m/n on input line 22.
LaTeX Font Info:    Overwriting symbol font `letters' in version `normal'
(Font)                  OML/cmm/m/it --> OML/lmm/m/it on input line 23.
LaTeX Font Info:    Overwriting symbol font `symbols' in version `normal'
(Font)                  OMS/cmsy/m/n --> OMS/lmsy/m/n on input line 24.
LaTeX Font Info:    Overwriting symbol font `largesymbols' in version `normal'
(Font)                  OMX/cmex/m/n --> OMX/lmex/m/n on input line 25.
LaTeX Font Info:    Overwriting symbol font `operators' in version `bold'
(Font)                  OT1/cmr/bx/n --> OT1/lmr/bx/n on input line 26.
LaTeX Font Info:    Overwriting symbol font `letters' in version `bold'
(Font)                  OML/cmm/b/it --> OML/lmm/b/it on input line 27.
LaTeX Font Info:    Overwriting symbol font `symbols' in version `bold'
(Font)                  OMS/cmsy/b/n --> OMS/lmsy/b/n on input line 28.
LaTeX Font Info:    Overwriting symbol font `largesymbols' in version `bold'
(Font)                  OMX/cmex/m/n --> OMX/lmex/m/n on input line 29.
LaTeX Font Info:    Overwriting math alphabet `\mathbf' in version `normal'
(Font)                  OT1/cmr/bx/n --> OT1/lmr/bx/n on input line 31.
LaTeX Font Info:    Overwriting math alphabet `\mathsf' in version `normal'
(Font)                  OT1/cmss/m/n --> OT1/lmss/m/n on input line 32.
LaTeX Font Info:    Overwriting math alphabet `\mathit' in version `normal'
(Font)                  OT1/cmr/m/it --> OT1/lmr/m/it on input line 33.
LaTeX Font Info:    Overwriting math alphabet `\mathtt' in version `normal'
(Font)                  OT1/cmtt/m/n --> OT1/lmtt/m/n on input line 34.
LaTeX Font Info:    Overwriting math alphabet `\mathbf' in version `bold'
(Font)                  OT1/cmr/bx/n --> OT1/lmr/bx/n on input line 35.
LaTeX Font Info:    Overwriting math alphabet `\mathsf' in version `bold'
(Font)                  OT1/cmss/bx/n --> OT1/lmss/bx/n on input line 36.
LaTeX Font Info:    Overwriting math alphabet `\mathit' in version `bold'
(Font)                  OT1/cmr/bx/it --> OT1/lmr/bx/it on input line 37.
LaTeX Font Info:    Overwriting math alphabet `\mathtt' in version `bold'
(Font)                  OT1/cmtt/m/n --> OT1/lmtt/m/n on input line 38.
)
(/usr/local/texlive/2025/texmf-dist/tex/latex/geometry/geometry.sty
Package: geometry 2020/01/02 v5.9 Page Geometry

(/usr/local/texlive/2025/texmf-dist/tex/latex/graphics/keyval.sty
Package: keyval 2022/05/29 v1.15 key=value parser (DPC)
\KV@toks@=\toks19
)
(/usr/local/texlive/2025/texmf-dist/tex/generic/iftex/ifvtex.sty
Package: ifvtex 2019/10/25 v1.7 ifvtex legacy package. Use iftex instead.

(/usr/local/texlive/2025/texmf-dist/tex/generic/iftex/iftex.sty
Package: iftex 2024/12/12 v1.0g TeX engine tests
))
\Gm@cnth=\count282
\Gm@cntv=\count283
\c@Gm@tempcnt=\count284
\Gm@bindingoffset=\dimen148
\Gm@wd@mp=\dimen149
\Gm@odd@mp=\dimen150
\Gm@even@mp=\dimen151
\Gm@layoutwidth=\dimen152
\Gm@layoutheight=\dimen153
\Gm@layouthoffset=\dimen154
\Gm@layoutvoffset=\dimen155
\Gm@dimlist=\toks20
)
(/usr/local/texlive/2025/texmf-dist/tex/latex/setspace/setspace.sty
Package: setspace 2022/12/04 v6.7b set line spacing
)
(/usr/local/texlive/2025/texmf-dist/tex/latex/microtype/microtype.sty
Package: microtype 2025/07/09 v3.2b Micro-typographical refinements (RS)

(/usr/local/texlive/2025/texmf-dist/tex/latex/etoolbox/etoolbox.sty
Package: etoolbox 2025/02/11 v2.5l e-TeX tools for LaTeX (JAW)
\etb@tempcnta=\count285
)
\MT@toks=\toks21
\MT@tempbox=\box53
\MT@count=\count286
LaTeX Info: Redefining \noprotrusionifhmode on input line 1087.
LaTeX Info: Redefining \leftprotrusion on input line 1088.
\MT@prot@toks=\toks22
LaTeX Info: Redefining \rightprotrusion on input line 1107.
LaTeX Info: Redefining \textls on input line 1449.
\MT@outer@kern=\dimen156
LaTeX Info: Redefining \microtypecontext on input line 2053.
LaTeX Info: Redefining \textmicrotypecontext on input line 2070.
\MT@listname@count=\count287

(/usr/local/texlive/2025/texmf-dist/tex/latex/microtype/microtype-luatex.def
File: microtype-luatex.def 2025/07/09 v3.2b Definitions specific to luatex (RS)

Lua module: microtype 2025/07/09 v3.2b microtype module.
Module microtype Info: overwriting function `keepligature' on input line 63
LaTeX Info: Redefining \lsstyle on input line 779.
LaTeX Info: Redefining \lslig on input line 779.
\MT@outer@space=\skip51
)
Package microtype Info: Loading configuration file microtype.cfg.

(/usr/local/texlive/2025/texmf-dist/tex/latex/microtype/microtype.cfg
File: microtype.cfg 2025/07/09 v3.2b microtype main configuration file (RS)
)
LaTeX Info: Redefining \microtypesetup on input line 3065.
)
(/usr/local/texlive/2025/texmf-dist/tex/latex/amsmath/amsmath.sty
Package: amsmath 2025/06/16 v2.17y AMS math features
\@mathmargin=\skip52

For additional information on amsmath, use the `?' option.
(/usr/local/texlive/2025/texmf-dist/tex/latex/amsmath/amstext.sty
Package: amstext 2024/11/17 v2.01 AMS text

(/usr/local/texlive/2025/texmf-dist/tex/latex/amsmath/amsgen.sty
File: amsgen.sty 1999/11/30 v2.0 generic functions
\@emptytoks=\toks23
\ex@=\dimen157
))
(/usr/local/texlive/2025/texmf-dist/tex/latex/amsmath/amsbsy.sty
Package: amsbsy 1999/11/29 v1.2d Bold Symbols
\pmbraise@=\dimen158
)
(/usr/local/texlive/2025/texmf-dist/tex/latex/amsmath/amsopn.sty
Package: amsopn 2022/04/08 v2.04 operator names
)
\inf@bad=\count288
LaTeX Info: Redefining \frac on input line 235.
\uproot@=\count289
\leftroot@=\count290
LaTeX Info: Redefining \overline on input line 398.
LaTeX Info: Redefining \colon on input line 409.
\classnum@=\count291
\DOTSCASE@=\count292
LaTeX Info: Redefining \ldots on input line 495.
LaTeX Info: Redefining \dots on input line 498.
LaTeX Info: Redefining \cdots on input line 619.
\Mathstrutbox@=\box54
\strutbox@=\box55
LaTeX Info: Redefining \big on input line 721.
LaTeX Info: Redefining \Big on input line 722.
LaTeX Info: Redefining \bigg on input line 723.
LaTeX Info: Redefining \Bigg on input line 724.
\big@size=\dimen159
LaTeX Font Info:    Redeclaring font encoding OML on input line 742.
LaTeX Font Info:    Redeclaring font encoding OMS on input line 743.
\macc@depth=\count293
LaTeX Info: Redefining \bmod on input line 904.
LaTeX Info: Redefining \pmod on input line 909.
LaTeX Info: Redefining \smash on input line 939.
LaTeX Info: Redefining \relbar on input line 969.
LaTeX Info: Redefining \Relbar on input line 970.
\c@MaxMatrixCols=\count294
\dotsspace@=\muskip17
\c@parentequation=\count295
\dspbrk@lvl=\count296
\tag@help=\toks24
\row@=\count297
\column@=\count298
\maxfields@=\count299
\andhelp@=\toks25
\eqnshift@=\dimen160
\alignsep@=\dimen161
\tagshift@=\dimen162
\tagwidth@=\dimen163
\totwidth@=\dimen164
\lineht@=\dimen165
\@envbody=\toks26
\multlinegap=\skip53
\multlinetaggap=\skip54
\mathdisplay@stack=\toks27
LaTeX Info: Redefining \[ on input line 2949.
LaTeX Info: Redefining \] on input line 2950.
)
(/usr/local/texlive/2025/texmf-dist/tex/latex/amsfonts/amssymb.sty
Package: amssymb 2013/01/14 v3.01 AMS font symbols

(/usr/local/texlive/2025/texmf-dist/tex/latex/amsfonts/amsfonts.sty
Package: amsfonts 2013/01/14 v3.01 Basic AMSFonts support
\symAMSa=\mathgroup4
\symAMSb=\mathgroup5
LaTeX Font Info:    Redeclaring math symbol \hbar on input line 98.
LaTeX Font Info:    Overwriting math alphabet `\mathfrak' in version `bold'
(Font)                  U/euf/m/n --> U/euf/b/n on input line 106.
))
(/usr/local/texlive/2025/texmf-dist/tex/latex/mathtools/mathtools.sty
Package: mathtools 2024/10/04 v1.31 mathematical typesetting tools

(/usr/local/texlive/2025/texmf-dist/tex/latex/tools/calc.sty
Package: calc 2025/03/01 v4.3b Infix arithmetic (KKT,FJ)
\calc@Acount=\count300
\calc@Bcount=\count301
\calc@Adimen=\dimen166
\calc@Bdimen=\dimen167
\calc@Askip=\skip55
\calc@Bskip=\skip56
LaTeX Info: Redefining \setlength on input line 86.
LaTeX Info: Redefining \addtolength on input line 87.
\calc@Ccount=\count302
\calc@Cskip=\skip57
)
(/usr/local/texlive/2025/texmf-dist/tex/latex/mathtools/mhsetup.sty
Package: mhsetup 2021/03/18 v1.4 programming setup (MH)
)
\g_MT_multlinerow_int=\count303
\l_MT_multwidth_dim=\dimen168
\origjot=\skip58
\l_MT_shortvdotswithinadjustabove_dim=\dimen169
\l_MT_shortvdotswithinadjustbelow_dim=\dimen170
\l_MT_above_intertext_sep=\dimen171
\l_MT_below_intertext_sep=\dimen172
\l_MT_above_shortintertext_sep=\dimen173
\l_MT_below_shortintertext_sep=\dimen174
\xmathstrut@box=\box56
\xmathstrut@dim=\dimen175
)
(/usr/local/texlive/2025/texmf-dist/tex/latex/tools/bm.sty
Package: bm 2023/12/19 v1.2f Bold Symbol Support (DPC/FMi)
\symboldoperators=\mathgroup6
\symboldletters=\mathgroup7
\symboldsymbols=\mathgroup8
Package bm Info: No bold for \OMX/lmex/m/n, using \pmb.
Package bm Info: No bold for \U/msa/m/n, using \pmb.
Package bm Info: No bold for \U/msb/m/n, using \pmb.
LaTeX Font Info:    Redeclaring math alphabet \mathbf on input line 149.
)
(/usr/local/texlive/2025/texmf-dist/tex/latex/jknapltx/mathrsfs.sty
Package: mathrsfs 1996/01/01 Math RSFS package v1.0 (jk)
\symrsfs=\mathgroup9
)
(/usr/local/texlive/2025/texmf-dist/tex/latex/tikz-cd/tikz-cd.sty
Package: tikz-cd 2021/05/04 v1.0 Commutative diagrams with TikZ

(/usr/local/texlive/2025/texmf-dist/tex/latex/pgf/frontendlayer/tikz.sty
(/usr/local/texlive/2025/texmf-dist/tex/latex/pgf/basiclayer/pgf.sty
(/usr/local/texlive/2025/texmf-dist/tex/latex/pgf/utilities/pgfrcs.sty
(/usr/local/texlive/2025/texmf-dist/tex/generic/pgf/utilities/pgfutil-common.te
x
\pgfutil@everybye=\toks28
\pgfutil@tempdima=\dimen176
\pgfutil@tempdimb=\dimen177
)
(/usr/local/texlive/2025/texmf-dist/tex/generic/pgf/utilities/pgfutil-latex.def
\pgfutil@abb=\box57
) (/usr/local/texlive/2025/texmf-dist/tex/generic/pgf/utilities/pgfrcs.code.tex
(/usr/local/texlive/2025/texmf-dist/tex/generic/pgf/pgf.revision.tex)
Package: pgfrcs 2025-08-29 v3.1.11a (3.1.11a)
))
Package: pgf 2025-08-29 v3.1.11a (3.1.11a)

(/usr/local/texlive/2025/texmf-dist/tex/latex/pgf/basiclayer/pgfcore.sty
(/usr/local/texlive/2025/texmf-dist/tex/latex/graphics/graphicx.sty
Package: graphicx 2024/12/31 v1.2e Enhanced LaTeX Graphics (DPC,SPQR)

(/usr/local/texlive/2025/texmf-dist/tex/latex/graphics/graphics.sty
Package: graphics 2024/08/06 v1.4g Standard LaTeX Graphics (DPC,SPQR)

(/usr/local/texlive/2025/texmf-dist/tex/latex/graphics/trig.sty
Package: trig 2023/12/02 v1.11 sin cos tan (DPC)
)
(/usr/local/texlive/2025/texmf-dist/tex/latex/graphics-cfg/graphics.cfg
File: graphics.cfg 2016/06/04 v1.11 sample graphics configuration
)
Package graphics Info: Driver file: luatex.def on input line 106.

(/usr/local/texlive/2025/texmf-dist/tex/latex/graphics-def/luatex.def
File: luatex.def 2024/04/13 v1.2e Graphics/color driver for luatex
))
\Gin@req@height=\dimen178
\Gin@req@width=\dimen179
)
(/usr/local/texlive/2025/texmf-dist/tex/latex/pgf/systemlayer/pgfsys.sty
(/usr/local/texlive/2025/texmf-dist/tex/generic/pgf/systemlayer/pgfsys.code.tex
Package: pgfsys 2025-08-29 v3.1.11a (3.1.11a)
(/usr/local/texlive/2025/texmf-dist/tex/generic/pgf/utilities/pgfkeys.code.tex
\pgfkeys@pathtoks=\toks29
\pgfkeys@temptoks=\toks30

(/usr/local/texlive/2025/texmf-dist/tex/generic/pgf/utilities/pgfkeyslibraryfil
tered.code.tex
\pgfkeys@tmptoks=\toks31
))
\pgf@x=\dimen180
\pgf@y=\dimen181
\pgf@xa=\dimen182
\pgf@ya=\dimen183
\pgf@xb=\dimen184
\pgf@yb=\dimen185
\pgf@xc=\dimen186
\pgf@yc=\dimen187
\pgf@xd=\dimen188
\pgf@yd=\dimen189
\w@pgf@writea=\write3
\r@pgf@reada=\read2
\c@pgf@counta=\count304
\c@pgf@countb=\count305
\c@pgf@countc=\count306
\c@pgf@countd=\count307
\t@pgf@toka=\toks32
\t@pgf@tokb=\toks33
\t@pgf@tokc=\toks34
\pgf@sys@id@count=\count308

(/usr/local/texlive/2025/texmf-dist/tex/generic/pgf/systemlayer/pgf.cfg
File: pgf.cfg 2025-08-29 v3.1.11a (3.1.11a)
)
Driver file for pgf: pgfsys-luatex.def

(/usr/local/texlive/2025/texmf-dist/tex/generic/pgf/systemlayer/pgfsys-luatex.d
ef
File: pgfsys-luatex.def 2025-08-29 v3.1.11a (3.1.11a)

(/usr/local/texlive/2025/texmf-dist/tex/generic/pgf/systemlayer/pgfsys-common-p
df.def
File: pgfsys-common-pdf.def 2025-08-29 v3.1.11a (3.1.11a)
)))
(/usr/local/texlive/2025/texmf-dist/tex/generic/pgf/systemlayer/pgfsyssoftpath.
code.tex
File: pgfsyssoftpath.code.tex 2025-08-29 v3.1.11a (3.1.11a)
\pgfsyssoftpath@smallbuffer@items=\count309
\pgfsyssoftpath@bigbuffer@items=\count310
)
(/usr/local/texlive/2025/texmf-dist/tex/generic/pgf/systemlayer/pgfsysprotocol.
code.tex
File: pgfsysprotocol.code.tex 2025-08-29 v3.1.11a (3.1.11a)
)) (/usr/local/texlive/2025/texmf-dist/tex/latex/xcolor/xcolor.sty
Package: xcolor 2024/09/29 v3.02 LaTeX color extensions (UK)

(/usr/local/texlive/2025/texmf-dist/tex/latex/graphics-cfg/color.cfg
File: color.cfg 2016/01/02 v1.6 sample color configuration
)
Package xcolor Info: Driver file: luatex.def on input line 274.

(/usr/local/texlive/2025/texmf-dist/tex/latex/graphics/mathcolor.ltx)
Package xcolor Info: Model `cmy' substituted by `cmy0' on input line 1349.
Package xcolor Info: Model `hsb' substituted by `rgb' on input line 1353.
Package xcolor Info: Model `RGB' extended on input line 1365.
Package xcolor Info: Model `HTML' substituted by `rgb' on input line 1367.
Package xcolor Info: Model `Hsb' substituted by `hsb' on input line 1368.
Package xcolor Info: Model `tHsb' substituted by `hsb' on input line 1369.
Package xcolor Info: Model `HSB' substituted by `hsb' on input line 1370.
Package xcolor Info: Model `Gray' substituted by `gray' on input line 1371.
Package xcolor Info: Model `wave' substituted by `hsb' on input line 1372.
)
(/usr/local/texlive/2025/texmf-dist/tex/generic/pgf/basiclayer/pgfcore.code.tex
Package: pgfcore 2025-08-29 v3.1.11a (3.1.11a)
(/usr/local/texlive/2025/texmf-dist/tex/generic/pgf/math/pgfmath.code.tex
(/usr/local/texlive/2025/texmf-dist/tex/generic/pgf/math/pgfmathutil.code.tex)
(/usr/local/texlive/2025/texmf-dist/tex/generic/pgf/math/pgfmathparser.code.tex
\pgfmath@dimen=\dimen190
\pgfmath@count=\count311
\pgfmath@box=\box58
\pgfmath@toks=\toks35
\pgfmath@stack@operand=\toks36
\pgfmath@stack@operation=\toks37
)
(/usr/local/texlive/2025/texmf-dist/tex/generic/pgf/math/pgfmathfunctions.code.
tex)
(/usr/local/texlive/2025/texmf-dist/tex/generic/pgf/math/pgfmathfunctions.basic
.code.tex)
(/usr/local/texlive/2025/texmf-dist/tex/generic/pgf/math/pgfmathfunctions.trigo
nometric.code.tex)
(/usr/local/texlive/2025/texmf-dist/tex/generic/pgf/math/pgfmathfunctions.rando
m.code.tex)
(/usr/local/texlive/2025/texmf-dist/tex/generic/pgf/math/pgfmathfunctions.compa
rison.code.tex)
(/usr/local/texlive/2025/texmf-dist/tex/generic/pgf/math/pgfmathfunctions.base.
code.tex)
(/usr/local/texlive/2025/texmf-dist/tex/generic/pgf/math/pgfmathfunctions.round
.code.tex)
(/usr/local/texlive/2025/texmf-dist/tex/generic/pgf/math/pgfmathfunctions.misc.
code.tex)
(/usr/local/texlive/2025/texmf-dist/tex/generic/pgf/math/pgfmathfunctions.integ
erarithmetics.code.tex)
(/usr/local/texlive/2025/texmf-dist/tex/generic/pgf/math/pgfmathcalc.code.tex)
(/usr/local/texlive/2025/texmf-dist/tex/generic/pgf/math/pgfmathfloat.code.tex
\c@pgfmathroundto@lastzeros=\count312
)) (/usr/local/texlive/2025/texmf-dist/tex/generic/pgf/math/pgfint.code.tex)
(/usr/local/texlive/2025/texmf-dist/tex/generic/pgf/basiclayer/pgfcorepoints.co
de.tex
File: pgfcorepoints.code.tex 2025-08-29 v3.1.11a (3.1.11a)
\pgf@picminx=\dimen191
\pgf@picmaxx=\dimen192
\pgf@picminy=\dimen193
\pgf@picmaxy=\dimen194
\pgf@pathminx=\dimen195
\pgf@pathmaxx=\dimen196
\pgf@pathminy=\dimen197
\pgf@pathmaxy=\dimen198
\pgf@xx=\dimen199
\pgf@xy=\dimen256
\pgf@yx=\dimen257
\pgf@yy=\dimen258
\pgf@zx=\dimen259
\pgf@zy=\dimen260
)
(/usr/local/texlive/2025/texmf-dist/tex/generic/pgf/basiclayer/pgfcorepathconst
ruct.code.tex
File: pgfcorepathconstruct.code.tex 2025-08-29 v3.1.11a (3.1.11a)
\pgf@path@lastx=\dimen261
\pgf@path@lasty=\dimen262
)
(/usr/local/texlive/2025/texmf-dist/tex/generic/pgf/basiclayer/pgfcorepathusage
.code.tex
File: pgfcorepathusage.code.tex 2025-08-29 v3.1.11a (3.1.11a)
\pgf@shorten@end@additional=\dimen263
\pgf@shorten@start@additional=\dimen264
)
(/usr/local/texlive/2025/texmf-dist/tex/generic/pgf/basiclayer/pgfcorescopes.co
de.tex
File: pgfcorescopes.code.tex 2025-08-29 v3.1.11a (3.1.11a)
\pgfpic=\box59
\pgf@hbox=\box60
\pgf@layerbox@main=\box61
\pgf@picture@serial@count=\count313
)
(/usr/local/texlive/2025/texmf-dist/tex/generic/pgf/basiclayer/pgfcoregraphicst
ate.code.tex
File: pgfcoregraphicstate.code.tex 2025-08-29 v3.1.11a (3.1.11a)
\pgflinewidth=\dimen265
)
(/usr/local/texlive/2025/texmf-dist/tex/generic/pgf/basiclayer/pgfcoretransform
ations.code.tex
File: pgfcoretransformations.code.tex 2025-08-29 v3.1.11a (3.1.11a)
\pgf@pt@x=\dimen266
\pgf@pt@y=\dimen267
\pgf@pt@temp=\dimen268
)
(/usr/local/texlive/2025/texmf-dist/tex/generic/pgf/basiclayer/pgfcorequick.cod
e.tex
File: pgfcorequick.code.tex 2025-08-29 v3.1.11a (3.1.11a)
)
(/usr/local/texlive/2025/texmf-dist/tex/generic/pgf/basiclayer/pgfcoreobjects.c
ode.tex
File: pgfcoreobjects.code.tex 2025-08-29 v3.1.11a (3.1.11a)
)
(/usr/local/texlive/2025/texmf-dist/tex/generic/pgf/basiclayer/pgfcorepathproce
ssing.code.tex
File: pgfcorepathprocessing.code.tex 2025-08-29 v3.1.11a (3.1.11a)
)
(/usr/local/texlive/2025/texmf-dist/tex/generic/pgf/basiclayer/pgfcorearrows.co
de.tex
File: pgfcorearrows.code.tex 2025-08-29 v3.1.11a (3.1.11a)
\pgfarrowsep=\dimen269
)
(/usr/local/texlive/2025/texmf-dist/tex/generic/pgf/basiclayer/pgfcoreshade.cod
e.tex
File: pgfcoreshade.code.tex 2025-08-29 v3.1.11a (3.1.11a)
\pgf@max=\dimen270
\pgf@sys@shading@range@num=\count314
\pgf@shadingcount=\count315
)
(/usr/local/texlive/2025/texmf-dist/tex/generic/pgf/basiclayer/pgfcoreimage.cod
e.tex
File: pgfcoreimage.code.tex 2025-08-29 v3.1.11a (3.1.11a)
)
(/usr/local/texlive/2025/texmf-dist/tex/generic/pgf/basiclayer/pgfcoreexternal.
code.tex
File: pgfcoreexternal.code.tex 2025-08-29 v3.1.11a (3.1.11a)
\pgfexternal@startupbox=\box62
)
(/usr/local/texlive/2025/texmf-dist/tex/generic/pgf/basiclayer/pgfcorelayers.co
de.tex
File: pgfcorelayers.code.tex 2025-08-29 v3.1.11a (3.1.11a)
)
(/usr/local/texlive/2025/texmf-dist/tex/generic/pgf/basiclayer/pgfcoretranspare
ncy.code.tex
File: pgfcoretransparency.code.tex 2025-08-29 v3.1.11a (3.1.11a)
)
(/usr/local/texlive/2025/texmf-dist/tex/generic/pgf/basiclayer/pgfcorepatterns.
code.tex
File: pgfcorepatterns.code.tex 2025-08-29 v3.1.11a (3.1.11a)
)
(/usr/local/texlive/2025/texmf-dist/tex/generic/pgf/basiclayer/pgfcorerdf.code.
tex
File: pgfcorerdf.code.tex 2025-08-29 v3.1.11a (3.1.11a)
)))
(/usr/local/texlive/2025/texmf-dist/tex/generic/pgf/modules/pgfmoduleshapes.cod
e.tex
File: pgfmoduleshapes.code.tex 2025-08-29 v3.1.11a (3.1.11a)
\pgfnodeparttextbox=\box63
)
(/usr/local/texlive/2025/texmf-dist/tex/generic/pgf/modules/pgfmoduleplot.code.
tex
File: pgfmoduleplot.code.tex 2025-08-29 v3.1.11a (3.1.11a)
)
(/usr/local/texlive/2025/texmf-dist/tex/latex/pgf/compatibility/pgfcomp-version
-0-65.sty
Package: pgfcomp-version-0-65 2025-08-29 v3.1.11a (3.1.11a)
\pgf@nodesepstart=\dimen271
\pgf@nodesepend=\dimen272
)
(/usr/local/texlive/2025/texmf-dist/tex/latex/pgf/compatibility/pgfcomp-version
-1-18.sty
Package: pgfcomp-version-1-18 2025-08-29 v3.1.11a (3.1.11a)
))
(/usr/local/texlive/2025/texmf-dist/tex/latex/pgf/utilities/pgffor.sty
(/usr/local/texlive/2025/texmf-dist/tex/latex/pgf/utilities/pgfkeys.sty
(/usr/local/texlive/2025/texmf-dist/tex/generic/pgf/utilities/pgfkeys.code.tex))
 (/usr/local/texlive/2025/texmf-dist/tex/latex/pgf/math/pgfmath.sty
(/usr/local/texlive/2025/texmf-dist/tex/generic/pgf/math/pgfmath.code.tex))
(/usr/local/texlive/2025/texmf-dist/tex/generic/pgf/utilities/pgffor.code.tex
Package: pgffor 2025-08-29 v3.1.11a (3.1.11a)
\pgffor@iter=\dimen273
\pgffor@skip=\dimen274
\pgffor@stack=\toks38
\pgffor@toks=\toks39
))
(/usr/local/texlive/2025/texmf-dist/tex/generic/pgf/frontendlayer/tikz/tikz.cod
e.tex
Package: tikz 2025-08-29 v3.1.11a (3.1.11a)

(/usr/local/texlive/2025/texmf-dist/tex/generic/pgf/libraries/pgflibraryplothan
dlers.code.tex
File: pgflibraryplothandlers.code.tex 2025-08-29 v3.1.11a (3.1.11a)
\pgf@plot@mark@count=\count316
\pgfplotmarksize=\dimen275
)
\tikz@lastx=\dimen276
\tikz@lasty=\dimen277
\tikz@lastxsaved=\dimen278
\tikz@lastysaved=\dimen279
\tikz@lastmovetox=\dimen280
\tikz@lastmovetoy=\dimen281
\tikzleveldistance=\dimen282
\tikzsiblingdistance=\dimen283
\tikz@figbox=\box64
\tikz@figbox@bg=\box65
\tikz@tempbox=\box66
\tikz@tempbox@bg=\box67
\tikztreelevel=\count317
\tikznumberofchildren=\count318
\tikznumberofcurrentchild=\count319
\tikz@fig@count=\count320

(/usr/local/texlive/2025/texmf-dist/tex/generic/pgf/modules/pgfmodulematrix.cod
e.tex
File: pgfmodulematrix.code.tex 2025-08-29 v3.1.11a (3.1.11a)
\pgfmatrixcurrentrow=\count321
\pgfmatrixcurrentcolumn=\count322
\pgf@matrix@numberofcolumns=\count323
)
\tikz@expandcount=\count324

(/usr/local/texlive/2025/texmf-dist/tex/generic/pgf/frontendlayer/tikz/librarie
s/tikzlibrarytopaths.code.tex
File: tikzlibrarytopaths.code.tex 2025-08-29 v3.1.11a (3.1.11a)
)))
(/usr/local/texlive/2025/texmf-dist/tex/generic/tikz-cd/tikzlibrarycd.code.tex
(/usr/local/texlive/2025/texmf-dist/tex/generic/pgf/frontendlayer/tikz/librarie
s/tikzlibrarymatrix.code.tex
File: tikzlibrarymatrix.code.tex 2025-08-29 v3.1.11a (3.1.11a)
)
(/usr/local/texlive/2025/texmf-dist/tex/generic/pgf/frontendlayer/tikz/librarie
s/tikzlibraryquotes.code.tex
File: tikzlibraryquotes.code.tex 2025-08-29 v3.1.11a (3.1.11a)
)
(/usr/local/texlive/2025/texmf-dist/tex/generic/pgf/libraries/pgflibraryarrows.
meta.code.tex
File: pgflibraryarrows.meta.code.tex 2025-08-29 v3.1.11a (3.1.11a)
\pgfarrowinset=\dimen284
\pgfarrowlength=\dimen285
\pgfarrowwidth=\dimen286
\pgfarrowlinewidth=\dimen287
))) (../shared/theoremstyles.tex
(/usr/local/texlive/2025/texmf-dist/tex/latex/amscls/amsthm.sty
Package: amsthm 2020/05/29 v2.20.6
\thm@style=\toks40
\thm@bodyfont=\toks41
\thm@headfont=\toks42
\thm@notefont=\toks43
\thm@headpunct=\toks44
\thm@preskip=\skip59
\thm@postskip=\skip60
\thm@headsep=\skip61
\dth@everypar=\toks45
)
\c@theorem=\count325
)
(/usr/local/texlive/2025/texmf-dist/tex/latex/hyperref/hyperref.sty
Package: hyperref 2025-07-12 v7.01o Hypertext links for LaTeX

(/usr/local/texlive/2025/texmf-dist/tex/latex/kvsetkeys/kvsetkeys.sty
Package: kvsetkeys 2022-10-05 v1.19 Key value parser (HO)
)
(/usr/local/texlive/2025/texmf-dist/tex/generic/kvdefinekeys/kvdefinekeys.sty
Package: kvdefinekeys 2019-12-19 v1.6 Define keys (HO)
)
(/usr/local/texlive/2025/texmf-dist/tex/generic/pdfescape/pdfescape.sty
Package: pdfescape 2019/12/09 v1.15 Implements pdfTeX's escape features (HO)

(/usr/local/texlive/2025/texmf-dist/tex/generic/ltxcmds/ltxcmds.sty
Package: ltxcmds 2023-12-04 v1.26 LaTeX kernel commands for general use (HO)
)
(/usr/local/texlive/2025/texmf-dist/tex/generic/pdftexcmds/pdftexcmds.sty
Package: pdftexcmds 2020-06-27 v0.33 Utility functions of pdfTeX for LuaTeX (HO
)

(/usr/local/texlive/2025/texmf-dist/tex/generic/infwarerr/infwarerr.sty
Package: infwarerr 2019/12/03 v1.5 Providing info/warning/error messages (HO)
)
Package pdftexcmds Info: \pdf@primitive is available.
Package pdftexcmds Info: \pdf@ifprimitive is available.
Package pdftexcmds Info: \pdfdraftmode found.
\pdftexcmds@toks=\toks46
))
(/usr/local/texlive/2025/texmf-dist/tex/latex/hycolor/hycolor.sty
Package: hycolor 2020-01-27 v1.10 Color options for hyperref/bookmark (HO)
)
(/usr/local/texlive/2025/texmf-dist/tex/latex/hyperref/nameref.sty
Package: nameref 2025-06-21 v2.57 Cross-referencing by name of section

(/usr/local/texlive/2025/texmf-dist/tex/latex/refcount/refcount.sty
Package: refcount 2019/12/15 v3.6 Data extraction from label references (HO)
)
(/usr/local/texlive/2025/texmf-dist/tex/generic/gettitlestring/gettitlestring.s
ty
Package: gettitlestring 2019/12/15 v1.6 Cleanup title references (HO)
 (/usr/local/texlive/2025/texmf-dist/tex/latex/kvoptions/kvoptions.sty
Package: kvoptions 2022-06-15 v3.15 Key value format for package options (HO)
))
\c@section@level=\count326
)
(/usr/local/texlive/2025/texmf-dist/tex/generic/stringenc/stringenc.sty
Package: stringenc 2019/11/29 v1.12 Convert strings between diff. encodings (HO
)
)
\@linkdim=\dimen288
\Hy@linkcounter=\count327
\Hy@pagecounter=\count328

(/usr/local/texlive/2025/texmf-dist/tex/latex/hyperref/pd1enc.def
File: pd1enc.def 2025-07-12 v7.01o Hyperref: PDFDocEncoding definition (HO)
)
(/usr/local/texlive/2025/texmf-dist/tex/generic/intcalc/intcalc.sty
Package: intcalc 2019/12/15 v1.3 Expandable calculations with integers (HO)
)
\Hy@SavedSpaceFactor=\count329

(/usr/local/texlive/2025/texmf-dist/tex/latex/hyperref/puenc.def
File: puenc.def 2025-07-12 v7.01o Hyperref: PDF Unicode definition (HO)
)
Package hyperref Info: Hyper figures OFF on input line 4195.
Package hyperref Info: Link nesting OFF on input line 4200.
Package hyperref Info: Hyper index ON on input line 4203.
Package hyperref Info: Plain pages OFF on input line 4210.
Package hyperref Info: Backreferencing OFF on input line 4215.
Package hyperref Info: Implicit mode ON; LaTeX internals redefined.
Package hyperref Info: Bookmarks ON on input line 4462.
\c@Hy@tempcnt=\count330

(/usr/local/texlive/2025/texmf-dist/tex/latex/url/url.sty
\Urlmuskip=\muskip18
Package: url 2013/09/16  ver 3.4  Verb mode for urls, etc.
)
LaTeX Info: Redefining \url on input line 4801.
\XeTeXLinkMargin=\dimen289

(/usr/local/texlive/2025/texmf-dist/tex/generic/bitset/bitset.sty
Package: bitset 2019/12/09 v1.3 Handle bit-vector datatype (HO)

(/usr/local/texlive/2025/texmf-dist/tex/generic/bigintcalc/bigintcalc.sty
Package: bigintcalc 2019/12/15 v1.5 Expandable calculations on big integers (HO
)
))
\Fld@menulength=\count331
\Field@Width=\dimen290
\Fld@charsize=\dimen291
Package hyperref Info: Hyper figures OFF on input line 6078.
Package hyperref Info: Link nesting OFF on input line 6083.
Package hyperref Info: Hyper index ON on input line 6086.
Package hyperref Info: backreferencing OFF on input line 6093.
Package hyperref Info: Link coloring OFF on input line 6098.
Package hyperref Info: Link coloring with OCG OFF on input line 6103.
Package hyperref Info: PDF/A mode OFF on input line 6108.
\Hy@abspage=\count332
\c@Item=\count333
\c@Hfootnote=\count334
)
Package hyperref Info: Driver (autodetected): hluatex.

(/usr/local/texlive/2025/texmf-dist/tex/latex/hyperref/hluatex.def
File: hluatex.def 2025-07-12 v7.01o Hyperref driver for luaTeX
\Fld@listcount=\count335
\c@bookmark@seq@number=\count336

(/usr/local/texlive/2025/texmf-dist/tex/latex/rerunfilecheck/rerunfilecheck.sty
Package: rerunfilecheck 2025-06-21 v1.11 Rerun checks for auxiliary files (HO)

(/usr/local/texlive/2025/texmf-dist/tex/generic/uniquecounter/uniquecounter.sty
Package: uniquecounter 2019/12/15 v1.4 Provide unlimited unique counter (HO)
)
Package uniquecounter Info: New unique counter `rerunfilecheck' on input line 2
84.
)
\Hy@SectionHShift=\skip62
)
Package hyperref Info: Option `colorlinks' set `true' on input line 41.
 (/usr/local/texlive/2025/texmf-dist/tex/latex/cleveref/cleveref.sty
Package: cleveref 2018/03/27 v0.21.4 Intelligent cross-referencing
Package cleveref Info: `hyperref' support loaded on input line 2370.
LaTeX Info: Redefining \cref on input line 2370.
LaTeX Info: Redefining \Cref on input line 2370.
LaTeX Info: Redefining \crefrange on input line 2370.
LaTeX Info: Redefining \Crefrange on input line 2370.
LaTeX Info: Redefining \cpageref on input line 2370.
LaTeX Info: Redefining \Cpageref on input line 2370.
LaTeX Info: Redefining \cpagerefrange on input line 2370.
LaTeX Info: Redefining \Cpagerefrange on input line 2370.
LaTeX Info: Redefining \labelcref on input line 2370.
LaTeX Info: Redefining \labelcpageref on input line 2370.
Package cleveref Info: `amsthm' support loaded on input line 3026.
Package cleveref Info: always capitalise cross-reference names on input line 78
30.
Package cleveref Info: include cross-reference names in hyperlinks on input lin
e 7836.
Package cleveref Info: include cross-reference names in hyperlinks on input lin
e 7852.
Package cleveref Info: always capitalise cross-reference names on input line 78
52.
)
==> First Aid for cleveref.sty applied!
) (/usr/local/texlive/2025/texmf-dist/tex/latex/biblatex/biblatex.sty
Package: biblatex 2025/07/10 v3.21 programmable bibliographies (PK/MW)

(/usr/local/texlive/2025/texmf-dist/tex/latex/logreq/logreq.sty
Package: logreq 2010/08/04 v1.0 xml request logger
\lrq@indent=\count337

(/usr/local/texlive/2025/texmf-dist/tex/latex/logreq/logreq.def
File: logreq.def 2010/08/04 v1.0 logreq spec v1.0
))
(/usr/local/texlive/2025/texmf-dist/tex/latex/base/ifthen.sty
Package: ifthen 2024/03/16 v1.1e Standard LaTeX ifthen package (DPC)
)
\c@tabx@nest=\count338
\c@listtotal=\count339
\c@listcount=\count340
\c@liststart=\count341
\c@liststop=\count342
\c@citecount=\count343
\c@citetotal=\count344
\c@multicitecount=\count345
\c@multicitetotal=\count346
\c@instcount=\count347
\c@maxnames=\count348
\c@minnames=\count349
\c@maxitems=\count350
\c@minitems=\count351
\c@citecounter=\count352
\c@maxcitecounter=\count353
\c@savedcitecounter=\count354
\c@uniquelist=\count355
\c@uniquename=\count356
\c@refsection=\count357
\c@refsegment=\count358
\c@maxextratitle=\count359
\c@maxextratitleyear=\count360
\c@maxextraname=\count361
\c@maxextradate=\count362
\c@maxextraalpha=\count363
\c@abbrvpenalty=\count364
\c@highnamepenalty=\count365
\c@lownamepenalty=\count366
\c@maxparens=\count367
\c@parenlevel=\count368
\blx@tempcnta=\count369
\blx@tempcntb=\count370
\blx@tempcntc=\count371
\c@blx@maxsection=\count372
\blx@maxsegment@0=\count373
\blx@notetype=\count374
\blx@parenlevel@text=\count375
\blx@parenlevel@foot=\count376
\blx@sectionciteorder@0=\count377
\blx@sectionciteorderinternal@0=\count378
\blx@entrysetcounter=\count379
\blx@biblioinstance=\count380
\labelnumberwidth=\skip63
\labelalphawidth=\skip64
\biblabelsep=\skip65
\bibitemsep=\skip66
\bibnamesep=\skip67
\bibinitsep=\skip68
\bibparsep=\skip69
\bibhang=\skip70
\blx@bcfin=\read3
\blx@bcfout=\write4
\blx@langwohyphens=\language2
\c@mincomprange=\count381
\c@maxcomprange=\count382
\c@mincompwidth=\count383
Package biblatex Info: Trying to load biblatex default data model...
Package biblatex Info: ... file 'blx-dm.def' found.

(/usr/local/texlive/2025/texmf-dist/tex/latex/biblatex/blx-dm.def
File: blx-dm.def 2025/07/10 v3.21 biblatex datamodel (PK/MW)
)
Package biblatex Info: Trying to load biblatex style data model...
Package biblatex Info: ... file 'alphabetic.dbx' not found.
Package biblatex Info: Trying to load biblatex custom data model...
Package biblatex Info: ... file 'biblatex-dm.cfg' not found.
\c@afterword=\count384
\c@savedafterword=\count385
\c@annotator=\count386
\c@savedannotator=\count387
\c@author=\count388
\c@savedauthor=\count389
\c@bookauthor=\count390
\c@savedbookauthor=\count391
\c@commentator=\count392
\c@savedcommentator=\count393
\c@editor=\count394
\c@savededitor=\count395
\c@editora=\count396
\c@savededitora=\count397
\c@editorb=\count398
\c@savededitorb=\count399
\c@editorc=\count400
\c@savededitorc=\count401
\c@foreword=\count402
\c@savedforeword=\count403
\c@holder=\count404
\c@savedholder=\count405
\c@introduction=\count406
\c@savedintroduction=\count407
\c@namea=\count408
\c@savednamea=\count409
\c@nameb=\count410
\c@savednameb=\count411
\c@namec=\count412
\c@savednamec=\count413
\c@translator=\count414
\c@savedtranslator=\count415
\c@shortauthor=\count416
\c@savedshortauthor=\count417
\c@shorteditor=\count418
\c@savedshorteditor=\count419
\c@labelname=\count420
\c@savedlabelname=\count421
\c@institution=\count422
\c@savedinstitution=\count423
\c@lista=\count424
\c@savedlista=\count425
\c@listb=\count426
\c@savedlistb=\count427
\c@listc=\count428
\c@savedlistc=\count429
\c@listd=\count430
\c@savedlistd=\count431
\c@liste=\count432
\c@savedliste=\count433
\c@listf=\count434
\c@savedlistf=\count435
\c@location=\count436
\c@savedlocation=\count437
\c@organization=\count438
\c@savedorganization=\count439
\c@origlocation=\count440
\c@savedoriglocation=\count441
\c@origpublisher=\count442
\c@savedorigpublisher=\count443
\c@publisher=\count444
\c@savedpublisher=\count445
\c@language=\count446
\c@savedlanguage=\count447
\c@origlanguage=\count448
\c@savedoriglanguage=\count449
\c@pageref=\count450
\c@savedpageref=\count451
\shorthandwidth=\skip71
\shortjournalwidth=\skip72
\shortserieswidth=\skip73
\shorttitlewidth=\skip74
\shortauthorwidth=\skip75
\shorteditorwidth=\skip76
\locallabelnumberwidth=\skip77
\locallabelalphawidth=\skip78
\localshorthandwidth=\skip79
\localshortjournalwidth=\skip80
\localshortserieswidth=\skip81
\localshorttitlewidth=\skip82
\localshortauthorwidth=\skip83
\localshorteditorwidth=\skip84
Package biblatex Info: Trying to load enhanced support for Unicode engines...
Package biblatex Info: ... file 'blx-unicode.def' found.

(/usr/local/texlive/2025/texmf-dist/tex/latex/biblatex/blx-unicode.def)
Package biblatex Info: Trying to load compatibility code...
Package biblatex Info: ... file 'blx-compat.def' found.

(/usr/local/texlive/2025/texmf-dist/tex/latex/biblatex/blx-compat.def
File: blx-compat.def 2025/07/10 v3.21 biblatex compatibility (PK/MW)
)
Package biblatex Info: Trying to load generic definitions...
Package biblatex Info: ... file 'biblatex.def' found.

(/usr/local/texlive/2025/texmf-dist/tex/latex/biblatex/biblatex.def
File: biblatex.def 2025/07/10 v3.21 biblatex compatibility (PK/MW)
\c@textcitecount=\count452
\c@textcitetotal=\count453
\c@textcitemaxnames=\count454
\c@biburlbigbreakpenalty=\count455
\c@biburlbreakpenalty=\count456
\c@biburlnumpenalty=\count457
\c@biburlucpenalty=\count458
\c@biburllcpenalty=\count459
\biburlbigskip=\muskip19
\biburlnumskip=\muskip20
\biburlucskip=\muskip21
\biburllcskip=\muskip22
\c@smartand=\count460
)
Package biblatex Info: Trying to load bibliography style 'alphabetic'...
Package biblatex Info: ... file 'alphabetic.bbx' found.

(/usr/local/texlive/2025/texmf-dist/tex/latex/biblatex/bbx/alphabetic.bbx
File: alphabetic.bbx 2025/07/10 v3.21 biblatex bibliography style (PK/MW)
Package biblatex Info: Trying to load bibliography style 'standard'...
Package biblatex Info: ... file 'standard.bbx' found.

(/usr/local/texlive/2025/texmf-dist/tex/latex/biblatex/bbx/standard.bbx
File: standard.bbx 2025/07/10 v3.21 biblatex bibliography style (PK/MW)
\c@bbx:relatedcount=\count461
\c@bbx:relatedtotal=\count462
))
Package biblatex Info: Trying to load citation style 'alphabetic'...
Package biblatex Info: ... file 'alphabetic.cbx' found.

(/usr/local/texlive/2025/texmf-dist/tex/latex/biblatex/cbx/alphabetic.cbx
File: alphabetic.cbx 2025/07/10 v3.21 biblatex citation style (PK/MW)
Package biblatex Info: Redefining '\cite'.
Package biblatex Info: Redefining '\parencite'.
Package biblatex Info: Redefining '\footcite'.
Package biblatex Info: Redefining '\footcitetext'.
Package biblatex Info: Redefining '\smartcite'.
Package biblatex Info: Redefining '\textcite'.
Package biblatex Info: Redefining '\textcites'.
Package biblatex Info: Redefining '\cites'.
Package biblatex Info: Redefining '\parencites'.
Package biblatex Info: Redefining '\smartcites'.
)
Package biblatex Info: Trying to load configuration file...
Package biblatex Info: ... file 'biblatex.cfg' found.

(/usr/local/texlive/2025/texmf-dist/tex/latex/biblatex/biblatex.cfg
File: biblatex.cfg 
)
Package biblatex Info: LuaTeX detected.
(biblatex)             Assuming input encoding 'utf8'.
Package biblatex Info: Document encoding is UTF8 ....

(/usr/local/texlive/2025/texmf-dist/tex/latex/l3kernel/expl3.sty
Package: expl3 2025-09-02 L3 programming layer (loader) 

(/usr/local/texlive/2025/texmf-dist/tex/latex/l3backend/l3backend-luatex.def
File: l3backend-luatex.def 2025-06-09 L3 backend support: PDF output (LuaTeX)
\l__color_backend_stack_int=\count463
Inserting `l3color' in `luaotfload.parse_color'.))
Package biblatex Info: ... and expl3
(biblatex)             2025-09-02 L3 programming layer (loader) 
(biblatex)             is new enough (at least 2020/04/06),
(biblatex)             setting 'casechanger=expl3'.

(/usr/local/texlive/2025/texmf-dist/tex/latex/biblatex/blx-case-expl3.sty
(/usr/local/texlive/2025/texmf-dist/tex/latex/l3packages/xparse/xparse.sty
Package: xparse 2024-08-16 L3 Experimental document command parser
)
Package: blx-case-expl3 2025/07/10 v3.21 expl3 case changing code for biblatex
))
\@quotelevel=\count464
\@quotereset=\count465

(./main-vol1.aux

LaTeX Warning: Label `eq:EL-Phi' multiply defined.


LaTeX Warning: Label `eq:EL-Phi@cref' multiply defined.


LaTeX Warning: Label `eq:EL-v' multiply defined.


LaTeX Warning: Label `eq:EL-v@cref' multiply defined.


LaTeX Warning: Label `eq:EL-S' multiply defined.


LaTeX Warning: Label `eq:EL-S@cref' multiply defined.

)
\openout1 = main-vol1.aux

LaTeX Font Info:    Checking defaults for OML/cmm/m/it on input line 22.
LaTeX Font Info:    ... okay on input line 22.
LaTeX Font Info:    Checking defaults for OMS/cmsy/m/n on input line 22.
LaTeX Font Info:    ... okay on input line 22.
LaTeX Font Info:    Checking defaults for OT1/cmr/m/n on input line 22.
LaTeX Font Info:    ... okay on input line 22.
LaTeX Font Info:    Checking defaults for T1/cmr/m/n on input line 22.
LaTeX Font Info:    ... okay on input line 22.
LaTeX Font Info:    Checking defaults for TS1/cmr/m/n on input line 22.
LaTeX Font Info:    ... okay on input line 22.
LaTeX Font Info:    Checking defaults for TU/lmr/m/n on input line 22.
LaTeX Font Info:    ... okay on input line 22.
LaTeX Font Info:    Checking defaults for OMX/cmex/m/n on input line 22.
LaTeX Font Info:    ... okay on input line 22.
LaTeX Font Info:    Checking defaults for U/cmr/m/n on input line 22.
LaTeX Font Info:    ... okay on input line 22.
LaTeX Font Info:    Checking defaults for PD1/pdf/m/n on input line 22.
LaTeX Font Info:    ... okay on input line 22.
LaTeX Font Info:    Checking defaults for PU/pdf/m/n on input line 22.
LaTeX Font Info:    ... okay on input line 22.

*geometry* driver: auto-detecting
*geometry* detected driver: luatex
*geometry* verbose mode - [ preamble ] result:
* driver: luatex
* paper: a4paper
* layout: <same size as paper>
* layoutoffset:(h,v)=(0.0pt,0.0pt)
* modes: twoside 
* h-part:(L,W,R)=(72.26999pt, 452.9679pt, 72.26999pt)
* v-part:(T,H,B)=(72.26999pt, 700.50687pt, 72.26999pt)
* \paperwidth=597.50787pt
* \paperheight=845.04684pt
* \textwidth=452.9679pt
* \textheight=700.50687pt
* \oddsidemargin=0.0pt
* \evensidemargin=0.0pt
* \topmargin=-31.8738pt
* \headheight=12.0pt
* \headsep=19.8738pt
* \topskip=11.0pt
* \footskip=27.46295pt
* \marginparwidth=116.0pt
* \marginparsep=7.0pt
* \columnsep=10.0pt
* \skip\footins=10.0pt plus 4.0pt minus 2.0pt
* \hoffset=0.0pt
* \voffset=0.0pt
* \mag=1000
* \@twocolumnfalse
* \@twosidetrue
* \@mparswitchtrue
* \@reversemarginfalse
* (1in=72.27pt=25.4mm, 1cm=28.453pt)

LaTeX Info: Redefining \microtypecontext on input line 22.
Package microtype Info: Applying patch `item' on input line 22.
Package microtype Info: Applying patch `toc' on input line 22.
Package microtype Info: Applying patch `eqnum' on input line 22.
Package microtype Info: Applying patch `footnote' on input line 22.
Package microtype Info: Applying patch `verbatim' on input line 22.
LaTeX Info: Redefining \microtypesetup on input line 22.
Package microtype Info: Generating PDF output.
Package microtype Info: Character protrusion enabled (level 2).
Package microtype Info: Using default protrusion set `alltext'.
Package microtype Info: Automatic font expansion enabled (level 2),
(microtype)             stretch: 20, shrink: 20, step: 1, non-selected.
Package microtype Info: Using default expansion set `alltext-nott'.
Package microtype Info: Patching command `\showhyphens'.
Package microtype Info: No adjustment of tracking.
Package microtype Info: No adjustment of spacing.
Package microtype Info: No adjustment of kerning.
(/usr/local/texlive/2025/texmf-dist/tex/latex/microtype/mt-cmr.cfg
File: mt-cmr.cfg 2013/05/19 v2.2 microtype config. file: Computer Modern Roman 
(RS)
)
(/usr/local/texlive/2025/texmf-dist/tex/context/base/mkii/supp-pdf.mkii
[Loading MPS to PDF converter (version 2006.09.02).]
\scratchcounter=\count466
\scratchdimen=\dimen292
\scratchbox=\box68
\nofMPsegments=\count467
\nofMParguments=\count468
\everyMPshowfont=\toks47
\MPscratchCnt=\count469
\MPscratchDim=\dimen293
\MPnumerator=\count470
\makeMPintoPDFobject=\count471
\everyMPtoPDFconversion=\toks48
) (/usr/local/texlive/2025/texmf-dist/tex/latex/epstopdf-pkg/epstopdf-base.sty
Package: epstopdf-base 2020-01-24 v2.11 Base part for package epstopdf
Package epstopdf-base Info: Redefining graphics rule for `.eps' on input line 4
85.

(/usr/local/texlive/2025/texmf-dist/tex/latex/latexconfig/epstopdf-sys.cfg
File: epstopdf-sys.cfg 2010/07/13 v1.3 Configuration of (r)epstopdf for TeX Liv
e
))
Package hyperref Info: Link coloring ON on input line 22.

(./main-vol1.out) (./main-vol1.out)
\@outlinefile=\write5

\openout5 = main-vol1.out
Package biblatex Info: Trying to load language 'english'...
Package biblatex Info: ... file 'english.lbx' found.

(/usr/local/texlive/2025/texmf-dist/tex/latex/biblatex/lbx/english.lbx
File: english.lbx 2025/07/10 v3.21 biblatex localization (PK/MW)
)
Package biblatex Info: LuaTeX detected.
(biblatex)             Assuming input encoding 'utf8'.
Package biblatex Info: Automatic encoding selection.
(biblatex)             Assuming data encoding 'utf8'.

\openout4 = main-vol1.bcf
Package biblatex Info: Trying to load bibliographic data...
Package biblatex Info: ... file 'main-vol1.bbl' found.

(./main-vol1.bbl

Package biblatex Warning: The following entry could not be found
(biblatex)                in the database:
(biblatex)                AKSZ
(biblatex)                Please verify the spelling and rerun
(biblatex)                LaTeX afterwards.


Package biblatex Warning: The following entry could not be found
(biblatex)                in the database:
(biblatex)                BF97
(biblatex)                Please verify the spelling and rerun
(biblatex)                LaTeX afterwards.


Package biblatex Warning: The following entry could not be found
(biblatex)                in the database:
(biblatex)                CF01
(biblatex)                Please verify the spelling and rerun
(biblatex)                LaTeX afterwards.


Package biblatex Warning: The following entry could not be found
(biblatex)                in the database:
(biblatex)                CF07
(biblatex)                Please verify the spelling and rerun
(biblatex)                LaTeX afterwards.


Package biblatex Warning: The following entry could not be found
(biblatex)                in the database:
(biblatex)                Calaque16
(biblatex)                Please verify the spelling and rerun
(biblatex)                LaTeX afterwards.


Package biblatex Warning: The following entry could not be found
(biblatex)                in the database:
(biblatex)                Calaque2015
(biblatex)                Please verify the spelling and rerun
(biblatex)                LaTeX afterwards.


Package biblatex Warning: The following entry could not be found
(biblatex)                in the database:
(biblatex)                CattaneoFelder02
(biblatex)                Please verify the spelling and rerun
(biblatex)                LaTeX afterwards.


Package biblatex Warning: The following entry could not be found
(biblatex)                in the database:
(biblatex)                CattaneoFelder2012
(biblatex)                Please verify the spelling and rerun
(biblatex)                LaTeX afterwards.


Package biblatex Warning: The following entry could not be found
(biblatex)                in the database:
(biblatex)                Hormander-AnalysisPDE
(biblatex)                Please verify the spelling and rerun
(biblatex)                LaTeX afterwards.


Package biblatex Warning: The following entry could not be found
(biblatex)                in the database:
(biblatex)                Lurie-DAG
(biblatex)                Please verify the spelling and rerun
(biblatex)                LaTeX afterwards.


Package biblatex Warning: The following entry could not be found
(biblatex)                in the database:
(biblatex)                Lurie2009HTT
(biblatex)                Please verify the spelling and rerun
(biblatex)                LaTeX afterwards.


Package biblatex Warning: The following entry could not be found
(biblatex)                in the database:
(biblatex)                Lurie2017HA
(biblatex)                Please verify the spelling and rerun
(biblatex)                LaTeX afterwards.


Package biblatex Warning: The following entry could not be found
(biblatex)                in the database:
(biblatex)                PTVV2013
(biblatex)                Please verify the spelling and rerun
(biblatex)                LaTeX afterwards.


Package biblatex Warning: The following entry could not be found
(biblatex)                in the database:
(biblatex)                Quillen1967
(biblatex)                Please verify the spelling and rerun
(biblatex)                LaTeX afterwards.


Package biblatex Warning: The following entry could not be found
(biblatex)                in the database:
(biblatex)                Schwarz93
(biblatex)                Please verify the spelling and rerun
(biblatex)                LaTeX afterwards.


Package biblatex Warning: The following entry could not be found
(biblatex)                in the database:
(biblatex)                Taylor-PDE
(biblatex)                Please verify the spelling and rerun
(biblatex)                LaTeX afterwards.


Package biblatex Warning: The following entry could not be found
(biblatex)                in the database:
(biblatex)                ToenVezzosi-HAGII
(biblatex)                Please verify the spelling and rerun
(biblatex)                LaTeX afterwards.


Package biblatex Warning: The following entry could not be found
(biblatex)                in the database:
(biblatex)                ToenVezzosi2008
(biblatex)                Please verify the spelling and rerun
(biblatex)                LaTeX afterwards.

)
Package biblatex Info: Reference section=0 on input line 22.
Package biblatex Info: Reference segment=0 on input line 22.
LaTeX Font Info:    Trying to load font information for OT1+lmr on input line 2
6.
 (/usr/local/texlive/2025/texmf-dist/tex/latex/lm/ot1lmr.fd
File: ot1lmr.fd 2015/05/01 v1.6.1 Font defs for Latin Modern
)
LaTeX Font Info:    Trying to load font information for OML+lmm on input line 2
6.

(/usr/local/texlive/2025/texmf-dist/tex/latex/lm/omllmm.fd
File: omllmm.fd 2015/05/01 v1.6.1 Font defs for Latin Modern
)
LaTeX Font Info:    Trying to load font information for OMS+lmsy on input line 
26.

(/usr/local/texlive/2025/texmf-dist/tex/latex/lm/omslmsy.fd
File: omslmsy.fd 2015/05/01 v1.6.1 Font defs for Latin Modern
)
LaTeX Font Info:    Trying to load font information for OMX+lmex on input line 
26.

(/usr/local/texlive/2025/texmf-dist/tex/latex/lm/omxlmex.fd
File: omxlmex.fd 2015/05/01 v1.6.1 Font defs for Latin Modern
)
LaTeX Font Info:    External font `lmex10' loaded for size
(Font)              <12> on input line 26.
LaTeX Font Info:    External font `lmex10' loaded for size
(Font)              <8> on input line 26.
LaTeX Font Info:    External font `lmex10' loaded for size
(Font)              <6> on input line 26.
LaTeX Font Info:    Trying to load font information for U+msa on input line 26.


(/usr/local/texlive/2025/texmf-dist/tex/latex/amsfonts/umsa.fd
File: umsa.fd 2013/01/14 v3.01 AMS symbols A
)
(/usr/local/texlive/2025/texmf-dist/tex/latex/microtype/mt-msa.cfg
File: mt-msa.cfg 2006/02/04 v1.1 microtype config. file: AMS symbols (a) (RS)
)
LaTeX Font Info:    Trying to load font information for U+msb on input line 26.


(/usr/local/texlive/2025/texmf-dist/tex/latex/amsfonts/umsb.fd
File: umsb.fd 2013/01/14 v3.01 AMS symbols B
)
(/usr/local/texlive/2025/texmf-dist/tex/latex/microtype/mt-msb.cfg
File: mt-msb.cfg 2005/06/01 v1.0 microtype config. file: AMS symbols (b) (RS)
)
LaTeX Font Info:    Trying to load font information for U+rsfs on input line 26
.

(/usr/local/texlive/2025/texmf-dist/tex/latex/jknapltx/ursfs.fd
File: ursfs.fd 1998/03/24 rsfs font definition file (jk)
)

[1



{/usr/local/texlive/2025/texmf-var/fonts/map/pdftex/updmap/pdftex.map}]

[2

]
Missing character: There is no ’ (U+2019) in font ec-lmr10!
Missing character: There is no ’ (U+2019) in font ec-lmr10!
Missing character: There is no ’ (U+2019) in font ec-lmr10!


[3
Missing character: There is no ’ (U+2019) in font ec-lmr10!
]

[4

] (./main-vol1.toc
LaTeX Font Info:    External font `lmex10' loaded for size
(Font)              <10.95> on input line 3.

Missing character: There is no – (U+2013) in font ec-lmr10!
Missing character: There is no – (U+2013) in font ec-lmr10!


[5
Missing character: There is no – (U+2013) in font ec-lmr10!
]
Missing character: There is no – (U+2013) in font ec-lmr10!
Missing character: There is no – (U+2013) in font ec-lmr10!


[6
Missing character: There is no – (U+2013) in font ec-lmr10!
]

[7]

[8]
LaTeX Font Info:    Trying to load font information for OT1+lmss on input line 
181.
 (/usr/local/texlive/2025/texmf-dist/tex/latex/lm/ot1lmss.fd
File: ot1lmss.fd 2015/05/01 v1.6.1 Font defs for Latin Modern
)
Package microtype Info: Loading generic protrusion settings for font family
(microtype)             `lmss' (encoding: OT1).
(microtype)             For optimal results, create family-specific settings.
(microtype)             See the microtype manual for details.
)
\tf@toc=\write6

\openout6 = main-vol1.toc


[9]

[10

]

LaTeX Warning: Reference `chap:aksz' on page i undefined on input line 104.



[11]

[12

]

[1

]

[2] (./chapters/ch01-intro.tex
Chapter 1.


[3

]

LaTeX Warning: Reference `chap:plenum-stack' on page 1 undefined on input line 
76.


LaTeX Warning: Reference `chap:lamphrodynamic-axioms' on page 1 undefined on in
put line 76.


LaTeX Warning: Reference `chap:variational-hamiltonian' on page 1 undefined on 
input line 109.


LaTeX Warning: Reference `chap:aksz-rsvp' on page 1 undefined on input line 109
.



[4]
LaTeX Font Info:    External font `lmex10' loaded for size
(Font)              <14.4> on input line 119.
LaTeX Font Info:    External font `lmex10' loaded for size
(Font)              <10> on input line 119.
LaTeX Font Info:    External font `lmex10' loaded for size
(Font)              <7> on input line 119.


Package hyperref Warning: Token not allowed in a PDF string (Unicode):
(hyperref)                removing `math shift' on input line 119.


Package hyperref Warning: Token not allowed in a PDF string (Unicode):
(hyperref)                removing `math shift' on input line 119.



[5]

LaTeX Warning: Reference `chap:aksz-rsvp' on page 1 undefined on input line 175
.


LaTeX Warning: Reference `chap:plenum-stack' on page 1 undefined on input line 
175.

Missing character: There is no – (U+2013) in font ec-lmbx12!
Missing character: There is no – (U+2013) in font ec-lmbx12!


[6
Missing character: There is no – (U+2013) in font ec-lmbx12!
]

[7]

LaTeX Warning: Reference `chap:aksz-rsvp' on page 1 undefined on input line 305
.


LaTeX Warning: Reference `chap:aksz-bv' on page 1 undefined on input line 305.

) (./chapters/ch02-infinity-categories.tex

[8]
Chapter 2.
LaTeX Font Info:    External font `lmex10' loaded for size
(Font)              <24.88> on input line 3.
LaTeX Font Info:    External font `lmex10' loaded for size
(Font)              <20.74> on input line 3.
LaTeX Font Info:    External font `lmex10' loaded for size
(Font)              <17.28> on input line 3.

LaTeX Warning: Citation 'Lurie2009HTT' on page 9 undefined on input line 14.


LaTeX Warning: Citation 'Lurie2017HA' on page 9 undefined on input line 15.


LaTeX Warning: Citation 'ToenVezzosi2008' on page 9 undefined on input line 15.



LaTeX Warning: Citation 'Quillen1967' on page 9 undefined on input line 34.


Underfull \vbox (badness 1147) has occurred while \output is active []



[9

]

Package hyperref Warning: Token not allowed in a PDF string (Unicode):
(hyperref)                removing `math shift' on input line 72.


Package hyperref Warning: Token not allowed in a PDF string (Unicode):
(hyperref)                removing `\infty' on input line 72.


Package hyperref Warning: Token not allowed in a PDF string (Unicode):
(hyperref)                removing `math shift' on input line 72.


LaTeX Warning: Citation 'Lurie2009HTT' on page 10 undefined on input line 83.

Missing character: There is no – (U+2013) in font ec-lmr10!
Missing character: There is no – (U+2013) in font ec-lmr10!
Missing character: There is no – (U+2013) in font ec-lmr10!


[10
Missing character: There is no – (U+2013) in font ec-lmr10!
]

[11]

LaTeX Warning: Reference `chap:aksz-bv' on page 1 undefined on input line 215.


LaTeX Warning: Reference `chap:plenum-stack' on page 1 undefined on input line 
218.


LaTeX Warning: Reference `chap:aksz-rsvp' on page 1 undefined on input line 221
.

) (./chapters/ch03-shifted-symplectic.tex

[12]
Chapter 3.

LaTeX Warning: Citation 'PTVV2013' on page 13 undefined on input line 10.


LaTeX Warning: Citation 'Calaque2015' on page 13 undefined on input line 10.



[13

]

Package hyperref Warning: Token not allowed in a PDF string (Unicode):
(hyperref)                removing `math shift' on input line 72.


Package hyperref Warning: Token not allowed in a PDF string (Unicode):
(hyperref)                removing `math shift' on input line 72.

Missing character: There is no – (U+2013) in font ec-lmr10!
Missing character: There is no – (U+2013) in font ec-lmr10!
Missing character: There is no – (U+2013) in font ec-lmr10!
Missing character: There is no – (U+2013) in font ec-lmri10!
Missing character: There is no – (U+2013) in font ec-lmri10!
Missing character: There is no – (U+2013) in font ec-lmri10!

LaTeX Warning: Reference `chap:aksz-rsvp' on page 1 undefined on input line 97.



LaTeX Warning: Reference `chap:aksz-bv' on page 1 undefined on input line 97.



[14
Missing character: There is no – (U+2013) in font ec-lmr10!
Missing character: There is no – (U+2013) in font ec-lmri10!
]

LaTeX Warning: Citation 'PTVV2013' on page 15 undefined on input line 124.


LaTeX Warning: Citation 'PTVV2013' on page 15 undefined on input line 131.

Missing character: There is no – (U+2013) in font ec-lmr10!
Missing character: There is no – (U+2013) in font ec-lmr10!
Missing character: There is no – (U+2013) in font ec-lmr10!
Missing character: There is no – (U+2013) in font ec-lmr10!
Missing character: There is no – (U+2013) in font ec-lmr10!
Missing character: There is no – (U+2013) in font ec-lmr10!

LaTeX Warning: Reference `chap:plenum-stack' on page 1 undefined on input line 
172.



[15
Missing character: There is no – (U+2013) in font ec-lmr10!
Missing character: There is no – (U+2013) in font ec-lmr10!
Missing character: There is no – (U+2013) in font ec-lmr10!
]

LaTeX Warning: Citation 'AKSZ' on page 16 undefined on input line 218.



[16]

LaTeX Warning: Reference `chap:aksz-bv' on page 1 undefined on input line 245.

) (./chapters/ch04-aksz-bv.tex

[17]

[18

]
Chapter 4.

LaTeX Warning: Citation 'CF01' on page 19 undefined on input line 8.


LaTeX Warning: Citation 'CF07' on page 19 undefined on input line 8.

Missing character: There is no – (U+2013) in font ec-lmr10!
Missing character: There is no – (U+2013) in font ec-lmr10!
Missing character: There is no – (U+2013) in font ec-lmr10!


[19
Missing character: There is no – (U+2013) in font ec-lmr10!
]

LaTeX Warning: Citation 'Schwarz93' on page 20 undefined on input line 104.


LaTeX Warning: Citation 'CattaneoFelder02' on page 20 undefined on input line 1
04.



[20]

LaTeX Warning: Citation 'CF01' on page 21 undefined on input line 143.


LaTeX Warning: Citation 'CF07' on page 21 undefined on input line 143.



[21]

LaTeX Warning: Citation 'CF07' on page 22 undefined on input line 236.


LaTeX Warning: Citation 'CF01' on page 22 undefined on input line 243.


LaTeX Warning: Citation 'CF07' on page 22 undefined on input line 243.

LaTeX Font Info:    Trying to load font information for U+euf on input line 245
.
(/usr/local/texlive/2025/texmf-dist/tex/latex/amsfonts/ueuf.fd
File: ueuf.fd 2013/01/14 v3.01 Euler Fraktur
)
(/usr/local/texlive/2025/texmf-dist/tex/latex/microtype/mt-euf.cfg
File: mt-euf.cfg 2006/07/03 v1.1 microtype config. file: AMS Euler Fraktur (RS)

)
Overfull \hbox (15.06216pt too wide) in paragraph at lines 269--276
[]\T1/lmr/m/n/10.95 Ap-ply-ing the gen-eral AKSZ recipe with $\OML/lmm/m/it/10.
95 d \OT1/lmr/m/n/10.95 = 3$ \T1/lmr/m/n/10.95 and tar-get $\U/euf/m/n/10.95 g\
OT1/lmr/m/n/10.95 [1]$\T1/lmr/m/n/10.95 , the map-ping stack $[]\OT1/lmr/m/n/10
.95 (\OT1/lmss/m/n/10.95 T\OT1/lmr/m/n/10.95 [1]\OML/lmm/m/it/10.95 M; \U/euf/m
/n/10.95 g\OT1/lmr/m/n/10.95 [1])$
 []



[22])

[23]

[24

]

[25]

[26] (./chapters/ch05-lamphrodynamic-axioms.tex
Chapter 5.

! LaTeX Error: Environment axiom undefined.

See the LaTeX manual or LaTeX Companion for explanation.
Type  H <return>  for immediate help.
 ...                                              
                                                  
l.45 \begin{axiom}
                  [Field regularity]
? 

! LaTeX Error: \begin{document} ended by \end{axiom}.

See the LaTeX manual or LaTeX Companion for explanation.
Type  H <return>  for immediate help.
 ...                                              
                                                  
l.50 \end{axiom}
                
? 


[27

]

! LaTeX Error: Environment axiom undefined.

See the LaTeX manual or LaTeX Companion for explanation.
Type  H <return>  for immediate help.
 ...                                              
                                                  
l.65 \begin{axiom}
                  [Transport--Potential coupling]
? 

! LaTeX Error: \begin{document} ended by \end{axiom}.

See the LaTeX manual or LaTeX Companion for explanation.
Type  H <return>  for immediate help.
 ...                                              
                                                  
l.76 \end{axiom}
                
? 

! LaTeX Error: Environment axiom undefined.

See the LaTeX manual or LaTeX Companion for explanation.
Type  H <return>  for immediate help.
 ...                                              
                                                  
l.78 \begin{axiom}
                  [Entropy production]
? 

! LaTeX Error: \begin{document} ended by \end{axiom}.

See the LaTeX manual or LaTeX Companion for explanation.
Type  H <return>  for immediate help.
 ...                                              
                                                  
l.85 \end{axiom}
                
? 

! LaTeX Error: Environment axiom undefined.

See the LaTeX manual or LaTeX Companion for explanation.
Type  H <return>  for immediate help.
 ...                                              
                                                  
l.87 \begin{axiom}
                  [Velocity response]
? 

! LaTeX Error: \begin{document} ended by \end{axiom}.

See the LaTeX manual or LaTeX Companion for explanation.
Type  H <return>  for immediate help.
 ...                                              
                                                  
l.96 \end{axiom}
                
? 


[28]

[29]

! LaTeX Error: Environment axiom undefined.

See the LaTeX manual or LaTeX Companion for explanation.
Type  H <return>  for immediate help.
 ...                                              
                                                  
l.243 \begin{axiom}
                   [Lamphrodynamic constraint]
? 

! LaTeX Error: \begin{document} ended by \end{axiom}.

See the LaTeX manual or LaTeX Companion for explanation.
Type  H <return>  for immediate help.
 ...                                              
                                                  
l.259 \end{axiom}
                 
? 


[30]) (./chapters/ch06-plenum-stack.tex

[31]

[32

]
Chapter 6.

LaTeX Warning: Citation 'Lurie-DAG' on page 33 undefined on input line 20.


LaTeX Warning: Citation 'ToenVezzosi-HAGII' on page 33 undefined on input line 
21.


Overfull \hbox (17.42389pt too wide) in paragraph at lines 20--24
[]\T1/lmr/m/n/10.95 We rely on foun-da-tional re-sults of Lurie [[]] and Toën--
Vezzosi [[]]
 []



[33]

LaTeX Warning: Citation 'ToenVezzosi-HAGII' on page 34 undefined on input line 
81.


LaTeX Warning: Citation 'Lurie-DAG' on page 34 undefined on input line 85.


LaTeX Warning: Citation 'ToenVezzosi-HAGII' on page 34 undefined on input line 
85.


LaTeX Warning: Citation 'Lurie-DAG' on page 34 undefined on input line 136.


LaTeX Warning: Citation 'ToenVezzosi-HAGII' on page 34 undefined on input line 
149.



[34]

LaTeX Warning: Citation 'BF97' on page 35 undefined on input line 193.


LaTeX Warning: Citation 'BF97' on page 35 undefined on input line 201.


LaTeX Warning: Citation 'ToenVezzosi-HAGII' on page 35 undefined on input line 
201.


Package hyperref Warning: Token not allowed in a PDF string (Unicode):
(hyperref)                removing `math shift' on input line 211.


Package hyperref Warning: Token not allowed in a PDF string (Unicode):
(hyperref)                removing `math shift' on input line 211.



[35]

Package hyperref Warning: Token not allowed in a PDF string (Unicode):
(hyperref)                removing `math shift' on input line 246.


Package hyperref Warning: Token not allowed in a PDF string (Unicode):
(hyperref)                removing `\omega' on input line 246.


Package hyperref Warning: Token not allowed in a PDF string (Unicode):
(hyperref)                removing `math shift' on input line 246.


LaTeX Warning: Citation 'ToenVezzosi-HAGII' on page 36 undefined on input line 
283.



[36]

LaTeX Warning: Citation 'ToenVezzosi-HAGII' on page 37 undefined on input line 
330.


LaTeX Warning: Citation 'BF97' on page 37 undefined on input line 332.


LaTeX Warning: Citation 'Calaque16' on page 37 undefined on input line 337.



[37]) (./chapters/ch07-aksz-rsvp.tex

[38]
Chapter 7.


[39

]

LaTeX Warning: Citation 'CF07' on page 40 undefined on input line 108.

Missing character: There is no – (U+2013) in font ec-lmr10!
Missing character: There is no – (U+2013) in font ec-lmr10!
Missing character: There is no – (U+2013) in font ec-lmr10!


[40
Missing character: There is no – (U+2013) in font ec-lmr10!
]
Missing character: There is no – (U+2013) in font ec-lmr10!
Missing character: There is no – (U+2013) in font ec-lmr10!
Missing character: There is no – (U+2013) in font ec-lmr10!
Missing character: There is no – (U+2013) in font ec-lmr10!
Missing character: There is no – (U+2013) in font ec-lmr10!
Missing character: There is no – (U+2013) in font ec-lmr10!
Missing character: There is no – (U+2013) in font ec-lmr10!
Missing character: There is no – (U+2013) in font ec-lmr10!
Missing character: There is no – (U+2013) in font ec-lmr10!
Missing character: There is no – (U+2013) in font ec-lmr10!
Missing character: There is no – (U+2013) in font ec-lmr10!
Missing character: There is no – (U+2013) in font ec-lmr10!
Missing character: There is no – (U+2013) in font ec-lmr10!
Missing character: There is no – (U+2013) in font ec-lmr10!
Missing character: There is no – (U+2013) in font ec-lmr10!
Missing character: There is no – (U+2013) in font ec-lmbx12!
Missing character: There is no – (U+2013) in font ec-lmbx12!
Missing character: There is no – (U+2013) in font ec-lmr10!
Missing character: There is no – (U+2013) in font ec-lmr10!
Missing character: There is no – (U+2013) in font ec-lmr10!
Missing character: There is no – (U+2013) in font ec-lmri10!
Missing character: There is no – (U+2013) in font ec-lmri10!
Missing character: There is no – (U+2013) in font ec-lmri10!


[41
Missing character: There is no – (U+2013) in font ec-lmr10!
Missing character: There is no – (U+2013) in font ec-lmr10!
Missing character: There is no – (U+2013) in font ec-lmr10!
Missing character: There is no – (U+2013) in font ec-lmr10!
Missing character: There is no – (U+2013) in font ec-lmbx12!
Missing character: There is no – (U+2013) in font ec-lmr10!
Missing character: There is no – (U+2013) in font ec-lmri10!
]
Missing character: There is no – (U+2013) in font ec-lmr10!
Missing character: There is no – (U+2013) in font ec-lmr10!
Missing character: There is no – (U+2013) in font ec-lmr10!
Missing character: There is no – (U+2013) in font ec-lmr10!
Missing character: There is no – (U+2013) in font ec-lmr10!
Missing character: There is no – (U+2013) in font ec-lmr10!


[42
Missing character: There is no – (U+2013) in font ec-lmr10!
Missing character: There is no – (U+2013) in font ec-lmr10!
]
Missing character: There is no – (U+2013) in font ec-lmr10!
Missing character: There is no – (U+2013) in font ec-lmr10!
Missing character: There is no – (U+2013) in font ec-lmr10!


[43
Missing character: There is no – (U+2013) in font ec-lmr10!
]) (./chapters/ch08-variational-hamiltonian.tex

[44]
Chapter 8.

Underfull \vbox (badness 10000) has occurred while \output is active []



[45

]
Overfull \hbox (1.39946pt too wide) in paragraph at lines 93--99
[]\T1/lmr/m/n/10.95 The AKSZ con-struc-tion guar-an-tees that the BV Euler--Lagr
ange op-er-a-tor $\OML/lmm/m/it/10.95 S[]=[] \OT1/lmr/m/n/10.95 =
 []


Overfull \hbox (2.18747pt too wide) in paragraph at lines 117--119
[]\T1/lmr/bx/n/10.95 Propo-si-tion 8.3 \T1/lmr/m/n/10.95 (Clas-si-cal Hamil-to-n
ian Struc-ture)\T1/lmr/bx/n/10.95 . []\T1/lmr/m/it/10.95 The clas-si-cal space 
of fields $[]\OT1/lmr/m/n/10.95 (\OML/lmm/m/it/10.95 M; []\OT1/lmr/m/n/10.95 )$

 []



[46]

[47]

[48])

[49]

[50

]

[51]

[52] (./chapters/ch09-linear-theory.tex
Chapter 9.


[53

]

LaTeX Warning: Citation 'Hormander-AnalysisPDE' on page 54 undefined on input l
ine 151.



[54]

LaTeX Warning: Citation 'Taylor-PDE' on page 55 undefined on input line 179.

) (./chapters/ch10-energy-regularity.tex

[55]

[56

]
Chapter 10.


[57]
Missing character: There is no ’ (U+2019) in font ec-lmr10!
Missing character: There is no ’ (U+2019) in font ec-lmr10!
Missing character: There is no ’ (U+2019) in font ec-lmr10!


[58
Missing character: There is no ’ (U+2019) in font ec-lmr10!
]
Missing character: There is no ’ (U+2019) in font ec-lmr10!
Missing character: There is no ’ (U+2019) in font ec-lmr10!
) (./chapters/ch11-nonlinear-analysis.tex

[59
Missing character: There is no ’ (U+2019) in font ec-lmr10!
]

[60

]
Chapter 11.


[61]

! LaTeX Error: Environment conjecture undefined.

See the LaTeX manual or LaTeX Companion for explanation.
Type  H <return>  for immediate help.
 ...                                              
                                                  
l.106 \begin{conjecture}
                        [Weak Global Existence]
? 

! LaTeX Error: \begin{document} ended by \end{conjecture}.

See the LaTeX manual or LaTeX Companion for explanation.
Type  H <return>  for immediate help.
 ...                                              
                                                  
l.112 \end{conjecture}
                      
? 


[62])

[63]

[64

]

[65]

[66] (./chapters/ch12-entropic-singularities.tex
Chapter 12.
Missing character: There is no ’ (U+2019) in font ec-lmr10!
Missing character: There is no ’ (U+2019) in font ec-lmr10!
Missing character: There is no ’ (U+2019) in font ec-lmr10!
Missing character: There is no ’ (U+2019) in font ec-lmr10!
Missing character: There is no ’ (U+2019) in font ec-lmr10!
Missing character: There is no ’ (U+2019) in font ec-lmr10!

LaTeX Warning: Reference `ch:plenum-construction' on page 67 undefined on input
 line 24.

Missing character: There is no “ (U+201C) in font ec-lmr10!
Missing character: There is no ’ (U+2019) in font ec-lmr10!
Missing character: There is no ’ (U+2019) in font ec-lmr10!
Missing character: There is no “ (U+201C) in font ec-lmr10!
Missing character: There is no ’ (U+2019) in font ec-lmr10!
Missing character: There is no ’ (U+2019) in font ec-lmr10!


[67


Missing character: There is no ’ (U+2019) in font ec-lmr10!
Missing character: There is no ’ (U+2019) in font ec-lmr10!
Missing character: There is no “ (U+201C) in font ec-lmr10!
Missing character: There is no ’ (U+2019) in font ec-lmr10!
Missing character: There is no ’ (U+2019) in font ec-lmr10!
]

[68]
Missing character: There is no “ (U+201C) in font ec-lmr10!
Missing character: There is no ’ (U+2019) in font ec-lmr10!
Missing character: There is no ’ (U+2019) in font ec-lmr10!
Missing character: There is no “ (U+201C) in font ec-lmr10!
Missing character: There is no ’ (U+2019) in font ec-lmr10!
Missing character: There is no ’ (U+2019) in font ec-lmr10!
) (./chapters/ch13-symmetries-reduction.tex

[69
Missing character: There is no “ (U+201C) in font ec-lmr10!
Missing character: There is no ’ (U+2019) in font ec-lmr10!
Missing character: There is no ’ (U+2019) in font ec-lmr10!
]

[70

]
Chapter 13.
! Undefined control sequence.
l.50 \mathrm{Plenum}\sslash
                            G :=
? 
! Undefined control sequence.
l.58 The quotient stack $\mathrm{Plenum}\sslash
                                                G$
? 


[71]

LaTeX Warning: Citation 'ToenVezzosi-HAGII' on page 72 undefined on input line 
65.


LaTeX Warning: Citation 'Calaque16' on page 72 undefined on input line 65.


Package hyperref Warning: Token not allowed in a PDF string (Unicode):
(hyperref)                removing `math shift' on input line 70.


Package hyperref Warning: Token not allowed in a PDF string (Unicode):
(hyperref)                removing `math shift' on input line 70.


LaTeX Warning: Reference `ch:plenum-construction' on page 72 undefined on input
 line 74.

! Undefined control sequence.
l.80 homotopy quotient $\mathrm{Plenum}\sslash
                                               G$ carries a
? 

LaTeX Warning: Citation 'Calaque16' on page 72 undefined on input line 86.

! Undefined control sequence.
l.113 := \mathrm{Map}(M,\mathrm{Plenum}\sslash
                                               G)^{(0)}.
? 
! Undefined control sequence.
l.134 $\mathrm{Plenum}\to\mathrm{Plenum}\sslash
                                                G$.  Derived geometry provides
? 
! Undefined control sequence.
l.142 ...num}\longrightarrow\mathrm{Plenum}\sslash
                                                   G,
? 


[72]

LaTeX Warning: Citation 'CattaneoFelder2012' on page 73 undefined on input line
 177.


Overfull \hbox (30.25082pt too wide) in paragraph at lines 176--179
[]\T1/lmr/m/n/10.95 This fol-lows from the gen-eral AKSZ--BV--BFV cor-re-spon-de
nce [[]],
 []

) (./chapters/ch14-comparison-classical.tex

[73]

[74

]
Chapter 14.

Package hyperref Warning: Difference (2) between bookmark levels is greater 
(hyperref)                than one, level fixed on input line 5.

! Missing $ inserted.
<inserted text> 
                $
l.11 F \colon
              \CFTh \longrightarrow \RSVP,
? 
! Undefined control sequence.
l.11 F \colon \CFTh
                    \longrightarrow \RSVP,
? 
! Undefined control sequence.
l.11 F \colon \CFTh \longrightarrow \RSVP
                                         ,
? 
! Missing $ inserted.
<inserted text> 
                $
l.14 
     
? 

Overfull \hbox (1258.24203pt too wide) in paragraph at lines 9--14
\T1/lmr/m/n/10.95 is, there ex-ists an $\OT1/lmr/m/n/10.95 (\OMS/lmsy/m/n/10.95
 1\OML/lmm/m/it/10.95 ; \OT1/lmr/m/n/10.95 1)$\T1/lmr/m/n/10.95 --functor [ F $
 [] []  [][]\OMS/lmsy/m/n/10.95 !\OML/lmm/m/it/10.95 ; \OT1/lmr/m/n/10.95 ]\OML
/lmm/m/it/10.95 whichisfullyfaithful\OT1/lmr/m/n/10.95 (\OML/lmm/m/it/10.95 orat
leastconservative\OT1/lmr/m/n/10.95 )\OML/lmm/m/it/10.95 ; andwhoseessentialimag
econtainspreciselythoselamphrodynamicmodelsthatarisefromstandardclassicalphysics
:Inparticular; thefamiliartheoriesofscalarfields; gaugefields; andEinsteingravit
yallappearasobjectsinsideRSVPratherthanaslimitsordegenerations:$ 
 []

! Missing $ inserted.
<inserted text> 
                $
l.23 S_
       {\mathrm{class}}[\phi] = \int_X \mathcal{L}(\phi, \nabla\phi, \ldots ...
? 
! Missing $ inserted.
<inserted text> 
                $
l.25 
     
? 
! Undefined control sequence.
<recently read> \CFTh 
                      
l.27 Define the $(\infty,1)$--category $\CFTh
                                             $ whose objects are triples $(X...
? 
! Missing $ inserted.
<inserted text> 
                $
l.36 F \colon
              \CFTh \longrightarrow \RSVP.
? 
! Undefined control sequence.
l.36 F \colon \CFTh
                    \longrightarrow \RSVP.
? 
! Undefined control sequence.
l.36 F \colon \CFTh \longrightarrow \RSVP
                                         .
? 
! Missing $ inserted.
<inserted text> 
                $
l.38 ...dea is that a classical field $\phi \colon
                                                   X \to E$ is assigned a la...
? 

! LaTeX Error: \mathcal allowed only in math mode.

See the LaTeX manual or LaTeX Companion for explanation.
Type  H <return>  for immediate help.
 ...                                              
                                                  
l.40 F(X,E,\mathcal
                   {L}) = \Map(X,\Plenum_{\Phi,\mathbf v,S}),
? 
! Missing $ inserted.
<inserted text> 
                $
l.40 F(X,E,\mathcal{L}) = \Map
                              (X,\Plenum_{\Phi,\mathbf v,S}),
? 

! LaTeX Error: \mathsf allowed only in math mode.

See the LaTeX manual or LaTeX Companion for explanation.
Type  H <return>  for immediate help.
 ...                                              
                                                  
l.42 where $\Plenum
                   _{\Phi,\mathbf v,S}$ is the lamphrodynamic moduli stack i...
? 
! Missing $ inserted.
<inserted text> 
                $
l.42 where $\Plenum_
                    {\Phi,\mathbf v,S}$ is the lamphrodynamic moduli stack i...
? 


[75]
! Undefined control sequence.
l.45 ...o an $(\infty,1)$--functor $F \colon \CFTh
                                                   \to \RSVP$, preserving ho...
? 
! Undefined control sequence.
l.45 ...fty,1)$--functor $F \colon \CFTh \to \RSVP
                                                  $, preserving homotopy equ...
? 

! LaTeX Error: \mathcal allowed only in math mode.

See the LaTeX manual or LaTeX Companion for explanation.
Type  H <return>  for immediate help.
 ...                                              
                                                  
l.58 \mathcal
             {L} = \frac12(\partial\phi)^2 - V(\phi).
? 
! Missing $ inserted.
<inserted text> 
                $
l.58 \mathcal{L} = \frac12
                          (\partial\phi)^2 - V(\phi).
? 
! Extra }, or forgotten $.
\frac  ...ck {\begingroup #1\endgroup \@@over #2}}
                                                  
l.58 \mathcal{L} = \frac12
                          (\partial\phi)^2 - V(\phi).
? 

! LaTeX Error: \mathbf allowed only in math mode.

See the LaTeX manual or LaTeX Companion for explanation.
Type  H <return>  for immediate help.
 ...                                              
                                                  
l.64 with $F(\phi) = (\Phi,\mathbf
                                   v,S)$ given by $\Phi(x) = \phi(x)$ and $\...
? 

! LaTeX Error: \mathbf allowed only in math mode.

See the LaTeX manual or LaTeX Companion for explanation.
Type  H <return>  for immediate help.
 ...                                              
                                                  
l.64 ... given by $\Phi(x) = \phi(x)$ and $\mathbf
                                                   v,S$ trivial. The Euler--...
? 
! Missing $ inserted.
<inserted text> 
                $
l.65 
     
? 

Overfull \hbox (0.28438pt too wide) in paragraph at lines 56--65
\T1/lmr/m/n/10.95 Let $\OT1/lmr/m/n/10.95 (\OML/lmm/m/it/10.95 X; E; \OMS/lmsy/
m/n/10.95 L\OT1/lmr/m/n/10.95 )$ \T1/lmr/m/n/10.95 be a scalar field the-ory wit
h $\OML/lmm/m/it/10.95 E \OT1/lmr/m/n/10.95 = \OML/lmm/m/it/10.95 X \OMS/lmsy/m
/n/10.95  \U/msb/m/n/10.95 R$ \T1/lmr/m/n/10.95 and [ L = $[]\OT1/lmr/m/n/10.9
5 (\OML/lmm/m/it/10.95 @\OT1/lmr/m/n/10.95 )[] \OMS/lmsy/m/n/10.95 ^^@ \OML/lm
m/m/it/10.95 V\OT1/lmr/m/n/10.95 (\OML/lmm/m/it/10.95 \OT1/lmr/m/n/10.95 )\OML
/lmm/m/it/10.95 :\OT1/lmr/m/n/10.95 ]\OML/lmm/m/it/10.95 Then\OT1/lmr/m/n/10.95
 [\OML/lmm/m/it/10.95 F\OT1/lmr/m/n/10.95 (\OML/lmm/m/it/10.95 X; E; \OMS/lmsy/
m/n/10.95 L\OT1/lmr/m/n/10.95 ) =
 []


Overfull \hbox (118.82047pt too wide) in paragraph at lines 56--65
[]\OT1/lmr/m/n/10.95 (\OML/lmm/m/it/10.95 X; []\OT1/lmr/m/n/10.95 )\OML/lmm/m/i
t/10.95 ; \OT1/lmr/m/n/10.95 ]\OML/lmm/m/it/10.95 with$\T1/lmr/m/n/10.95 F(\OML
/lmm/m/it/10.95 \T1/lmr/m/n/10.95 ) = (\OT1/lmr/m/n/10.95 \T1/lmr/m/n/10.95 ,v
,S)$\OML/lmm/m/it/10.95 givenby$\OT1/lmr/m/n/10.95 \T1/lmr/m/n/10.95 (x) = \OM
L/lmm/m/it/10.95 \T1/lmr/m/n/10.95 (x)$\OML/lmm/m/it/10.95 and$\T1/lmr/m/n/10.
95 v,S$\OML/lmm/m/it/10.95 trivial:TheEuler \OMS/lmsy/m/n/10.95 ^^@ ^^@\OML/lmm
/m/it/10.95 Lagrangeequationsbecomethe$\OT1/lmr/m/n/10.95 $\OMS/lmsy/m/n/10.95
 ^^@ ^^@
 []

) (./appendices/appA-diff-geometry.tex


Overfull \hbox (89.17297pt too wide) has occurred while \output is active
\T1/lmr/m/n/10.95 76 \T1/lmr/m/sl/10.95 CHAP-TER 14.  EM-BED-DING CLAS-SI-CAL FI
ELD THE-O-RIES INTO THE LAM-PHRO-DY-NAMIC PLENUM
 []

[76]
! Missing $ inserted.
<inserted text> 
                $
l.20 TM=\bigsqcup
                 _{p\in M}T_pM
? 
! Limit controls must follow a math operator.
<recently read> \slimits@ 
                          
l.20 TM=\bigsqcup
                 _{p\in M}T_pM
? 
! Missing $ inserted.
<inserted text> 
                $
l.23 
     
? 
! Missing $ inserted.
<inserted text> 
                $
l.38 \Omega^
            k(M)=\Gamma(M,\wedge^kT^*M).
? 
! Missing $ inserted.
<inserted text> 
                $
l.40 
     
? 
! Missing $ inserted.
<inserted text> 
                $
l.45 \nabla\colon
                  \Gamma(M,E)\to\Gamma(M,T^*M\otimes E)
? 
! Missing $ inserted.
<inserted text> 
                $
l.47 ...fs)=df\otimes s + f,\nabla s$ for $f\in C^
                                                  \infty(M)$ and $s\in\Gamma...
? 
! Missing $ inserted.
<inserted text> 
                $
l.52 R_
       \nabla\colon \Gamma(M,E)\to \Gamma(M,\wedge^2T^*M\otimes E)
? 
! Missing $ inserted.
<inserted text> 
                $
l.54 defined by $R_
                   \nabla(s)=\nabla^2s$.
? 

Overfull \hbox (12.56323pt too wide) in paragraph at lines 50--55
[]\T1/lmr/bx/n/10.95 Def-i-ni-tion .8. []\T1/lmr/m/n/10.95 The cur-va-ture of a con-nec-tion $\OMS/lmsy/m/n/10.95 r$ \T1/lmr/m/n/10.95 is the bun-dle map [ R$[][] [] [] \OT1/lmr/m/n/10.95 ^^@(\OML/lmm/m/it/10.95 M; E\OT1/lmr/m/n/10.95 ) \OMS/lmsy/m/n/10.95 ! \OT1/lmr/m/n/10.95 ^^@(\OML/lmm/m/it/10.95 M; \OMS/lmsy/m/n/10.95 ^[]\OML/lmm/m/it/10.95 T[]M \OMS/lmsy/m/n/10.95 

 []



[77]) (./appendices/appB-homological-algebra.tex
! Missing $ inserted.
<inserted text> 
                $
l.8 \cdots \longrightarrow
                           C_{n+1}\xrightarrow{d_{n+1}} C_n\xrightarrow{d_n}...
? 
! Missing $ inserted.
<inserted text> 
                $
l.10 such that $d_
                  n\circ d_{n+1}=0$ for all $n\in\mathbb{Z}$.  One defines t...
? 
! Missing $ inserted.
<inserted text> 
                $
l.12 H_
       n(C_\bullet)=\frac{\ker(d_n)}{\operatorname{im}(d_{n+1})}.
? 
! Missing $ inserted.
<inserted text> 
                $
l.14 
     
? 
! Missing $ inserted.
<inserted text> 
                $
l.23 \operatorname{Tot}
                       (C)*n = \bigoplus*{p+q=n} C_{p,q}.
? 
! Missing $ inserted.
<inserted text> 
                $
l.26 
     
? 

Overfull \hbox (252.17693pt too wide) in paragraph at lines 21--26
\T1/lmr/m/n/10.95 to-tal com-plex $[]\OT1/lmr/m/n/10.95 (\OML/lmm/m/it/10.95 C\
OT1/lmr/m/n/10.95 )$ \T1/lmr/m/n/10.95 is de-fined by [ $[]\OT1/lmr/m/n/10.95 (\OML/lmm/m/it/10.95 C\OT1/lmr/m/n/10.95 ) \OMS/lmsy/m/n/10.95  \OML/lmm/m/it/10.95 n \OT1/lmr/m/n/10.95 = [] \OMS/lmsy/m/n/10.95 []\OML/lmm/m/it/10.95 C[]:\OT1/lmr/m/n/10.95 ]\OML/lmm/m/it/10.95 TotalizationiscrucialindefiningthecotangentcomplexandforbookkeepinginBV \OMS/lmsy/m/n/10.95 ^^@
 []




Overfull \hbox (89.17297pt too wide) has occurred while \output is active
\T1/lmr/m/n/10.95 78 \T1/lmr/m/sl/10.95 CHAP-TER 14.  EM-BED-DING CLAS-SI-CAL FI
ELD THE-O-RIES INTO THE LAM-PHRO-DY-NAMIC PLENUM
 []

[78]
! Missing $ inserted.
<inserted text> 
                $
l.31 (C\otimes D)*n = \bigoplus
                               *{p+q=n} C_p\otimes D_q,
? 
! Limit controls must follow a math operator.
<recently read> \slimits@ 
                          
l.31 (C\otimes D)*n = \bigoplus
                               *{p+q=n} C_p\otimes D_q,
? 

! LaTeX Error: \mathrm allowed only in math mode.

See the LaTeX manual or LaTeX Companion for explanation.
Type  H <return>  for immediate help.
 ...                                              
                                                  
l.33 ...rnal Hom complex $\underline{\mathrm{Hom}}
                                                  (C,D)$ is given by
? 
! Missing $ inserted.
<inserted text> 
                $
l.38 
     
? 

Overfull \hbox (112.0022pt too wide) in paragraph at lines 29--38
\OML/lmm/m/it/10.95 D[]; \OT1/lmr/m/n/10.95 ]\OML/lmm/m/it/10.95 withdifferentia
ldeterminedbytheLeibnizrule:Dually; theinternalHomcomplex$$[]$\T1/lmr/m/n/10.95
 (C,D)$\OML/lmm/m/it/10.95 isgivenby\OT1/lmr/m/n/10.95 [[](\OML/lmm/m/it/10.95 
C; D\OT1/lmr/m/n/10.95 ) \OMS/lmsy/m/n/10.95 
 []


Overfull \hbox (90.31917pt too wide) in paragraph at lines 29--38
\OML/lmm/m/it/10.95 n \OT1/lmr/m/n/10.95 = [][] [](\OML/lmm/m/it/10.95 C[]; D \
OMS/lmsy/m/n/10.95  []\OT1/lmr/m/n/10.95 )\OML/lmm/m/it/10.95 ; \OT1/lmr/m/n/1
0.95 ]\OML/lmm/m/it/10.95 withthestandarddifferential:Thisisthebackboneofenriche
dhomotopicalstructure:$ 
 []

! Missing $ inserted.
<inserted text> 
                $
l.43 0\to A_
            \bullet\to B_\bullet\to C_\bullet\to0
? 
! Missing $ inserted.
<inserted text> 
                $
l.45 ...rived functors such as $\operatorname{Ext}
                                                  $ and $\operatorname{Tor}$...
? 

Overfull \hbox (149.95947pt too wide) in paragraph at lines 41--46
\T1/lmr/m/n/10.95 A short ex-act se-quence of com-plexes [ 0\OMS/lmsy/m/n/10.95
 !\T1/lmr/m/n/10.95 A$[][] \OMS/lmsy/m/n/10.95 ! \OML/lmm/m/it/10.95 B[] \OMS/l
msy/m/n/10.95 ! \OML/lmm/m/it/10.95 C[] \OMS/lmsy/m/n/10.95 ! \OT1/lmr/m/n/10.9
5 0]\OML/lmm/m/it/10.95 inducesalongexacthomologysequence:Derivedfunctorssuchas$$[]$
 []

) (./appendices/appC-functional-analysis.tex
! Missing $ inserted.
<inserted text> 
                $
l.8 |u|*{L^
           2}^2 = \int*\Omega |u(x)|^2,dx.
? 
! Extra }, or forgotten $.
l.8 |u|*{L^2}
             ^2 = \int*\Omega |u(x)|^2,dx.
? 
! Double superscript.
l.8 |u|*{L^2}^
              2 = \int*\Omega |u(x)|^2,dx.
? 
! Missing $ inserted.
<inserted text> 
                $
l.10 More generally, $L^
                        p(\Omega)$ denotes the space of $p$--integrable func...
? 
! Missing $ inserted.
<inserted text> 
                $
l.12 H^
       k(\Omega)={ u\in L^2(\Omega)\mid \partial^\alpha u\in L^2(\Omega)\tex...
? 
! Missing $ inserted.
<inserted text> 
                $
l.14 
     
? 


[79]
! Missing $ inserted.
<inserted text> 
                $
l.23 \int
         _\Omega u,\partial_i\varphi=-\int_\Omega (\partial_i u),\varphi
? 
! Limit controls must follow a math operator.
<recently read> \ilimits@ 
                          
l.23 \int
         _\Omega u,\partial_i\varphi=-\int_\Omega (\partial_i u),\varphi
? 
! Missing $ inserted.
<inserted text> 
                $
l.25 for all test functions $\varphi\in C_
                                          c^\infty(\Omega)$. A weak solution...
? 

Overfull \hbox (114.71881pt too wide) in paragraph at lines 21--26
\T1/lmr/m/n/10.95 Let $\OML/lmm/m/it/10.95 u \OMS/lmsy/m/n/10.95 2 \OML/lmm/m/i
t/10.95 L[]\OT1/lmr/m/n/10.95 (
)$\T1/lmr/m/n/10.95 . A weak deriva-tive $\OML/lmm/m/it/10.95 @[]u$ \T1/lmr/m/n
/10.95 is a dis-tri-bu-tion sat-is-fy-ing [ \OMX/lmex/m/n/17.28 R$[][]\OML/lmm/
m/it/10.95 u; @[]' \OT1/lmr/m/n/10.95 = \OMS/lmsy/m/n/10.95 ^^@ [][]\OT1/lmr/m/
n/10.95 (\OML/lmm/m/it/10.95 @[]u\OT1/lmr/m/n/10.95 )\OML/lmm/m/it/10.95 ; '\OT
1/lmr/m/n/10.95 ]\OML/lmm/m/it/10.95 foralltestfunctions$'\OMS/lmsy/m/n/10.95 2\T1/lmr/m/n/10.95 C$[][]\OT1/lmr/m/n/10.95 (
)$\T1/lmr/m/n/10.95 .
 []

! Missing $ inserted.
<inserted text> 
                $
l.30 \langle
             Lu,\varphi\rangle=0
? 

! LaTeX Error: Command \end{definition} invalid in math mode.

See the LaTeX manual or LaTeX Companion for explanation.
Type  H <return>  for immediate help.
 ...                                              
                                                  
l.33 \end{definition}
                     
? 
! Missing $ inserted.
<inserted text> 
                $
l.33 \end{definition}
                     
? 
! Missing $ inserted.
<inserted text> 
                $
l.39 \partial_
              t u +Lu = N(u),
? 
! Missing $ inserted.
<inserted text> 
                $
l.46 
     
? 

Overfull \hbox (422.13753pt too wide) in paragraph at lines 37--46
\T1/lmr/m/n/10.95 Con-sider an evo-lu-tion equa-tion [ \OML/lmm/m/it/10.95 @$[]
[]u \OT1/lmr/m/n/10.95 + \OML/lmm/m/it/10.95 Lu \OT1/lmr/m/n/10.95 = \OML/lmm/m
/it/10.95 N\OT1/lmr/m/n/10.95 (\OML/lmm/m/it/10.95 u\OT1/lmr/m/n/10.95 )\OML/lm
m/m/it/10.95 ; \OT1/lmr/m/n/10.95 ]\OML/lmm/m/it/10.95 where$\T1/lmr/m/n/10.95 
L$\OML/lmm/m/it/10.95 isalinearoperatorand$\T1/lmr/m/n/10.95 N$\OML/lmm/m/it/10
.95 anonlinearterm:Multiplyingby$\T1/lmr/m/n/10.95 u$\OML/lmm/m/it/10.95 andinte
gratingbypartsproducesanenergyidentityoftheform\OT1/lmr/m/n/10.95 [[]\OMS/lmsy/
m/n/10.95 j\OML/lmm/m/it/10.95 u\OMS/lmsy/m/n/10.95 j[] \OT1/lmr/m/n/10.95 +
 []


Overfull \hbox (26.81476pt too wide) in paragraph at lines 37--46
\OMS/lmsy/m/n/10.95 h\OML/lmm/m/it/10.95 Lu; u\OMS/lmsy/m/n/10.95 i \OT1/lmr/m/
n/10.95 = \OMS/lmsy/m/n/10.95 h\OML/lmm/m/it/10.95 N\OT1/lmr/m/n/10.95 (\OML/lm
m/m/it/10.95 u\OT1/lmr/m/n/10.95 )\OML/lmm/m/it/10.95 ; u\OMS/lmsy/m/n/10.95 i\
OML/lmm/m/it/10.95 :\OT1/lmr/m/n/10.95 ]\OML/lmm/m/it/10.95 Suchestimatesarecent
raltothelamphrodynamictheorydiscussedinChapters \OT1/lmr/m/n/10.95 9 \OMS/lmsy/
m/n/10.95 ^^@
 []

! Missing $ inserted.
<inserted text> 
                $
l.65 Lu=f\in H^
               k\quad\Rightarrow\quad u\in H^{k+2}.
? 
! Missing $ inserted.
<inserted text> 
                $
l.67 
     
? 



Overfull \hbox (89.17297pt too wide) has occurred while \output is active
\T1/lmr/m/n/10.95 80 \T1/lmr/m/sl/10.95 CHAP-TER 14.  EM-BED-DING CLAS-SI-CAL FI
ELD THE-O-RIES INTO THE LAM-PHRO-DY-NAMIC PLENUM
 []

[80]) (./appendices/appD-notation.tex
! Missing $ inserted.
<inserted text> 
                $
l.20 \square = \nabla^
                      \mu\nabla_\mu.
? 
! Missing $ inserted.
<inserted text> 
                $
l.22 
     
? 


[81]) (./appendices/appE-technical-lemmas.tex


Overfull \hbox (89.17297pt too wide) has occurred while \output is active
\T1/lmr/m/n/10.95 82 \T1/lmr/m/sl/10.95 CHAP-TER 14.  EM-BED-DING CLAS-SI-CAL FI
ELD THE-O-RIES INTO THE LAM-PHRO-DY-NAMIC PLENUM
 []

[82]

Package hyperref Warning: Token not allowed in a PDF string (Unicode):
(hyperref)                removing `math shift' on input line 20.


Package hyperref Warning: Token not allowed in a PDF string (Unicode):
(hyperref)                removing `math shift' on input line 20.

! Missing $ inserted.
<inserted text> 
                $
l.35 |\Phi|*{L^
               \infty(\Omega)} \le C|\Phi|*{H^k(\Omega)}
? 
! Extra }, or forgotten $.
l.35 |\Phi|*{L^\infty(\Omega)}
                               \le C|\Phi|*{H^k(\Omega)}
? 

! LaTeX Error: \mathbb allowed only in math mode.

See the LaTeX manual or LaTeX Companion for explanation.
Type  H <return>  for immediate help.
 ...                                              
                                                  
l.37 ... open bounded domain $\Omega\subset\mathbb
                                                  {R}^n$ and integer $k>\fra...
? 
! Missing $ inserted.
<inserted text> 
                $
l.37 ...n bounded domain $\Omega\subset\mathbb{R}^
                                                  n$ and integer $k>\frac{n}...
? 
! Missing } inserted.
<inserted text> 
                }
l.38 \end{lemma}
                
? 

! LaTeX Error: \mathbf allowed only in math mode.

See the LaTeX manual or LaTeX Companion for explanation.
Type  H <return>  for immediate help.
 ...                                              
                                                  
l.49 |(\Phi,\mathbf
                    v,S)(t)|*{H^1}^2 \le C\exp\left(CT\right)|(\Phi,\mathbf ...
? 
! Missing $ inserted.
<inserted text> 
                $
l.49 |(\Phi,\mathbf v,S)(t)|*{H^
                                1}^2 \le C\exp\left(CT\right)|(\Phi,\mathbf ...
? 
! Extra }, or forgotten $.
l.49 |(\Phi,\mathbf v,S)(t)|*{H^1}
                                  ^2 \le C\exp\left(CT\right)|(\Phi,\mathbf ...
? 
! Double superscript.
l.49 |(\Phi,\mathbf v,S)(t)|*{H^1}^
                                   2 \le C\exp\left(CT\right)|(\Phi,\mathbf ...
? 

! LaTeX Error: Command \end{lemma} invalid in math mode.

See the LaTeX manual or LaTeX Companion for explanation.
Type  H <return>  for immediate help.
 ...                                              
                                                  
l.52 \end{lemma}
                
? 
! Missing $ inserted.
<inserted text> 
                $
l.52 \end{lemma}
                
? 
! Missing } inserted.
<inserted text> 
                }
l.52 \end{lemma}
                
? 


[83])


Overfull \hbox (89.17297pt too wide) has occurred while \output is active
\T1/lmr/m/n/10.95 84 \T1/lmr/m/sl/10.95 CHAP-TER 14.  EM-BED-DING CLAS-SI-CAL FI
ELD THE-O-RIES INTO THE LAM-PHRO-DY-NAMIC PLENUM
 []

[84]

[85


] (./main-vol1.aux)
 ***********
LaTeX2e <2025-06-01> patch level 1
L3 programming layer <2025-09-02>
 ***********


LaTeX Warning: There were undefined references.


LaTeX Warning: There were multiply-defined labels.

Package rerunfilecheck Info: File `main-vol1.out' has not changed.
(rerunfilecheck)             Checksum: 775452CE7BB3A706E971D8AFC10FE100;39509.

Package biblatex Warning: Please rerun LaTeX.

Package logreq Info: Writing requests to 'main-vol1.run.xml'.

\openout1 = main-vol1.run.xml
)
(\end occurred inside a group at level 2)

### simple group (level 2) entered at line 8 ({)
### simple group (level 1) entered at line 58 ({)
### bottom level

Here is how much of LuaTeX's memory you used:
 35398 strings out of 476291
 125165,1648299 words of node,token memory allocated
 1430 words of node memory still in use:
   8 hlist, 2 vlist, 2 rule, 1 local_par, 5 glue, 5 kern, 1 penalty, 1 margin_ke
rn, 4 glyph, 186 attribute, 81 glue_spec, 186 attribute_list, 2 write nodes
   avail lists: 1:1,2:712,3:423,4:324,5:505,6:131,7:6802,8:301,9:639,10:12,11:55
9
 56223 multiletter control sequences out of 65536+600000
 139 fonts using 9181575 bytes
 121i,12n,117p,1005b,1330s stack positions out of 10000i,1000n,20000p,200000b,200000s
{/usr/local/texlive/2025/texmf-dist/fonts/enc/dvips/lm/lm-rm.enc}{/usr/local/tex
live/2025/texmf-dist/fonts/enc/dvips/lm/lm-mathsy.enc}{/usr/local/texlive/2025/t
exmf-dist/fonts/enc/dvips/lm/lm-ec.enc}{/usr/local/texlive/2025/texmf-dist/fonts
/enc/dvips/lm/lm-mathit.enc}{/usr/local/texlive/2025/texmf-dist/fonts/enc/dvips/
lm/lm-mathex.enc}{/usr/local/texlive/2025/texmf-dist/fonts/enc/dvips/lm/lm-ts1.e
nc}</usr/local/texlive/2025/texmf-dist/fonts/type1/public/amsfonts/euler/eufm10.
pfb></usr/local/texlive/2025/texmf-dist/fonts/type1/public/lm/lmbx10.pfb></usr/l
ocal/texlive/2025/texmf-dist/fonts/type1/public/lm/lmbx12.pfb></usr/local/texliv
e/2025/texmf-dist/fonts/type1/public/lm/lmbx8.pfb></usr/local/texlive/2025/texmf
-dist/fonts/type1/public/lm/lmex10.pfb></usr/local/texlive/2025/texmf-dist/fonts
/type1/public/lm/lmmi10.pfb></usr/local/texlive/2025/texmf-dist/fonts/type1/publ
ic/lm/lmmi12.pfb></usr/local/texlive/2025/texmf-dist/fonts/type1/public/lm/lmmi6
.pfb></usr/local/texlive/2025/texmf-dist/fonts/type1/public/lm/lmmi8.pfb></usr/l
ocal/texlive/2025/texmf-dist/fonts/type1/public/lm/lmmib10.pfb></usr/local/texli
ve/2025/texmf-dist/fonts/type1/public/lm/lmr10.pfb></usr/local/texlive/2025/texm
f-dist/fonts/type1/public/lm/lmr12.pfb></usr/local/texlive/2025/texmf-dist/fonts
/type1/public/lm/lmr17.pfb></usr/local/texlive/2025/texmf-dist/fonts/type1/publi
c/lm/lmr6.pfb></usr/local/texlive/2025/texmf-dist/fonts/type1/public/lm/lmr8.pfb
></usr/local/texlive/2025/texmf-dist/fonts/type1/public/lm/lmri10.pfb></usr/loca
l/texlive/2025/texmf-dist/fonts/type1/public/lm/lmro10.pfb></usr/local/texlive/2
025/texmf-dist/fonts/type1/public/lm/lmss10.pfb></usr/local/texlive/2025/texmf-d
ist/fonts/type1/public/lm/lmss12.pfb></usr/local/texlive/2025/texmf-dist/fonts/t
ype1/public/lm/lmss8.pfb></usr/local/texlive/2025/texmf-dist/fonts/type1/public/
lm/lmsy10.pfb></usr/local/texlive/2025/texmf-dist/fonts/type1/public/lm/lmsy6.pf
b></usr/local/texlive/2025/texmf-dist/fonts/type1/public/lm/lmsy8.pfb></usr/loca
l/texlive/2025/texmf-dist/fonts/type1/public/amsfonts/symbols/msam10.pfb></usr/l
ocal/texlive/2025/texmf-dist/fonts/type1/public/amsfonts/symbols/msbm10.pfb></us
r/local/texlive/2025/texmf-dist/fonts/type1/public/rsfs/rsfs10.pfb>
Output written on main-vol1.pdf (97 pages, 660292 bytes).

PDF statistics: 1820 PDF objects out of 2073 (max. 8388607)
 1678 compressed objects within 17 object streams
 515 named destinations out of 1000 (max. 131072)
 1408 words of extra memory for PDF output out of 10000 (max. 100000000)

