\BOOKMARK [-1][-]{part.1}{\376\377\000I\000\040\000D\000e\000r\000i\000v\000e\000d\000\040\000A\000l\000g\000e\000b\000r\000a\000i\000c\000\040\000G\000e\000o\000m\000e\000t\000r\000y\000\040\000f\000o\000r\000\040\000P\000h\000y\000s\000i\000c\000i\000s\000t\000s}{}% 1
\BOOKMARK [0][-]{chapter.1}{\376\377\000I\000n\000t\000r\000o\000d\000u\000c\000t\000i\000o\000n\000\040\000a\000n\000d\000\040\000M\000o\000t\000i\000v\000a\000t\000i\000o\000n}{part.1}% 2
\BOOKMARK [1][-]{section.1.1}{\376\377\000F\000r\000o\000m\000\040\000C\000l\000a\000s\000s\000i\000c\000a\000l\000\040\000F\000i\000e\000l\000d\000s\000\040\000t\000o\000\040\000D\000e\000r\000i\000v\000e\000d\000\040\000G\000e\000o\000m\000e\000t\000r\000y}{chapter.1}% 3
\BOOKMARK [1][-]{section.1.2}{\376\377\000T\000h\000e\000\040\000L\000a\000m\000p\000h\000r\000o\000d\000y\000n\000a\000m\000i\000c\000\040\000T\000r\000i\000p\000l\000e\000t}{chapter.1}% 4
\BOOKMARK [1][-]{section.1.3}{\376\377\000W\000h\000y\000\040\000a\000\040\000\050\000-\0001\000\051\040\023\000S\000h\000i\000f\000t\000e\000d\000\040\000S\000y\000m\000p\000l\000e\000c\000t\000i\000c\000\040\000S\000t\000r\000u\000c\000t\000u\000r\000e\000?}{chapter.1}% 5
\BOOKMARK [1][-]{section.1.4}{\376\377\000A\000n\000a\000l\000y\000t\000i\000c\000\040\000Q\000u\000e\000s\000t\000i\000o\000n\000s\000:\000\040\000W\000e\000l\000l\040\023\000P\000o\000s\000e\000d\000n\000e\000s\000s\000\040\000a\000n\000d\000\040\000R\000e\000g\000u\000l\000a\000r\000i\000t\000y}{chapter.1}% 6
\BOOKMARK [1][-]{section.1.5}{\376\377\000O\000r\000g\000a\000n\000i\000z\000a\000t\000i\000o\000n\000\040\000o\000f\000\040\000t\000h\000e\000\040\000T\000h\000r\000e\000e\000\040\000V\000o\000l\000u\000m\000e\000s}{chapter.1}% 7
\BOOKMARK [1][-]{section.1.6}{\376\377\000W\000h\000a\000t\000\040\000i\000s\000\040\000P\000r\000o\000v\000e\000n\000,\000\040\000W\000h\000a\000t\000\040\000i\000s\000\040\000C\000o\000n\000j\000e\000c\000t\000u\000r\000a\000l}{chapter.1}% 8
\BOOKMARK [1][-]{section.1.7}{\376\377\000H\000o\000w\000\040\000t\000o\000\040\000R\000e\000a\000d\000\040\000t\000h\000i\000s\000\040\000V\000o\000l\000u\000m\000e}{chapter.1}% 9
\BOOKMARK [0][-]{chapter.2}{\376\377\000I\000n\000f\000i\000n\000i\000t\000y\040\023\000C\000a\000t\000e\000g\000o\000r\000i\000e\000s\000\040\000a\000n\000d\000\040\000H\000o\000m\000o\000t\000o\000p\000y\000\040\000T\000h\000e\000o\000r\000y}{part.1}% 10
\BOOKMARK [1][-]{section.2.1}{\376\377\000M\000o\000d\000e\000l\000\040\000C\000a\000t\000e\000g\000o\000r\000i\000e\000s\000\040\000a\000n\000d\000\040\000H\000o\000m\000o\000t\000o\000p\000i\000c\000a\000l\000\040\000S\000t\000r\000u\000c\000t\000u\000r\000e\000s}{chapter.2}% 11
\BOOKMARK [1][-]{section.2.2}{\376\377\000I\000n\000f\000i\000n\000i\000t\000y\040\023\000C\000a\000t\000e\000g\000o\000r\000i\000e\000s}{chapter.2}% 12
\BOOKMARK [1][-]{section.2.3}{\376\377\040\023\000T\000o\000p\000o\000i\000\040\000a\000n\000d\000\040\000S\000h\000e\000a\000v\000e\000s\000\040\000o\000f\000\040\000S\000p\000a\000c\000e\000s}{chapter.2}% 13
\BOOKMARK [1][-]{section.2.4}{\376\377\000D\000e\000r\000i\000v\000e\000d\000\040\000S\000t\000a\000c\000k\000s}{chapter.2}% 14
\BOOKMARK [1][-]{section.2.5}{\376\377\000T\000a\000n\000g\000e\000n\000t\000\040\000C\000o\000m\000p\000l\000e\000x\000e\000s\000\040\000a\000n\000d\000\040\000O\000b\000s\000t\000r\000u\000c\000t\000i\000o\000n\000\040\000T\000h\000e\000o\000r\000y}{chapter.2}% 15
\BOOKMARK [1][-]{section.2.6}{\376\377\000C\000o\000t\000a\000n\000g\000e\000n\000t\000\040\000C\000o\000m\000p\000l\000e\000x\000\040\000a\000n\000d\000\040\000S\000h\000i\000f\000t\000e\000d\000\040\000S\000y\000m\000p\000l\000e\000c\000t\000i\000c\000\040\000S\000t\000r\000u\000c\000t\000u\000r\000e\000s}{chapter.2}% 16
\BOOKMARK [1][-]{section.2.7}{\376\377\000I\000n\000f\000i\000n\000i\000t\000y\040\023\000G\000r\000o\000u\000p\000o\000i\000d\000s\000\040\000a\000n\000d\000\040\000F\000i\000e\000l\000d\000s}{chapter.2}% 17
\BOOKMARK [1][-]{section.2.8}{\376\377\000S\000u\000m\000m\000a\000r\000y\000\040\000a\000n\000d\000\040\000O\000u\000t\000l\000o\000o\000k}{chapter.2}% 18
\BOOKMARK [0][-]{chapter.3}{\376\377\000S\000h\000i\000f\000t\000e\000d\000\040\000S\000y\000m\000p\000l\000e\000c\000t\000i\000c\000\040\000S\000t\000r\000u\000c\000t\000u\000r\000e\000s}{part.1}% 19
\BOOKMARK [1][-]{section.3.1}{\376\377\000P\000r\000e\000l\000i\000m\000i\000n\000a\000r\000i\000e\000s\000:\000\040\000C\000l\000a\000s\000s\000i\000c\000a\000l\000\040\000S\000y\000m\000p\000l\000e\000c\000t\000i\000c\000\040\000G\000e\000o\000m\000e\000t\000r\000y}{chapter.3}% 20
\BOOKMARK [1][-]{section.3.2}{\376\377\000G\000r\000a\000d\000e\000d\000\040\000G\000e\000o\000m\000e\000t\000r\000y\000\040\000a\000n\000d\000\040\000C\000o\000h\000o\000m\000o\000l\000o\000g\000i\000c\000a\000l\000\040\000D\000e\000g\000r\000e\000e}{chapter.3}% 21
\BOOKMARK [1][-]{section.3.3}{\376\377\000\050\000-\0001\000\051\040\023\000S\000h\000i\000f\000t\000e\000d\000\040\000S\000y\000m\000p\000l\000e\000c\000t\000i\000c\000\040\000S\000t\000r\000u\000c\000t\000u\000r\000e\000s\000\040\000a\000n\000d\000\040\000B\000V}{chapter.3}% 22
\BOOKMARK [1][-]{section.3.4}{\376\377\000C\000l\000o\000s\000e\000d\000n\000e\000s\000s\000\040\000a\000n\000d\000\040\000N\000o\000n\000d\000e\000g\000e\000n\000e\000r\000a\000c\000y\000\040\000i\000n\000\040\000t\000h\000e\000\040\000D\000e\000r\000i\000v\000e\000d\000\040\000S\000e\000n\000s\000e}{chapter.3}% 23
\BOOKMARK [1][-]{section.3.5}{\376\377\000E\000x\000a\000m\000p\000l\000e\000s\000\040\000a\000n\000d\000\040\000F\000u\000n\000d\000a\000m\000e\000n\000t\000a\000l\000\040\000R\000e\000s\000u\000l\000t\000s}{chapter.3}% 24
\BOOKMARK [1][-]{section.3.6}{\376\377\000S\000h\000i\000f\000t\000e\000d\000\040\000S\000y\000m\000p\000l\000e\000c\000t\000i\000c\000\040\000F\000o\000r\000m\000s\000\040\000f\000r\000o\000m\000\040\000F\000i\000e\000l\000d\000\040\000C\000o\000n\000t\000e\000n\000t}{chapter.3}% 25
\BOOKMARK [1][-]{section.3.7}{\376\377\000W\000h\000y\000\040\000k\000\040\000=\000\040\000-\0001\000?}{chapter.3}% 26
\BOOKMARK [1][-]{section.3.8}{\376\377\000S\000h\000i\000f\000t\000e\000d\000\040\000S\000y\000m\000p\000l\000e\000c\000t\000i\000c\000i\000t\000y\000\040\000a\000n\000d\000\040\000A\000K\000S\000Z}{chapter.3}% 27
\BOOKMARK [1][-]{section.3.9}{\376\377\000S\000u\000m\000m\000a\000r\000y\000\040\000a\000n\000d\000\040\000F\000o\000r\000w\000a\000r\000d\000\040\000O\000u\000t\000l\000o\000o\000k}{chapter.3}% 28
\BOOKMARK [0][-]{chapter.4}{\376\377\000A\000K\000S\000Z\000\040\000F\000o\000r\000m\000a\000l\000i\000s\000m\000\040\000a\000n\000d\000\040\000t\000h\000e\000\040\000C\000l\000a\000s\000s\000i\000c\000a\000l\000\040\000B\000V\000\040\000C\000o\000n\000s\000t\000r\000u\000c\000t\000i\000o\000n}{part.1}% 29
\BOOKMARK [1][-]{section.4.1}{\376\377\000I\000n\000t\000r\000o\000d\000u\000c\000t\000i\000o\000n\000\040\000a\000n\000d\000\040\000M\000o\000t\000i\000v\000a\000t\000i\000o\000n}{chapter.4}% 30
\BOOKMARK [1][-]{section.4.2}{\376\377\000G\000r\000a\000d\000e\000d\000\040\000M\000a\000n\000i\000f\000o\000l\000d\000s\000\040\000a\000n\000d\000\040\000H\000o\000m\000o\000l\000o\000g\000i\000c\000a\000l\000\040\000V\000e\000c\000t\000o\000r\000\040\000F\000i\000e\000l\000d\000s}{chapter.4}% 31
\BOOKMARK [1][-]{section.4.3}{\376\377\000S\000h\000i\000f\000t\000e\000d\000\040\000S\000y\000m\000p\000l\000e\000c\000t\000i\000c\000\040\000S\000t\000r\000u\000c\000t\000u\000r\000e\000s\000\040\000a\000n\000d\000\040\000t\000h\000e\000\040\000B\000V\000\040\000B\000r\000a\000c\000k\000e\000t}{chapter.4}% 32
\BOOKMARK [1][-]{section.4.4}{\376\377\000A\000K\000S\000Z\000\040\000D\000a\000t\000a\000\040\000a\000n\000d\000\040\000t\000h\000e\000\040\000C\000l\000a\000s\000s\000i\000c\000a\000l\000\040\000M\000a\000s\000t\000e\000r\000\040\000E\000q\000u\000a\000t\000i\000o\000n}{chapter.4}% 33
\BOOKMARK [1][-]{section.4.5}{\376\377\000M\000a\000p\000p\000i\000n\000g\000\040\000S\000t\000a\000c\000k\000s\000\040\000a\000n\000d\000\040\000t\000h\000e\000\040\000I\000n\000d\000u\000c\000e\000d\000\040\000S\000h\000i\000f\000t\000e\000d\000\040\000S\000y\000m\000p\000l\000e\000c\000t\000i\000c\000\040\000F\000o\000r\000m}{chapter.4}% 34
\BOOKMARK [1][-]{section.4.6}{\376\377\000B\000V\000\040\000F\000i\000e\000l\000d\000s\000,\000\040\000G\000h\000o\000s\000t\000s\000,\000\040\000a\000n\000d\000\040\000A\000n\000t\000i\000f\000i\000e\000l\000d\000s}{chapter.4}% 35
\BOOKMARK [1][-]{section.4.7}{\376\377\000T\000h\000e\000\040\000C\000l\000a\000s\000s\000i\000c\000a\000l\000\040\000B\000V\000\040\000A\000c\000t\000i\000o\000n\000\040\000a\000n\000d\000\040\000t\000h\000e\000\040\000M\000a\000s\000t\000e\000r\000\040\000E\000q\000u\000a\000t\000i\000o\000n}{chapter.4}% 36
\BOOKMARK [1][-]{section.4.8}{\376\377\000E\000x\000a\000m\000p\000l\000e\000:\000\040\000T\000h\000r\000e\000e\000-\000D\000i\000m\000e\000n\000s\000i\000o\000n\000a\000l\000\040\000C\000h\000e\000r\000n\040\023\000S\000i\000m\000o\000n\000s\000\040\000T\000h\000e\000o\000r\000y}{chapter.4}% 37
\BOOKMARK [-1][-]{part.2}{\376\377\000I\000I\000\040\000L\000a\000m\000p\000h\000r\000o\000d\000y\000n\000a\000m\000i\000c\000\040\000F\000i\000e\000l\000d\000\040\000T\000h\000e\000o\000r\000y}{}% 38
\BOOKMARK [0][-]{chapter.5}{\376\377\000T\000h\000e\000\040\000L\000a\000m\000p\000h\000r\000o\000d\000y\000n\000a\000m\000i\000c\000\040\000P\000l\000e\000n\000u\000m\000:\000\040\000A\000x\000i\000o\000m\000a\000t\000i\000c\000\040\000F\000o\000u\000n\000d\000a\000t\000i\000o\000n}{part.2}% 39
\BOOKMARK [1][-]{section.5.1}{\376\377\000M\000o\000t\000i\000v\000a\000t\000i\000o\000n\000\040\000a\000n\000d\000\040\000O\000v\000e\000r\000v\000i\000e\000w}{chapter.5}% 40
\BOOKMARK [1][-]{section.5.2}{\376\377\000D\000e\000f\000i\000n\000i\000t\000i\000o\000n\000\040\000o\000f\000\040\000t\000h\000e\000\040\000L\000a\000m\000p\000h\000r\000o\000d\000y\000n\000a\000m\000i\000c\000\040\000F\000i\000e\000l\000d\000s}{chapter.5}% 41
\BOOKMARK [1][-]{section.5.3}{\376\377\000L\000a\000m\000p\000h\000r\000o\000d\000y\000n\000a\000m\000i\000c\000\040\000C\000o\000u\000p\000l\000i\000n\000g\000\040\000P\000r\000i\000n\000c\000i\000p\000l\000e\000s}{chapter.5}% 42
\BOOKMARK [1][-]{section.5.4}{\376\377\000L\000a\000m\000p\000h\000r\000o\000d\000y\000n\000a\000m\000i\000c\000\040\000C\000o\000n\000s\000e\000r\000v\000a\000t\000i\000o\000n\000\040\000a\000n\000d\000\040\000B\000a\000l\000a\000n\000c\000e\000\040\000L\000a\000w\000s}{chapter.5}% 43
\BOOKMARK [1][-]{section.5.5}{\376\377\000V\000a\000r\000i\000a\000t\000i\000o\000n\000a\000l\000\040\000P\000r\000i\000n\000c\000i\000p\000l\000e\000\040\000a\000n\000d\000\040\000E\000u\000l\000e\000r\040\023\000L\000a\000g\000r\000a\000n\000g\000e\000\040\000E\000q\000u\000a\000t\000i\000o\000n\000s}{chapter.5}% 44
\BOOKMARK [1][-]{section.5.6}{\376\377\000N\000o\000n\000l\000i\000n\000e\000a\000r\000\040\000C\000o\000u\000p\000l\000i\000n\000g\000s\000\040\000a\000n\000d\000\040\000C\000o\000n\000s\000t\000r\000a\000i\000n\000t\000\040\000R\000e\000l\000a\000t\000i\000o\000n\000s}{chapter.5}% 45
\BOOKMARK [1][-]{section.5.7}{\376\377\000S\000y\000m\000m\000e\000t\000r\000i\000e\000s\000\040\000a\000n\000d\000\040\000N\000o\000e\000t\000h\000e\000r\000\040\000C\000u\000r\000r\000e\000n\000t\000s}{chapter.5}% 46
\BOOKMARK [1][-]{section.5.8}{\376\377\000C\000o\000n\000s\000e\000r\000v\000a\000t\000i\000o\000n\000\040\000L\000a\000w\000s\000\040\000a\000n\000d\000\040\000E\000n\000e\000r\000g\000y\000\040\000C\000o\000n\000d\000i\000t\000i\000o\000n\000s}{chapter.5}% 47
\BOOKMARK [0][-]{chapter.6}{\376\377\000D\000e\000r\000i\000v\000e\000d\000\040\000S\000t\000a\000c\000k\000\040\000C\000o\000n\000s\000t\000r\000u\000c\000t\000i\000o\000n\000\040\000f\000o\000r\000\040\000R\000S\000V\000P}{part.2}% 48
\BOOKMARK [1][-]{section.6.1}{\376\377\000M\000o\000t\000i\000v\000a\000t\000i\000o\000n\000\040\000a\000n\000d\000\040\000O\000v\000e\000r\000v\000i\000e\000w}{chapter.6}% 49
\BOOKMARK [1][-]{section.6.2}{\376\377\000T\000h\000e\000\040\000D\000e\000r\000i\000v\000e\000d\000\040\000M\000o\000d\000u\000l\000i\000\040\000F\000u\000n\000c\000t\000o\000r}{chapter.6}% 50
\BOOKMARK [1][-]{section.6.3}{\376\377\000R\000e\000p\000r\000e\000s\000e\000n\000t\000a\000b\000i\000l\000i\000t\000y\000\040\000a\000n\000d\000\040\000D\000e\000r\000i\000v\000e\000d\000\040\000A\000r\000t\000i\000n\000\040\000P\000r\000o\000p\000e\000r\000t\000y}{chapter.6}% 51
\BOOKMARK [1][-]{section.6.4}{\376\377\000L\000o\000c\000a\000l\000\040\000M\000o\000d\000e\000l\000s\000\040\000a\000n\000d\000\040\000t\000h\000e\000\040\000T\000a\000n\000g\000e\000n\000t\000\040\000C\000o\000m\000p\000l\000e\000x}{chapter.6}% 52
\BOOKMARK [1][-]{section.6.5}{\376\377\000O\000b\000s\000t\000r\000u\000c\000t\000i\000o\000n\000\040\000T\000h\000e\000o\000r\000y\000\040\000a\000n\000d\000\040\000D\000e\000r\000i\000v\000e\000d\000\040\000I\000n\000t\000e\000r\000s\000e\000c\000t\000i\000o\000n\000s}{chapter.6}% 53
\BOOKMARK [1][-]{section.6.6}{\376\377\000D\000e\000r\000i\000v\000e\000d\000\040\000N\000o\000r\000m\000a\000l\000\040\000B\000u\000n\000d\000l\000e\000\040\000a\000n\000d\000\040\000O\000b\000s\000t\000r\000u\000c\000t\000i\000o\000n\000\040\000C\000l\000a\000s\000s\000e\000s}{chapter.6}% 54
\BOOKMARK [1][-]{section.6.7}{\376\377\000E\000x\000i\000s\000t\000e\000n\000c\000e\000\040\000o\000f\000\040\000a\000\040\0002\000-\000S\000h\000i\000f\000t\000e\000d\000\040\000S\000y\000m\000p\000l\000e\000c\000t\000i\000c\000\040\000S\000t\000r\000u\000c\000t\000u\000r\000e}{chapter.6}% 55
\BOOKMARK [1][-]{section.6.8}{\376\377\000L\000o\000c\000a\000l\000\040\000C\000h\000a\000r\000t\000s\000\040\000a\000n\000d\000\040\000E\000x\000p\000l\000i\000c\000i\000t\000\040\000E\000x\000p\000r\000e\000s\000s\000i\000o\000n\000\040\000f\000o\000r\000\040}{chapter.6}% 56
\BOOKMARK [1][-]{section.6.9}{\376\377\000M\000a\000i\000n\000\040\000S\000t\000r\000u\000c\000t\000u\000r\000a\000l\000\040\000T\000h\000e\000o\000r\000e\000m\000\040\000f\000o\000r\000\040\000t\000h\000e\000\040\000L\000a\000m\000p\000h\000r\000o\000d\000y\000n\000a\000m\000i\000c\000\040\000P\000l\000e\000n\000u\000m}{chapter.6}% 57
\BOOKMARK [1][-]{section.6.10}{\376\377\000P\000h\000y\000s\000i\000c\000a\000l\000\040\000I\000n\000t\000e\000r\000p\000r\000e\000t\000a\000t\000i\000o\000n}{chapter.6}% 58
\BOOKMARK [1][-]{section.6.11}{\376\377\000P\000r\000e\000v\000i\000e\000w\000\040\000o\000f\000\040\000t\000h\000e\000\040\000A\000K\000S\000Z\040\023\000R\000S\000V\000P\000\040\000A\000c\000t\000i\000o\000n}{chapter.6}% 59
\BOOKMARK [0][-]{chapter.7}{\376\377\000A\000K\000S\000Z\040\023\000R\000S\000V\000P\000\040\000A\000c\000t\000i\000o\000n\000\040\000a\000n\000d\000\040\000C\000l\000a\000s\000s\000i\000c\000a\000l\000\040\000M\000a\000s\000t\000e\000r\000\040\000E\000q\000u\000a\000t\000i\000o\000n}{part.2}% 60
\BOOKMARK [1][-]{section.7.1}{\376\377\000O\000v\000e\000r\000v\000i\000e\000w\000\040\000a\000n\000d\000\040\000S\000t\000r\000a\000t\000e\000g\000y}{chapter.7}% 61
\BOOKMARK [1][-]{section.7.2}{\376\377\000A\000K\000S\000Z\000\040\000D\000a\000t\000a\000\040\000f\000o\000r\000\040\000R\000S\000V\000P}{chapter.7}% 62
\BOOKMARK [1][-]{section.7.3}{\376\377\000D\000e\000r\000i\000v\000e\000d\000\040\0003\000-\000F\000o\000r\000m\000\040\000a\000n\000d\000\040\000B\000V\000\040\000P\000o\000t\000e\000n\000t\000i\000a\000l}{chapter.7}% 63
\BOOKMARK [1][-]{section.7.4}{\376\377\000T\000h\000e\000\040\000R\000S\000V\000P\000\040\000A\000K\000S\000Z\000\040\000A\000c\000t\000i\000o\000n}{chapter.7}% 64
\BOOKMARK [1][-]{section.7.5}{\376\377\000C\000l\000a\000s\000s\000i\000c\000a\000l\000\040\000M\000a\000s\000t\000e\000r\000\040\000E\000q\000u\000a\000t\000i\000o\000n}{chapter.7}% 65
\BOOKMARK [1][-]{section.7.6}{\376\377\000B\000V\000\040\000O\000p\000e\000r\000a\000t\000o\000r\000\040\000a\000n\000d\000\040\000F\000i\000e\000l\000d\000\040\000C\000o\000n\000t\000e\000n\000t}{chapter.7}% 66
\BOOKMARK [1][-]{section.7.7}{\376\377\000E\000u\000l\000e\000r\040\023\000L\000a\000g\000r\000a\000n\000g\000e\000\040\000E\000q\000u\000a\000t\000i\000o\000n\000s\000\040\000a\000n\000d\000\040\000L\000a\000m\000p\000h\000r\000o\000d\000y\000n\000a\000m\000i\000c\000s}{chapter.7}% 67
\BOOKMARK [1][-]{section.7.8}{\376\377\000P\000h\000y\000s\000i\000c\000a\000l\000\040\000I\000n\000t\000e\000r\000p\000r\000e\000t\000a\000t\000i\000o\000n}{chapter.7}% 68
\BOOKMARK [1][-]{section.7.9}{\376\377\000B\000o\000u\000n\000d\000a\000r\000y\000\040\000D\000a\000t\000a\000\040\000a\000n\000d\000\040\000B\000V\040\023\000B\000F\000V\000\040\000S\000t\000r\000u\000c\000t\000u\000r\000e\000s}{chapter.7}% 69
\BOOKMARK [1][-]{section.7.10}{\376\377\000L\000o\000c\000a\000l\000\040\000C\000o\000o\000r\000d\000i\000n\000a\000t\000e\000s\000\040\000a\000n\000d\000\040\000E\000x\000p\000a\000n\000s\000i\000o\000n}{chapter.7}% 70
\BOOKMARK [1][-]{section.7.11}{\376\377\000C\000o\000m\000p\000a\000r\000i\000s\000o\000n\000\040\000t\000o\000\040\000C\000h\000e\000r\000n\040\023\000S\000i\000m\000o\000n\000s\000\040\000A\000K\000S\000Z}{chapter.7}% 71
\BOOKMARK [2][-]{subsection.7.11.1}{\376\377\000C\000h\000e\000r\000n\040\023\000S\000i\000m\000o\000n\000s\000\040\000A\000K\000S\000Z\000\040\000r\000e\000c\000a\000p}{section.7.11}% 72
\BOOKMARK [2][-]{subsection.7.11.2}{\376\377\000S\000t\000r\000u\000c\000t\000u\000r\000a\000l\000\040\000a\000n\000a\000l\000o\000g\000y}{section.7.11}% 73
\BOOKMARK [2][-]{subsection.7.11.3}{\376\377\000P\000h\000y\000s\000i\000c\000a\000l\000\040\000m\000e\000a\000n\000i\000n\000g}{section.7.11}% 74
\BOOKMARK [1][-]{section.7.12}{\376\377\000S\000u\000m\000m\000a\000r\000y\000\040\000a\000n\000d\000\040\000F\000o\000r\000w\000a\000r\000d\000\040\000P\000o\000i\000n\000t\000e\000r}{chapter.7}% 75
\BOOKMARK [0][-]{chapter.8}{\376\377\000V\000a\000r\000i\000a\000t\000i\000o\000n\000a\000l\000\040\000P\000r\000i\000n\000c\000i\000p\000l\000e\000s\000\040\000a\000n\000d\000\040\000H\000a\000m\000i\000l\000t\000o\000n\000i\000a\000n\000\040\000F\000o\000r\000m\000u\000l\000a\000t\000i\000o\000n}{part.2}% 76
\BOOKMARK [1][-]{section.8.1}{\376\377\000T\000h\000e\000\040\000C\000l\000a\000s\000s\000i\000c\000a\000l\000\040\000V\000a\000r\000i\000a\000t\000i\000o\000n\000a\000l\000\040\000F\000u\000n\000c\000t\000i\000o\000n\000a\000l}{chapter.8}% 77
\BOOKMARK [1][-]{section.8.2}{\376\377\000E\000u\000l\000e\000r\040\023\000L\000a\000g\000r\000a\000n\000g\000e\000\040\000E\000q\000u\000a\000t\000i\000o\000n\000s}{chapter.8}% 78
\BOOKMARK [1][-]{section.8.3}{\376\377\000H\000a\000m\000i\000l\000t\000o\000n\000i\000a\000n\000\040\000F\000o\000r\000m\000u\000l\000a\000t\000i\000o\000n\000\040\000o\000n\000\040\000t\000h\000e\000\040\000D\000e\000r\000i\000v\000e\000d\000\040\000M\000a\000p\000p\000i\000n\000g\000\040\000S\000t\000a\000c\000k}{chapter.8}% 79
\BOOKMARK [1][-]{section.8.4}{\376\377\000N\000o\000e\000t\000h\000e\000r\000\040\000C\000u\000r\000r\000e\000n\000t\000s\000\040\000a\000n\000d\000\040\000C\000o\000n\000s\000e\000r\000v\000e\000d\000\040\000Q\000u\000a\000n\000t\000i\000t\000i\000e\000s}{chapter.8}% 80
\BOOKMARK [1][-]{section.8.5}{\376\377\000H\000a\000m\000i\000l\000t\000o\000n\000i\000a\000n\000\040\000V\000e\000c\000t\000o\000r\000\040\000F\000i\000e\000l\000d\000s\000\040\000a\000n\000d\000\040\000P\000o\000i\000s\000s\000o\000n\000\040\000S\000t\000r\000u\000c\000t\000u\000r\000e}{chapter.8}% 81
\BOOKMARK [1][-]{section.8.6}{\376\377\000E\000n\000e\000r\000g\000y\000,\000\040\000M\000o\000m\000e\000n\000t\000u\000m\000,\000\040\000a\000n\000d\000\040\000E\000n\000t\000r\000o\000p\000i\000c\000\040\000C\000o\000n\000t\000r\000i\000b\000u\000t\000i\000o\000n\000s}{chapter.8}% 82
\BOOKMARK [1][-]{section.8.7}{\376\377\000H\000a\000m\000i\000l\000t\000o\000n\000i\000a\000n\000\040\000E\000n\000e\000r\000g\000y\000\040\000E\000s\000t\000i\000m\000a\000t\000e\000s\000\040\000a\000n\000d\000\040\000P\000D\000E\000\040\000W\000e\000l\000l\040\023\000P\000o\000s\000e\000d\000n\000e\000s\000s}{chapter.8}% 83
\BOOKMARK [1][-]{section.8.8}{\376\377\000S\000u\000m\000m\000a\000r\000y\000\040\000a\000n\000d\000\040\000F\000o\000r\000w\000a\000r\000d\000\040\000L\000i\000n\000k}{chapter.8}% 84
\BOOKMARK [-1][-]{part.3}{\376\377\000I\000I\000I\000\040\000W\000e\000l\000l\000-\000P\000o\000s\000e\000d\000n\000e\000s\000s\000\040\000a\000n\000d\000\040\000A\000n\000a\000l\000y\000s\000i\000s}{}% 85
\BOOKMARK [0][-]{chapter.9}{\376\377\000L\000i\000n\000e\000a\000r\000\040\000T\000h\000e\000o\000r\000y}{part.3}% 86
\BOOKMARK [1][-]{section.9.1}{\376\377\000L\000i\000n\000e\000a\000r\000i\000z\000a\000t\000i\000o\000n\000\040\000a\000b\000o\000u\000t\000\040\000a\000\040\000R\000e\000f\000e\000r\000e\000n\000c\000e\000\040\000C\000o\000n\000f\000i\000g\000u\000r\000a\000t\000i\000o\000n}{chapter.9}% 87
\BOOKMARK [1][-]{section.9.2}{\376\377\000F\000u\000n\000c\000t\000i\000o\000n\000a\000l\000\040\000S\000p\000a\000c\000e\000s\000\040\000a\000n\000d\000\040\000I\000n\000i\000t\000i\000a\000l\000\040\000V\000a\000l\000u\000e\000\040\000P\000r\000o\000b\000l\000e\000m}{chapter.9}% 88
\BOOKMARK [1][-]{section.9.3}{\376\377\000E\000n\000e\000r\000g\000y\000\040\000E\000s\000t\000i\000m\000a\000t\000e\000s}{chapter.9}% 89
\BOOKMARK [1][-]{section.9.4}{\376\377\000G\000l\000o\000b\000a\000l\000\040\000W\000e\000l\000l\040\023\000p\000o\000s\000e\000d\000n\000e\000s\000s}{chapter.9}% 90
\BOOKMARK [1][-]{section.9.5}{\376\377\000S\000p\000e\000c\000t\000r\000a\000l\000\040\000P\000r\000o\000p\000e\000r\000t\000i\000e\000s\000\040\000o\000f\000\040\000t\000h\000e\000\040\000L\000i\000n\000e\000a\000r\000i\000z\000e\000d\000\040\000O\000p\000e\000r\000a\000t\000o\000r}{chapter.9}% 91
\BOOKMARK [1][-]{section.9.6}{\376\377\000C\000o\000n\000n\000e\000c\000t\000i\000o\000n\000\040\000t\000o\000\040\000A\000K\000S\000Z\000\040\000C\000l\000a\000s\000s\000i\000c\000a\000l\000\040\000L\000i\000m\000i\000t}{chapter.9}% 92
\BOOKMARK [1][-]{section.9.7}{\376\377\000S\000u\000m\000m\000a\000r\000y}{chapter.9}% 93
\BOOKMARK [0][-]{chapter.10}{\376\377\000E\000n\000e\000r\000g\000y\000\040\000E\000s\000t\000i\000m\000a\000t\000e\000s\000\040\000a\000n\000d\000\040\000R\000e\000g\000u\000l\000a\000r\000i\000t\000y}{part.3}% 94
\BOOKMARK [1][-]{section.10.1}{\376\377\000N\000o\000n\000l\000i\000n\000e\000a\000r\000\040\000L\000a\000m\000p\000h\000r\000o\000d\000y\000n\000a\000m\000i\000c\000\040\000S\000y\000s\000t\000e\000m}{chapter.10}% 95
\BOOKMARK [1][-]{section.10.2}{\376\377\000H\000i\000g\000h\000e\000r\040\023\000o\000r\000d\000e\000r\000\040\000E\000n\000e\000r\000g\000i\000e\000s}{chapter.10}% 96
\BOOKMARK [1][-]{section.10.3}{\376\377\000N\000o\000n\000l\000i\000n\000e\000a\000r\000\040\000E\000n\000e\000r\000g\000y\000\040\000I\000n\000e\000q\000u\000a\000l\000i\000t\000y}{chapter.10}% 97
\BOOKMARK [1][-]{section.10.4}{\376\377\000L\000o\000c\000a\000l\000\040\000W\000e\000l\000l\040\023\000p\000o\000s\000e\000d\000n\000e\000s\000s}{chapter.10}% 98
\BOOKMARK [1][-]{section.10.5}{\376\377\000C\000o\000n\000t\000i\000n\000u\000a\000t\000i\000o\000n\000\040\000C\000r\000i\000t\000e\000r\000i\000o\000n\000\040\000a\000n\000d\000\040\000B\000l\000o\000w\000u\000p\000\040\000S\000c\000e\000n\000a\000r\000i\000o\000s}{chapter.10}% 99
\BOOKMARK [1][-]{section.10.6}{\376\377\000H\000i\000g\000h\000e\000r\000\040\000R\000e\000g\000u\000l\000a\000r\000i\000t\000y\000\040\000a\000n\000d\000\040\000S\000o\000b\000o\000l\000e\000v\000\040\000E\000m\000b\000e\000d\000d\000i\000n\000g\000s}{chapter.10}% 100
\BOOKMARK [1][-]{section.10.7}{\376\377\000E\000n\000t\000r\000o\000p\000y\000\040\000C\000o\000e\000r\000c\000i\000v\000i\000t\000y\000\040\000a\000n\000d\000\040\000S\000t\000a\000b\000i\000l\000i\000t\000y}{chapter.10}% 101
\BOOKMARK [1][-]{section.10.8}{\376\377\000S\000u\000m\000m\000a\000r\000y\000\040\000a\000n\000d\000\040\000F\000o\000r\000w\000a\000r\000d\000\040\000L\000i\000n\000k}{chapter.10}% 102
\BOOKMARK [0][-]{chapter.11}{\376\377\000N\000o\000n\000l\000i\000n\000e\000a\000r\000\040\000G\000l\000o\000b\000a\000l\000\040\000T\000h\000e\000o\000r\000y}{part.3}% 103
\BOOKMARK [1][-]{section.11.1}{\376\377\000E\000n\000t\000r\000o\000p\000y\040\023\000D\000r\000i\000v\000e\000n\000\040\000S\000i\000n\000g\000u\000l\000a\000r\000i\000t\000i\000e\000s}{chapter.11}% 104
\BOOKMARK [1][-]{section.11.2}{\376\377\000G\000l\000o\000b\000a\000l\000\040\000E\000x\000i\000s\000t\000e\000n\000c\000e\000\040\000u\000n\000d\000e\000r\000\040\000S\000m\000a\000l\000l\000\040\000D\000a\000t\000a}{chapter.11}% 105
\BOOKMARK [1][-]{section.11.3}{\376\377\000W\000e\000a\000k\000\040\000S\000o\000l\000u\000t\000i\000o\000n\000s\000\040\000a\000n\000d\000\040\000E\000n\000t\000r\000o\000p\000y\000\040\000I\000n\000e\000q\000u\000a\000l\000i\000t\000i\000e\000s}{chapter.11}% 106
\BOOKMARK [1][-]{section.11.4}{\376\377\000G\000l\000o\000b\000a\000l\000\040\000E\000x\000i\000s\000t\000e\000n\000c\000e\000\040\000i\000n\000\040\000t\000h\000e\000\040\000W\000e\000a\000k\000\040\000C\000l\000a\000s\000s}{chapter.11}% 107
\BOOKMARK [1][-]{section.11.5}{\376\377\000N\000o\000n\000l\000i\000n\000e\000a\000r\000\040\000S\000t\000a\000b\000i\000l\000i\000t\000y\000\040\000o\000f\000\040\000S\000m\000o\000o\000t\000h\000\040\000B\000a\000c\000k\000g\000r\000o\000u\000n\000d\000s}{chapter.11}% 108
\BOOKMARK [1][-]{section.11.6}{\376\377\000G\000l\000o\000b\000a\000l\000\040\000E\000x\000i\000s\000t\000e\000n\000c\000e\000\040\000v\000s\000.\000\040\000E\000n\000t\000r\000o\000p\000i\000c\000\040\000S\000i\000n\000g\000u\000l\000a\000r\000i\000t\000y}{chapter.11}% 109
\BOOKMARK [1][-]{section.11.7}{\376\377\000O\000p\000e\000n\000\040\000P\000r\000o\000b\000l\000e\000m\000s}{chapter.11}% 110
\BOOKMARK [1][-]{section.11.8}{\376\377\000S\000u\000m\000m\000a\000r\000y}{chapter.11}% 111
\BOOKMARK [-1][-]{part.4}{\376\377\000I\000V\000\040\000G\000e\000o\000m\000e\000t\000r\000i\000c\000\040\000a\000n\000d\000\040\000T\000o\000p\000o\000l\000o\000g\000i\000c\000a\000l\000\040\000P\000r\000o\000p\000e\000r\000t\000i\000e\000s}{}% 112
\BOOKMARK [0][-]{chapter.12}{\376\377\000E\000n\000t\000r\000o\000p\000i\000c\000\040\000S\000i\000n\000g\000u\000l\000a\000r\000i\000t\000i\000e\000s\000\040\000a\000n\000d\000\040\000T\000o\000p\000o\000l\000o\000g\000y}{part.4}% 113
\BOOKMARK [1][-]{section.12.1}{\376\377\000D\000e\000r\000i\000v\000e\000d\000\040\000S\000i\000n\000g\000u\000l\000a\000r\000i\000t\000i\000e\000s\000\040\000o\000f\000\040\000t\000h\000e\000\040\000P\000l\000e\000n\000u\000m\000\040\000S\000t\000a\000c\000k}{chapter.12}% 114
\BOOKMARK [1][-]{section.12.2}{\376\377\000C\000l\000a\000s\000s\000i\000f\000i\000c\000a\000t\000i\000o\000n\000\040\000o\000f\000\040\000S\000i\000n\000g\000u\000l\000a\000r\000i\000t\000i\000e\000s}{chapter.12}% 115
\BOOKMARK [1][-]{section.12.3}{\376\377\000C\000h\000a\000r\000a\000c\000t\000e\000r\000i\000s\000t\000i\000c\000\040\000C\000l\000a\000s\000s\000e\000s\000\040\000a\000n\000d\000\040\000E\000n\000t\000r\000o\000p\000y}{chapter.12}% 116
\BOOKMARK [1][-]{section.12.4}{\376\377\000D\000e\000r\000i\000v\000e\000d\000\040\000R\000e\000s\000o\000l\000u\000t\000i\000o\000n\000\040\000o\000f\000\040\000E\000n\000t\000r\000o\000p\000i\000c\000\040\000D\000e\000f\000e\000c\000t\000s}{chapter.12}% 117
\BOOKMARK [1][-]{section.12.5}{\376\377\000P\000h\000y\000s\000i\000c\000a\000l\000\040\000I\000n\000t\000e\000r\000p\000r\000e\000t\000a\000t\000i\000o\000n}{chapter.12}% 118
\BOOKMARK [1][-]{section.12.6}{\376\377\000S\000u\000m\000m\000a\000r\000y\000\040\000a\000n\000d\000\040\000F\000o\000r\000w\000a\000r\000d\000\040\000L\000i\000n\000k}{chapter.12}% 119
\BOOKMARK [0][-]{chapter.13}{\376\377\000S\000y\000m\000m\000e\000t\000r\000i\000e\000s\000\040\000a\000n\000d\000\040\000R\000e\000d\000u\000c\000t\000i\000o\000n}{part.4}% 120
\BOOKMARK [1][-]{section.13.1}{\376\377\000G\000r\000o\000u\000p\000\040\000A\000c\000t\000i\000o\000n\000s\000\040\000o\000n\000\040\000t\000h\000e\000\040\000P\000l\000e\000n\000u\000m\000\040\000S\000t\000a\000c\000k}{chapter.13}% 121
\BOOKMARK [1][-]{section.13.2}{\376\377\000Q\000u\000o\000t\000i\000e\000n\000t\000\040\000S\000t\000a\000c\000k\000s\000\040\000a\000n\000d\000\040\000D\000e\000r\000i\000v\000e\000d\000\040\000R\000e\000d\000u\000c\000t\000i\000o\000n}{chapter.13}% 122
\BOOKMARK [1][-]{section.13.3}{\376\377\000\050\000-\0001\000\051\040\023\000S\000h\000i\000f\000t\000e\000d\000\040\000S\000y\000m\000p\000l\000e\000c\000t\000i\000c\000\040\000R\000e\000d\000u\000c\000t\000i\000o\000n}{chapter.13}% 123
\BOOKMARK [1][-]{section.13.4}{\376\377\000R\000e\000d\000u\000c\000e\000d\000\040\000P\000h\000a\000s\000e\000\040\000S\000p\000a\000c\000e\000s}{chapter.13}% 124
\BOOKMARK [1][-]{section.13.5}{\376\377\000G\000a\000u\000g\000e\000\040\000F\000i\000x\000i\000n\000g\000\040\000a\000n\000d\000\040\000D\000e\000r\000i\000v\000e\000d\000\040\000G\000e\000o\000m\000e\000t\000r\000y}{chapter.13}% 125
\BOOKMARK [1][-]{section.13.6}{\376\377\000B\000V\040\023\000B\000F\000V\000\040\000B\000o\000u\000n\000d\000a\000r\000y\000\040\000S\000t\000r\000u\000c\000t\000u\000r\000e}{chapter.13}% 126
\BOOKMARK [1][-]{section.13.7}{\376\377\000S\000u\000m\000m\000a\000r\000y\000\040\000a\000n\000d\000\040\000F\000o\000r\000w\000a\000r\000d\000\040\000L\000i\000n\000k}{chapter.13}% 127
\BOOKMARK [0][-]{chapter.14}{\376\377\000E\000m\000b\000e\000d\000d\000i\000n\000g\000\040\000C\000l\000a\000s\000s\000i\000c\000a\000l\000\040\000F\000i\000e\000l\000d\000\040\000T\000h\000e\000o\000r\000i\000e\000s\000\040\000i\000n\000t\000o\000\040\000t\000h\000e\000\040\000L\000a\000m\000p\000h\000r\000o\000d\000y\000n\000a\000m\000i\000c\000\040\000P\000l\000e\000n\000u\000m}{part.4}% 128
\BOOKMARK [1][-]{subsection.14.0.1}{\376\377\000I\000n\000t\000r\000o\000d\000u\000c\000t\000i\000o\000n}{chapter.14}% 129
\BOOKMARK [2][-]{subsection.14.0.2}{\376\377\000T\000h\000e\000\040\000c\000a\000t\000e\000g\000o\000r\000y\000\040\000o\000f\000\040\000c\000l\000a\000s\000s\000i\000c\000a\000l\000\040\000f\000i\000e\000l\000d\000\040\000t\000h\000e\000o\000r\000i\000e\000s}{subsection.14.0.1}% 130
\BOOKMARK [2][-]{subsection.14.0.3}{\376\377\000C\000o\000n\000s\000t\000r\000u\000c\000t\000i\000o\000n\000\040\000o\000f\000\040\000t\000h\000e\000\040\000e\000m\000b\000e\000d\000d\000i\000n\000g\000\040\000f\000u\000n\000c\000t\000o\000r}{subsection.14.0.1}% 131
\BOOKMARK [2][-]{subsection.14.0.4}{\376\377\000E\000x\000a\000m\000p\000l\000e\000s}{subsection.14.0.1}% 132
\BOOKMARK [2][-]{subsection.14.0.5}{\376\377\000C\000o\000n\000c\000l\000u\000s\000i\000o\000n}{subsection.14.0.1}% 133
\BOOKMARK [1][-]{section*.18}{\376\377\000A\000p\000p\000e\000n\000d\000i\000x\000\040\000A\000:\000\040\000R\000e\000v\000i\000e\000w\000\040\000o\000f\000\040\000D\000i\000f\000f\000e\000r\000e\000n\000t\000i\000a\000l\000\040\000G\000e\000o\000m\000e\000t\000r\000y}{chapter.14}% 134
\BOOKMARK [1][-]{section.Alph0.1}{\376\377\000M\000a\000n\000i\000f\000o\000l\000d\000s\000\040\000a\000n\000d\000\040\000S\000m\000o\000o\000t\000h\000\040\000M\000a\000p\000s}{chapter.14}% 135
\BOOKMARK [2][-]{subsection.Alph0.1.1}{\376\377\000T\000a\000n\000g\000e\000n\000t\000\040\000B\000u\000n\000d\000l\000e}{section.Alph0.1}% 136
\BOOKMARK [1][-]{section.Alph0.2}{\376\377\000V\000e\000c\000t\000o\000r\000\040\000B\000u\000n\000d\000l\000e\000s\000\040\000a\000n\000d\000\040\000D\000i\000f\000f\000e\000r\000e\000n\000t\000i\000a\000l\000\040\000F\000o\000r\000m\000s}{chapter.14}% 137
\BOOKMARK [1][-]{section.Alph0.3}{\376\377\000C\000o\000n\000n\000e\000c\000t\000i\000o\000n\000s\000\040\000a\000n\000d\000\040\000C\000u\000r\000v\000a\000t\000u\000r\000e}{chapter.14}% 138
\BOOKMARK [1][-]{section.Alph0.4}{\376\377\000R\000i\000e\000m\000a\000n\000n\000i\000a\000n\000\040\000a\000n\000d\000\040\000L\000o\000r\000e\000n\000t\000z\000i\000a\000n\000\040\000G\000e\000o\000m\000e\000t\000r\000y}{chapter.14}% 139
\BOOKMARK [1][-]{section.Alph0.5}{\376\377\000E\000x\000t\000e\000r\000i\000o\000r\000\040\000C\000a\000l\000c\000u\000l\000u\000s}{chapter.14}% 140
\BOOKMARK [1][-]{section.Alph0.6}{\376\377\000E\000n\000d\000\040\000o\000f\000\040\000A\000p\000p\000e\000n\000d\000i\000x\000\040\000A}{chapter.14}% 141
\BOOKMARK [1][-]{section*.19}{\376\377\000A\000p\000p\000e\000n\000d\000i\000x\000\040\000B\000:\000\040\000H\000o\000m\000o\000l\000o\000g\000i\000c\000a\000l\000\040\000A\000l\000g\000e\000b\000r\000a\000\040\000E\000s\000s\000e\000n\000t\000i\000a\000l\000s}{chapter.14}% 142
\BOOKMARK [1][-]{section.Alph0.7}{\376\377\000C\000h\000a\000i\000n\000\040\000C\000o\000m\000p\000l\000e\000x\000e\000s}{chapter.14}% 143
\BOOKMARK [1][-]{section.Alph0.8}{\376\377\000D\000o\000u\000b\000l\000e\000\040\000C\000o\000m\000p\000l\000e\000x\000e\000s\000\040\000a\000n\000d\000\040\000T\000o\000t\000a\000l\000i\000z\000a\000t\000i\000o\000n}{chapter.14}% 144
\BOOKMARK [1][-]{section.Alph0.9}{\376\377\000T\000e\000n\000s\000o\000r\000\040\000P\000r\000o\000d\000u\000c\000t\000s\000\040\000a\000n\000d\000\040\000H\000o\000m\000\040\000F\000u\000n\000c\000t\000o\000r\000s}{chapter.14}% 145
\BOOKMARK [1][-]{section.Alph0.10}{\376\377\000E\000x\000a\000c\000t\000\040\000S\000e\000q\000u\000e\000n\000c\000e\000s\000\040\000a\000n\000d\000\040\000D\000e\000r\000i\000v\000e\000d\000\040\000F\000u\000n\000c\000t\000o\000r\000s}{chapter.14}% 146
\BOOKMARK [1][-]{section.Alph0.11}{\376\377\000M\000o\000d\000e\000l\000\040\000C\000a\000t\000e\000g\000o\000r\000i\000e\000s}{chapter.14}% 147
\BOOKMARK [1][-]{section.Alph0.12}{\376\377\000S\000p\000e\000c\000t\000r\000a\000l\000\040\000S\000e\000q\000u\000e\000n\000c\000e\000s}{chapter.14}% 148
\BOOKMARK [1][-]{section.Alph0.13}{\376\377\000E\000n\000d\000\040\000o\000f\000\040\000A\000p\000p\000e\000n\000d\000i\000x\000\040\000B}{chapter.14}% 149
\BOOKMARK [1][-]{section*.20}{\376\377\000A\000p\000p\000e\000n\000d\000i\000x\000\040\000C\000:\000\040\000F\000u\000n\000c\000t\000i\000o\000n\000a\000l\000\040\000A\000n\000a\000l\000y\000s\000i\000s\000\040\000f\000o\000r\000\040\000P\000D\000E\000s}{chapter.14}% 150
\BOOKMARK [1][-]{section.Alph0.14}{\376\377\000F\000u\000n\000c\000t\000i\000o\000n\000\040\000S\000p\000a\000c\000e\000s}{chapter.14}% 151
\BOOKMARK [1][-]{section.Alph0.15}{\376\377\000W\000e\000a\000k\000\040\000D\000e\000r\000i\000v\000a\000t\000i\000v\000e\000s\000\040\000a\000n\000d\000\040\000W\000e\000a\000k\000\040\000S\000o\000l\000u\000t\000i\000o\000n\000s}{chapter.14}% 152
\BOOKMARK [1][-]{section.Alph0.16}{\376\377\000E\000n\000e\000r\000g\000y\000\040\000M\000e\000t\000h\000o\000d\000s}{chapter.14}% 153
\BOOKMARK [1][-]{section.Alph0.17}{\376\377\000S\000e\000m\000i\000g\000r\000o\000u\000p\000s\000\040\000a\000n\000d\000\040\000L\000i\000n\000e\000a\000r\000\040\000E\000v\000o\000l\000u\000t\000i\000o\000n}{chapter.14}% 154
\BOOKMARK [1][-]{section.Alph0.18}{\376\377\000C\000o\000m\000p\000a\000c\000t\000n\000e\000s\000s\000\040\000a\000n\000d\000\040\000R\000e\000g\000u\000l\000a\000r\000i\000t\000y}{chapter.14}% 155
\BOOKMARK [1][-]{section.Alph0.19}{\376\377\000N\000o\000n\000l\000i\000n\000e\000a\000r\000\040\000P\000D\000E\000\040\000T\000e\000c\000h\000n\000i\000q\000u\000e\000s}{chapter.14}% 156
\BOOKMARK [1][-]{section.Alph0.20}{\376\377\000E\000n\000d\000\040\000o\000f\000\040\000A\000p\000p\000e\000n\000d\000i\000x\000\040\000C}{chapter.14}% 157
\BOOKMARK [1][-]{section*.21}{\376\377\000A\000p\000p\000e\000n\000d\000i\000x\000\040\000D\000:\000\040\000C\000o\000n\000v\000e\000n\000t\000i\000o\000n\000s\000\040\000a\000n\000d\000\040\000N\000o\000t\000a\000t\000i\000o\000n}{chapter.14}% 158
\BOOKMARK [1][-]{section.Alph0.21}{\376\377\000I\000n\000d\000i\000c\000e\000s\000\040\000a\000n\000d\000\040\000S\000u\000m\000m\000a\000t\000i\000o\000n}{chapter.14}% 159
\BOOKMARK [1][-]{section.Alph0.22}{\376\377\000M\000e\000t\000r\000i\000c\000s\000\040\000a\000n\000d\000\040\000S\000i\000g\000n\000a\000t\000u\000r\000e\000s}{chapter.14}% 160
\BOOKMARK [1][-]{section.Alph0.23}{\376\377\000D\000i\000f\000f\000e\000r\000e\000n\000t\000i\000a\000l\000\040\000O\000p\000e\000r\000a\000t\000o\000r\000s}{chapter.14}% 161
\BOOKMARK [1][-]{section.Alph0.24}{\376\377\000L\000a\000m\000p\000h\000r\000o\000d\000y\000n\000a\000m\000i\000c\000\040\000F\000i\000e\000l\000d\000s}{chapter.14}% 162
\BOOKMARK [1][-]{section.Alph0.25}{\376\377\000D\000e\000r\000i\000v\000e\000d\000\040\000G\000e\000o\000m\000e\000t\000r\000y}{chapter.14}% 163
\BOOKMARK [1][-]{section.Alph0.26}{\376\377\000V\000a\000r\000i\000a\000t\000i\000o\000n\000a\000l\000\040\000N\000o\000t\000a\000t\000i\000o\000n}{chapter.14}% 164
\BOOKMARK [1][-]{section.Alph0.27}{\376\377\000C\000o\000n\000s\000t\000a\000n\000t\000s\000\040\000a\000n\000d\000\040\000P\000a\000r\000a\000m\000e\000t\000e\000r\000s}{chapter.14}% 165
\BOOKMARK [1][-]{section.Alph0.28}{\376\377\000E\000n\000d\000\040\000o\000f\000\040\000A\000p\000p\000e\000n\000d\000i\000x\000\040\000D}{chapter.14}% 166
\BOOKMARK [1][-]{section*.22}{\376\377\000A\000p\000p\000e\000n\000d\000i\000x\000\040\000E\000:\000\040\000P\000r\000o\000o\000f\000\040\000o\000f\000\040\000T\000e\000c\000h\000n\000i\000c\000a\000l\000\040\000L\000e\000m\000m\000a\000s}{chapter.14}% 167
\BOOKMARK [1][-]{section.Alph0.29}{\376\377\000I\000n\000t\000r\000o\000d\000u\000c\000t\000i\000o\000n}{chapter.14}% 168
\BOOKMARK [1][-]{section.Alph0.30}{\376\377\000L\000e\000m\000m\000a\000\040\0003\000.\0004\000:\000\040\000E\000x\000a\000c\000t\000n\000e\000s\000s\000\040\000o\000f\000\040\000t\000h\000e\000\040\000S\000h\000i\000f\000t\000e\000d\000\040\000d\000e\000,\000R\000h\000a\000m\000\040\000D\000i\000f\000f\000e\000r\000e\000n\000t\000i\000a\000l}{chapter.14}% 169
\BOOKMARK [1][-]{section.Alph0.31}{\376\377\000L\000e\000m\000m\000a\000\040\0006\000.\0002\000:\000\040\000S\000m\000o\000o\000t\000h\000n\000e\000s\000s\000\040\000C\000o\000n\000d\000i\000t\000i\000o\000n\000\040\000f\000o\000r\000\040\000t\000h\000e\000\040\000M\000o\000d\000u\000l\000i\000\040\000S\000t\000a\000c\000k\000\040\000P\000l\000e\000n\000u\000m}{chapter.14}% 170
\BOOKMARK [1][-]{section.Alph0.32}{\376\377\000L\000e\000m\000m\000a\000\040\0009\000.\0007\000:\000\040\000S\000o\000b\000o\000l\000e\000v\000\040\000I\000n\000e\000q\000u\000a\000l\000i\000t\000y\000\040\000i\000n\000\040\000L\000a\000m\000p\000h\000r\000o\000d\000y\000n\000a\000m\000i\000c\000\040\000V\000a\000r\000i\000a\000b\000l\000e\000s}{chapter.14}% 171
\BOOKMARK [1][-]{section.Alph0.33}{\376\377\000L\000e\000m\000m\000a\000\040\0001\0000\000.\0005\000:\000\040\000A\000\040\000P\000r\000i\000o\000r\000i\000\040\000E\000n\000e\000r\000g\000y\000\040\000E\000s\000t\000i\000m\000a\000t\000e}{chapter.14}% 172
\BOOKMARK [1][-]{section.Alph0.34}{\376\377\000L\000e\000m\000m\000a\000\040\0001\0001\000.\0008\000:\000\040\000L\000o\000c\000a\000l\000\040\000E\000x\000i\000s\000t\000e\000n\000c\000e\000\040\000f\000o\000r\000\040\000t\000h\000e\000\040\000N\000o\000n\000l\000i\000n\000e\000a\000r\000\040\000S\000y\000s\000t\000e\000m}{chapter.14}% 173
\BOOKMARK [1][-]{section.Alph0.35}{\376\377\000E\000n\000d\000\040\000o\000f\000\040\000A\000p\000p\000e\000n\000d\000i\000x\000\040\000E}{chapter.14}% 174
