\BOOKMARK [-1][-]{part.1}{\376\377\000I\000\040\000F\000o\000u\000n\000d\000a\000t\000i\000o\000n\000s}{}% 1
\BOOKMARK [0][-]{chapter*.2}{\376\377\000I\000n\000t\000r\000o\000d\000u\000c\000t\000i\000o\000n\000\040\000t\000o\000\040\000P\000a\000r\000t\000\040\000I}{part.1}% 2
\BOOKMARK [0][-]{chapter.1}{\376\377\000I\000n\000t\000r\000o\000d\000u\000c\000t\000i\000o\000n\000:\000\040\000W\000h\000y\000\040\000D\000e\000l\000t\000a\040\023\000S\000i\000g\000m\000a\000?\000\040\000W\000h\000y\000\040\000N\000o\000w\000?}{part.1}% 3
\BOOKMARK [0][-]{chapter.2}{\376\377\000S\000i\000g\000n\000a\000l\000s\000\040\000a\000s\000\040\000F\000i\000e\000l\000d\000s\000,\000\040\000Q\000u\000a\000n\000t\000i\000z\000a\000t\000i\000o\000n\000\040\000a\000s\000\040\000D\000y\000n\000a\000m\000i\000c\000s}{part.1}% 4
\BOOKMARK [0][-]{chapter.3}{\376\377\000C\000l\000a\000s\000s\000i\000c\000a\000l\000\040\000D\000e\000l\000t\000a\040\023\000S\000i\000g\000m\000a\000\040\000M\000o\000d\000u\000l\000a\000t\000i\000o\000n}{part.1}% 5
\BOOKMARK [-1][-]{part.2}{\376\377\000I\000I\000\040\000R\000S\000V\000P\000-\000I\000n\000s\000p\000i\000r\000e\000d\000\040\000R\000e\000f\000o\000r\000m\000u\000l\000a\000t\000i\000o\000n}{}% 6
\BOOKMARK [0][-]{chapter*.3}{\376\377\000I\000n\000t\000r\000o\000d\000u\000c\000t\000i\000o\000n\000\040\000t\000o\000\040\000P\000a\000r\000t\000\040\000I\000I}{part.2}% 7
\BOOKMARK [0][-]{chapter.4}{\376\377\000E\000n\000t\000r\000o\000p\000y\000\040\000S\000h\000a\000p\000i\000n\000g\000\040\000a\000s\000\040\000t\000h\000e\000\040\000C\000o\000r\000e\000\040\000M\000e\000c\000h\000a\000n\000i\000s\000m}{part.2}% 8
\BOOKMARK [0][-]{chapter.5}{\376\377\000F\000l\000o\000w\000\040\000D\000y\000n\000a\000m\000i\000c\000s\000\040\000o\000f\000\040\000D\000e\000l\000t\000a\040\023\000S\000i\000g\000m\000a\000\040\000L\000o\000o\000p\000s}{part.2}% 9
\BOOKMARK [0][-]{chapter.6}{\376\377\000M\000a\000n\000i\000f\000o\000l\000d\040\023\000A\000l\000i\000g\000n\000e\000d\000\040\000R\000e\000p\000r\000e\000s\000e\000n\000t\000a\000t\000i\000o\000n\000s}{part.2}% 10
\BOOKMARK [1][-]{section.6.1}{\376\377\0006\000.\0001\000\040\000S\000i\000g\000n\000a\000l\000s\000\040\000E\000v\000o\000l\000v\000i\000n\000g\000\040\000o\000n\000\040\000S\000m\000o\000o\000t\000h\000\040\000M\000a\000n\000i\000f\000o\000l\000d\000s}{chapter.6}% 11
\BOOKMARK [1][-]{section.6.2}{\376\377\0006\000.\0002\000\040\000M\000a\000n\000i\000f\000o\000l\000d\000\040\000P\000r\000o\000j\000e\000c\000t\000i\000o\000n\000\040\000a\000n\000d\000\040\000R\000e\000t\000r\000a\000c\000t\000i\000o\000n\000s}{chapter.6}% 12
\BOOKMARK [1][-]{section.6.3}{\376\377\0006\000.\0003\000\040\000T\000a\000n\000g\000e\000n\000t\040\023\000S\000p\000a\000c\000e\000\040\000C\000o\000n\000f\000i\000n\000e\000m\000e\000n\000t\000\040\000o\000f\000\040\000P\000r\000e\000d\000i\000c\000t\000i\000o\000n\000\040\000E\000r\000r\000o\000r}{chapter.6}% 13
\BOOKMARK [1][-]{section.6.4}{\376\377\0006\000.\0004\000\040\000M\000a\000n\000i\000f\000o\000l\000d\040\023\000A\000l\000i\000g\000n\000e\000d\000\040\000D\000e\000l\000t\000a\040\023\000S\000i\000g\000m\000a\000\040\000D\000y\000n\000a\000m\000i\000c\000s}{chapter.6}% 14
\BOOKMARK [1][-]{section.6.5}{\376\377\0006\000.\0005\000\040\000R\000e\000l\000a\000t\000i\000o\000n\000\040\000t\000o\000\040\000G\000e\000n\000e\000r\000a\000t\000i\000v\000e\000\040\000M\000a\000n\000i\000f\000o\000l\000d\000\040\000L\000e\000a\000r\000n\000i\000n\000g}{chapter.6}% 15
\BOOKMARK [1][-]{section.6.6}{\376\377\0006\000.\0006\000\040\000R\000e\000c\000u\000r\000s\000i\000v\000e\000\040\000I\000n\000t\000r\000i\000n\000s\000i\000c\000\040\000C\000o\000h\000e\000r\000e\000n\000c\000e\000\040\000a\000n\000d\000\040\000C\000L\000I\000O}{chapter.6}% 16
\BOOKMARK [1][-]{section.6.7}{\376\377\0006\000.\0007\000\040\000S\000u\000m\000m\000a\000r\000y}{chapter.6}% 17
\BOOKMARK [-1][-]{part.3}{\376\377\000I\000I\000I\000\040\000E\000n\000g\000i\000n\000e\000e\000r\000i\000n\000g\000\040\000t\000h\000e\000\040\000M\000o\000d\000u\000l\000a\000t\000o\000r}{}% 18
\BOOKMARK [0][-]{chapter*.4}{\376\377\000I\000n\000t\000r\000o\000d\000u\000c\000t\000i\000o\000n\000\040\000t\000o\000\040\000P\000a\000r\000t\000\040\000I\000I\000I}{part.3}% 19
\BOOKMARK [0][-]{chapter.7}{\376\377\000F\000i\000r\000s\000t\040\023\000O\000r\000d\000e\000r\000\040\000D\000e\000l\000t\000a\040\023\000S\000i\000g\000m\000a\000\040\000M\000o\000d\000u\000l\000a\000t\000o\000r\000s\000:\000\040\000A\000\040\000C\000o\000m\000p\000l\000e\000t\000e\000\040\000F\000i\000e\000l\000d\040\023\000T\000h\000e\000o\000r\000e\000t\000i\000c\000\040\000a\000n\000d\000\040\000G\000e\000o\000m\000e\000t\000r\000i\000c\000\040\000A\000n\000a\000l\000y\000s\000i\000s}{part.3}% 20
\BOOKMARK [1][-]{section.7.1}{\376\377\0007\000.\0001\000\040\000C\000l\000a\000s\000s\000i\000c\000a\000l\000\040\000F\000o\000r\000m\000u\000l\000a\000t\000i\000o\000n\000\040\000o\000f\000\040\000t\000h\000e\000\040\000F\000i\000r\000s\000t\040\023\000O\000r\000d\000e\000r\000\040\000M\000o\000d\000u\000l\000a\000t\000o\000r}{chapter.7}% 21
\BOOKMARK [1][-]{section.7.2}{\376\377\0007\000.\0002\000\040\000E\000n\000t\000r\000o\000p\000y\000\040\000F\000i\000e\000l\000d\000\040\000I\000n\000t\000e\000r\000p\000r\000e\000t\000a\000t\000i\000o\000n}{chapter.7}% 22
\BOOKMARK [1][-]{section.7.3}{\376\377\0007\000.\0003\000\040\000G\000e\000o\000m\000e\000t\000r\000i\000c\000\040\000S\000t\000r\000u\000c\000t\000u\000r\000e\000\040\000a\000n\000d\000\040\000E\000r\000r\000o\000r\000\040\000C\000u\000r\000v\000a\000t\000u\000r\000e}{chapter.7}% 23
\BOOKMARK [1][-]{section.7.4}{\376\377\0007\000.\0004\000\040\000S\000t\000a\000b\000i\000l\000i\000t\000y\000\040\000v\000i\000a\000\040\000L\000y\000a\000p\000u\000n\000o\000v\000\040\000A\000n\000a\000l\000y\000s\000i\000s}{chapter.7}% 24
\BOOKMARK [1][-]{section.7.5}{\376\377\0007\000.\0005\000\040\000I\000n\000f\000o\000r\000m\000a\000t\000i\000o\000n\040\023\000G\000e\000o\000m\000e\000t\000r\000i\000c\000\040\000I\000n\000t\000e\000r\000p\000r\000e\000t\000a\000t\000i\000o\000n}{chapter.7}% 25
\BOOKMARK [1][-]{section.7.6}{\376\377\0007\000.\0006\000\040\000F\000i\000r\000s\000t\040\023\000O\000r\000d\000e\000r\000\040\000M\000o\000d\000u\000l\000a\000t\000i\000o\000n\000\040\000a\000s\000\040\000L\000a\000m\000p\000h\000r\000o\000d\000y\000n\000a\000m\000i\000c\000\040\000F\000l\000o\000w}{chapter.7}% 26
\BOOKMARK [1][-]{section.7.7}{\376\377\0007\000.\0007\000\040\000S\000u\000m\000m\000a\000r\000y}{chapter.7}% 27
\BOOKMARK [0][-]{chapter.8}{\376\377\000H\000i\000g\000h\000e\000r\040\023\000O\000r\000d\000e\000r\000\040\000D\000e\000l\000t\000a\040\023\000S\000i\000g\000m\000a\000\040\000M\000o\000d\000u\000l\000a\000t\000o\000r\000s}{part.3}% 28
\BOOKMARK [1][-]{section.8.1}{\376\377\0008\000.\0001\000\040\000T\000h\000e\000\040\000G\000e\000n\000e\000r\000a\000l\000\040\000\050\000L\000\051\000t\000h\040\023\000O\000r\000d\000e\000r\000\040\000S\000t\000a\000t\000e\000\040\000S\000p\000a\000c\000e}{chapter.8}% 29
\BOOKMARK [1][-]{section.8.2}{\376\377\0008\000.\0002\000\040\000G\000e\000o\000m\000e\000t\000r\000y\000\040\000o\000f\000\040\000P\000i\000e\000c\000e\000w\000i\000s\000e\040\023\000L\000i\000n\000e\000a\000r\000\040\000F\000l\000o\000w\000s}{chapter.8}% 30
\BOOKMARK [1][-]{section.8.3}{\376\377\0008\000.\0003\000\040\000S\000e\000c\000o\000n\000d\040\023\000O\000r\000d\000e\000r\000\040\000G\000e\000o\000m\000e\000t\000r\000y\000:\000\040\000P\000a\000r\000a\000b\000o\000l\000i\000c\000\040\000a\000n\000d\000\040\000S\000h\000e\000a\000r\000\040\000D\000y\000n\000a\000m\000i\000c\000s}{chapter.8}% 31
\BOOKMARK [1][-]{section.8.4}{\376\377\0008\000.\0004\000\040\000P\000o\000i\000n\000c\000a\000r\000\351\000\040\000M\000a\000p\000s\000\040\000a\000n\000d\000\040\000B\000i\000f\000u\000r\000c\000a\000t\000i\000o\000n\000s}{chapter.8}% 32
\BOOKMARK [1][-]{section.8.5}{\376\377\0008\000.\0005\000\040\000T\000h\000i\000r\000d\040\023\000O\000r\000d\000e\000r\000\040\000a\000n\000d\000\040\000B\000e\000y\000o\000n\000d\000:\000\040\000C\000u\000b\000i\000c\000\040\000a\000n\000d\000\040\000H\000i\000g\000h\000e\000r\000\040\000I\000n\000v\000a\000r\000i\000a\000n\000t\000s}{chapter.8}% 33
\BOOKMARK [1][-]{section.8.6}{\376\377\0008\000.\0006\000\040\000L\000y\000a\000p\000u\000n\000o\000v\000\040\000S\000t\000a\000b\000i\000l\000i\000t\000y\000\040\000f\000o\000r\000\040\000H\000i\000g\000h\000e\000r\040\023\000O\000r\000d\000e\000r\000\040\000S\000y\000s\000t\000e\000m\000s}{chapter.8}% 34
\BOOKMARK [1][-]{section.8.7}{\376\377\0008\000.\0007\000\040\000D\000i\000s\000s\000i\000p\000a\000t\000i\000v\000i\000t\000y\000\040\000a\000n\000d\000\040\000t\000h\000e\000\040\000W\000i\000l\000l\000e\000m\000s\000\040\000C\000o\000n\000d\000i\000t\000i\000o\000n}{chapter.8}% 35
\BOOKMARK [1][-]{section.8.8}{\376\377\0008\000.\0008\000\040\000S\000l\000o\000p\000e\040\023\000R\000e\000s\000t\000r\000i\000c\000t\000e\000d\000\040\000N\000o\000n\000l\000i\000n\000e\000a\000r\000i\000t\000i\000e\000s\000\040\000a\000n\000d\000\040\000Z\000a\000m\000e\000s\040\023\000F\000a\000l\000b\000\040\000T\000h\000e\000o\000r\000y}{chapter.8}% 36
\BOOKMARK [1][-]{section.8.9}{\376\377\0008\000.\0009\000\040\000D\000e\000r\000i\000v\000e\000d\040\023\000G\000e\000o\000m\000e\000t\000r\000i\000c\000\040\000I\000n\000t\000e\000r\000p\000r\000e\000t\000a\000t\000i\000o\000n}{chapter.8}% 37
\BOOKMARK [1][-]{section.8.10}{\376\377\0008\000.\0001\0000\000\040\000S\000u\000m\000m\000a\000r\000y}{chapter.8}% 38
\BOOKMARK [0][-]{chapter.9}{\376\377\000Q\000u\000a\000n\000t\000i\000z\000e\000r\000s\000\040\000a\000s\000\040\000N\000o\000n\000l\000i\000n\000e\000a\000r\000\040\000F\000i\000e\000l\000d\000\040\000O\000p\000e\000r\000a\000t\000o\000r\000s}{part.3}% 39
\BOOKMARK [1][-]{section.9.1}{\376\377\000Q\000u\000a\000n\000t\000i\000z\000e\000r\000s\000\040\000a\000s\000\040\000S\000y\000m\000b\000o\000l\000i\000c\000\040\000C\000o\000l\000l\000a\000p\000s\000e\000\040\000M\000a\000p\000s}{chapter.9}% 40
\BOOKMARK [1][-]{section.9.2}{\376\377\000P\000i\000e\000c\000e\000w\000i\000s\000e\000-\000S\000m\000o\000o\000t\000h\000\040\000V\000e\000c\000t\000o\000r\000\040\000F\000i\000e\000l\000d\000s\000\040\000a\000n\000d\000\040\000Q\000u\000a\000n\000t\000i\000z\000e\000r\000\040\000B\000o\000u\000n\000d\000a\000r\000i\000e\000s}{chapter.9}% 41
\BOOKMARK [1][-]{section.9.3}{\376\377\000E\000n\000t\000r\000o\000p\000y\000\040\000C\000o\000l\000l\000a\000p\000s\000e\000\040\000a\000n\000d\000\040\000t\000h\000e\000\040\000L\000a\000m\000p\000h\000r\000o\000d\000y\000n\000a\000m\000i\000c\000\040\000I\000n\000t\000e\000r\000p\000r\000e\000t\000a\000t\000i\000o\000n}{chapter.9}% 42
\BOOKMARK [1][-]{section.9.4}{\376\377\000A\000\040\000C\000a\000t\000a\000s\000t\000r\000o\000p\000h\000e\000-\000T\000h\000e\000o\000r\000e\000t\000i\000c\000\040\000F\000r\000a\000m\000e\000w\000o\000r\000k\000\040\000f\000o\000r\000\040\000Q\000u\000a\000n\000t\000i\000z\000e\000r\000-\000I\000n\000d\000u\000c\000e\000d\000\040\000I\000n\000s\000t\000a\000b\000i\000l\000i\000t\000y}{chapter.9}% 43
\BOOKMARK [1][-]{section.9.5}{\376\377\000D\000i\000s\000s\000i\000p\000a\000t\000i\000v\000i\000t\000y\000\040\000a\000n\000d\000\040\000B\000o\000u\000n\000d\000e\000d\000n\000e\000s\000s\000\040\000o\000f\000\040\000Q\000u\000a\000n\000t\000i\000z\000e\000r\000\040\000D\000y\000n\000a\000m\000i\000c\000s}{chapter.9}% 44
\BOOKMARK [1][-]{section.9.6}{\376\377\000Q\000u\000a\000n\000t\000i\000z\000e\000r\000s\000\040\000a\000s\000\040\000D\000e\000r\000i\000v\000e\000d\000\040\000F\000i\000b\000e\000r\000\040\000P\000r\000o\000d\000u\000c\000t\000s}{chapter.9}% 45
\BOOKMARK [1][-]{section.9.7}{\376\377\000C\000o\000n\000c\000l\000u\000s\000i\000o\000n}{chapter.9}% 46
\BOOKMARK [0][-]{chapter.10}{\376\377\000D\000e\000l\000t\000a\040\023\000S\000i\000g\000m\000a\000\040\000M\000o\000d\000u\000l\000a\000t\000o\000r\000s\000\040\000a\000s\000\040\000P\000h\000y\000s\000i\000c\000a\000l\000\040\000O\000b\000s\000e\000r\000v\000e\000r\000s\000:\000\040\000P\000r\000o\000j\000e\000c\000t\000i\000o\000n\000,\000\040\000C\000o\000l\000l\000a\000p\000s\000e\000,\000\040\000a\000n\000d\000\040\000R\000e\000c\000o\000n\000s\000t\000r\000u\000c\000t\000i\000o\000n}{part.3}% 47
\BOOKMARK [-1][-]{part.4}{\376\377\000I\000V\000\040\000A\000d\000v\000a\000n\000c\000e\000d\000\040\000T\000h\000e\000m\000e\000s}{}% 48
\BOOKMARK [0][-]{chapter*.5}{\376\377\000I\000n\000t\000r\000o\000d\000u\000c\000t\000i\000o\000n\000\040\000t\000o\000\040\000P\000a\000r\000t\000\040\000I\000V}{part.4}% 49
\BOOKMARK [0][-]{chapter.11}{\376\377\000S\000t\000a\000b\000i\000l\000i\000t\000y\000\040\000o\000f\000\040\000D\000e\000l\000t\000a\040\023\000S\000i\000g\000m\000a\000\040\000M\000o\000d\000u\000l\000a\000t\000o\000r\000s\000:\000\040\000C\000l\000a\000s\000s\000i\000c\000a\000l\000\040\000a\000n\000d\000\040\000F\000i\000e\000l\000d\040\023\000T\000h\000e\000o\000r\000e\000t\000i\000c\000\040\000C\000r\000i\000t\000e\000r\000i\000a}{part.4}% 50
\BOOKMARK [0][-]{chapter.12}{\376\377\000D\000e\000l\000t\000a\040\023\000S\000i\000g\000m\000a\000\040\000M\000o\000d\000u\000l\000a\000t\000i\000o\000n\000\040\000a\000s\000\040\000M\000e\000a\000s\000u\000r\000e\000m\000e\000n\000t\000\040\000a\000n\000d\000\040\000R\000e\000c\000o\000n\000s\000t\000r\000u\000c\000t\000i\000o\000n}{part.4}% 51
\BOOKMARK [0][-]{chapter.13}{\376\377\000U\000n\000i\000f\000i\000e\000d\000\040\000S\000t\000a\000b\000i\000l\000i\000t\000y\000\040\000T\000h\000e\000o\000r\000y\000\040\000f\000o\000r\000\040\000D\000e\000l\000t\000a\040\023\000S\000i\000g\000m\000a\000\040\000M\000o\000d\000u\000l\000a\000t\000o\000r\000s}{part.4}% 52
\BOOKMARK [0][-]{chapter.14}{\376\377\000N\000o\000n\000l\000i\000n\000e\000a\000r\000\040\000a\000n\000d\000\040\000C\000h\000a\000o\000t\000i\000c\000\040\000D\000e\000l\000t\000a\040\023\000S\000i\000g\000m\000a\000\040\000S\000y\000s\000t\000e\000m\000s}{part.4}% 53
\BOOKMARK [0][-]{chapter.15}{\376\377\000M\000u\000l\000t\000i\000-\000C\000h\000a\000n\000n\000e\000l\000\040\000a\000n\000d\000\040\000M\000I\000M\000O\000\040\000D\000e\000l\000t\000a\040\023\000S\000i\000g\000m\000a\000\040\000M\000o\000d\000u\000l\000a\000t\000i\000o\000n}{part.4}% 54
\BOOKMARK [-1][-]{part.5}{\376\377\000V\000\040\000A\000p\000p\000l\000i\000c\000a\000t\000i\000o\000n\000s\000\040\000a\000n\000d\000\040\000D\000e\000s\000i\000g\000n\000\040\000B\000l\000u\000e\000p\000r\000i\000n\000t\000s}{}% 55
\BOOKMARK [0][-]{chapter*.6}{\376\377\000I\000n\000t\000r\000o\000d\000u\000c\000t\000i\000o\000n\000\040\000t\000o\000\040\000P\000a\000r\000t\000\040\000V}{part.5}% 56
\BOOKMARK [0][-]{chapter.16}{\376\377\000A\000u\000d\000i\000o\000\040\000a\000n\000d\000\040\000H\000i\000g\000h\000-\000F\000i\000d\000e\000l\000i\000t\000y\000\040\000A\000p\000p\000l\000i\000c\000a\000t\000i\000o\000n\000s}{part.5}% 57
\BOOKMARK [0][-]{chapter.17}{\376\377\000P\000r\000e\000c\000i\000s\000i\000o\000n\000\040\000S\000e\000n\000s\000o\000r\000s\000\040\000a\000n\000d\000\040\000S\000c\000i\000e\000n\000t\000i\000f\000i\000c\000\040\000I\000n\000s\000t\000r\000u\000m\000e\000n\000t\000a\000t\000i\000o\000n}{part.5}% 58
\BOOKMARK [0][-]{chapter.18}{\376\377\000P\000o\000w\000e\000r\000\040\000E\000l\000e\000c\000t\000r\000o\000n\000i\000c\000s\000\040\000a\000n\000d\000\040\000C\000o\000n\000t\000r\000o\000l\000\040\000S\000y\000s\000t\000e\000m\000s}{part.5}% 59
\BOOKMARK [0][-]{chapter.19}{\376\377\000E\000m\000b\000e\000d\000d\000e\000d\000\040\000a\000n\000d\000\040\000R\000e\000a\000l\000-\000T\000i\000m\000e\000\040\000S\000y\000s\000t\000e\000m\000s}{part.5}% 60
\BOOKMARK [-1][-]{part.6}{\376\377\000V\000I\000\040\000U\000n\000i\000f\000i\000c\000a\000t\000i\000o\000n\000\040\000a\000n\000d\000\040\000F\000u\000t\000u\000r\000e\000\040\000D\000i\000r\000e\000c\000t\000i\000o\000n\000s}{}% 61
\BOOKMARK [0][-]{chapter*.7}{\376\377\000I\000n\000t\000r\000o\000d\000u\000c\000t\000i\000o\000n\000\040\000t\000o\000\040\000P\000a\000r\000t\000\040\000V\000I}{part.6}% 62
\BOOKMARK [0][-]{chapter.20}{\376\377\000T\000h\000e\000\040\000R\000S\000V\000P\000\040\000I\000n\000t\000e\000r\000p\000r\000e\000t\000a\000t\000i\000o\000n\000\040\000o\000f\000\040\000D\000a\000t\000a\000\040\000C\000o\000n\000v\000e\000r\000s\000i\000o\000n}{part.6}% 63
\BOOKMARK [0][-]{chapter.21}{\376\377\000T\000o\000w\000a\000r\000d\000\040\000a\000\040\000G\000e\000n\000e\000r\000a\000l\000\040\000T\000h\000e\000o\000r\000y\000\040\000o\000f\000\040\000D\000i\000s\000c\000r\000e\000t\000e\000\040\000F\000i\000e\000l\000d\000\040\000S\000a\000m\000p\000l\000i\000n\000g}{part.6}% 64
\BOOKMARK [0][-]{chapter.22}{\376\377\000F\000u\000t\000u\000r\000e\000\040\000R\000e\000s\000e\000a\000r\000c\000h\000\040\000D\000i\000r\000e\000c\000t\000i\000o\000n\000s}{part.6}% 65
\BOOKMARK [-1][-]{part.7}{\376\377\000V\000I\000I\000\040\000D\000e\000l\000t\000a\040\023\000S\000i\000g\000m\000a\000\040\000a\000s\000\040\000G\000e\000n\000e\000r\000a\000l\000i\000z\000e\000d\000\040\000I\000n\000f\000e\000r\000e\000n\000c\000e}{}% 66
\BOOKMARK [0][-]{chapter*.8}{\376\377\000I\000n\000t\000r\000o\000d\000u\000c\000t\000i\000o\000n\000\040\000t\000o\000\040\000P\000a\000r\000t\000\040\000V\000I\000I}{part.7}% 67
\BOOKMARK [0][-]{chapter.23}{\376\377\000D\000e\000l\000t\000a\040\023\000S\000i\000g\000m\000a\000\040\000a\000s\000\040\000A\000c\000t\000i\000v\000e\000\040\000I\000n\000f\000e\000r\000e\000n\000c\000e}{part.7}% 68
\BOOKMARK [0][-]{chapter.24}{\376\377\000S\000e\000m\000a\000n\000t\000i\000c\000\040\000Q\000u\000a\000n\000t\000i\000z\000a\000t\000i\000o\000n\000\040\000a\000n\000d\000\040\000S\000y\000m\000b\000o\000l\000i\000c\000\040\000C\000o\000l\000l\000a\000p\000s\000e}{part.7}% 69
\BOOKMARK [0][-]{chapter.25}{\376\377\000T\000h\000e\000\040\000G\000e\000o\000m\000e\000t\000r\000y\000\040\000o\000f\000\040\000E\000r\000r\000o\000r\000:\000\040\000C\000u\000r\000v\000e\000d\000\040\000M\000a\000n\000i\000f\000o\000l\000d\000s\000\040\000a\000n\000d\000\040\000D\000e\000l\000t\000a\040\023\000S\000i\000g\000m\000a\000\040\000L\000o\000o\000p\000s}{part.7}% 70
\BOOKMARK [0][-]{chapter.26}{\376\377\000L\000a\000m\000p\000h\000r\000o\000d\000y\000n\000a\000m\000i\000c\000\040\000R\000e\000l\000a\000x\000a\000t\000i\000o\000n\000\040\000a\000n\000d\000\040\000E\000n\000t\000r\000o\000p\000y\000\040\000D\000e\000s\000c\000e\000n\000t}{part.7}% 71
\BOOKMARK [0][-]{chapter.27}{\376\377\000C\000L\000I\000O\000,\000\040\000R\000e\000c\000u\000r\000s\000i\000v\000e\000\040\000C\000o\000h\000e\000r\000e\000n\000c\000e\000,\000\040\000a\000n\000d\000\040\000D\000e\000l\000t\000a\040\023\000S\000i\000g\000m\000a\000\040\000F\000e\000e\000d\000b\000a\000c\000k}{part.7}% 72
\BOOKMARK [-1][-]{part.8}{\376\377\000V\000I\000I\000I\000\040\000G\000e\000n\000e\000r\000a\000l\000\040\000P\000h\000y\000s\000i\000c\000s\000\040\000o\000f\000\040\000M\000e\000a\000s\000u\000r\000e\000m\000e\000n\000t\000\040\000a\000n\000d\000\040\000F\000e\000e\000d\000b\000a\000c\000k}{}% 73
\BOOKMARK [0][-]{chapter*.9}{\376\377\000I\000n\000t\000r\000o\000d\000u\000c\000t\000i\000o\000n\000\040\000t\000o\000\040\000P\000a\000r\000t\000\040\000V\000I\000I\000I}{part.8}% 74
\BOOKMARK [0][-]{chapter.28}{\376\377\000T\000h\000e\000\040\000P\000h\000y\000s\000i\000c\000s\000\040\000o\000f\000\040\000M\000e\000a\000s\000u\000r\000e\000m\000e\000n\000t\000:\000\040\000R\000S\000V\000P\000\040\000a\000n\000d\000\040\000D\000e\000l\000t\000a\040\023\000S\000i\000g\000m\000a\000\040\000U\000n\000i\000f\000i\000c\000a\000t\000i\000o\000n}{part.8}% 75
\BOOKMARK [0][-]{chapter.29}{\376\377\000E\000n\000t\000r\000o\000p\000y\000\040\000E\000c\000o\000l\000o\000g\000y\000\040\000a\000n\000d\000\040\000N\000o\000i\000s\000e\000\040\000R\000o\000u\000t\000i\000n\000g}{part.8}% 76
\BOOKMARK [0][-]{chapter.30}{\376\377\000D\000e\000r\000i\000v\000e\000d\000\040\000G\000e\000o\000m\000e\000t\000r\000y\000\040\000a\000n\000d\000\040\000D\000i\000s\000c\000r\000e\000t\000e\000\040\000M\000e\000a\000s\000u\000r\000e\000m\000e\000n\000t}{part.8}% 77
\BOOKMARK [0][-]{chapter.31}{\376\377\003\224\003\243\000\040\000M\000o\000d\000u\000l\000a\000t\000o\000r\000s\000\040\000a\000s\000\040\000T\000h\000e\000r\000m\000o\000d\000y\000n\000a\000m\000i\000c\000\040\000E\000n\000g\000i\000n\000e\000s}{part.8}% 78
\BOOKMARK [0][-]{chapter.32}{\376\377\000C\000o\000n\000t\000i\000n\000u\000o\000u\000s\000-\000T\000i\000m\000e\000\040\003\224\003\243\000\040\000a\000n\000d\000\040\000F\000i\000e\000l\000d\000-\000T\000h\000e\000o\000r\000e\000t\000i\000c\000\040\000L\000i\000m\000i\000t\000s}{part.8}% 79
\BOOKMARK [-1][-]{part.9}{\376\377\000I\000X\000\040\000B\000e\000y\000o\000n\000d\000\040\000E\000n\000g\000i\000n\000e\000e\000r\000i\000n\000g\000:\000\040\003\224\003\243\000\040\000i\000n\000\040\000N\000a\000t\000u\000r\000a\000l\000\040\000a\000n\000d\000\040\000A\000r\000t\000i\000f\000i\000c\000i\000a\000l\000\040\000S\000y\000s\000t\000e\000m\000s}{}% 80
\BOOKMARK [0][-]{chapter*.10}{\376\377\000I\000n\000t\000r\000o\000d\000u\000c\000t\000i\000o\000n\000\040\000t\000o\000\040\000P\000a\000r\000t\000\040\000I\000X}{part.9}% 81
\BOOKMARK [0][-]{chapter.33}{\376\377\000B\000i\000o\000l\000o\000g\000i\000c\000a\000l\000\040\000S\000e\000n\000s\000i\000n\000g\000\040\000a\000s\000\040\000D\000e\000l\000t\000a\040\023\000S\000i\000g\000m\000a\000\040\000M\000o\000d\000u\000l\000a\000t\000i\000o\000n}{part.9}% 82
\BOOKMARK [0][-]{chapter.34}{\376\377\000C\000o\000g\000n\000i\000t\000i\000v\000e\000\040\000C\000o\000h\000e\000r\000e\000n\000c\000e\000\040\000a\000n\000d\000\040\000S\000y\000m\000b\000o\000l\000i\000c\000\040\000P\000r\000e\000d\000i\000c\000t\000i\000o\000n}{part.9}% 83
\BOOKMARK [0][-]{chapter.35}{\376\377\000S\000e\000m\000a\000n\000t\000i\000c\000\040\000C\000o\000m\000p\000r\000e\000s\000s\000i\000o\000n\000\040\000i\000n\000\040\000L\000a\000r\000g\000e\000-\000S\000c\000a\000l\000e\000\040\000A\000I}{part.9}% 84
\BOOKMARK [0][-]{chapter.36}{\376\377\000A\000c\000t\000i\000v\000e\000\040\000C\000o\000n\000t\000r\000o\000l\000,\000\040\000A\000g\000e\000n\000c\000y\000,\000\040\000a\000n\000d\000\040\000A\000d\000a\000p\000t\000i\000v\000e\000\040\000M\000e\000a\000s\000u\000r\000e\000m\000e\000n\000t}{part.9}% 85
\BOOKMARK [0][-]{chapter.37}{\376\377\000T\000o\000w\000a\000r\000d\000\040\000a\000\040\000G\000e\000n\000e\000r\000a\000l\000\040\000T\000h\000e\000o\000r\000y\000\040\000o\000f\000\040\000C\000o\000h\000e\000r\000e\000n\000t\000\040\000S\000y\000s\000t\000e\000m\000s}{part.9}% 86
\BOOKMARK [0][-]{chapter.38}{\376\377\000C\000o\000n\000c\000l\000u\000d\000i\000n\000g\000\040\000O\000b\000s\000e\000r\000v\000a\000t\000i\000o\000n\000s\000\040\000a\000n\000d\000\040\000I\000m\000p\000l\000i\000c\000a\000t\000i\000o\000n\000s}{part.9}% 87
\BOOKMARK [0][-]{chapter.39}{\376\377\000F\000u\000t\000u\000r\000e\000\040\000D\000i\000r\000e\000c\000t\000i\000o\000n\000s\000\040\000a\000n\000d\000\040\000O\000p\000e\000n\000\040\000Q\000u\000e\000s\000t\000i\000o\000n\000s}{part.9}% 88
\BOOKMARK [0][-]{chapter.40}{\376\377\000T\000h\000e\000\040\000C\000a\000l\000l\000\040\000f\000r\000o\000m\000\040\000A\000n\000k\000y\000r\000a\000:\000\040\000A\000\040\000S\000c\000r\000e\000e\000n\000p\000l\000a\000y\000\040\000F\000r\000a\000m\000e\000w\000o\000r\000k}{part.9}% 89
\BOOKMARK [0][-]{appendix.A}{\376\377\000M\000a\000t\000h\000e\000m\000a\000t\000i\000c\000a\000l\000\040\000P\000r\000o\000o\000f\000s\000\040\000o\000f\000\040\000S\000t\000a\000b\000i\000l\000i\000t\000y\000\040\000a\000n\000d\000\040\000N\000o\000i\000s\000e\000-\000S\000h\000a\000p\000i\000n\000g\000\040\000B\000o\000u\000n\000d\000s}{part.9}% 90
\BOOKMARK [1][-]{section.A.1}{\376\377\000A\000.\0001\000\040\000T\000h\000e\000\040\000F\000u\000n\000d\000a\000m\000e\000n\000t\000a\000l\000\040\000B\000o\000u\000n\000d\000e\000d\000n\000e\000s\000s\000\040\000T\000h\000e\000o\000r\000e\000m}{appendix.A}% 91
\BOOKMARK [1][-]{section.A.2}{\376\377\000A\000.\0002\000\040\000E\000n\000t\000r\000o\000p\000y\000\040\000W\000e\000l\000l\000s\000\040\000a\000n\000d\000\040\000L\000y\000a\000p\000u\000n\000o\000v\000\040\000P\000o\000t\000e\000n\000t\000i\000a\000l\000s}{appendix.A}% 92
\BOOKMARK [1][-]{section.A.3}{\376\377\000A\000.\0003\000\040\000H\000i\000g\000h\000e\000r\000-\000O\000r\000d\000e\000r\000\040\000S\000t\000a\000b\000i\000l\000i\000t\000y\000\040\000a\000n\000d\000\040\000t\000h\000e\000\040\000G\000e\000o\000m\000e\000t\000r\000y\000\040\000o\000f\000\040\000N\000o\000i\000s\000e\000\040\000S\000h\000a\000p\000i\000n\000g}{appendix.A}% 93
\BOOKMARK [1][-]{section.A.4}{\376\377\000A\000.\0004\000\040\000S\000p\000e\000c\000t\000r\000a\000l\000\040\000B\000o\000u\000n\000d\000s\000\040\000o\000n\000\040\000t\000h\000e\000\040\000N\000o\000i\000s\000e\000\040\000T\000r\000a\000n\000s\000f\000e\000r\000\040\000F\000u\000n\000c\000t\000i\000o\000n}{appendix.A}% 94
\BOOKMARK [1][-]{section.A.5}{\376\377\000A\000.\0005\000\040\000I\000n\000v\000a\000r\000i\000a\000n\000t\000\040\000S\000e\000t\000s\000\040\000a\000n\000d\000\040\000C\000o\000n\000t\000r\000a\000c\000t\000i\000v\000e\000\040\000G\000e\000o\000m\000e\000t\000r\000y\000\040\000i\000n\000\040\000D\000e\000l\000t\000a\040\023\000S\000i\000g\000m\000a\000\040\000L\000o\000o\000p\000s}{appendix.A}% 95
\BOOKMARK [1][-]{section.A.6}{\376\377\000A\000.\0006\000\040\000T\000h\000e\000\040\000E\000n\000t\000r\000o\000p\000y\000-\000B\000a\000l\000a\000n\000c\000e\000\040\000C\000o\000n\000d\000i\000t\000i\000o\000n\000\040\000f\000o\000r\000\040\000S\000t\000a\000b\000l\000e\000\040\000M\000o\000d\000u\000l\000a\000t\000i\000o\000n}{appendix.A}% 96
\BOOKMARK [1][-]{section.A.7}{\376\377\000A\000.\0007\000\040\000C\000u\000r\000v\000a\000t\000u\000r\000e\000\040\000a\000n\000d\000\040\000t\000h\000e\000\040\000S\000p\000e\000c\000t\000r\000a\000l\000\040\000R\000a\000d\000i\000u\000s\000\040\000C\000o\000n\000d\000i\000t\000i\000o\000n}{appendix.A}% 97
\BOOKMARK [1][-]{section.A.8}{\376\377\000A\000.\0008\000\040\000T\000h\000e\000\040\000N\000o\000n\000l\000i\000n\000e\000a\000r\000\040\000P\000r\000o\000j\000e\000c\000t\000i\000o\000n\000\040\000L\000e\000m\000m\000a}{appendix.A}% 98
\BOOKMARK [1][-]{section.A.9}{\376\377\000A\000.\0009\000\040\000E\000x\000i\000s\000t\000e\000n\000c\000e\000\040\000o\000f\000\040\000a\000\040\000G\000l\000o\000b\000a\000l\000\040\000A\000t\000t\000r\000a\000c\000t\000o\000r\000\040\000f\000o\000r\000\040\000B\000o\000u\000n\000d\000e\000d\000\040\000I\000n\000p\000u\000t\000s}{appendix.A}% 99
\BOOKMARK [1][-]{section.A.10}{\376\377\000A\000.\0001\0000\000\040\000S\000p\000e\000c\000t\000r\000a\000l\000\040\000F\000a\000c\000t\000o\000r\000i\000z\000a\000t\000i\000o\000n\000\040\000a\000n\000d\000\040\000E\000n\000t\000r\000o\000p\000y\000\040\000C\000u\000r\000v\000a\000t\000u\000r\000e}{appendix.A}% 100
\BOOKMARK [1][-]{section.A.11}{\376\377\000A\000.\0001\0001\000\040\000T\000h\000e\000\040\000G\000e\000n\000e\000r\000a\000l\000\040\000S\000t\000a\000b\000i\000l\000i\000t\000y\000\040\000T\000h\000e\000o\000r\000e\000m\000\040\000f\000o\000r\000\040\000A\000r\000b\000i\000t\000r\000a\000r\000y\000-\000O\000r\000d\000e\000r\000\040\000M\000o\000d\000u\000l\000a\000t\000o\000r\000s}{appendix.A}% 101
\BOOKMARK [1][-]{section.A.12}{\376\377\000A\000.\0001\0002\000\040\000D\000e\000r\000i\000v\000e\000d\000\040\000S\000y\000m\000p\000l\000e\000c\000t\000i\000c\000\040\000S\000t\000r\000u\000c\000t\000u\000r\000e\000s\000\040\000i\000n\000\040\000L\000o\000o\000p\000\040\000S\000t\000a\000b\000i\000l\000i\000t\000y}{appendix.A}% 102
\BOOKMARK [1][-]{section.A.13}{\376\377\000A\000.\0001\0003\000\040\000P\000D\000E\000\040\000I\000n\000t\000e\000r\000p\000r\000e\000t\000a\000t\000i\000o\000n\000\040\000o\000f\000\040\000E\000n\000t\000r\000o\000p\000y\000-\000F\000l\000o\000w\000s\000\040\000i\000n\000\040\000D\000e\000l\000t\000a\040\023\000S\000i\000g\000m\000a\000\040\000M\000o\000d\000u\000l\000a\000t\000i\000o\000n}{appendix.A}% 103
\BOOKMARK [1][-]{section.A.14}{\376\377\000A\000.\0001\0004\000\040\000W\000e\000a\000k\000\040\000a\000n\000d\000\040\000S\000t\000r\000o\000n\000g\000\040\000F\000o\000r\000m\000u\000l\000a\000t\000i\000o\000n\000s\000\040\000o\000f\000\040\000t\000h\000e\000\040\000E\000n\000t\000r\000o\000p\000y\000-\000F\000l\000o\000w\000\040\000P\000D\000E}{appendix.A}% 104
\BOOKMARK [1][-]{section.A.15}{\376\377\000A\000.\0001\0005\000\040\000E\000x\000i\000s\000t\000e\000n\000c\000e\000\040\000a\000n\000d\000\040\000U\000n\000i\000q\000u\000e\000n\000e\000s\000s\000\040\000f\000o\000r\000\040\000t\000h\000e\000\040\000E\000n\000t\000r\000o\000p\000y\000-\000F\000l\000o\000w\000\040\000E\000q\000u\000a\000t\000i\000o\000n}{appendix.A}% 105
\BOOKMARK [1][-]{section.A.16}{\376\377\000A\000.\0001\0006\000\040\000D\000e\000l\000t\000a\040\023\000S\000i\000g\000m\000a\000\040\000M\000o\000d\000u\000l\000a\000t\000i\000o\000n\000\040\000a\000s\000\040\000a\000\040\000D\000i\000s\000c\000r\000e\000t\000i\000z\000e\000d\000\040\000G\000r\000a\000d\000i\000e\000n\000t\000\040\000F\000l\000o\000w}{appendix.A}% 106
\BOOKMARK [1][-]{section.A.17}{\376\377\000A\000.\0001\0007\000\040\000C\000o\000n\000v\000e\000x\000i\000t\000y\000\040\000o\000f\000\040\000t\000h\000e\000\040\000E\000n\000t\000r\000o\000p\000y\000\040\000L\000a\000n\000d\000s\000c\000a\000p\000e\000\040\000a\000n\000d\000\040\000B\000o\000u\000n\000d\000e\000d\000n\000e\000s\000s\000\040\000o\000f\000\040\000T\000r\000a\000j\000e\000c\000t\000o\000r\000i\000e\000s}{appendix.A}% 107
\BOOKMARK [1][-]{section.A.18}{\376\377\000A\000.\0001\0008\000\040\000E\000n\000t\000r\000o\000p\000y\000\040\000R\000o\000u\000t\000i\000n\000g\000\040\000a\000n\000d\000\040\000D\000e\000r\000i\000v\000e\000d\000\040\000C\000o\000r\000r\000e\000c\000t\000i\000o\000n\000s}{appendix.A}% 108
\BOOKMARK [1][-]{section.A.19}{\376\377\000A\000.\0001\0009\000\040\000T\000h\000e\000\040\000U\000n\000l\000i\000m\000i\000t\000e\000d\000-\000O\000r\000d\000e\000r\000\040\000S\000t\000a\000b\000i\000l\000i\000t\000y\000\040\000T\000h\000e\000o\000r\000e\000m}{appendix.A}% 109
\BOOKMARK [1][-]{section.A.20}{\376\377\000A\000.\0002\0000\000\040\000S\000t\000r\000o\000n\000g\000\040\000C\000u\000r\000v\000a\000t\000u\000r\000e\000\040\000B\000o\000u\000n\000d\000s\000\040\000a\000n\000d\000\040\000G\000l\000o\000b\000a\000l\000\040\000C\000o\000n\000v\000e\000r\000g\000e\000n\000c\000e}{appendix.A}% 110
\BOOKMARK [1][-]{section.A.21}{\376\377\000A\000.\0002\0001\000\040\000E\000n\000t\000r\000o\000p\000y\000-\000D\000r\000i\000v\000e\000n\000\040\000C\000o\000n\000t\000r\000o\000l\000\040\000a\000n\000d\000\040\000N\000o\000n\000l\000i\000n\000e\000a\000r\000\040\000Q\000u\000a\000n\000t\000i\000z\000e\000r\000s}{appendix.A}% 111
\BOOKMARK [1][-]{section.A.22}{\376\377\000A\000.\0002\0002\000\040\000E\000q\000u\000i\000v\000a\000l\000e\000n\000c\000e\000\040\000o\000f\000\040\000D\000i\000s\000c\000r\000e\000t\000e\000\040\000a\000n\000d\000\040\000C\000o\000n\000t\000i\000n\000u\000o\000u\000s\000\040\000S\000t\000a\000b\000i\000l\000i\000t\000y\000\040\000C\000r\000i\000t\000e\000r\000i\000a}{appendix.A}% 112
\BOOKMARK [1][-]{section.A.23}{\376\377\000A\000.\0002\0003\000\040\000M\000A\000S\000H\000\040\000A\000r\000c\000h\000i\000t\000e\000c\000t\000u\000r\000e\000s\000\040\000a\000n\000d\000\040\000E\000n\000t\000r\000o\000p\000y\000\040\000F\000a\000c\000t\000o\000r\000i\000z\000a\000t\000i\000o\000n}{appendix.A}% 113
\BOOKMARK [1][-]{section.A.24}{\376\377\000A\000.\0002\0004\000\040\000C\000u\000r\000v\000a\000t\000u\000r\000e\040\023\000D\000r\000i\000v\000e\000n\000\040\000C\000h\000a\000r\000a\000c\000t\000e\000r\000i\000z\000a\000t\000i\000o\000n\000\040\000o\000f\000\040\000D\000e\000l\000t\000a\040\023\000S\000i\000g\000m\000a\000\040\000A\000r\000c\000h\000i\000t\000e\000c\000t\000u\000r\000e\000s}{appendix.A}% 114
\BOOKMARK [1][-]{section.A.25}{\376\377\000A\000.\0002\0005\000\040\000H\000o\000m\000o\000t\000o\000p\000i\000c\000a\000l\000\040\000Q\000u\000a\000n\000t\000i\000z\000a\000t\000i\000o\000n\000\040\000a\000s\000\040\000D\000e\000r\000i\000v\000e\000d\000\040\000P\000r\000o\000j\000e\000c\000t\000i\000o\000n}{appendix.A}% 115
\BOOKMARK [1][-]{section.A.26}{\376\377\000A\000.\0002\0006\000\040\000F\000r\000e\000e\040\023\000E\000n\000e\000r\000g\000y\000\040\000E\000q\000u\000i\000v\000a\000l\000e\000n\000c\000e\000\040\000a\000n\000d\000\040\000G\000e\000n\000e\000r\000a\000l\000i\000z\000e\000d\000\040\000L\000y\000a\000p\000u\000n\000o\000v\000\040\000F\000u\000n\000c\000t\000i\000o\000n\000a\000l\000s}{appendix.A}% 116
\BOOKMARK [1][-]{section.A.27}{\376\377\000A\000.\0002\0007\000\040\000G\000e\000o\000m\000e\000t\000r\000i\000c\000\040\000N\000o\000i\000s\000e\040\023\000S\000h\000a\000p\000i\000n\000g\000\040\000L\000i\000m\000i\000t\000s\000\040\000a\000n\000d\000\040\000O\000p\000t\000i\000m\000a\000l\000\040\000C\000u\000r\000v\000a\000t\000u\000r\000e}{appendix.A}% 117
\BOOKMARK [1][-]{section.A.28}{\376\377\000A\000.\0002\0008\000\040\000T\000o\000w\000a\000r\000d\000\040\000a\000\040\000U\000n\000i\000f\000i\000e\000d\000\040\000C\000u\000r\000v\000a\000t\000u\000r\000e\000\040\000C\000r\000i\000t\000e\000r\000i\000o\000n\000\040\000f\000o\000r\000\040\000S\000t\000a\000b\000i\000l\000i\000t\000y\000\040\000a\000n\000d\000\040\000P\000e\000r\000f\000o\000r\000m\000a\000n\000c\000e}{appendix.A}% 118
\BOOKMARK [1][-]{section.A.29}{\376\377\000A\000.\0002\0009\000\040\000V\000a\000r\000i\000a\000t\000i\000o\000n\000a\000l\000\040\000C\000h\000a\000r\000a\000c\000t\000e\000r\000i\000z\000a\000t\000i\000o\000n\000\040\000o\000f\000\040\000D\000e\000l\000t\000a\040\023\000S\000i\000g\000m\000a\000\040\000M\000o\000d\000u\000l\000a\000t\000i\000o\000n}{appendix.A}% 119
\BOOKMARK [1][-]{section.A.30}{\376\377\000A\000.\0003\0000\000\040\000H\000o\000m\000o\000t\000o\000p\000y\000,\000\040\000C\000o\000h\000e\000r\000e\000n\000c\000e\000,\000\040\000a\000n\000d\000\040\000D\000e\000r\000i\000v\000e\000d\000\040\000L\000y\000a\000p\000u\000n\000o\000v\000\040\000S\000t\000r\000u\000c\000t\000u\000r\000e}{appendix.A}% 120
\BOOKMARK [1][-]{section.A.31}{\376\377\000A\000.\0003\0001\000\040\000G\000e\000o\000m\000e\000t\000r\000i\000c\000\040\000L\000i\000m\000i\000t\000s\000:\000\040\000O\000v\000e\000r\000l\000o\000a\000d\000,\000\040\000S\000u\000r\000g\000e\000,\000\040\000a\000n\000d\000\040\000C\000o\000l\000l\000a\000p\000s\000e}{appendix.A}% 121
\BOOKMARK [1][-]{section.A.32}{\376\377\000A\000.\0003\0002\000\040\000R\000S\000V\000P\000\040\000I\000n\000t\000e\000g\000r\000a\000t\000i\000o\000n\000:\000\040\000S\000c\000a\000l\000a\000r\040\023\000V\000e\000c\000t\000o\000r\040\023\000E\000n\000t\000r\000o\000p\000y\000\040\000D\000e\000c\000o\000m\000p\000o\000s\000i\000t\000i\000o\000n}{appendix.A}% 122
\BOOKMARK [1][-]{section.A.33}{\376\377\000A\000.\0003\0003\000\040\000D\000e\000r\000i\000v\000e\000d\000\040\000M\000a\000p\000p\000i\000n\000g\000\040\000S\000t\000a\000c\000k\000s\000\040\000a\000n\000d\000\040\000M\000e\000a\000s\000u\000r\000e\000m\000e\000n\000t\000\040\000C\000o\000h\000e\000r\000e\000n\000c\000e}{appendix.A}% 123
\BOOKMARK [1][-]{section.A.34}{\376\377\000A\000.\0003\0004\000\040\000L\000i\000m\000i\000t\000s\000\040\000o\000f\000\040\000D\000e\000r\000i\000v\000e\000d\000\040\000C\000o\000h\000e\000r\000e\000n\000c\000e\000\040\000a\000n\000d\000\040\000Q\000u\000a\000n\000t\000i\000z\000a\000t\000i\000o\000n\000\040\000O\000b\000s\000t\000r\000u\000c\000t\000i\000o\000n\000s}{appendix.A}% 124
\BOOKMARK [1][-]{section.A.35}{\376\377\000A\000.\0003\0005\000\040\000G\000l\000o\000b\000a\000l\000\040\000I\000n\000v\000a\000r\000i\000a\000n\000t\000s\000\040\000a\000n\000d\000\040\000t\000h\000e\000\040\000E\000n\000t\000r\000o\000p\000y\040\023\000C\000u\000r\000v\000a\000t\000u\000r\000e\000\040\000P\000r\000o\000d\000u\000c\000t}{appendix.A}% 125
\BOOKMARK [1][-]{section.A.36}{\376\377\000A\000.\0003\0006\000\040\000C\000o\000m\000p\000l\000e\000t\000e\000\040\000C\000h\000a\000r\000a\000c\000t\000e\000r\000i\000z\000a\000t\000i\000o\000n\000\040\000o\000f\000\040\000C\000u\000r\000v\000a\000t\000u\000r\000e\040\023\000D\000r\000i\000v\000e\000n\000\040\000N\000T\000F\000\040\000D\000e\000s\000i\000g\000n}{appendix.A}% 126
\BOOKMARK [1][-]{section.A.37}{\376\377\000A\000.\0003\0007\000\040\000N\000o\000i\000s\000e\000\040\000S\000h\000a\000p\000i\000n\000g\000\040\000a\000s\000\040\000a\000\040\000D\000e\000r\000i\000v\000e\000d\000\040\000P\000D\000E\000\040\000S\000y\000s\000t\000e\000m}{appendix.A}% 127
\BOOKMARK [1][-]{section.A.38}{\376\377\000A\000.\0003\0008\000\040\000D\000e\000r\000i\000v\000e\000d\000\040\000C\000u\000r\000v\000a\000t\000u\000r\000e\000\040\000B\000o\000u\000n\000d\000s\000\040\000a\000n\000d\000\040\000t\000h\000e\000\040\000M\000a\000x\000i\000m\000u\000m\000\040\000S\000t\000a\000b\000l\000e\000\040\000O\000r\000d\000e\000r}{appendix.A}% 128
\BOOKMARK [1][-]{section.A.39}{\376\377\000A\000.\0003\0009\000\040\000G\000l\000o\000b\000a\000l\000\040\000S\000p\000e\000c\000t\000r\000a\000l\000\040\000G\000e\000o\000m\000e\000t\000r\000y\000\040\000a\000n\000d\000\040\000t\000h\000e\000\040\000D\000e\000l\000t\000a\040\023\000S\000i\000g\000m\000a\000\040\000A\000t\000t\000r\000a\000c\000t\000o\000r}{appendix.A}% 129
\BOOKMARK [1][-]{section.A.40}{\376\377\000A\000.\0004\0000\000\040\000H\000o\000m\000o\000t\000o\000p\000i\000c\000a\000l\000\040\000Q\000u\000a\000n\000t\000i\000z\000a\000t\000i\000o\000n\000\040\000a\000n\000d\000\040\000S\000y\000m\000b\000o\000l\000i\000c\000\040\000C\000o\000l\000l\000a\000p\000s\000e}{appendix.A}% 130
\BOOKMARK [1][-]{section.A.41}{\376\377\000A\000.\0004\0001\000\040\000T\000h\000e\000r\000m\000o\000d\000y\000n\000a\000m\000i\000c\000\040\000L\000i\000m\000i\000t\000s\000:\000\040\000E\000n\000t\000r\000o\000p\000y\000\040\000P\000r\000o\000d\000u\000c\000t\000i\000o\000n\000\040\000a\000n\000d\000\040\000I\000r\000r\000e\000v\000e\000r\000s\000i\000b\000i\000l\000i\000t\000y}{appendix.A}% 131
\BOOKMARK [1][-]{section.A.42}{\376\377\000A\000.\0004\0002\000\040\000E\000n\000t\000r\000o\000p\000y\040\023\000G\000e\000o\000m\000e\000t\000r\000i\000c\000\040\000E\000q\000u\000i\000l\000i\000b\000r\000i\000u\000m\000\040\000a\000n\000d\000\040\000t\000h\000e\000\040\000S\000t\000r\000u\000c\000t\000u\000r\000e\000\040\000o\000f\000\040\000S\000t\000e\000a\000d\000y\040\023\000S\000t\000a\000t\000e\000\040\000D\000y\000n\000a\000m\000i\000c\000s}{appendix.A}% 132
\BOOKMARK [1][-]{section.A.43}{\376\377\000A\000.\0004\0003\000\040\000V\000a\000r\000i\000a\000t\000i\000o\000n\000a\000l\000\040\000E\000q\000u\000i\000l\000i\000b\000r\000i\000a\000\040\000a\000n\000d\000\040\000C\000u\000r\000v\000a\000t\000u\000r\000e\040\023\000D\000e\000p\000e\000n\000d\000e\000n\000t\000\040\000B\000o\000u\000n\000d\000s}{appendix.A}% 133
\BOOKMARK [1][-]{section.A.44}{\376\377\000A\000.\0004\0004\000\040\000G\000e\000n\000e\000r\000a\000l\000i\000z\000e\000d\000\040\000A\000t\000t\000r\000a\000c\000t\000o\000r\000\040\000M\000e\000a\000s\000u\000r\000e\000s\000\040\000a\000n\000d\000\040\000C\000o\000h\000e\000r\000e\000n\000t\000\040\000O\000u\000t\000p\000u\000t\000\040\000G\000e\000o\000m\000e\000t\000r\000y}{appendix.A}% 134
\BOOKMARK [1][-]{section.A.45}{\376\377\000A\000.\0004\0005\000\040\000F\000o\000r\000m\000a\000l\000\040\000E\000q\000u\000i\000v\000a\000l\000e\000n\000c\000e\000\040\000B\000e\000t\000w\000e\000e\000n\000\040\000D\000e\000l\000t\000a\040\023\000S\000i\000g\000m\000a\000\040\000D\000y\000n\000a\000m\000i\000c\000s\000\040\000a\000n\000d\000\040\000A\000c\000t\000i\000v\000e\040\023\000I\000n\000f\000e\000r\000e\000n\000c\000e\000\040\000F\000l\000o\000w\000s}{appendix.A}% 135
\BOOKMARK [1][-]{section.A.46}{\376\377\000A\000.\0004\0006\000\040\000G\000l\000o\000b\000a\000l\000\040\000M\000e\000a\000s\000u\000r\000e\000m\000e\000n\000t\000\040\000G\000e\000o\000m\000e\000t\000r\000y\000\040\000a\000n\000d\000\040\000D\000e\000r\000i\000v\000e\000d\000\040\000H\000o\000m\000o\000t\000o\000p\000y\000\040\000C\000o\000n\000s\000t\000r\000a\000i\000n\000t\000s}{appendix.A}% 136
\BOOKMARK [1][-]{section.A.47}{\376\377\000A\000.\0004\0007\000\040\000T\000h\000e\000\040\000E\000n\000t\000r\000o\000p\000y\040\023\000C\000u\000r\000v\000a\000t\000u\000r\000e\000\040\000B\000r\000i\000d\000g\000e\000\040\000a\000n\000d\000\040\000U\000n\000i\000v\000e\000r\000s\000a\000l\000\040\000D\000e\000l\000t\000a\040\023\000S\000i\000g\000m\000a\000\040\000S\000t\000r\000u\000c\000t\000u\000r\000e}{appendix.A}% 137
\BOOKMARK [1][-]{section.A.48}{\376\377\000A\000.\0004\0008\000\040\000C\000o\000m\000p\000l\000e\000t\000e\000\040\000D\000e\000r\000i\000v\000e\000d\000\040\000V\000a\000r\000i\000a\000t\000i\000o\000n\000a\000l\000\040\000C\000l\000a\000s\000s\000i\000f\000i\000c\000a\000t\000i\000o\000n\000\040\000T\000h\000e\000o\000r\000e\000m}{appendix.A}% 138
\BOOKMARK [1][-]{section.A.49}{\376\377\000A\000.\0004\0009\000\040\000G\000e\000o\000m\000e\000t\000r\000i\000c\000\040\000L\000i\000m\000i\000t\000s\000\040\000o\000f\000\040\000P\000r\000e\000c\000i\000s\000i\000o\000n\000,\000\040\000R\000e\000s\000o\000l\000u\000t\000i\000o\000n\000,\000\040\000a\000n\000d\000\040\000S\000y\000m\000b\000o\000l\000i\000c\000\040\000O\000u\000t\000p\000u\000t}{appendix.A}% 139
\BOOKMARK [1][-]{section.A.50}{\376\377\000A\000.\0005\0000\000\040\000T\000o\000w\000a\000r\000d\000\040\000a\000\040\000F\000i\000n\000a\000l\000\040\000U\000n\000i\000f\000i\000e\000d\000\040\000S\000t\000a\000b\000i\000l\000i\000t\000y\000\040\000T\000h\000e\000o\000r\000e\000m}{appendix.A}% 140
\BOOKMARK [1][-]{section.A.51}{\376\377\000A\000.\0005\0001\000\040\000T\000h\000e\000\040\000F\000i\000n\000a\000l\000\040\000U\000n\000i\000f\000i\000e\000d\000\040\000S\000t\000a\000b\000i\000l\000i\000t\000y\000\040\000T\000h\000e\000o\000r\000e\000m}{appendix.A}% 141
\BOOKMARK [1][-]{section.A.52}{\376\377\000A\000.\0005\0002\000\040\000C\000u\000r\000v\000a\000t\000u\000r\000e\040\023\000E\000n\000t\000r\000o\000p\000y\000\040\000C\000o\000m\000p\000a\000t\000i\000b\000i\000l\000i\000t\000y\000:\000\040\000D\000e\000t\000a\000i\000l\000e\000d\000\040\000G\000l\000o\000b\000a\000l\000\040\000P\000r\000o\000o\000f}{appendix.A}% 142
\BOOKMARK [1][-]{section.A.53}{\376\377\000A\000.\0005\0003\000\040\000C\000o\000n\000s\000e\000q\000u\000e\000n\000c\000e\000s\000\040\000f\000o\000r\000\040\000A\000r\000c\000h\000i\000t\000e\000c\000t\000u\000r\000e\000\040\000D\000e\000s\000i\000g\000n}{appendix.A}% 143
\BOOKMARK [1][-]{section.A.54}{\376\377\000A\000.\0005\0004\000\040\000E\000x\000t\000e\000n\000s\000i\000o\000n\000s\000\040\000t\000o\000\040\000C\000o\000n\000t\000i\000n\000u\000o\000u\000s\040\023\000T\000i\000m\000e\000\040\000a\000n\000d\000\040\000M\000I\000M\000O\000\040\000S\000y\000s\000t\000e\000m\000s}{appendix.A}% 144
\BOOKMARK [1][-]{section.A.55}{\376\377\000A\000.\0005\0005\000\040\000C\000l\000o\000s\000i\000n\000g\000\040\000R\000e\000m\000a\000r\000k\000s\000\040\000a\000n\000d\000\040\000I\000n\000t\000e\000g\000r\000a\000t\000i\000o\000n\000\040\000w\000i\000t\000h\000\040\000R\000S\000V\000P}{appendix.A}% 145
\BOOKMARK [0][-]{appendix.B}{\376\377\000P\000D\000E\000\040\000D\000e\000r\000i\000v\000a\000t\000i\000o\000n\000s\000\040\000f\000o\000r\000\040\000\040\000F\000l\000o\000w\000\040\000O\000p\000e\000r\000a\000t\000o\000r\000s}{part.9}% 146
\BOOKMARK [1][-]{section.B.1}{\376\377\000B\000.\0001\000\040\000I\000n\000t\000r\000o\000d\000u\000c\000t\000i\000o\000n\000:\000\040\000T\000h\000e\000\040\000P\000D\000E\000\040\000B\000a\000s\000i\000s\000\040\000o\000f\000\040\000D\000e\000l\000t\000a\040\023\000S\000i\000g\000m\000a\000\040\000M\000o\000d\000u\000l\000a\000t\000i\000o\000n}{appendix.B}% 147
\BOOKMARK [1][-]{section.B.2}{\376\377\000B\000.\0002\000\040\000T\000h\000e\000\040\000C\000o\000n\000t\000i\000n\000u\000o\000u\000s\000-\000T\000i\000m\000e\000\040\000E\000n\000t\000r\000o\000p\000y\040\023\000F\000l\000o\000w\000\040\000E\000q\000u\000a\000t\000i\000o\000n}{appendix.B}% 148
\BOOKMARK [1][-]{section.B.3}{\376\377\000B\000.\0003\000\040\000I\000n\000c\000o\000r\000p\000o\000r\000a\000t\000i\000n\000g\000\040\000Q\000u\000a\000n\000t\000i\000z\000a\000t\000i\000o\000n\000\040\000a\000s\000\040\000a\000\040\000S\000i\000n\000g\000u\000l\000a\000r\000\040\000S\000o\000u\000r\000c\000e\000\040\000T\000e\000r\000m}{appendix.B}% 149
\BOOKMARK [1][-]{section.B.4}{\376\377\000B\000.\0004\000\040\000D\000e\000r\000i\000v\000i\000n\000g\000\040\000t\000h\000e\000\040\000D\000i\000s\000c\000r\000e\000t\000e\000-\000T\000i\000m\000e\000\040\003\224\003\243\000\040\000R\000e\000c\000u\000r\000s\000i\000o\000n\000\040\000f\000r\000o\000m\000\040\000t\000h\000e\000\040\000P\000D\000E}{appendix.B}% 150
\BOOKMARK [1][-]{section.B.5}{\376\377\000B\000.\0005\000\040\000N\000o\000i\000s\000e\000\040\000S\000h\000a\000p\000i\000n\000g\000\040\000a\000s\000\040\000t\000h\000e\000\040\000S\000p\000e\000c\000t\000r\000a\000l\000\040\000R\000e\000s\000p\000o\000n\000s\000e\000\040\000o\000f\000\040\000t\000h\000e\000\040\000P\000D\000E}{appendix.B}% 151
\BOOKMARK [1][-]{section.B.6}{\376\377\000B\000.\0006\000\040\000N\000o\000n\000l\000i\000n\000e\000a\000r\000\040\000P\000D\000E\000\040\000T\000e\000r\000m\000s\000\040\000a\000n\000d\000\040\000H\000i\000g\000h\000-\000O\000r\000d\000e\000r\000\040\000C\000u\000r\000v\000a\000t\000u\000r\000e\000\040\000O\000p\000e\000r\000a\000t\000o\000r\000s}{appendix.B}% 152
\BOOKMARK [1][-]{section.B.7}{\376\377\000B\000.\0007\000\040\000B\000o\000u\000n\000d\000a\000r\000y\000\040\000G\000e\000o\000m\000e\000t\000r\000y\000\040\000a\000n\000d\000\040\000t\000h\000e\000\040\000Q\000u\000a\000n\000t\000i\000z\000e\000r\000\040\000a\000s\000\040\000a\000\040\000D\000e\000r\000i\000v\000e\000d\000\040\000P\000D\000E\000\040\000D\000o\000m\000a\000i\000n}{appendix.B}% 153
\BOOKMARK [1][-]{section.B.8}{\376\377\000B\000.\0008\000\040\000P\000D\000E\000\040\000I\000n\000t\000e\000r\000p\000r\000e\000t\000a\000t\000i\000o\000n\000\040\000o\000f\000\040\000M\000A\000S\000H\000\040\000a\000n\000d\000\040\000M\000u\000l\000t\000i\000-\000L\000o\000o\000p\000\040\000S\000y\000s\000t\000e\000m\000s}{appendix.B}% 154
\BOOKMARK [1][-]{section.B.9}{\376\377\000B\000.\0009\000\040\000C\000o\000n\000t\000i\000n\000u\000o\000u\000s\000-\000T\000i\000m\000e\000\040\000O\000v\000e\000r\000l\000o\000a\000d\000\040\000a\000n\000d\000\040\000B\000l\000o\000w\000-\000U\000p\000\040\000P\000h\000e\000n\000o\000m\000e\000n\000a}{appendix.B}% 155
\BOOKMARK [1][-]{section.B.10}{\376\377\000B\000.\0001\0000\000\040\000S\000p\000e\000c\000t\000r\000a\000l\040\023\000M\000a\000n\000i\000f\000o\000l\000d\000\040\000A\000p\000p\000r\000o\000x\000i\000m\000a\000t\000i\000o\000n\000\040\000f\000o\000r\000\040\000P\000r\000a\000c\000t\000i\000c\000a\000l\000\040\003\224\003\243\000\040\000D\000e\000s\000i\000g\000n}{appendix.B}% 156
\BOOKMARK [1][-]{section.B.11}{\376\377\000B\000.\0001\0001\000\040\000L\000i\000m\000i\000t\000\040\000C\000y\000c\000l\000e\000s\000\040\000a\000n\000d\000\040\000Q\000u\000a\000s\000i\000-\000P\000e\000r\000i\000o\000d\000i\000c\000\040\000A\000t\000t\000r\000a\000c\000t\000o\000r\000s\000\040\000i\000n\000\040\000t\000h\000e\000\040\000P\000D\000E\000\040\000F\000r\000a\000m\000e\000w\000o\000r\000k}{appendix.B}% 157
\BOOKMARK [1][-]{section.B.12}{\376\377\000B\000.\0001\0002\000\040\000S\000t\000o\000c\000h\000a\000s\000t\000i\000c\000\040\000P\000D\000E\000\040\000F\000o\000r\000m\000u\000l\000a\000t\000i\000o\000n\000\040\000a\000n\000d\000\040\000D\000i\000t\000h\000e\000r\000\040\000a\000s\000\040\000a\000\040\000D\000i\000f\000f\000u\000s\000i\000v\000e\000\040\000T\000e\000r\000m}{appendix.B}% 158
\BOOKMARK [1][-]{section.B.13}{\376\377\000B\000.\0001\0003\000\040\000L\000a\000m\000p\000h\000r\000o\000d\000y\000n\000a\000m\000i\000c\000\040\000D\000e\000s\000c\000e\000n\000t\000\040\000a\000n\000d\000\040\000t\000h\000e\000\040\003\224\003\243\000\040\000E\000r\000r\000o\000r\000\040\000P\000D\000E}{appendix.B}% 159
\BOOKMARK [1][-]{section.B.14}{\376\377\000B\000.\0001\0004\000\040\000C\000u\000r\000v\000a\000t\000u\000r\000e\040\023\000S\000p\000e\000c\000t\000r\000a\000l\000\040\000I\000n\000t\000e\000r\000a\000c\000t\000i\000o\000n\000\040\000a\000n\000d\000\040\000H\000i\000g\000h\000-\000O\000r\000d\000e\000r\000\040\000N\000o\000i\000s\000e\000\040\000S\000h\000a\000p\000i\000n\000g}{appendix.B}% 160
\BOOKMARK [1][-]{section.B.15}{\376\377\000B\000.\0001\0005\000\040\000M\000u\000l\000t\000i\000-\000S\000c\000a\000l\000e\000\040\000P\000D\000E\000\040\000S\000t\000r\000u\000c\000t\000u\000r\000e\000\040\000a\000n\000d\000\040\000O\000v\000e\000r\000s\000a\000m\000p\000l\000i\000n\000g}{appendix.B}% 161
\BOOKMARK [1][-]{section.B.16}{\376\377\000B\000.\0001\0006\000\040\000I\000d\000l\000e\000\040\000T\000o\000n\000e\000s\000\040\000a\000n\000d\000\040\000S\000p\000e\000c\000t\000r\000a\000l\000\040\000L\000i\000n\000e\000\040\000F\000o\000r\000m\000a\000t\000i\000o\000n\000\040\000a\000s\000\040\000P\000D\000E\000\040\000R\000e\000s\000o\000n\000a\000n\000c\000e\000s}{appendix.B}% 162
\BOOKMARK [1][-]{section.B.17}{\376\377\000B\000.\0001\0007\000\040\000T\000i\000m\000e\000-\000V\000a\000r\000y\000i\000n\000g\000\040\000C\000o\000e\000f\000f\000i\000c\000i\000e\000n\000t\000s\000\040\000a\000n\000d\000\040\000M\000o\000d\000u\000l\000a\000t\000e\000d\000\040\000P\000D\000E\000\040\000S\000t\000r\000u\000c\000t\000u\000r\000e\000s}{appendix.B}% 163
\BOOKMARK [1][-]{section.B.18}{\376\377\000B\000.\0001\0008\000\040\000T\000h\000e\000\040\000P\000D\000E\000\040\000o\000f\000\040\000D\000i\000g\000i\000t\000a\000l\000\040\000D\000e\000l\000t\000a\040\023\000S\000i\000g\000m\000a\000\040\000a\000n\000d\000\040\000B\000i\000t\000s\000t\000r\000e\000a\000m\000\040\000A\000r\000i\000t\000h\000m\000e\000t\000i\000c}{appendix.B}% 164
\BOOKMARK [1][-]{section.B.19}{\376\377\000B\000.\0001\0009\000\040\000C\000u\000r\000v\000a\000t\000u\000r\000e\000-\000I\000n\000d\000u\000c\000e\000d\000\040\000A\000l\000i\000a\000s\000i\000n\000g\000,\000\040\000F\000o\000l\000d\000i\000n\000g\000,\000\040\000a\000n\000d\000\040\000S\000p\000u\000r\000i\000o\000u\000s\000\040\000T\000o\000n\000e\000s}{appendix.B}% 165
\BOOKMARK [1][-]{section.B.20}{\376\377\000B\000.\0002\0000\000\040\000P\000D\000E\000\040\000S\000t\000a\000b\000i\000l\000i\000t\000y\000\040\000o\000f\000\040\000A\000d\000a\000p\000t\000i\000v\000e\000\040\000a\000n\000d\000\040\000S\000e\000l\000f\000-\000T\000u\000n\000i\000n\000g\000\040\000D\000e\000l\000t\000a\040\023\000S\000i\000g\000m\000a\000\040\000M\000o\000d\000u\000l\000a\000t\000o\000r\000s}{appendix.B}% 166
\BOOKMARK [1][-]{section.B.21}{\376\377\000B\000.\0002\0001\000\040\000L\000o\000o\000p\000\040\000O\000r\000d\000e\000r\000\040\000L\000i\000m\000i\000t\000s\000\040\000f\000r\000o\000m\000\040\000t\000h\000e\000\040\000G\000e\000o\000m\000e\000t\000r\000y\000\040\000o\000f\000\040\000t\000h\000e\000\040\000E\000n\000t\000r\000o\000p\000y\040\023\000F\000l\000o\000w\000\040\000P\000D\000E}{appendix.B}% 167
\BOOKMARK [1][-]{section.B.22}{\376\377\000B\000.\0002\0002\000\040\000Q\000u\000a\000s\000i\000-\000H\000a\000m\000i\000l\000t\000o\000n\000i\000a\000n\000\040\000S\000t\000r\000u\000c\000t\000u\000r\000e\000\040\000o\000f\000\040\000t\000h\000e\000\040\003\224\003\243\000\040\000E\000n\000t\000r\000o\000p\000y\040\023\000F\000l\000o\000w\000\040\000P\000D\000E}{appendix.B}% 168
\BOOKMARK [1][-]{section.B.23}{\376\377\000B\000.\0002\0003\000\040\000D\000e\000r\000i\000v\000e\000d\000\040\000P\000D\000E\000s\000\040\000a\000n\000d\000\040\000S\000y\000m\000b\000o\000l\000i\000c\000\040\000S\000h\000e\000a\000f\000\040\000C\000o\000n\000d\000i\000t\000i\000o\000n\000s\000\040\000o\000n\000\040\000Q\000u\000a\000n\000t\000i\000z\000e\000r\000\040\000D\000o\000m\000a\000i\000n\000s}{appendix.B}% 169
\BOOKMARK [1][-]{section.B.24}{\376\377\000B\000.\0002\0004\000\040\000E\000n\000t\000r\000o\000p\000y\000\040\000F\000l\000u\000x\000\040\000C\000o\000n\000s\000e\000r\000v\000a\000t\000i\000o\000n\000\040\000L\000a\000w\000s\000\040\000a\000n\000d\000\040\000D\000i\000v\000e\000r\000g\000e\000n\000c\000e\000\040\000C\000o\000n\000s\000t\000r\000a\000i\000n\000t\000s}{appendix.B}% 170
\BOOKMARK [1][-]{section.B.25}{\376\377\000B\000.\0002\0005\000\040\000C\000o\000n\000t\000i\000n\000u\000o\000u\000s\000-\000T\000i\000m\000e\000\040\000N\000T\000F\000\040\000S\000l\000o\000p\000e\000\040\000L\000i\000m\000i\000t\000s\000\040\000f\000r\000o\000m\000\040\000C\000u\000r\000v\000a\000t\000u\000r\000e\000\040\000o\000f\000\040\000t\000h\000e\000\040\000E\000n\000t\000r\000o\000p\000y\000\040\000M\000a\000n\000i\000f\000o\000l\000d}{appendix.B}% 171
\BOOKMARK [1][-]{section.B.26}{\376\377\000B\000.\0002\0006\000\040\000G\000l\000o\000b\000a\000l\000\040\000A\000t\000t\000r\000a\000c\000t\000o\000r\000s\000\040\000a\000n\000d\000\040\000L\000o\000n\000g\000-\000T\000i\000m\000e\000\040\000A\000s\000y\000m\000p\000t\000o\000t\000i\000c\000s\000\040\000o\000f\000\040\000t\000h\000e\000\040\000E\000n\000t\000r\000o\000p\000y\040\023\000F\000l\000o\000w\000\040\000P\000D\000E}{appendix.B}% 172
\BOOKMARK [1][-]{section.B.27}{\376\377\000B\000.\0002\0007\000\040\000D\000e\000l\000t\000a\040\023\000S\000i\000g\000m\000a\000\040\000P\000D\000E\000s\000\040\000o\000n\000\040\000B\000o\000u\000n\000d\000e\000d\000\040\000v\000e\000r\000s\000u\000s\000\040\000U\000n\000b\000o\000u\000n\000d\000e\000d\000\040\000M\000a\000n\000i\000f\000o\000l\000d\000s}{appendix.B}% 173
\BOOKMARK [1][-]{section.B.28}{\376\377\000B\000.\0002\0008\000\040\000I\000n\000v\000a\000r\000i\000a\000n\000t\000\040\000M\000e\000a\000s\000u\000r\000e\000s\000,\000\040\000E\000r\000g\000o\000d\000i\000c\000i\000t\000y\000,\000\040\000a\000n\000d\000\040\000S\000p\000e\000c\000t\000r\000a\000l\000\040\000C\000o\000m\000p\000l\000e\000x\000i\000t\000y}{appendix.B}% 174
\BOOKMARK [1][-]{section.B.29}{\376\377\000B\000.\0002\0009\000\040\000H\000i\000g\000h\000-\000F\000r\000e\000q\000u\000e\000n\000c\000y\000\040\000F\000o\000r\000c\000i\000n\000g\000,\000\040\000F\000a\000s\000t\040\023\000S\000l\000o\000w\000\040\000D\000e\000c\000o\000m\000p\000o\000s\000i\000t\000i\000o\000n\000,\000\040\000a\000n\000d\000\040\000A\000v\000e\000r\000a\000g\000i\000n\000g\000\040\000T\000h\000e\000o\000r\000y}{appendix.B}% 175
\BOOKMARK [1][-]{section.B.30}{\376\377\000B\000.\0003\0000\000\040\000G\000e\000o\000m\000e\000t\000r\000y\000\040\000o\000f\000\040\000M\000u\000l\000t\000i\000-\000B\000i\000t\000\040\000Q\000u\000a\000n\000t\000i\000z\000a\000t\000i\000o\000n\000\040\000a\000n\000d\000\040\000D\000e\000r\000i\000v\000e\000d\000\040\000S\000t\000r\000a\000t\000i\000f\000i\000c\000a\000t\000i\000o\000n}{appendix.B}% 176
\BOOKMARK [1][-]{section.B.31}{\376\377\000B\000.\0003\0001\000\040\000S\000y\000m\000b\000o\000l\000i\000c\000\040\000C\000u\000r\000v\000a\000t\000u\000r\000e\000\040\000a\000n\000d\000\040\000t\000h\000e\000\040\000G\000e\000o\000m\000e\000t\000r\000y\000\040\000o\000f\000\040\000Q\000u\000a\000n\000t\000i\000z\000a\000t\000i\000o\000n\000\040\000L\000e\000v\000e\000l\000s}{appendix.B}% 177
\BOOKMARK [1][-]{section.B.32}{\376\377\000B\000.\0003\0002\000\040\000C\000o\000n\000t\000i\000n\000u\000o\000u\000s\000-\000T\000i\000m\000e\000\040\000M\000u\000l\000t\000i\000r\000a\000t\000e\000\040\000S\000y\000s\000t\000e\000m\000s\000\040\000a\000n\000d\000\040\000P\000D\000E\000\040\000H\000o\000m\000o\000g\000e\000n\000i\000z\000a\000t\000i\000o\000n}{appendix.B}% 178
\BOOKMARK [1][-]{section.B.33}{\376\377\000B\000.\0003\0003\000\040\000N\000o\000n\000c\000o\000m\000m\000u\000t\000a\000t\000i\000v\000e\000\040\000G\000e\000o\000m\000e\000t\000r\000y\000\040\000o\000f\000\040\000M\000u\000l\000t\000i\000-\000D\000i\000m\000e\000n\000s\000i\000o\000n\000a\000l\000\040\003\224\003\243\000\040\000P\000D\000E\000s}{appendix.B}% 179
\BOOKMARK [1][-]{section.B.34}{\376\377\000B\000.\0003\0004\000\040\000T\000h\000e\000\040\000D\000e\000r\000i\000v\000e\000d\000\040\000P\000o\000i\000s\000s\000o\000n\000\040\000K\000e\000r\000n\000e\000l\000\040\000o\000f\000\040\000D\000e\000l\000t\000a\040\023\000S\000i\000g\000m\000a\000\040\000N\000o\000i\000s\000e\000\040\000F\000l\000o\000w}{appendix.B}% 180
\BOOKMARK [1][-]{section.B.35}{\376\377\000B\000.\0003\0005\000\040\000S\000t\000a\000b\000i\000l\000i\000t\000y\000\040\000o\000f\000\040\000N\000o\000n\000l\000i\000n\000e\000a\000r\000\040\000P\000D\000E\000\040\000C\000o\000u\000p\000l\000i\000n\000g\000s\000\040\000i\000n\000\040\000M\000I\000M\000O\000\040\000D\000e\000l\000t\000a\040\023\000S\000i\000g\000m\000a\000\040\000A\000r\000c\000h\000i\000t\000e\000c\000t\000u\000r\000e\000s}{appendix.B}% 181
\BOOKMARK [1][-]{section.B.36}{\376\377\000B\000.\0003\0006\000\040\000L\000y\000a\000p\000u\000n\000o\000v\040\023\000S\000c\000h\000m\000i\000d\000t\000\040\000R\000e\000d\000u\000c\000t\000i\000o\000n\000\040\000f\000o\000r\000\040\000D\000e\000l\000t\000a\040\023\000S\000i\000g\000m\000a\000\040\000E\000n\000t\000r\000o\000p\000y\040\023\000F\000l\000o\000w\000\040\000P\000D\000E\000s}{appendix.B}% 182
\BOOKMARK [1][-]{section.B.37}{\376\377\000B\000.\0003\0007\000\040\000E\000n\000t\000r\000o\000p\000y\040\023\000M\000e\000t\000r\000i\000c\000\040\000C\000o\000n\000n\000e\000c\000t\000i\000o\000n\000\040\000a\000n\000d\000\040\000G\000e\000o\000d\000e\000s\000i\000c\000\040\000I\000n\000t\000e\000r\000p\000r\000e\000t\000a\000t\000i\000o\000n\000\040\000o\000f\000\040\000E\000r\000r\000o\000r\000\040\000D\000y\000n\000a\000m\000i\000c\000s}{appendix.B}% 183
\BOOKMARK [1][-]{section.B.38}{\376\377\000B\000.\0003\0008\000\040\000B\000l\000o\000w\000-\000U\000p\000\040\000P\000r\000o\000f\000i\000l\000e\000s\000\040\000a\000n\000d\000\040\000D\000e\000r\000i\000v\000e\000d\000\040\000S\000i\000n\000g\000u\000l\000a\000r\000i\000t\000y\000\040\000F\000o\000r\000m\000a\000t\000i\000o\000n}{appendix.B}% 184
\BOOKMARK [1][-]{section.B.39}{\376\377\000B\000.\0003\0009\000\040\000P\000D\000E\000-\000B\000a\000s\000e\000d\000\040\000D\000e\000s\000i\000g\000n\000\040\000R\000u\000l\000e\000s\000\040\000f\000o\000r\000\040\000P\000r\000a\000c\000t\000i\000c\000a\000l\000\040\000D\000e\000l\000t\000a\040\023\000S\000i\000g\000m\000a\000\040\000M\000o\000d\000u\000l\000a\000t\000o\000r\000s}{appendix.B}% 185
\BOOKMARK [1][-]{section.B.40}{\376\377\000B\000.\0004\0000\000\040\000S\000u\000m\000m\000a\000r\000y\000\040\000a\000n\000d\000\040\000I\000n\000t\000e\000g\000r\000a\000t\000i\000o\000n\000\040\000w\000i\000t\000h\000\040\000R\000S\000V\000P\000\040\000F\000i\000e\000l\000d\000\040\000D\000y\000n\000a\000m\000i\000c\000s}{appendix.B}% 186
\BOOKMARK [0][-]{appendix.C}{\376\377\000D\000e\000r\000i\000v\000e\000d\000-\000G\000e\000o\000m\000e\000t\000r\000y\000\040\000G\000l\000o\000s\000s\000a\000r\000y\000\040\000f\000o\000r\000\040\000E\000n\000g\000i\000n\000e\000e\000r\000s}{part.9}% 187
\BOOKMARK [1][-]{section.C.1}{\376\377\000C\000.\0001\000\040\000D\000e\000r\000i\000v\000e\000d\000\040\000M\000a\000n\000i\000f\000o\000l\000d\000s\000\040\000a\000n\000d\000\040\000I\000n\000f\000i\000n\000i\000t\000e\000s\000i\000m\000a\000l\000\040\000S\000t\000r\000u\000c\000t\000u\000r\000e}{appendix.C}% 188
\BOOKMARK [1][-]{section.C.2}{\376\377\000C\000.\0002\000\040\000D\000e\000r\000i\000v\000e\000d\000\040\000S\000t\000a\000c\000k\000s\000\040\000a\000n\000d\000\040\000F\000a\000m\000i\000l\000i\000e\000s\000\040\000o\000f\000\040\000M\000o\000d\000u\000l\000a\000t\000o\000r\000s}{appendix.C}% 189
\BOOKMARK [1][-]{section.C.3}{\376\377\000C\000.\0003\000\040\000H\000o\000m\000o\000t\000o\000p\000y\000\040\000L\000i\000m\000i\000t\000s\000\040\000a\000n\000d\000\040\000F\000e\000e\000d\000b\000a\000c\000k\000\040\000C\000o\000m\000p\000o\000s\000i\000t\000i\000o\000n}{appendix.C}% 190
\BOOKMARK [1][-]{section.C.4}{\376\377\000C\000.\0004\000\040\000F\000i\000b\000e\000r\000\040\000P\000r\000o\000d\000u\000c\000t\000s\000\040\000a\000n\000d\000\040\000S\000y\000m\000b\000o\000l\000i\000c\000\040\000C\000o\000l\000l\000a\000p\000s\000e}{appendix.C}% 191
\BOOKMARK [1][-]{section.C.5}{\376\377\000C\000.\0005\000\040\000S\000h\000i\000f\000t\000e\000d\000\040\000S\000y\000m\000p\000l\000e\000c\000t\000i\000c\000\040\000S\000t\000r\000u\000c\000t\000u\000r\000e\000s\000\040\000a\000n\000d\000\040\000E\000n\000e\000r\000g\000y\040\023\000E\000r\000r\000o\000r\000\040\000D\000u\000a\000l\000i\000t\000y}{appendix.C}% 192
\BOOKMARK [1][-]{section.C.6}{\376\377\000C\000.\0006\000\040\000D\000e\000r\000i\000v\000e\000d\000\040\000C\000o\000t\000a\000n\000g\000e\000n\000t\000\040\000C\000o\000m\000p\000l\000e\000x\000\040\000a\000n\000d\000\040\000H\000i\000g\000h\000e\000r\000-\000O\000r\000d\000e\000r\000\040\000D\000e\000l\000t\000a\040\023\000S\000i\000g\000m\000a\000\040\000P\000e\000r\000t\000u\000r\000b\000a\000t\000i\000o\000n\000s}{appendix.C}% 193
\BOOKMARK [1][-]{section.C.7}{\376\377\000C\000.\0007\000\040\000D\000e\000r\000i\000v\000e\000d\000\040\000M\000a\000p\000p\000i\000n\000g\000\040\000S\000p\000a\000c\000e\000s\000\040\000a\000n\000d\000\040\000T\000i\000m\000e\000-\000V\000a\000r\000y\000i\000n\000g\000\040\000Q\000u\000a\000n\000t\000i\000z\000e\000r\000s}{appendix.C}% 194
\BOOKMARK [1][-]{section.C.8}{\376\377\000C\000.\0008\000\040\000I\000n\000t\000e\000g\000r\000a\000t\000i\000o\000n\000\040\000o\000f\000\040\000D\000e\000r\000i\000v\000e\000d\000\040\000G\000e\000o\000m\000e\000t\000r\000y\000\040\000w\000i\000t\000h\000\040\000t\000h\000e\000\040\000R\000S\000V\000P\000\040\000F\000r\000a\000m\000e\000w\000o\000r\000k}{appendix.C}% 195
\BOOKMARK [0][-]{appendix.D}{\376\377\000C\000o\000m\000p\000l\000e\000t\000e\000\040\000E\000x\000a\000m\000p\000l\000e\000\040\000D\000e\000s\000i\000g\000n\000s\000\040\000\050\000S\000P\000I\000C\000E\000,\000\040\000P\000y\000t\000h\000o\000n\000,\000\040\000H\000D\000L\000\051}{part.9}% 196
\BOOKMARK [1][-]{section.D.1}{\376\377\000D\000.\0001\000\040\000F\000i\000r\000s\000t\000-\000O\000r\000d\000e\000r\000\040\000A\000n\000a\000l\000o\000g\000\040\000D\000e\000l\000t\000a\040\023\000S\000i\000g\000m\000a\000\040\000M\000o\000d\000u\000l\000a\000t\000o\000r\000\040\000i\000n\000\040\000S\000P\000I\000C\000E}{appendix.D}% 197
\BOOKMARK [1][-]{section.D.2}{\376\377\000D\000.\0002\000\040\000H\000i\000g\000h\000e\000r\000-\000O\000r\000d\000e\000r\000\040\000C\000a\000s\000c\000a\000d\000e\000d\000\040\000L\000o\000o\000p\000\040\000i\000n\000\040\000S\000P\000I\000C\000E}{appendix.D}% 198
\BOOKMARK [1][-]{section.D.3}{\376\377\000D\000.\0003\000\040\000P\000y\000t\000h\000o\000n\000\040\000S\000i\000m\000u\000l\000a\000t\000i\000o\000n\000\040\000o\000f\000\040\000F\000i\000r\000s\000t\000-\000O\000r\000d\000e\000r\000\040\000D\000e\000l\000t\000a\040\023\000S\000i\000g\000m\000a\000\040\000M\000o\000d\000u\000l\000a\000t\000i\000o\000n}{appendix.D}% 199
\BOOKMARK [1][-]{section.D.4}{\376\377\000D\000.\0004\000\040\000P\000y\000t\000h\000o\000n\000\040\000S\000i\000m\000u\000l\000a\000t\000i\000o\000n\000\040\000o\000f\000\040\000a\000\040\000H\000i\000g\000h\000e\000r\000-\000O\000r\000d\000e\000r\000\040\000L\000o\000o\000p\000\040\000F\000i\000l\000t\000e\000r}{appendix.D}% 200
\BOOKMARK [1][-]{section.D.5}{\376\377\000D\000.\0005\000\040\000H\000D\000L\000\040\000I\000m\000p\000l\000e\000m\000e\000n\000t\000a\000t\000i\000o\000n\000\040\000o\000f\000\040\000a\000\040\000D\000i\000g\000i\000t\000a\000l\000\040\000D\000e\000l\000t\000a\040\023\000S\000i\000g\000m\000a\000\040\000M\000o\000d\000u\000l\000a\000t\000o\000r}{appendix.D}% 201
\BOOKMARK [1][-]{section.D.6}{\376\377\000D\000.\0006\000\040\000S\000y\000n\000t\000h\000e\000s\000i\000s\000\040\000a\000n\000d\000\040\000V\000e\000r\000i\000f\000i\000c\000a\000t\000i\000o\000n\000\040\000o\000f\000\040\000t\000h\000e\000\040\000H\000D\000L\000\040\000M\000o\000d\000e\000l}{appendix.D}% 202
\BOOKMARK [1][-]{section.D.7}{\376\377\000D\000.\0007\000\040\000M\000u\000l\000t\000i\000r\000a\000t\000e\000\040\000a\000n\000d\000\040\000M\000I\000M\000O\000\040\000D\000e\000s\000i\000g\000n\000\040\000E\000x\000a\000m\000p\000l\000e\000s}{appendix.D}% 203
\BOOKMARK [0][-]{appendix.E}{\376\377\000S\000p\000e\000c\000t\000r\000a\000l\000,\000\040\000E\000n\000t\000r\000o\000p\000y\000,\000\040\000a\000n\000d\000\040\000M\000a\000n\000i\000f\000o\000l\000d\000\040\000D\000i\000a\000g\000n\000o\000s\000t\000i\000c\000s}{part.9}% 204
\BOOKMARK [1][-]{section.E.1}{\376\377\000E\000.\0001\000\040\000P\000o\000w\000e\000r\000\040\000S\000p\000e\000c\000t\000r\000a\000l\000\040\000D\000e\000n\000s\000i\000t\000y\000\040\000a\000s\000\040\000a\000\040\000D\000e\000r\000i\000v\000e\000d\000\040\000O\000b\000s\000e\000r\000v\000a\000b\000l\000e}{appendix.E}% 205
\BOOKMARK [1][-]{section.E.2}{\376\377\000E\000.\0002\000\040\000E\000n\000t\000r\000o\000p\000y\000\040\000R\000o\000u\000t\000i\000n\000g\000\040\000a\000n\000d\000\040\000t\000h\000e\000\040\000D\000i\000s\000t\000r\000i\000b\000u\000t\000i\000o\000n\000\040\000o\000f\000\040\000Q\000u\000a\000n\000t\000i\000z\000a\000t\000i\000o\000n\000\040\000U\000n\000c\000e\000r\000t\000a\000i\000n\000t\000y}{appendix.E}% 206
\BOOKMARK [1][-]{section.E.3}{\376\377\000E\000.\0003\000\040\000C\000u\000r\000v\000a\000t\000u\000r\000e\000\040\000D\000i\000a\000g\000n\000o\000s\000t\000i\000c\000s\000\040\000o\000n\000\040\000t\000h\000e\000\040\000S\000t\000a\000t\000e\000\040\000M\000a\000n\000i\000f\000o\000l\000d}{appendix.E}% 207
\BOOKMARK [1][-]{section.E.4}{\376\377\000E\000.\0004\000\040\000D\000i\000v\000e\000r\000g\000e\000n\000c\000e\000\040\000o\000f\000\040\000t\000h\000e\000\040\000V\000e\000c\000t\000o\000r\000\040\000F\000i\000e\000l\000d\000\040\000a\000n\000d\000\040\000S\000t\000a\000b\000i\000l\000i\000t\000y\000\040\000A\000s\000s\000e\000s\000s\000m\000e\000n\000t}{appendix.E}% 208
\BOOKMARK [1][-]{section.E.5}{\376\377\000E\000.\0005\000\040\000D\000e\000r\000i\000v\000e\000d\000\040\000H\000a\000r\000m\000o\000n\000i\000c\000\040\000A\000n\000a\000l\000y\000s\000i\000s\000\040\000a\000n\000d\000\040\000I\000d\000l\000e\000-\000T\000o\000n\000e\000\040\000D\000e\000t\000e\000c\000t\000i\000o\000n}{appendix.E}% 209
\BOOKMARK [1][-]{section.E.6}{\376\377\000E\000.\0006\000\040\000S\000u\000m\000m\000a\000r\000y\000\040\000o\000f\000\040\000D\000i\000a\000g\000n\000o\000s\000t\000i\000c\000\040\000I\000n\000t\000e\000g\000r\000a\000t\000i\000o\000n}{appendix.E}% 210
