\BOOKMARK [0][-]{part.1}{\376\377\000I\000\040\000R\000e\000p\000r\000e\000s\000e\000n\000t\000a\000t\000i\000o\000n\000\040\000G\000e\000o\000m\000e\000t\000r\000y}{}% 1
\BOOKMARK [1][-]{section.1}{\376\377\000R\000e\000p\000r\000e\000s\000e\000n\000t\000a\000t\000i\000o\000n\000\040\000M\000a\000n\000i\000f\000o\000l\000d\000s}{part.1}% 2
\BOOKMARK [1][-]{section.2}{\376\377\000R\000a\000n\000k\000\040\000S\000t\000r\000a\000t\000i\000f\000i\000c\000a\000t\000i\000o\000n\000\040\000a\000n\000d\000\040\000C\000a\000p\000a\000c\000i\000t\000y}{part.1}% 3
\BOOKMARK [1][-]{section.3}{\376\377\000F\000i\000b\000e\000r\000\040\000G\000e\000o\000m\000e\000t\000r\000y\000\040\000a\000n\000d\000\040\000S\000y\000m\000m\000e\000t\000r\000y}{part.1}% 4
\BOOKMARK [1][-]{section.4}{\376\377\000V\000e\000r\000t\000i\000c\000a\000l\000\040\000a\000n\000d\000\040\000H\000o\000r\000i\000z\000o\000n\000t\000a\000l\000\040\000D\000y\000n\000a\000m\000i\000c\000s}{part.1}% 5
\BOOKMARK [0][-]{part.2}{\376\377\000I\000I\000\040\000S\000e\000m\000a\000n\000t\000i\000c\000\040\000F\000i\000e\000l\000d\000s\000\040\000a\000n\000d\000\040\000L\000a\000m\000p\000h\000r\000o\000d\000y\000n\000a\000m\000i\000c\000\040\000D\000y\000n\000a\000m\000i\000c\000s}{}% 6
\BOOKMARK [1][-]{section.5}{\376\377\000S\000e\000m\000a\000n\000t\000i\000c\000\040\000F\000i\000e\000l\000d\000s\000\040\000o\000n\000\040\000R\000e\000p\000r\000e\000s\000e\000n\000t\000a\000t\000i\000o\000n\000\040\000M\000a\000n\000i\000f\000o\000l\000d\000s}{part.2}% 7
\BOOKMARK [2][-]{subsection.5.1}{\376\377\000S\000e\000m\000a\000n\000t\000i\000c\000\040\000C\000o\000h\000e\000r\000e\000n\000c\000e\000\040\000a\000n\000d\000\040\000E\000n\000e\000r\000g\000e\000t\000i\000c\000\040\000D\000e\000s\000c\000e\000n\000t}{section.5}% 8
\BOOKMARK [1][-]{section.6}{\376\377\000L\000a\000m\000p\000h\000r\000o\000d\000y\000n\000a\000m\000i\000c\000\040\000E\000n\000e\000r\000g\000y\000\040\000a\000n\000d\000\040\000H\000i\000g\000h\000e\000r\000-\000O\000r\000d\000e\000r\000\040\000R\000e\000g\000u\000l\000a\000r\000i\000z\000a\000t\000i\000o\000n}{part.2}% 9
\BOOKMARK [1][-]{section.7}{\376\377\000E\000x\000i\000s\000t\000e\000n\000c\000e\000\040\000a\000n\000d\000\040\000U\000n\000i\000q\000u\000e\000n\000e\000s\000s\000\040\000o\000f\000\040\000L\000a\000m\000p\000h\000r\000o\000d\000y\000n\000a\000m\000i\000c\000\040\000F\000l\000o\000w\000s}{part.2}% 10
\BOOKMARK [1][-]{section.8}{\376\377\000P\000r\000e\000d\000i\000c\000t\000i\000v\000e\000\040\000C\000o\000n\000d\000u\000c\000t\000a\000n\000c\000e\000\040\000a\000n\000d\000\040\000C\000u\000r\000v\000a\000t\000u\000r\000e}{part.2}% 11
\BOOKMARK [0][-]{part.3}{\376\377\000I\000I\000I\000\040\000M\000u\000l\000t\000i\000s\000c\000a\000l\000e\000\040\000T\000r\000a\000j\000e\000c\000t\000o\000r\000i\000e\000s\000\040\000a\000n\000d\000\040\000T\000A\000R\000T\000A\000N\000\040\000G\000e\000o\000m\000e\000t\000r\000y}{}% 12
\BOOKMARK [1][-]{section.9}{\376\377\000T\000r\000a\000j\000e\000c\000t\000o\000r\000y\000\040\000F\000i\000e\000l\000d\000s\000\040\000a\000n\000d\000\040\000M\000u\000l\000t\000i\000s\000c\000a\000l\000e\000\040\000M\000e\000m\000o\000r\000y}{part.3}% 13
\BOOKMARK [2][-]{subsection.9.1}{\376\377\000N\000o\000n\000e\000x\000p\000a\000n\000s\000i\000v\000e\000n\000e\000s\000s\000\040\000a\000n\000d\000\040\000S\000t\000a\000b\000i\000l\000i\000t\000y}{section.9}% 14
\BOOKMARK [1][-]{section.10}{\376\377\000A\000u\000r\000a\000\040\000G\000e\000o\000m\000e\000t\000r\000y\000\040\000a\000n\000d\000\040\000R\000e\000c\000u\000r\000s\000i\000v\000e\000\040\000S\000m\000o\000o\000t\000h\000i\000n\000g}{part.3}% 15
\BOOKMARK [1][-]{section.11}{\376\377\000S\000e\000m\000a\000n\000t\000i\000c\000\040\000T\000u\000r\000b\000u\000l\000e\000n\000c\000e\000\040\000a\000n\000d\000\040\000M\000u\000l\000t\000i\000s\000c\000a\000l\000e\000\040\000C\000o\000h\000e\000r\000e\000n\000c\000e}{part.3}% 16
\BOOKMARK [1][-]{section.12}{\376\377\000R\000e\000c\000u\000r\000s\000i\000v\000e\000\040\000I\000n\000f\000e\000r\000e\000n\000c\000e\000\040\000a\000n\000d\000\040\000T\000r\000a\000j\000e\000c\000t\000o\000r\000y\000\040\000A\000t\000t\000r\000a\000c\000t\000o\000r\000s}{part.3}% 17
\BOOKMARK [0][-]{part.4}{\376\377\000I\000V\000\040\000S\000t\000r\000a\000t\000i\000f\000i\000e\000d\000\040\000F\000r\000e\000e\000\040\000E\000n\000e\000r\000g\000y\000\040\000a\000n\000d\000\040\000P\000r\000e\000d\000i\000c\000t\000i\000v\000e\000\040\000S\000i\000l\000e\000n\000c\000e}{}% 18
\BOOKMARK [1][-]{section.13}{\376\377\000V\000a\000r\000i\000a\000t\000i\000o\000n\000a\000l\000\040\000G\000e\000o\000m\000e\000t\000r\000y\000\040\000o\000n\000\040\000S\000t\000r\000a\000t\000i\000f\000i\000e\000d\000\040\000M\000a\000n\000i\000f\000o\000l\000d\000s}{part.4}% 19
\BOOKMARK [2][-]{subsection.13.1}{\376\377\000C\000r\000i\000t\000i\000c\000a\000l\000\040\000P\000o\000i\000n\000t\000s\000\040\000i\000n\000\040\000S\000t\000r\000a\000t\000i\000f\000i\000e\000d\000\040\000S\000p\000a\000c\000e\000s}{section.13}% 20
\BOOKMARK [2][-]{subsection.13.2}{\376\377\000S\000t\000r\000a\000t\000i\000f\000i\000e\000d\000\040\000D\000e\000s\000c\000e\000n\000t\000\040\000D\000y\000n\000a\000m\000i\000c\000s}{section.13}% 21
\BOOKMARK [1][-]{section.14}{\376\377\000P\000r\000e\000d\000i\000c\000t\000i\000v\000e\000\040\000S\000i\000l\000e\000n\000c\000e\000\040\000a\000s\000\040\000H\000a\000r\000m\000o\000n\000i\000c\000i\000t\000y}{part.4}% 22
\BOOKMARK [2][-]{subsection.14.1}{\376\377\000B\000o\000u\000n\000d\000a\000r\000y\000-\000D\000r\000i\000v\000e\000n\000\040\000S\000e\000m\000a\000n\000t\000i\000c\000s}{section.14}% 23
\BOOKMARK [2][-]{subsection.14.2}{\376\377\000H\000a\000r\000m\000o\000n\000i\000c\000\040\000A\000g\000e\000n\000c\000y}{section.14}% 24
\BOOKMARK [1][-]{section.15}{\376\377\000H\000a\000r\000m\000o\000n\000i\000c\000\040\000L\000i\000m\000i\000t\000s\000\040\000o\000f\000\040\000L\000e\000a\000r\000n\000i\000n\000g\000\040\000D\000y\000n\000a\000m\000i\000c\000s}{part.4}% 25
\BOOKMARK [1][-]{section.16}{\376\377\000P\000r\000e\000d\000i\000c\000t\000i\000v\000e\000\040\000P\000r\000e\000c\000i\000s\000i\000o\000n\000\040\000a\000n\000d\000\040\000E\000n\000t\000r\000o\000p\000i\000c\000\040\000C\000u\000r\000v\000a\000t\000u\000r\000e}{part.4}% 26
\BOOKMARK [0][-]{part.5}{\376\377\000V\000\040\000C\000o\000n\000s\000t\000r\000a\000i\000n\000t\000s\000,\000\040\000O\000p\000t\000i\000m\000a\000l\000\040\000C\000o\000n\000t\000r\000o\000l\000,\000\040\000a\000n\000d\000\040\000C\000o\000m\000p\000u\000t\000a\000t\000i\000o\000n\000a\000l\000\040\000M\000o\000r\000t\000a\000l\000i\000t\000y}{}% 27
\BOOKMARK [1][-]{section.17}{\376\377\000C\000o\000m\000p\000u\000t\000a\000t\000i\000o\000n\000a\000l\000\040\000L\000i\000f\000e\000\040\000a\000n\000d\000\040\000E\000n\000e\000r\000g\000y\000\040\000B\000u\000d\000g\000e\000t\000s}{part.5}% 28
\BOOKMARK [1][-]{section.18}{\376\377\000O\000p\000t\000i\000m\000a\000l\000\040\000C\000o\000n\000t\000r\000o\000l\000\040\000o\000f\000\040\000C\000o\000m\000p\000u\000t\000a\000t\000i\000o\000n\000a\000l\000\040\000F\000l\000o\000w}{part.5}% 29
\BOOKMARK [1][-]{section.19}{\376\377\000C\000o\000m\000p\000u\000t\000a\000t\000i\000o\000n\000a\000l\000\040\000D\000r\000i\000f\000t\000\040\000a\000n\000d\000\040\000R\000e\000n\000o\000r\000m\000a\000l\000i\000z\000e\000d\000\040\000P\000r\000e\000c\000i\000s\000i\000o\000n}{part.5}% 30
\BOOKMARK [1][-]{section.20}{\376\377\000R\000e\000n\000o\000r\000m\000a\000l\000i\000z\000a\000t\000i\000o\000n\000\040\000o\000f\000\040\000P\000r\000i\000o\000r\000s\000\040\000a\000n\000d\000\040\000C\000o\000h\000e\000r\000e\000n\000c\000e\000\040\000A\000c\000r\000o\000s\000s\000\040\000S\000c\000a\000l\000e\000s}{part.5}% 31
\BOOKMARK [1][-]{section.21}{\376\377\000S\000e\000m\000a\000n\000t\000i\000c\000\040\000H\000o\000r\000i\000z\000o\000n\000s\000\040\000a\000n\000d\000\040\000t\000h\000e\000\040\000L\000i\000m\000i\000t\000s\000\040\000o\000f\000\040\000I\000n\000f\000e\000r\000e\000n\000c\000e}{part.5}% 32
\BOOKMARK [0][-]{part.6}{\376\377\000V\000I\000\040\000U\000n\000i\000f\000i\000e\000d\000\040\000F\000o\000r\000m\000a\000l\000i\000s\000m\000\040\000o\000f\000\040\000t\000h\000e\000\040\000R\000e\000l\000a\000t\000i\000v\000i\000s\000t\000i\000c\000\040\000S\000c\000a\000l\000a\000r\040\023\000V\000e\000c\000t\000o\000r\000\040\000P\000l\000e\000n\000u\000m}{}% 33
\BOOKMARK [1][-]{section.22}{\376\377\000T\000h\000e\000\040\000S\000c\000a\000l\000a\000r\040\023\000V\000e\000c\000t\000o\000r\000\040\000F\000i\000e\000l\000d\000\040\000A\000r\000c\000h\000i\000t\000e\000c\000t\000u\000r\000e}{part.6}% 34
\BOOKMARK [2][-]{subsection.22.1}{\376\377\000C\000o\000n\000s\000t\000i\000t\000u\000t\000i\000v\000e\000\040\000E\000q\000u\000a\000t\000i\000o\000n\000s}{section.22}% 35
\BOOKMARK [1][-]{section.23}{\376\377\000S\000e\000m\000a\000n\000t\000i\000c\000\040\000O\000p\000e\000r\000a\000t\000o\000r\000s\000\040\000a\000n\000d\000\040\000t\000h\000e\000\040\000R\000S\000V\000P\000\040\000M\000e\000t\000r\000i\000c}{part.6}% 36
\BOOKMARK [1][-]{section.24}{\376\377\000D\000e\000r\000i\000v\000e\000d\000\040\000S\000e\000m\000a\000n\000t\000i\000c\000s\000\040\000a\000n\000d\000\040\000H\000i\000g\000h\000e\000r\000-\000O\000r\000d\000e\000r\000\040\000S\000t\000r\000u\000c\000t\000u\000r\000e}{part.6}% 37
\BOOKMARK [1][-]{section.25}{\376\377\000O\000p\000e\000r\000a\000t\000o\000r\000\040\000A\000l\000g\000e\000b\000r\000a\000s\000\040\000a\000n\000d\000\040\000S\000e\000m\000a\000n\000t\000i\000c\000\040\000C\000o\000h\000o\000m\000o\000l\000o\000g\000y}{part.6}% 38
\BOOKMARK [1][-]{section.26}{\376\377\000S\000t\000r\000a\000t\000i\000f\000i\000e\000d\000\040\000A\000g\000e\000n\000c\000y\000\040\000a\000n\000d\000\040\000H\000i\000g\000h\000e\000r\000\040\000F\000u\000n\000c\000t\000o\000r\000s}{part.6}% 39
\BOOKMARK [1][-]{section.27}{\376\377\000R\000e\000n\000o\000r\000m\000a\000l\000i\000z\000a\000t\000i\000o\000n\000,\000\040\000S\000e\000m\000a\000n\000t\000i\000c\000\040\000F\000l\000o\000w\000,\000\040\000a\000n\000d\000\040\000R\000e\000f\000e\000r\000e\000n\000t\000i\000a\000l\000\040\000C\000o\000h\000e\000r\000e\000n\000c\000e}{part.6}% 40
\BOOKMARK [1][-]{section.28}{\376\377\000F\000i\000x\000e\000d\000\040\000P\000o\000i\000n\000t\000s\000\040\000a\000n\000d\000\040\000S\000t\000a\000b\000l\000e\000\040\000S\000e\000m\000a\000n\000t\000i\000c\000\040\000A\000t\000t\000r\000a\000c\000t\000o\000r\000s}{part.6}% 41
\BOOKMARK [1][-]{section.29}{\376\377\000U\000n\000i\000f\000i\000e\000d\000\040\000V\000i\000e\000w\000:\000\040\000R\000e\000p\000r\000e\000s\000e\000n\000t\000a\000t\000i\000o\000n\000,\000\040\000D\000y\000n\000a\000m\000i\000c\000s\000,\000\040\000a\000n\000d\000\040\000C\000o\000n\000s\000c\000i\000o\000u\000s\000\040\000C\000o\000m\000p\000u\000t\000a\000t\000i\000o\000n}{part.6}% 42
\BOOKMARK [1][-]{appendix.A}{\376\377\000D\000i\000f\000f\000e\000r\000e\000n\000t\000i\000a\000l\000-\000G\000e\000o\000m\000e\000t\000r\000i\000c\000\040\000P\000r\000e\000l\000i\000m\000i\000n\000a\000r\000i\000e\000s}{part.6}% 43
\BOOKMARK [1][-]{appendix.B}{\376\377\000W\000h\000i\000t\000n\000e\000y\000\040\000S\000t\000r\000a\000t\000i\000f\000i\000c\000a\000t\000i\000o\000n\000\040\000a\000n\000d\000\040\000R\000a\000n\000k\000\040\000G\000e\000o\000m\000e\000t\000r\000y}{part.6}% 44
\BOOKMARK [1][-]{appendix.C}{\376\377\000O\000p\000e\000r\000a\000t\000o\000r\000-\000T\000h\000e\000o\000r\000e\000t\000i\000c\000\040\000S\000t\000r\000u\000c\000t\000u\000r\000e\000\040\000o\000f\000\040\000L\000a\000m\000p\000h\000r\000o\000d\000y\000n\000a\000m\000i\000c\000\040\000E\000n\000e\000r\000g\000i\000e\000s}{part.6}% 45
\BOOKMARK [1][-]{appendix.D}{\376\377\000V\000a\000r\000i\000a\000t\000i\000o\000n\000a\000l\000\040\000M\000e\000t\000h\000o\000d\000s\000\040\000a\000n\000d\000\040\000F\000r\000e\000e\000-\000E\000n\000e\000r\000g\000y\000\040\000G\000e\000o\000m\000e\000t\000r\000y}{part.6}% 46
\BOOKMARK [1][-]{appendix.E}{\376\377\000R\000e\000n\000o\000r\000m\000a\000l\000i\000z\000a\000t\000i\000o\000n\000\040\000o\000f\000\040\000P\000r\000i\000o\000r\000s\000\040\000a\000n\000d\000\040\000M\000u\000l\000t\000i\000-\000S\000c\000a\000l\000e\000\040\000S\000t\000r\000u\000c\000t\000u\000r\000e}{part.6}% 47
\BOOKMARK [1][-]{appendix.F}{\376\377\000C\000o\000m\000p\000u\000t\000a\000t\000i\000o\000n\000a\000l\000\040\000M\000o\000r\000t\000a\000l\000i\000t\000y\000\040\000a\000n\000d\000\040\000A\000g\000e\000n\000c\000y\000\040\000C\000o\000l\000l\000a\000p\000s\000e}{part.6}% 48
