\BOOKMARK [1][-]{section.1}{\376\377\000M\000o\000t\000i\000v\000a\000t\000i\000o\000n\000\040\000a\000n\000d\000\040\000D\000e\000s\000i\000g\000n\000\040\000O\000r\000i\000e\000n\000t\000a\000t\000i\000o\000n}{}% 1
\BOOKMARK [1][-]{section.2}{\376\377\000C\000o\000r\000e\000\040\000O\000n\000t\000o\000l\000o\000g\000y}{}% 2
\BOOKMARK [1][-]{section.3}{\376\377\000T\000h\000e\000\040\000A\000u\000t\000h\000o\000r\000i\000t\000a\000t\000i\000v\000e\000\040\000E\000v\000e\000n\000t\000\040\000L\000o\000g}{}% 3
\BOOKMARK [1][-]{section.4}{\376\377\000K\000e\000r\000n\000e\000l\000\040\000S\000e\000m\000a\000n\000t\000i\000c\000s\000\040\000a\000n\000d\000\040\000D\000e\000t\000e\000r\000m\000i\000n\000i\000s\000t\000i\000c\000\040\000E\000x\000e\000c\000u\000t\000i\000o\000n}{}% 4
\BOOKMARK [2][-]{subsection.4.1}{\376\377\000D\000e\000r\000i\000v\000e\000d\000\040\000S\000t\000a\000t\000e\000\040\000a\000n\000d\000\040\000N\000o\000n\000-\000A\000u\000t\000h\000o\000r\000i\000t\000y}{section.4}% 5
\BOOKMARK [2][-]{subsection.4.2}{\376\377\000K\000e\000r\000n\000e\000l\000\040\000S\000t\000a\000t\000e\000\040\000F\000o\000r\000m\000a\000l\000i\000z\000a\000t\000i\000o\000n}{section.4}% 6
\BOOKMARK [2][-]{subsection.4.3}{\376\377\000O\000p\000e\000r\000a\000t\000i\000o\000n\000a\000l\000\040\000S\000e\000m\000a\000n\000t\000i\000c\000s\000\040\000o\000f\000\040\000E\000v\000e\000n\000t\000s}{section.4}% 7
\BOOKMARK [2][-]{subsection.4.4}{\376\377\000D\000e\000t\000e\000r\000m\000i\000n\000i\000s\000m\000\040\000a\000n\000d\000\040\000S\000e\000m\000a\000n\000t\000i\000c\000\040\000S\000t\000a\000b\000i\000l\000i\000t\000y}{section.4}% 8
\BOOKMARK [1][-]{section.5}{\376\377\000O\000b\000s\000e\000r\000v\000a\000t\000i\000o\000n\000,\000\040\000D\000i\000f\000f\000s\000,\000\040\000a\000n\000d\000\040\000N\000o\000n\000-\000I\000n\000t\000e\000r\000f\000e\000r\000e\000n\000c\000e}{}% 9
\BOOKMARK [2][-]{subsection.5.1}{\376\377\000I\000n\000c\000r\000e\000m\000e\000n\000t\000a\000l\000\040\000R\000e\000c\000o\000n\000s\000t\000r\000u\000c\000t\000i\000o\000n}{section.5}% 10
\BOOKMARK [1][-]{section.6}{\376\377\000S\000n\000a\000p\000s\000h\000o\000t\000s\000\040\000a\000s\000\040\000D\000e\000r\000i\000v\000e\000d\000\040\000V\000i\000e\000w\000s}{}% 11
\BOOKMARK [2][-]{subsection.6.1}{\376\377\000R\000e\000p\000l\000a\000y\000\040\000E\000q\000u\000i\000v\000a\000l\000e\000n\000c\000e}{section.6}% 12
\BOOKMARK [1][-]{section.7}{\376\377\000S\000e\000e\000k\000a\000b\000l\000e\000\040\000T\000i\000m\000e\000\040\000a\000n\000d\000\040\000H\000i\000s\000t\000o\000r\000i\000c\000a\000l\000\040\000R\000e\000c\000o\000n\000s\000t\000r\000u\000c\000t\000i\000o\000n}{}% 13
\BOOKMARK [2][-]{subsection.7.1}{\376\377\000T\000e\000m\000p\000o\000r\000a\000l\000\040\000M\000o\000n\000o\000t\000o\000n\000i\000c\000i\000t\000y}{section.7}% 14
\BOOKMARK [1][-]{section.8}{\376\377\000S\000e\000l\000f\000-\000C\000o\000n\000s\000i\000s\000t\000e\000n\000c\000y\000\040\000a\000n\000d\000\040\000W\000o\000r\000l\000d\000\040\000S\000i\000m\000u\000l\000a\000t\000i\000o\000n}{}% 15
\BOOKMARK [1][-]{section.9}{\376\377\000S\000p\000e\000c\000u\000l\000a\000t\000i\000v\000e\000\040\000B\000r\000a\000n\000c\000h\000e\000s\000\040\000a\000n\000d\000\040\000C\000o\000u\000n\000t\000e\000r\000f\000a\000c\000t\000u\000a\000l\000\040\000E\000v\000a\000l\000u\000a\000t\000i\000o\000n}{}% 16
\BOOKMARK [1][-]{section.10}{\376\377\000C\000o\000m\000p\000r\000e\000s\000s\000i\000o\000n\000\040\000a\000n\000d\000\040\000A\000b\000s\000t\000r\000a\000c\000t\000i\000o\000n\000\040\000a\000s\000\040\000D\000i\000s\000t\000i\000n\000c\000t\000\040\000S\000t\000r\000u\000c\000t\000u\000r\000a\000l\000\040\000O\000p\000e\000r\000a\000t\000i\000o\000n\000s}{}% 17
\BOOKMARK [2][-]{subsection.10.1}{\376\377\000C\000o\000m\000p\000r\000e\000s\000s\000i\000o\000n\000\040\000a\000s\000\040\000R\000e\000d\000u\000c\000t\000i\000o\000n\000\040\000i\000n\000\040\000C\000a\000u\000s\000a\000l\000\040\000C\000o\000n\000s\000t\000r\000u\000c\000t\000i\000o\000n}{section.10}% 18
\BOOKMARK [2][-]{subsection.10.2}{\376\377\000A\000b\000s\000t\000r\000a\000c\000t\000i\000o\000n\000\040\000a\000s\000\040\000R\000e\000d\000u\000c\000t\000i\000o\000n\000\040\000i\000n\000\040\000S\000e\000m\000a\000n\000t\000i\000c\000\040\000R\000e\000p\000r\000e\000s\000e\000n\000t\000a\000t\000i\000v\000e\000s}{section.10}% 19
\BOOKMARK [1][-]{section.11}{\376\377\000A\000v\000o\000i\000d\000i\000n\000g\000\040\000t\000h\000e\000\040\000L\000a\000n\000g\000u\000a\000g\000e\000\040\000C\000o\000m\000p\000r\000e\000s\000s\000i\000o\000n\000\040\000T\000r\000a\000p}{}% 20
\BOOKMARK [1][-]{section.12}{\376\377\000P\000a\000r\000s\000i\000m\000o\000n\000y\000\040\000a\000n\000d\000\040\000S\000e\000l\000f\000-\000C\000o\000n\000s\000i\000s\000t\000e\000n\000c\000y\000\040\000a\000s\000\040\000A\000r\000c\000h\000i\000t\000e\000c\000t\000u\000r\000a\000l\000\040\000I\000n\000v\000a\000r\000i\000a\000n\000t\000s}{}% 21
\BOOKMARK [1][-]{section.13}{\376\377\000G\000e\000o\000m\000e\000t\000r\000y\000,\000\040\000L\000a\000y\000o\000u\000t\000,\000\040\000a\000n\000d\000\040\000G\000a\000u\000g\000e\000\040\000F\000r\000e\000e\000d\000o\000m}{}% 22
\BOOKMARK [1][-]{section.14}{\376\377\000O\000b\000s\000e\000r\000v\000e\000r\000s\000\040\000a\000n\000d\000\040\000C\000a\000u\000s\000a\000l\000\040\000S\000y\000n\000c\000h\000r\000o\000n\000i\000z\000a\000t\000i\000o\000n}{}% 23
\BOOKMARK [1][-]{section.15}{\376\377\000A\000r\000b\000i\000t\000e\000r\000\040\000a\000n\000d\000\040\000C\000o\000l\000l\000a\000b\000o\000r\000a\000t\000i\000v\000e\000\040\000C\000o\000m\000m\000i\000t\000\040\000M\000o\000d\000e\000l}{}% 24
\BOOKMARK [1][-]{section.16}{\376\377\000C\000o\000m\000p\000u\000t\000a\000t\000i\000o\000n\000a\000l\000\040\000C\000o\000m\000p\000l\000e\000x\000i\000t\000y\000\040\000a\000n\000d\000\040\000S\000c\000a\000l\000a\000b\000i\000l\000i\000t\000y}{}% 25
\BOOKMARK [1][-]{section.17}{\376\377\000R\000a\000t\000i\000o\000n\000a\000l\000e\000\040\000a\000n\000d\000\040\000C\000o\000m\000p\000a\000r\000a\000t\000i\000v\000e\000\040\000P\000e\000r\000s\000p\000e\000c\000t\000i\000v\000e}{}% 26
\BOOKMARK [2][-]{subsection.17.1}{\376\377\000P\000h\000y\000l\000o\000g\000e\000n\000e\000t\000i\000c\000\040\000A\000c\000c\000u\000m\000u\000l\000a\000t\000i\000o\000n\000\040\000a\000s\000\040\000L\000o\000g\000\040\000E\000x\000t\000e\000r\000n\000a\000l\000i\000z\000a\000t\000i\000o\000n}{section.17}% 27
\BOOKMARK [2][-]{subsection.17.2}{\376\377\000O\000n\000t\000o\000g\000e\000n\000e\000t\000i\000c\000\040\000A\000c\000c\000u\000m\000u\000l\000a\000t\000i\000o\000n\000\040\000a\000s\000\040\000E\000v\000e\000n\000t\000-\000S\000o\000u\000r\000c\000e\000d\000\040\000C\000o\000n\000s\000t\000r\000u\000c\000t\000i\000o\000n}{section.17}% 28
\BOOKMARK [2][-]{subsection.17.3}{\376\377\000S\000o\000c\000i\000a\000l\000\040\000A\000c\000c\000u\000m\000u\000l\000a\000t\000i\000o\000n\000\040\000a\000s\000\040\000S\000h\000a\000r\000e\000d\000\040\000L\000o\000g\000\040\000A\000l\000i\000g\000n\000m\000e\000n\000t}{section.17}% 29
\BOOKMARK [2][-]{subsection.17.4}{\376\377\000A\000b\000s\000t\000r\000a\000c\000t\000i\000o\000n\000\040\000a\000n\000d\000\040\000t\000h\000e\000\040\000T\000r\000a\000n\000s\000i\000t\000i\000o\000n\000\040\000t\000o\000\040\000F\000o\000r\000m\000a\000l\000\040\000K\000n\000o\000w\000l\000e\000d\000g\000e}{section.17}% 30
\BOOKMARK [2][-]{subsection.17.5}{\376\377\000W\000h\000y\000\040\000T\000h\000i\000s\000\040\000A\000r\000c\000h\000i\000t\000e\000c\000t\000u\000r\000e\000\040\000R\000e\000s\000o\000l\000v\000e\000s\000\040\000t\000h\000e\000\040\000C\000o\000m\000p\000r\000e\000s\000s\000i\000o\000n\040\023\000A\000b\000s\000t\000r\000a\000c\000t\000i\000o\000n\000\040\000P\000r\000o\000b\000l\000e\000m}{section.17}% 31
\BOOKMARK [2][-]{subsection.17.6}{\376\377\000I\000m\000p\000l\000i\000c\000a\000t\000i\000o\000n\000s\000\040\000f\000o\000r\000\040\000A\000r\000t\000i\000f\000i\000c\000i\000a\000l\000\040\000I\000n\000t\000e\000l\000l\000i\000g\000e\000n\000c\000e}{section.17}% 32
\BOOKMARK [2][-]{subsection.17.7}{\376\377\000S\000e\000m\000a\000n\000t\000i\000c\000\040\000S\000t\000a\000t\000e\000\040\000a\000s\000\040\000a\000\040\000F\000i\000e\000l\000d\000\040\000C\000o\000n\000f\000i\000g\000u\000r\000a\000t\000i\000o\000n}{section.17}% 33
\BOOKMARK [2][-]{subsection.17.8}{\376\377\000E\000v\000e\000n\000t\000s\000\040\000a\000s\000\040\000L\000o\000c\000a\000l\000\040\000F\000i\000e\000l\000d\000\040\000P\000e\000r\000t\000u\000r\000b\000a\000t\000i\000o\000n\000s}{section.17}% 34
\BOOKMARK [2][-]{subsection.17.9}{\376\377\000A\000t\000t\000r\000a\000c\000t\000o\000r\000s\000\040\000a\000n\000d\000\040\000S\000e\000m\000a\000n\000t\000i\000c\000\040\000S\000t\000a\000b\000i\000l\000i\000t\000y}{section.17}% 35
\BOOKMARK [2][-]{subsection.17.10}{\376\377\000G\000a\000u\000g\000e\000\040\000F\000r\000e\000e\000d\000o\000m\000\040\000a\000n\000d\000\040\000O\000b\000s\000e\000r\000v\000a\000t\000i\000o\000n\000a\000l\000\040\000E\000q\000u\000i\000v\000a\000l\000e\000n\000c\000e}{section.17}% 36
\BOOKMARK [2][-]{subsection.17.11}{\376\377\000R\000e\000l\000a\000t\000i\000o\000n\000\040\000t\000o\000\040\000C\000y\000b\000e\000r\000n\000e\000t\000i\000c\000s\000\040\000a\000n\000d\000\040\000P\000r\000e\000d\000i\000c\000t\000i\000v\000e\000\040\000M\000o\000d\000e\000l\000s}{section.17}% 37
\BOOKMARK [1][-]{section.18}{\376\377\000C\000o\000n\000c\000l\000u\000s\000i\000o\000n}{}% 38
\BOOKMARK [1][-]{appendix.A}{\376\377\000D\000e\000t\000e\000r\000m\000i\000n\000i\000s\000m\000\040\000a\000n\000d\000\040\000C\000o\000n\000f\000l\000u\000e\000n\000c\000e}{}% 39
\BOOKMARK [1][-]{appendix.B}{\376\377\000C\000o\000m\000p\000r\000e\000s\000s\000i\000o\000n\040\023\000A\000b\000s\000t\000r\000a\000c\000t\000i\000o\000n\000\040\000D\000u\000a\000l\000i\000t\000y}{}% 40
\BOOKMARK [1][-]{appendix.C}{\376\377\000R\000e\000l\000a\000t\000i\000o\000n\000\040\000t\000o\000\040\000F\000o\000u\000n\000d\000a\000t\000i\000o\000n\000a\000l\000\040\000T\000h\000e\000o\000r\000i\000e\000s\000\040\000o\000f\000\040\000I\000n\000t\000e\000l\000l\000i\000g\000e\000n\000c\000e}{}% 41
\BOOKMARK [1][-]{appendix.D}{\376\377\000F\000o\000r\000m\000a\000l\000\040\000D\000i\000s\000t\000i\000n\000c\000t\000i\000o\000n\000\040\000B\000e\000t\000w\000e\000e\000n\000\040\000C\000o\000m\000p\000r\000e\000s\000s\000i\000o\000n\000\040\000a\000n\000d\000\040\000A\000b\000s\000t\000r\000a\000c\000t\000i\000o\000n}{}% 42
\BOOKMARK [2][-]{subsection.D.1}{\376\377\000P\000r\000e\000l\000i\000m\000i\000n\000a\000r\000i\000e\000s}{appendix.D}% 43
\BOOKMARK [2][-]{subsection.D.2}{\376\377\000C\000o\000m\000p\000r\000e\000s\000s\000i\000o\000n\000\040\000a\000s\000\040\000E\000v\000e\000n\000t\000\040\000R\000e\000d\000u\000c\000t\000i\000o\000n}{appendix.D}% 44
\BOOKMARK [2][-]{subsection.D.3}{\376\377\000A\000b\000s\000t\000r\000a\000c\000t\000i\000o\000n\000\040\000a\000s\000\040\000R\000e\000p\000r\000e\000s\000e\000n\000t\000a\000t\000i\000v\000e\000\040\000R\000e\000d\000u\000c\000t\000i\000o\000n}{appendix.D}% 45
\BOOKMARK [2][-]{subsection.D.4}{\376\377\000I\000n\000d\000e\000p\000e\000n\000d\000e\000n\000c\000e\000\040\000o\000f\000\040\000C\000o\000m\000p\000r\000e\000s\000s\000i\000o\000n\000\040\000a\000n\000d\000\040\000A\000b\000s\000t\000r\000a\000c\000t\000i\000o\000n}{appendix.D}% 46
\BOOKMARK [2][-]{subsection.D.5}{\376\377\000V\000i\000s\000i\000b\000i\000l\000i\000t\000y\000\040\000i\000n\000\040\000t\000h\000e\000\040\000L\000o\000g}{appendix.D}% 47
\BOOKMARK [2][-]{subsection.D.6}{\376\377\000I\000m\000p\000l\000i\000c\000a\000t\000i\000o\000n\000s\000\040\000f\000o\000r\000\040\000L\000e\000a\000r\000n\000i\000n\000g\000\040\000S\000y\000s\000t\000e\000m\000s}{appendix.D}% 48
\BOOKMARK [2][-]{subsection.D.7}{\376\377\000O\000b\000j\000e\000c\000t\000s\000,\000\040\000M\000o\000r\000p\000h\000i\000s\000m\000s\000,\000\040\000a\000n\000d\000\040\000C\000o\000n\000s\000t\000r\000u\000c\000t\000i\000o\000n\000\040\000H\000i\000s\000t\000o\000r\000i\000e\000s}{appendix.D}% 49
\BOOKMARK [2][-]{subsection.D.8}{\376\377\000P\000O\000P\000\040\000a\000s\000\040\000O\000b\000j\000e\000c\000t\000\040\000I\000n\000t\000r\000o\000d\000u\000c\000t\000i\000o\000n}{appendix.D}% 50
\BOOKMARK [2][-]{subsection.D.9}{\376\377\000L\000I\000N\000K\000\040\000a\000s\000\040\000M\000o\000r\000p\000h\000i\000s\000m\000\040\000I\000n\000t\000r\000o\000d\000u\000c\000t\000i\000o\000n}{appendix.D}% 51
\BOOKMARK [2][-]{subsection.D.10}{\376\377\000M\000E\000R\000G\000E\000\040\000a\000n\000d\000\040\000C\000O\000L\000L\000A\000P\000S\000E\000\040\000a\000s\000\040\000C\000o\000e\000q\000u\000a\000l\000i\000z\000e\000r\000s}{appendix.D}% 52
\BOOKMARK [2][-]{subsection.D.11}{\376\377\000S\000e\000m\000a\000n\000t\000i\000c\000\040\000S\000t\000a\000t\000e\000\040\000a\000s\000\040\000a\000\040\000C\000o\000l\000i\000m\000i\000t}{appendix.D}% 53
\BOOKMARK [2][-]{subsection.D.12}{\376\377\000V\000i\000e\000w\000s\000\040\000a\000s\000\040\000F\000u\000n\000c\000t\000o\000r\000i\000a\000l\000\040\000P\000r\000o\000j\000e\000c\000t\000i\000o\000n\000s}{appendix.D}% 54
\BOOKMARK [2][-]{subsection.D.13}{\376\377\000S\000p\000e\000c\000u\000l\000a\000t\000i\000o\000n\000\040\000a\000s\000\040\000D\000i\000a\000g\000r\000a\000m\000\040\000E\000x\000t\000e\000n\000s\000i\000o\000n}{appendix.D}% 55
\BOOKMARK [1][-]{appendix.E}{\376\377\000T\000h\000e\000r\000m\000o\000d\000y\000n\000a\000m\000i\000c\000\040\000C\000o\000n\000s\000t\000r\000a\000i\000n\000t\000s\000\040\000o\000n\000\040\000S\000e\000m\000a\000n\000t\000i\000c\000\040\000C\000o\000n\000s\000t\000r\000u\000c\000t\000i\000o\000n}{}% 56
\BOOKMARK [2][-]{subsection.E.1}{\376\377\000E\000v\000e\000n\000t\000\040\000L\000o\000g\000s\000\040\000a\000s\000\040\000I\000r\000r\000e\000v\000e\000r\000s\000i\000b\000l\000e\000\040\000P\000r\000o\000c\000e\000s\000s\000e\000s}{appendix.E}% 57
\BOOKMARK [2][-]{subsection.E.2}{\376\377\000R\000e\000p\000l\000a\000y\000\040\000a\000s\000\040\000R\000e\000v\000e\000r\000s\000i\000b\000l\000e\000\040\000C\000o\000m\000p\000u\000t\000a\000t\000i\000o\000n}{appendix.E}% 58
\BOOKMARK [2][-]{subsection.E.3}{\376\377\000A\000b\000s\000t\000r\000a\000c\000t\000i\000o\000n\000\040\000a\000s\000\040\000E\000n\000t\000r\000o\000p\000y\000\040\000R\000e\000d\000u\000c\000t\000i\000o\000n}{appendix.E}% 59
\BOOKMARK [2][-]{subsection.E.4}{\376\377\000S\000e\000l\000f\000-\000C\000o\000n\000s\000i\000s\000t\000e\000n\000c\000y\000\040\000a\000n\000d\000\040\000F\000r\000e\000e\000\040\000E\000n\000e\000r\000g\000y}{appendix.E}% 60
\BOOKMARK [2][-]{subsection.E.5}{\376\377\000W\000h\000y\000\040\000S\000t\000a\000t\000i\000s\000t\000i\000c\000a\000l\000\040\000C\000o\000m\000p\000r\000e\000s\000s\000i\000o\000n\000\040\000I\000s\000\040\000I\000n\000s\000u\000f\000f\000i\000c\000i\000e\000n\000t}{appendix.E}% 61
\BOOKMARK [2][-]{subsection.E.6}{\376\377\000N\000o\000n\000-\000E\000q\000u\000i\000l\000i\000b\000r\000i\000u\000m\000\040\000S\000t\000e\000a\000d\000y\000\040\000S\000t\000a\000t\000e\000s}{appendix.E}% 62
