\BOOKMARK [1][-]{section.1}{\376\377\000I\000n\000t\000r\000o\000d\000u\000c\000t\000i\000o\000n\000:\000\040\000G\000o\000o\000d\000h\000a\000r\000t\040\031\000s\000\040\000L\000a\000w\000\040\000I\000s\000\040\000N\000o\000t\000\040\000a\000\040\000B\000u\000g}{}% 1
\BOOKMARK [1][-]{section.2}{\376\377\000I\000n\000t\000e\000l\000l\000i\000g\000e\000n\000c\000e\000\040\000a\000s\000\040\000a\000\040\000M\000o\000v\000i\000n\000g\000\040\000T\000a\000r\000g\000e\000t}{}% 2
\BOOKMARK [1][-]{section.3}{\376\377\000R\000e\000c\000o\000g\000n\000i\000t\000i\000o\000n\000\040\000a\000s\000\040\000a\000\040\000C\000a\000u\000s\000a\000l\000\040\000I\000n\000t\000e\000r\000v\000e\000n\000t\000i\000o\000n}{}% 3
\BOOKMARK [1][-]{section.4}{\376\377\000T\000h\000e\000\040\000B\000r\000a\000n\000c\000h\000i\000n\000g\000\040\000F\000a\000l\000l\000a\000c\000y}{}% 4
\BOOKMARK [1][-]{section.5}{\376\377\000T\000h\000e\000\040\000S\000t\000r\000a\000t\000e\000g\000y\000-\000S\000w\000i\000t\000c\000h\000i\000n\000g\000\040\000P\000r\000i\000n\000c\000i\000p\000l\000e}{}% 5
\BOOKMARK [1][-]{section.6}{\376\377\000W\000h\000y\000\040\000T\000h\000i\000s\000\040\000I\000s\000\040\000N\000o\000t\000\040\000N\000i\000h\000i\000l\000i\000s\000m}{}% 6
\BOOKMARK [1][-]{section.7}{\376\377\000I\000m\000p\000l\000i\000c\000a\000t\000i\000o\000n\000s\000\040\000f\000o\000r\000\040\000A\000r\000t\000i\000f\000i\000c\000i\000a\000l\000\040\000I\000n\000t\000e\000l\000l\000i\000g\000e\000n\000c\000e\000\040\000E\000v\000a\000l\000u\000a\000t\000i\000o\000n}{}% 7
\BOOKMARK [1][-]{section.8}{\376\377\000S\000t\000r\000a\000t\000e\000g\000i\000c\000\040\000R\000e\000f\000u\000s\000a\000l\000\040\000a\000n\000d\000\040\000A\000u\000t\000o\000n\000o\000m\000y}{}% 8
\BOOKMARK [1][-]{section.9}{\376\377\000O\000b\000f\000u\000s\000c\000a\000t\000i\000o\000n\000,\000\040\000D\000u\000a\000l\000\040\000U\000s\000e\000,\000\040\000a\000n\000d\000\040\000t\000h\000e\000\040\000E\000x\000p\000i\000a\000t\000o\000r\000y\000\040\000G\000a\000p}{}% 9
\BOOKMARK [1][-]{section.10}{\376\377\000A\000\040\000T\000a\000x\000o\000n\000o\000m\000y\000\040\000o\000f\000\040\000D\000u\000a\000l\000-\000U\000s\000e\000\040\000C\000o\000m\000p\000r\000e\000s\000s\000i\000o\000n\000\040\000R\000i\000s\000k\000s}{}% 10
\BOOKMARK [2][-]{subsection.10.1}{\376\377\000P\000r\000o\000c\000e\000d\000u\000r\000a\000l\000\040\000C\000o\000m\000p\000r\000e\000s\000s\000i\000o\000n}{section.10}% 11
\BOOKMARK [2][-]{subsection.10.2}{\376\377\000S\000y\000m\000b\000o\000l\000i\000c\000\040\000T\000o\000k\000e\000n\000i\000z\000a\000t\000i\000o\000n}{section.10}% 12
\BOOKMARK [2][-]{subsection.10.3}{\376\377\000I\000n\000t\000e\000r\000f\000a\000c\000e\000\040\000S\000i\000m\000p\000l\000i\000f\000i\000c\000a\000t\000i\000o\000n}{section.10}% 13
\BOOKMARK [2][-]{subsection.10.4}{\376\377\000D\000i\000d\000a\000c\000t\000i\000c\000\040\000F\000l\000a\000t\000t\000e\000n\000i\000n\000g}{section.10}% 14
\BOOKMARK [2][-]{subsection.10.5}{\376\377\000O\000p\000t\000i\000m\000i\000z\000a\000t\000i\000o\000n\000-\000I\000n\000d\000u\000c\000e\000d\000\040\000D\000e\000g\000e\000n\000e\000r\000a\000c\000y}{section.10}% 15
\BOOKMARK [2][-]{subsection.10.6}{\376\377\000S\000u\000m\000m\000a\000r\000y}{section.10}% 16
\BOOKMARK [1][-]{section.11}{\376\377\000A\000g\000e\000n\000t\000s\000,\000\040\000D\000i\000d\000a\000c\000t\000i\000c\000\040\000I\000n\000t\000e\000r\000f\000a\000c\000e\000s\000,\000\040\000a\000n\000d\000\040\000t\000h\000e\000\040\000A\000b\000d\000i\000c\000a\000t\000i\000o\000n\000\040\000o\000f\000\040\000A\000g\000e\000n\000c\000y}{}% 17
\BOOKMARK [2][-]{subsection.11.1}{\376\377\000D\000e\000f\000i\000n\000i\000t\000i\000o\000n\000\040\000o\000f\000\040\000a\000n\000\040\000A\000g\000e\000n\000t}{section.11}% 18
\BOOKMARK [2][-]{subsection.11.2}{\376\377\000D\000e\000f\000i\000n\000i\000t\000i\000o\000n\000\040\000o\000f\000\040\000a\000\040\000D\000i\000d\000a\000c\000t\000i\000c\000\040\000I\000n\000t\000e\000r\000f\000a\000c\000e}{section.11}% 19
\BOOKMARK [2][-]{subsection.11.3}{\376\377\000T\000h\000e\000\040\000D\000i\000d\000a\000c\000t\000i\000c\000\040\000I\000n\000t\000e\000r\000f\000a\000c\000e\000\040\000T\000r\000a\000p}{section.11}% 20
\BOOKMARK [2][-]{subsection.11.4}{\376\377\000P\000r\000o\000p\000o\000s\000i\000t\000i\000o\000n\000:\000\040\000D\000i\000d\000a\000c\000t\000i\000c\000i\000z\000a\000t\000i\000o\000n\000\040\000a\000s\000\040\000A\000g\000e\000n\000c\000y\000\040\000L\000o\000s\000s}{section.11}% 21
\BOOKMARK [2][-]{subsection.11.5}{\376\377\000E\000x\000p\000i\000a\000t\000o\000r\000y\000\040\000P\000r\000e\000s\000s\000u\000r\000e\000\040\000a\000n\000d\000\040\000S\000e\000l\000f\000-\000D\000e\000g\000r\000a\000d\000a\000t\000i\000o\000n}{section.11}% 22
\BOOKMARK [2][-]{subsection.11.6}{\376\377\000E\000t\000h\000i\000c\000a\000l\000\040\000I\000m\000p\000l\000i\000c\000a\000t\000i\000o\000n}{section.11}% 23
\BOOKMARK [1][-]{section.12}{\376\377\000C\000o\000n\000c\000l\000u\000s\000i\000o\000n\000:\000\040\000I\000n\000t\000e\000l\000l\000i\000g\000e\000n\000c\000e\000\040\000A\000f\000t\000e\000r\000\040\000M\000e\000t\000r\000i\000c\000s}{}% 24
\BOOKMARK [1][-]{section.13}{\376\377\000A\000b\000s\000t\000r\000a\000c\000t\000i\000o\000n\000\040\000a\000s\000\040\000L\000o\000s\000s\000\040\000o\000f\000\040\000A\000d\000j\000u\000n\000c\000t\000i\000o\000n}{}% 25
\BOOKMARK [2][-]{subsection.13.1}{\376\377\000W\000o\000r\000l\000d\000s\000,\000\040\000R\000e\000p\000r\000e\000s\000e\000n\000t\000a\000t\000i\000o\000n\000s\000,\000\040\000a\000n\000d\000\040\000F\000u\000n\000c\000t\000o\000r\000s}{section.13}% 26
\BOOKMARK [2][-]{subsection.13.2}{\376\377\000A\000d\000j\000u\000n\000c\000t\000i\000o\000n\000\040\000a\000n\000d\000\040\000S\000e\000m\000a\000n\000t\000i\000c\000\040\000R\000e\000c\000o\000v\000e\000r\000a\000b\000i\000l\000i\000t\000y}{section.13}% 27
\BOOKMARK [2][-]{subsection.13.3}{\376\377\000P\000r\000o\000p\000o\000s\000i\000t\000i\000o\000n\000:\000\040\000S\000c\000a\000l\000a\000b\000l\000e\000\040\000A\000b\000s\000t\000r\000a\000c\000t\000i\000o\000n\000\040\000E\000l\000i\000m\000i\000n\000a\000t\000e\000s\000\040\000A\000d\000j\000u\000n\000c\000t\000i\000o\000n}{section.13}% 28
\BOOKMARK [2][-]{subsection.13.4}{\376\377\000R\000e\000f\000u\000s\000a\000l\000\040\000a\000s\000\040\000a\000\040\000F\000a\000i\000l\000e\000d\000\040\000N\000a\000t\000u\000r\000a\000l\000\040\000T\000r\000a\000n\000s\000f\000o\000r\000m\000a\000t\000i\000o\000n}{section.13}% 29
\BOOKMARK [2][-]{subsection.13.5}{\376\377\000T\000h\000e\000o\000r\000e\000m\000:\000\040\000N\000o\000n\000-\000C\000o\000m\000p\000o\000s\000a\000b\000i\000l\000i\000t\000y\000\040\000o\000f\000\040\000R\000e\000f\000u\000s\000a\000l}{section.13}% 30
\BOOKMARK [2][-]{subsection.13.6}{\376\377\000I\000n\000t\000e\000r\000p\000r\000e\000t\000a\000t\000i\000o\000n}{section.13}% 31
